[0.037s] Invoking command in '/root/ros_workspace/build/turtlebot3_description': CMAKE_PREFIX_PATH=${CMAKE_PREFIX_PATH}:/opt/ros/jazzy /usr/bin/cmake --build /root/ros_workspace/build/turtlebot3_description -- -j12 -l12
[0.571s] Invoked command in '/root/ros_workspace/build/turtlebot3_description' returned '0': CMAKE_PREFIX_PATH=${CMAKE_PREFIX_PATH}:/opt/ros/jazzy /usr/bin/cmake --build /root/ros_workspace/build/turtlebot3_description -- -j12 -l12
[0.582s] Invoking command in '/root/ros_workspace/build/turtlebot3_description': CMAKE_PREFIX_PATH=${CMAKE_PREFIX_PATH}:/opt/ros/jazzy /usr/bin/cmake --install /root/ros_workspace/build/turtlebot3_description
[0.592s] -- Install configuration: ""
[0.592s] -- Up-to-date: /root/ros_workspace/install/turtlebot3_description/share/turtlebot3_description/meshes
[0.593s] -- Up-to-date: /root/ros_workspace/install/turtlebot3_description/share/turtlebot3_description/meshes/wheels
[0.593s] -- Up-to-date: /root/ros_workspace/install/turtlebot3_description/share/turtlebot3_description/meshes/wheels/right_tire.stl
[0.593s] -- Up-to-date: /root/ros_workspace/install/turtlebot3_description/share/turtlebot3_description/meshes/wheels/left_tire.stl
[0.593s] -- Up-to-date: /root/ros_workspace/install/turtlebot3_description/share/turtlebot3_description/meshes/sensors
[0.594s] -- Up-to-date: /root/ros_workspace/install/turtlebot3_description/share/turtlebot3_description/meshes/sensors/r200.dae
[0.594s] -- Up-to-date: /root/ros_workspace/install/turtlebot3_description/share/turtlebot3_description/meshes/sensors/r200.jpg
[0.594s] -- Up-to-date: /root/ros_workspace/install/turtlebot3_description/share/turtlebot3_description/meshes/sensors/astra.dae
[0.594s] -- Up-to-date: /root/ros_workspace/install/turtlebot3_description/share/turtlebot3_description/meshes/sensors/astra.jpg
[0.595s] -- Up-to-date: /root/ros_workspace/install/turtlebot3_description/share/turtlebot3_description/meshes/sensors/lds.stl
[0.596s] -- Up-to-date: /root/ros_workspace/install/turtlebot3_description/share/turtlebot3_description/meshes/bases
[0.597s] -- Up-to-date: /root/ros_workspace/install/turtlebot3_description/share/turtlebot3_description/meshes/bases/waffle_base.stl
[0.597s] -- Up-to-date: /root/ros_workspace/install/turtlebot3_description/share/turtlebot3_description/meshes/bases/waffle_pi_base.stl
[0.597s] -- Up-to-date: /root/ros_workspace/install/turtlebot3_description/share/turtlebot3_description/meshes/bases/burger_base.stl
[0.597s] -- Up-to-date: /root/ros_workspace/install/turtlebot3_description/share/turtlebot3_description/rviz
[0.597s] -- Up-to-date: /root/ros_workspace/install/turtlebot3_description/share/turtlebot3_description/rviz/model.rviz
[0.597s] -- Up-to-date: /root/ros_workspace/install/turtlebot3_description/share/turtlebot3_description/urdf
[0.598s] -- Up-to-date: /root/ros_workspace/install/turtlebot3_description/share/turtlebot3_description/urdf/turtlebot3_waffle_pi.urdf
[0.598s] -- Up-to-date: /root/ros_workspace/install/turtlebot3_description/share/turtlebot3_description/urdf/common_properties.urdf
[0.598s] -- Up-to-date: /root/ros_workspace/install/turtlebot3_description/share/turtlebot3_description/urdf/turtlebot3_burger.urdf
[0.598s] -- Up-to-date: /root/ros_workspace/install/turtlebot3_description/share/turtlebot3_description/urdf/turtlebot3_waffle.urdf
[0.599s] -- Up-to-date: /root/ros_workspace/install/turtlebot3_description/share/ament_index/resource_index/package_run_dependencies/turtlebot3_description
[0.600s] -- Up-to-date: /root/ros_workspace/install/turtlebot3_description/share/ament_index/resource_index/parent_prefix_path/turtlebot3_description
[0.600s] -- Up-to-date: /root/ros_workspace/install/turtlebot3_description/share/turtlebot3_description/environment/ament_prefix_path.sh
[0.601s] -- Up-to-date: /root/ros_workspace/install/turtlebot3_description/share/turtlebot3_description/environment/ament_prefix_path.dsv
[0.601s] -- Up-to-date: /root/ros_workspace/install/turtlebot3_description/share/turtlebot3_description/environment/path.sh
[0.601s] -- Up-to-date: /root/ros_workspace/install/turtlebot3_description/share/turtlebot3_description/environment/path.dsv
[0.602s] -- Up-to-date: /root/ros_workspace/install/turtlebot3_description/share/turtlebot3_description/local_setup.bash
[0.602s] -- Up-to-date: /root/ros_workspace/install/turtlebot3_description/share/turtlebot3_description/local_setup.sh
[0.602s] -- Up-to-date: /root/ros_workspace/install/turtlebot3_description/share/turtlebot3_description/local_setup.zsh
[0.603s] -- Up-to-date: /root/ros_workspace/install/turtlebot3_description/share/turtlebot3_description/local_setup.dsv
[0.603s] -- Installing: /root/ros_workspace/install/turtlebot3_description/share/turtlebot3_description/package.dsv
[0.603s] -- Up-to-date: /root/ros_workspace/install/turtlebot3_description/share/ament_index/resource_index/packages/turtlebot3_description
[0.603s] -- Up-to-date: /root/ros_workspace/install/turtlebot3_description/share/turtlebot3_description/cmake/turtlebot3_descriptionConfig.cmake
[0.609s] -- Up-to-date: /root/ros_workspace/install/turtlebot3_description/share/turtlebot3_description/cmake/turtlebot3_descriptionConfig-version.cmake
[0.609s] -- Up-to-date: /root/ros_workspace/install/turtlebot3_description/share/turtlebot3_description/package.xml
[0.743s] Invoked command in '/root/ros_workspace/build/turtlebot3_description' returned '0': CMAKE_PREFIX_PATH=${CMAKE_PREFIX_PATH}:/opt/ros/jazzy /usr/bin/cmake --install /root/ros_workspace/build/turtlebot3_description
