[1.155s] Invoking command in '/root/ros_workspace/src/turtlebot3/turtlebot3_example': AMENT_PREFIX_PATH=/root/ros_workspace/install/turtlebot3_msgs:${AMENT_PREFIX_PATH} CMAKE_PREFIX_PATH=/root/ros_workspace/install/turtlebot3_msgs:${CMAKE_PREFIX_PATH} LD_LIBRARY_PATH=/root/ros_workspace/install/turtlebot3_msgs/lib:${LD_LIBRARY_PATH} PYTHONPATH=/root/ros_workspace/build/turtlebot3_example/prefix_override:/usr/lib/python3/dist-packages/colcon_core/task/python/colcon_distutils_commands:/root/ros_workspace/install/turtlebot3_example/lib/python3.12/site-packages:/root/ros_workspace/install/turtlebot3_msgs/lib/python3.12/site-packages:${PYTHONPATH} /usr/bin/python3 -W ignore:setup.py install is deprecated -W ignore:easy_install command is deprecated setup.py egg_info --egg-base ../../../build/turtlebot3_example build --build-base /root/ros_workspace/build/turtlebot3_example/build install --record /root/ros_workspace/build/turtlebot3_example/install.log --single-version-externally-managed install_data
[1.580s] running egg_info
[1.581s] creating ../../../build/turtlebot3_example/turtlebot3_example.egg-info
[1.608s] writing ../../../build/turtlebot3_example/turtlebot3_example.egg-info/PKG-INFO
[1.608s] writing dependency_links to ../../../build/turtlebot3_example/turtlebot3_example.egg-info/dependency_links.txt
[1.609s] writing entry points to ../../../build/turtlebot3_example/turtlebot3_example.egg-info/entry_points.txt
[1.609s] writing requirements to ../../../build/turtlebot3_example/turtlebot3_example.egg-info/requires.txt
[1.609s] writing top-level names to ../../../build/turtlebot3_example/turtlebot3_example.egg-info/top_level.txt
[1.609s] writing manifest file '../../../build/turtlebot3_example/turtlebot3_example.egg-info/SOURCES.txt'
[1.667s] reading manifest file '../../../build/turtlebot3_example/turtlebot3_example.egg-info/SOURCES.txt'
[1.668s] writing manifest file '../../../build/turtlebot3_example/turtlebot3_example.egg-info/SOURCES.txt'
[1.668s] running build
[1.668s] running build_py
[1.668s] creating /root/ros_workspace/build/turtlebot3_example/build
[1.669s] creating /root/ros_workspace/build/turtlebot3_example/build/lib
[1.669s] creating /root/ros_workspace/build/turtlebot3_example/build/lib/turtlebot3_example
[1.669s] copying turtlebot3_example/__init__.py -> /root/ros_workspace/build/turtlebot3_example/build/lib/turtlebot3_example
[1.669s] creating /root/ros_workspace/build/turtlebot3_example/build/lib/turtlebot3_example/turtlebot3_patrol
[1.670s] copying turtlebot3_example/turtlebot3_patrol/turtlebot3_patrol_client.py -> /root/ros_workspace/build/turtlebot3_example/build/lib/turtlebot3_example/turtlebot3_patrol
[1.670s] copying turtlebot3_example/turtlebot3_patrol/turtlebot3_patrol_server.py -> /root/ros_workspace/build/turtlebot3_example/build/lib/turtlebot3_example/turtlebot3_patrol
[1.670s] copying turtlebot3_example/turtlebot3_patrol/__init__.py -> /root/ros_workspace/build/turtlebot3_example/build/lib/turtlebot3_example/turtlebot3_patrol
[1.670s] creating /root/ros_workspace/build/turtlebot3_example/build/lib/turtlebot3_example/turtlebot3_obstacle_detection
[1.671s] copying turtlebot3_example/turtlebot3_obstacle_detection/turtlebot3_obstacle_detection.py -> /root/ros_workspace/build/turtlebot3_example/build/lib/turtlebot3_example/turtlebot3_obstacle_detection
[1.671s] copying turtlebot3_example/turtlebot3_obstacle_detection/__init__.py -> /root/ros_workspace/build/turtlebot3_example/build/lib/turtlebot3_example/turtlebot3_obstacle_detection
[1.671s] creating /root/ros_workspace/build/turtlebot3_example/build/lib/turtlebot3_example/turtlebot3_relative_move
[1.671s] copying turtlebot3_example/turtlebot3_relative_move/turtlebot3_relative_move.py -> /root/ros_workspace/build/turtlebot3_example/build/lib/turtlebot3_example/turtlebot3_relative_move
[1.671s] copying turtlebot3_example/turtlebot3_relative_move/__init__.py -> /root/ros_workspace/build/turtlebot3_example/build/lib/turtlebot3_example/turtlebot3_relative_move
[1.671s] creating /root/ros_workspace/build/turtlebot3_example/build/lib/turtlebot3_example/turtlebot3_interactive_marker
[1.672s] copying turtlebot3_example/turtlebot3_interactive_marker/turtlebot3_interactive_marker.py -> /root/ros_workspace/build/turtlebot3_example/build/lib/turtlebot3_example/turtlebot3_interactive_marker
[1.672s] copying turtlebot3_example/turtlebot3_interactive_marker/__init__.py -> /root/ros_workspace/build/turtlebot3_example/build/lib/turtlebot3_example/turtlebot3_interactive_marker
[1.672s] creating /root/ros_workspace/build/turtlebot3_example/build/lib/turtlebot3_example/turtlebot3_absolute_move
[1.672s] copying turtlebot3_example/turtlebot3_absolute_move/turtlebot3_absolute_move.py -> /root/ros_workspace/build/turtlebot3_example/build/lib/turtlebot3_example/turtlebot3_absolute_move
[1.673s] copying turtlebot3_example/turtlebot3_absolute_move/__init__.py -> /root/ros_workspace/build/turtlebot3_example/build/lib/turtlebot3_example/turtlebot3_absolute_move
[1.673s] running install
[1.681s] running install_lib
[1.713s] creating /root/ros_workspace/install/turtlebot3_example/lib/python3.12/site-packages/turtlebot3_example
[1.713s] creating /root/ros_workspace/install/turtlebot3_example/lib/python3.12/site-packages/turtlebot3_example/turtlebot3_patrol
[1.713s] copying /root/ros_workspace/build/turtlebot3_example/build/lib/turtlebot3_example/turtlebot3_patrol/turtlebot3_patrol_client.py -> /root/ros_workspace/install/turtlebot3_example/lib/python3.12/site-packages/turtlebot3_example/turtlebot3_patrol
[1.714s] copying /root/ros_workspace/build/turtlebot3_example/build/lib/turtlebot3_example/turtlebot3_patrol/turtlebot3_patrol_server.py -> /root/ros_workspace/install/turtlebot3_example/lib/python3.12/site-packages/turtlebot3_example/turtlebot3_patrol
[1.714s] copying /root/ros_workspace/build/turtlebot3_example/build/lib/turtlebot3_example/turtlebot3_patrol/__init__.py -> /root/ros_workspace/install/turtlebot3_example/lib/python3.12/site-packages/turtlebot3_example/turtlebot3_patrol
[1.714s] creating /root/ros_workspace/install/turtlebot3_example/lib/python3.12/site-packages/turtlebot3_example/turtlebot3_obstacle_detection
[1.714s] copying /root/ros_workspace/build/turtlebot3_example/build/lib/turtlebot3_example/turtlebot3_obstacle_detection/turtlebot3_obstacle_detection.py -> /root/ros_workspace/install/turtlebot3_example/lib/python3.12/site-packages/turtlebot3_example/turtlebot3_obstacle_detection
[1.715s] copying /root/ros_workspace/build/turtlebot3_example/build/lib/turtlebot3_example/turtlebot3_obstacle_detection/__init__.py -> /root/ros_workspace/install/turtlebot3_example/lib/python3.12/site-packages/turtlebot3_example/turtlebot3_obstacle_detection
[1.715s] creating /root/ros_workspace/install/turtlebot3_example/lib/python3.12/site-packages/turtlebot3_example/turtlebot3_relative_move
[1.715s] copying /root/ros_workspace/build/turtlebot3_example/build/lib/turtlebot3_example/turtlebot3_relative_move/turtlebot3_relative_move.py -> /root/ros_workspace/install/turtlebot3_example/lib/python3.12/site-packages/turtlebot3_example/turtlebot3_relative_move
[1.715s] copying /root/ros_workspace/build/turtlebot3_example/build/lib/turtlebot3_example/turtlebot3_relative_move/__init__.py -> /root/ros_workspace/install/turtlebot3_example/lib/python3.12/site-packages/turtlebot3_example/turtlebot3_relative_move
[1.716s] creating /root/ros_workspace/install/turtlebot3_example/lib/python3.12/site-packages/turtlebot3_example/turtlebot3_interactive_marker
[1.716s] copying /root/ros_workspace/build/turtlebot3_example/build/lib/turtlebot3_example/turtlebot3_interactive_marker/turtlebot3_interactive_marker.py -> /root/ros_workspace/install/turtlebot3_example/lib/python3.12/site-packages/turtlebot3_example/turtlebot3_interactive_marker
[1.716s] copying /root/ros_workspace/build/turtlebot3_example/build/lib/turtlebot3_example/turtlebot3_interactive_marker/__init__.py -> /root/ros_workspace/install/turtlebot3_example/lib/python3.12/site-packages/turtlebot3_example/turtlebot3_interactive_marker
[1.716s] copying /root/ros_workspace/build/turtlebot3_example/build/lib/turtlebot3_example/__init__.py -> /root/ros_workspace/install/turtlebot3_example/lib/python3.12/site-packages/turtlebot3_example
[1.717s] creating /root/ros_workspace/install/turtlebot3_example/lib/python3.12/site-packages/turtlebot3_example/turtlebot3_absolute_move
[1.717s] copying /root/ros_workspace/build/turtlebot3_example/build/lib/turtlebot3_example/turtlebot3_absolute_move/turtlebot3_absolute_move.py -> /root/ros_workspace/install/turtlebot3_example/lib/python3.12/site-packages/turtlebot3_example/turtlebot3_absolute_move
[1.717s] copying /root/ros_workspace/build/turtlebot3_example/build/lib/turtlebot3_example/turtlebot3_absolute_move/__init__.py -> /root/ros_workspace/install/turtlebot3_example/lib/python3.12/site-packages/turtlebot3_example/turtlebot3_absolute_move
[1.717s] byte-compiling /root/ros_workspace/install/turtlebot3_example/lib/python3.12/site-packages/turtlebot3_example/turtlebot3_patrol/turtlebot3_patrol_client.py to turtlebot3_patrol_client.cpython-312.pyc
[1.718s] byte-compiling /root/ros_workspace/install/turtlebot3_example/lib/python3.12/site-packages/turtlebot3_example/turtlebot3_patrol/turtlebot3_patrol_server.py to turtlebot3_patrol_server.cpython-312.pyc
[1.719s] byte-compiling /root/ros_workspace/install/turtlebot3_example/lib/python3.12/site-packages/turtlebot3_example/turtlebot3_patrol/__init__.py to __init__.cpython-312.pyc
[1.720s] byte-compiling /root/ros_workspace/install/turtlebot3_example/lib/python3.12/site-packages/turtlebot3_example/turtlebot3_obstacle_detection/turtlebot3_obstacle_detection.py to turtlebot3_obstacle_detection.cpython-312.pyc
[1.721s] byte-compiling /root/ros_workspace/install/turtlebot3_example/lib/python3.12/site-packages/turtlebot3_example/turtlebot3_obstacle_detection/__init__.py to __init__.cpython-312.pyc
[1.721s] byte-compiling /root/ros_workspace/install/turtlebot3_example/lib/python3.12/site-packages/turtlebot3_example/turtlebot3_relative_move/turtlebot3_relative_move.py to turtlebot3_relative_move.cpython-312.pyc
[1.723s] byte-compiling /root/ros_workspace/install/turtlebot3_example/lib/python3.12/site-packages/turtlebot3_example/turtlebot3_relative_move/__init__.py to __init__.cpython-312.pyc
[1.723s] byte-compiling /root/ros_workspace/install/turtlebot3_example/lib/python3.12/site-packages/turtlebot3_example/turtlebot3_interactive_marker/turtlebot3_interactive_marker.py to turtlebot3_interactive_marker.cpython-312.pyc
[1.724s] byte-compiling /root/ros_workspace/install/turtlebot3_example/lib/python3.12/site-packages/turtlebot3_example/turtlebot3_interactive_marker/__init__.py to __init__.cpython-312.pyc
[1.725s] byte-compiling /root/ros_workspace/install/turtlebot3_example/lib/python3.12/site-packages/turtlebot3_example/__init__.py to __init__.cpython-312.pyc
[1.725s] byte-compiling /root/ros_workspace/install/turtlebot3_example/lib/python3.12/site-packages/turtlebot3_example/turtlebot3_absolute_move/turtlebot3_absolute_move.py to turtlebot3_absolute_move.cpython-312.pyc
[1.727s] byte-compiling /root/ros_workspace/install/turtlebot3_example/lib/python3.12/site-packages/turtlebot3_example/turtlebot3_absolute_move/__init__.py to __init__.cpython-312.pyc
[1.727s] running install_data
[1.727s] creating /root/ros_workspace/install/turtlebot3_example/share/ament_index
[1.727s] creating /root/ros_workspace/install/turtlebot3_example/share/ament_index/resource_index
[1.727s] creating /root/ros_workspace/install/turtlebot3_example/share/ament_index/resource_index/packages
[1.728s] copying resource/turtlebot3_example -> /root/ros_workspace/install/turtlebot3_example/share/ament_index/resource_index/packages
[1.728s] copying package.xml -> /root/ros_workspace/install/turtlebot3_example/share/turtlebot3_example
[1.728s] running install_egg_info
[1.748s] Copying ../../../build/turtlebot3_example/turtlebot3_example.egg-info to /root/ros_workspace/install/turtlebot3_example/lib/python3.12/site-packages/turtlebot3_example-2.3.1-py3.12.egg-info
[1.749s] running install_scripts
[1.963s] Installing turtlebot3_absolute_move script to /root/ros_workspace/install/turtlebot3_example/lib/turtlebot3_example
[1.963s] Installing turtlebot3_interactive_marker script to /root/ros_workspace/install/turtlebot3_example/lib/turtlebot3_example
[1.963s] Installing turtlebot3_obstacle_detection script to /root/ros_workspace/install/turtlebot3_example/lib/turtlebot3_example
[1.964s] Installing turtlebot3_patrol_client script to /root/ros_workspace/install/turtlebot3_example/lib/turtlebot3_example
[1.964s] Installing turtlebot3_patrol_server script to /root/ros_workspace/install/turtlebot3_example/lib/turtlebot3_example
[1.964s] Installing turtlebot3_relative_move script to /root/ros_workspace/install/turtlebot3_example/lib/turtlebot3_example
[1.965s] writing list of installed files to '/root/ros_workspace/build/turtlebot3_example/install.log'
[2.005s] Invoked command in '/root/ros_workspace/src/turtlebot3/turtlebot3_example' returned '0': AMENT_PREFIX_PATH=/root/ros_workspace/install/turtlebot3_msgs:${AMENT_PREFIX_PATH} CMAKE_PREFIX_PATH=/root/ros_workspace/install/turtlebot3_msgs:${CMAKE_PREFIX_PATH} LD_LIBRARY_PATH=/root/ros_workspace/install/turtlebot3_msgs/lib:${LD_LIBRARY_PATH} PYTHONPATH=/root/ros_workspace/build/turtlebot3_example/prefix_override:/usr/lib/python3/dist-packages/colcon_core/task/python/colcon_distutils_commands:/root/ros_workspace/install/turtlebot3_example/lib/python3.12/site-packages:/root/ros_workspace/install/turtlebot3_msgs/lib/python3.12/site-packages:${PYTHONPATH} /usr/bin/python3 -W ignore:setup.py install is deprecated -W ignore:easy_install command is deprecated setup.py egg_info --egg-base ../../../build/turtlebot3_example build --build-base /root/ros_workspace/build/turtlebot3_example/build install --record /root/ros_workspace/build/turtlebot3_example/install.log --single-version-externally-managed install_data
