[0.038s] Invoking command in '/root/ros_workspace/build/turtlebot3_gazebo': CMAKE_PREFIX_PATH=${CMAKE_PREFIX_PATH}:/opt/ros/jazzy /usr/bin/cmake /root/ros_workspace/src/turtlebot3_simulations/turtlebot3_gazebo -DAMENT_CMAKE_SYMLINK_INSTALL=1 -DCMAKE_INSTALL_PREFIX=/root/ros_workspace/install/turtlebot3_gazebo
[0.283s] -- The C compiler identification is GNU 13.3.0
[0.364s] -- The CXX compiler identification is GNU 13.3.0
[0.385s] -- Detecting C compiler ABI info
[0.498s] -- Detecting C compiler ABI info - done
[0.509s] -- Check for working C compiler: /usr/bin/cc - skipped
[0.510s] -- Detecting C compile features
[0.510s] -- Detecting C compile features - done
[0.521s] -- Detecting CXX compiler ABI info
[0.672s] -- Detecting CXX compiler ABI info - done
[0.685s] -- Check for working CXX compiler: /usr/bin/c++ - skipped
[0.686s] -- Detecting CXX compile features
[0.686s] -- Detecting CXX compile features - done
[0.703s] -- Found ament_cmake: 2.5.4 (/opt/ros/jazzy/share/ament_cmake/cmake)
[0.943s] -- Found Python3: /usr/bin/python3 (found version "3.12.3") found components: Interpreter 
[1.062s] -- Override CMake install command with custom implementation using symlinks instead of copying resources
[1.161s] -- Found ros_gz_sim: 1.0.12 (/opt/ros/jazzy/share/ros_gz_sim/cmake)
[1.248s] -- Found rosidl_generator_c: 4.6.5 (/opt/ros/jazzy/share/rosidl_generator_c/cmake)
[1.280s] -- Found rosidl_generator_cpp: 4.6.5 (/opt/ros/jazzy/share/rosidl_generator_cpp/cmake)
[1.309s] -- Using all available rosidl_typesupport_c: rosidl_typesupport_fastrtps_c;rosidl_typesupport_introspection_c
[1.342s] -- Using all available rosidl_typesupport_cpp: rosidl_typesupport_fastrtps_cpp;rosidl_typesupport_introspection_cpp
[1.489s] -- Found rmw_implementation_cmake: 7.3.2 (/opt/ros/jazzy/share/rmw_implementation_cmake/cmake)
[1.497s] -- Found rmw_fastrtps_cpp: 8.4.2 (/opt/ros/jazzy/share/rmw_fastrtps_cpp/cmake)
[1.746s] -- Found OpenSSL: /usr/lib/x86_64-linux-gnu/libcrypto.so (found version "3.0.13")  
[1.806s] -- Found FastRTPS: /opt/ros/jazzy/include (Required is at least version "2.13") 
[1.929s] -- Using RMW implementation 'rmw_fastrtps_cpp' as default
[2.697s] -- Found nav_msgs: 5.3.6 (/opt/ros/jazzy/share/nav_msgs/cmake)
[2.731s] -- Found sensor_msgs: 5.3.6 (/opt/ros/jazzy/share/sensor_msgs/cmake)
[2.760s] -- Found gz_math_vendor: 0.0.8 (/opt/ros/jazzy/share/gz_math_vendor/cmake)
[2.775s] -- Looking for gz-math7 -- found version 7.5.2
[2.782s] -- Searching for dependencies of gz-math7
[2.785s] -- Looking for gz-utils2 -- found version 2.2.1
[2.785s] -- Searching for dependencies of gz-utils2
[2.790s] -- Found gz_sim_vendor: 0.0.8 (/opt/ros/jazzy/share/gz_sim_vendor/cmake)
[2.877s] -- Looking for gz-sim8 -- found version 8.9.0
[2.878s] -- Searching for dependencies of gz-sim8
[2.880s] -- Looking for sdformat14 -- found version 14.7.0
[2.880s] -- Searching for dependencies of sdformat14
[2.885s] -- Checking for module 'tinyxml2'
[2.903s] --   Found tinyxml2, version 10.0.0
[2.938s] -- Looking for gz-math7 -- found version 7.5.2
[2.939s] -- Looking for gz-utils2 -- found version 2.2.1
[2.939s] -- Searching for dependencies of gz-utils2
[2.939s] -- Searching for <gz-utils2> component [cli]
[2.942s] -- Looking for gz-utils2-cli -- found version 2.2.1
[2.943s] -- Searching for dependencies of gz-utils2-cli
[2.947s] -- Looking for gz-plugin2 -- found version 2.0.4
[2.947s] -- Searching for dependencies of gz-plugin2
[2.947s] -- Looking for gz-utils2 -- found version 2.2.1
[2.948s] -- Searching for <gz-plugin2> component [loader]
[2.953s] -- Looking for gz-plugin2-loader -- found version 2.0.4
[2.953s] -- Searching for dependencies of gz-plugin2-loader
[2.954s] -- Searching for <gz-plugin2> component [register]
[2.957s] -- Looking for gz-plugin2-register -- found version 2.0.4
[2.957s] -- Searching for dependencies of gz-plugin2-register
[2.962s] -- Looking for gz-transport13 -- found version 13.4.1
[2.962s] -- Searching for dependencies of gz-transport13
[3.104s] -- Found Protobuf: /usr/lib/x86_64-linux-gnu/libprotobuf.so (found version "3.21.12") 
[3.130s] -- Config-file not installed for ZeroMQ -- checking for pkg-config
[3.135s] -- Checking for module 'libzmq >= 4'
[3.151s] --   Found libzmq, version 4.3.5
[3.195s] -- Found ZeroMQ: TRUE (Required is at least version "4") 
[3.203s] -- Checking for module 'uuid'
[3.220s] --   Found uuid, version 2.39.3
[3.256s] -- Found UUID: TRUE  
[3.257s] -- Looking for gz-utils2 -- found version 2.2.1
[3.260s] -- Looking for gz-msgs10 -- found version 10.3.2
[3.261s] -- Searching for dependencies of gz-msgs10
[3.288s] -- Looking for gz-utils2 -- found version 2.2.1
[3.289s] -- Looking for gz-math7 -- found version 7.5.2
[3.298s] -- Searching for <gz-transport13> component [log]
[3.301s] -- Looking for gz-transport13-log -- found version 13.4.1
[3.301s] -- Searching for dependencies of gz-transport13-log
[3.302s] -- Searching for <gz-transport13> component [parameters]
[3.305s] -- Looking for gz-transport13-parameters -- found version 13.4.1
[3.305s] -- Searching for dependencies of gz-transport13-parameters
[3.307s] -- Looking for gz-msgs10 -- found version 10.3.2
[3.310s] -- Looking for gz-common5 -- found version 5.7.1
[3.311s] -- Searching for dependencies of gz-common5
[3.311s] -- Looking for gz-utils2 -- found version 2.2.1
[3.312s] -- Looking for dlfcn.h - found
[3.314s] -- Looking for libdl - found
[3.315s] -- Found DL: TRUE  
[3.322s] -- Searching for <gz-common5> component [av]
[3.325s] -- Looking for gz-common5-av -- found version 5.7.1
[3.325s] -- Searching for dependencies of gz-common5-av
[3.331s] -- Checking for module 'libswscale'
[3.350s] --   Found libswscale, version 7.5.100
[3.387s] -- Found SWSCALE: TRUE  
[3.392s] -- Checking for module 'libavdevice >= 56.4.100'
[3.410s] --   Found libavdevice, version 60.3.100
[3.465s] -- Found AVDEVICE: TRUE (Required is at least version "56.4.100") 
[3.470s] -- Checking for module 'libavformat'
[3.488s] --   Found libavformat, version 60.16.100
[3.534s] -- Found AVFORMAT: TRUE  
[3.539s] -- Checking for module 'libavcodec'
[3.557s] --   Found libavcodec, version 60.31.102
[3.597s] -- Found AVCODEC: TRUE  
[3.603s] -- Checking for module 'libavutil'
[3.621s] --   Found libavutil, version 58.29.100
[3.658s] -- Found AVUTIL: TRUE  
[3.659s] -- Searching for <gz-common5> component [events]
[3.663s] -- Looking for gz-common5-events -- found version 5.7.1
[3.663s] -- Searching for dependencies of gz-common5-events
[3.664s] -- Looking for gz-math7 -- found version 7.5.2
[3.665s] -- Searching for <gz-common5> component [graphics]
[3.670s] -- Looking for gz-common5-graphics -- found version 5.7.1
[3.670s] -- Searching for dependencies of gz-common5-graphics
[3.671s] -- Looking for gz-math7 -- found version 7.5.2
[3.681s] -- Found GzAssimp: TRUE (found version "5.3.0") 
[3.681s] -- Searching for <gz-common5> component [io]
[3.684s] -- Looking for gz-common5-io -- found version 5.7.1
[3.684s] -- Searching for dependencies of gz-common5-io
[3.685s] -- Searching for <gz-common5> component [profiler]
[3.688s] -- Looking for gz-common5-profiler -- found version 5.7.1
[3.688s] -- Searching for dependencies of gz-common5-profiler
[3.693s] -- Looking for gz-fuel_tools9 -- found version 9.1.1
[3.693s] -- Searching for dependencies of gz-fuel_tools9
[3.781s] -- Found CURL: /usr/lib/x86_64-linux-gnu/libcurl.so (found version "8.5.0")  
[3.793s] -- Checking for module 'jsoncpp'
[3.811s] --   Found jsoncpp, version 1.9.5
[3.850s] -- Found JSONCPP: TRUE  
[3.873s] -- Checking for module 'yaml-0.1'
[3.891s] --   Found yaml-0.1, version 0.2.5
[3.929s] -- Found YAML: TRUE  
[3.934s] -- Checking for module 'libzip'
[3.950s] --   Found libzip, version 1.7.3
[3.983s] -- Found ZIP: TRUE  
[3.983s] -- Looking for gz-utils2 -- found version 2.2.1
[3.984s] -- Looking for gz-common5 -- found version 5.7.1
[3.984s] -- Searching for dependencies of gz-common5
[3.985s] -- Looking for gz-utils2 -- found version 2.2.1
[3.985s] -- Looking for dlfcn.h - found
[3.985s] -- Looking for libdl - found
[3.992s] -- Searching for <gz-common5> component [testing]
[3.996s] -- Looking for gz-common5-testing -- found version 5.7.1
[3.996s] -- Searching for dependencies of gz-common5-testing
[3.997s] -- Looking for gz-math7 -- found version 7.5.2
[3.997s] -- Looking for gz-msgs10 -- found version 10.3.2
[4.001s] -- Looking for gz-gui8 -- found version 8.4.0
[4.001s] -- Searching for dependencies of gz-gui8
[4.033s] -- Looking for gz-utils2 -- found version 2.2.1
[4.033s] -- Looking for gz-math7 -- found version 7.5.2
[4.033s] -- Looking for gz-common5 -- found version 5.7.1
[4.034s] -- Looking for gz-plugin2 -- found version 2.0.4
[4.035s] -- Looking for gz-transport13 -- found version 13.4.1
[4.039s] -- Looking for gz-rendering8 -- found version 8.2.2
[4.039s] -- Searching for dependencies of gz-rendering8
[4.039s] -- Looking for gz-math7 -- found version 7.5.2
[4.040s] -- Searching for dependencies of gz-math7
[4.040s] -- Looking for gz-utils2 -- found version 2.2.1
[4.040s] -- Searching for <gz-math7> component [eigen3]
[4.043s] -- Looking for gz-math7-eigen3 -- found version 7.5.2
[4.044s] -- Searching for dependencies of gz-math7-eigen3
[4.057s] -- Looking for gz-common5 -- found version 5.7.1
[4.057s] -- Searching for dependencies of gz-common5
[4.057s] -- Looking for gz-utils2 -- found version 2.2.1
[4.058s] -- Looking for dlfcn.h - found
[4.058s] -- Looking for libdl - found
[4.065s] -- Searching for <gz-common5> component [graphics]
[4.065s] -- Searching for <gz-common5> component [events]
[4.065s] -- Searching for <gz-common5> component [geospatial]
[4.069s] -- Looking for gz-common5-geospatial -- found version 5.7.1
[4.069s] -- Searching for dependencies of gz-common5-geospatial
[4.069s] -- Looking for gz-math7 -- found version 7.5.2
[4.070s] -- Looking for gz-common5 -- found version 5.7.1
[4.071s] -- Looking for gz-plugin2 -- found version 2.0.4
[4.071s] -- Searching for dependencies of gz-plugin2
[4.072s] -- Looking for gz-utils2 -- found version 2.2.1
[4.072s] -- Searching for <gz-plugin2> component [all]
[4.075s] -- Looking for all libraries of gz-plugin2 -- found version 2.0.4
[4.075s] -- Looking for gz-plugin2 -- found version 2.0.4
[4.076s] -- Looking for gz-utils2 -- found version 2.2.1
[4.090s] -- Found OpenGL: /usr/lib/x86_64-linux-gnu/libOpenGL.so  found components: OpenGL 
[4.092s] -- Looking for gz-msgs10 -- found version 10.3.2
[4.128s] -- Looking for gz-physics7 -- found version 7.5.0
[4.128s] -- Searching for dependencies of gz-physics7
[4.129s] -- Looking for gz-common5 -- found version 5.7.1
[4.129s] -- Looking for gz-math7 -- found version 7.5.2
[4.130s] -- Looking for gz-plugin2 -- found version 2.0.4
[4.131s] -- Looking for gz-utils2 -- found version 2.2.1
[4.132s] -- Searching for <gz-physics7> component [heightmap]
[4.134s] -- Looking for gz-physics7-heightmap -- found version 7.5.0
[4.134s] -- Searching for dependencies of gz-physics7-heightmap
[4.135s] -- Looking for gz-common5 -- found version 5.7.1
[4.135s] -- Searching for <gz-physics7> component [mesh]
[4.138s] -- Looking for gz-physics7-mesh -- found version 7.5.0
[4.138s] -- Searching for dependencies of gz-physics7-mesh
[4.138s] -- Looking for gz-common5 -- found version 5.7.1
[4.139s] -- Searching for <gz-physics7> component [sdf]
[4.141s] -- Looking for gz-physics7-sdf -- found version 7.5.0
[4.141s] -- Searching for dependencies of gz-physics7-sdf
[4.142s] -- Looking for sdformat14 -- found version 14.7.0
[4.146s] -- Looking for gz-sensors8 -- found version 8.2.2
[4.146s] -- Searching for dependencies of gz-sensors8
[4.169s] -- Looking for gz-math7 -- found version 7.5.2
[4.170s] -- Looking for gz-common5 -- found version 5.7.1
[4.170s] -- Looking for gz-transport13 -- found version 13.4.1
[4.170s] -- Looking for gz-rendering8 -- found version 8.2.2
[4.171s] -- Looking for gz-msgs10 -- found version 10.3.2
[4.171s] -- Looking for sdformat14 -- found version 14.7.0
[4.172s] -- Searching for <gz-sensors8> component [air_pressure]
[4.174s] -- Looking for gz-sensors8-air_pressure -- found version 8.2.2
[4.175s] -- Searching for dependencies of gz-sensors8-air_pressure
[4.176s] -- Searching for <gz-sensors8> component [air_speed]
[4.180s] -- Looking for gz-sensors8-air_speed -- found version 8.2.2
[4.180s] -- Searching for dependencies of gz-sensors8-air_speed
[4.181s] -- Searching for <gz-sensors8> component [altimeter]
[4.185s] -- Looking for gz-sensors8-altimeter -- found version 8.2.2
[4.185s] -- Searching for dependencies of gz-sensors8-altimeter
[4.186s] -- Searching for <gz-sensors8> component [imu]
[4.189s] -- Looking for gz-sensors8-imu -- found version 8.2.2
[4.190s] -- Searching for dependencies of gz-sensors8-imu
[4.190s] -- Searching for <gz-sensors8> component [force_torque]
[4.193s] -- Looking for gz-sensors8-force_torque -- found version 8.2.2
[4.193s] -- Searching for dependencies of gz-sensors8-force_torque
[4.194s] -- Searching for <gz-sensors8> component [logical_camera]
[4.196s] -- Looking for gz-sensors8-logical_camera -- found version 8.2.2
[4.196s] -- Searching for dependencies of gz-sensors8-logical_camera
[4.197s] -- Searching for <gz-sensors8> component [magnetometer]
[4.199s] -- Looking for gz-sensors8-magnetometer -- found version 8.2.2
[4.199s] -- Searching for dependencies of gz-sensors8-magnetometer
[4.200s] -- Searching for <gz-sensors8> component [navsat]
[4.202s] -- Looking for gz-sensors8-navsat -- found version 8.2.2
[4.202s] -- Searching for dependencies of gz-sensors8-navsat
[4.203s] -- Searching for <gz-sensors8> component [dvl]
[4.205s] -- Looking for gz-sensors8-dvl -- found version 8.2.2
[4.205s] -- Searching for dependencies of gz-sensors8-dvl
[4.206s] -- Looking for gz-sensors8 -- found version 8.2.2
[4.206s] -- Searching for dependencies of gz-sensors8
[4.231s] -- Looking for gz-math7 -- found version 7.5.2
[4.232s] -- Looking for gz-common5 -- found version 5.7.1
[4.232s] -- Looking for gz-transport13 -- found version 13.4.1
[4.233s] -- Looking for gz-rendering8 -- found version 8.2.2
[4.233s] -- Looking for gz-msgs10 -- found version 10.3.2
[4.234s] -- Looking for sdformat14 -- found version 14.7.0
[4.234s] -- Searching for <gz-sensors8> component [rendering]
[4.237s] -- Looking for gz-sensors8-rendering -- found version 8.2.2
[4.237s] -- Searching for dependencies of gz-sensors8-rendering
[4.239s] -- Searching for <gz-sensors8> component [rendering]
[4.239s] -- Searching for <gz-sensors8> component [lidar]
[4.241s] -- Looking for gz-sensors8-lidar -- found version 8.2.2
[4.241s] -- Searching for dependencies of gz-sensors8-lidar
[4.242s] -- Looking for gz-sensors8 -- found version 8.2.2
[4.242s] -- Searching for <gz-sensors8> component [gpu_lidar]
[4.245s] -- Looking for gz-sensors8-gpu_lidar -- found version 8.2.2
[4.245s] -- Searching for dependencies of gz-sensors8-gpu_lidar
[4.245s] -- Looking for gz-sensors8 -- found version 8.2.2
[4.246s] -- Searching for <gz-sensors8> component [camera]
[4.248s] -- Looking for gz-sensors8-camera -- found version 8.2.2
[4.248s] -- Searching for dependencies of gz-sensors8-camera
[4.249s] -- Looking for gz-sensors8 -- found version 8.2.2
[4.249s] -- Searching for <gz-sensors8> component [boundingbox_camera]
[4.252s] -- Looking for gz-sensors8-boundingbox_camera -- found version 8.2.2
[4.252s] -- Searching for dependencies of gz-sensors8-boundingbox_camera
[4.252s] -- Searching for <gz-sensors8> component [segmentation_camera]
[4.255s] -- Looking for gz-sensors8-segmentation_camera -- found version 8.2.2
[4.255s] -- Searching for dependencies of gz-sensors8-segmentation_camera
[4.255s] -- Searching for <gz-sensors8> component [depth_camera]
[4.258s] -- Looking for gz-sensors8-depth_camera -- found version 8.2.2
[4.258s] -- Searching for dependencies of gz-sensors8-depth_camera
[4.259s] -- Looking for gz-sensors8 -- found version 8.2.2
[4.259s] -- Searching for <gz-sensors8> component [rgbd_camera]
[4.261s] -- Looking for gz-sensors8-rgbd_camera -- found version 8.2.2
[4.262s] -- Searching for dependencies of gz-sensors8-rgbd_camera
[4.262s] -- Looking for gz-sensors8 -- found version 8.2.2
[4.262s] -- Searching for <gz-sensors8> component [thermal_camera]
[4.265s] -- Looking for gz-sensors8-thermal_camera -- found version 8.2.2
[4.265s] -- Searching for dependencies of gz-sensors8-thermal_camera
[4.265s] -- Looking for gz-sensors8 -- found version 8.2.2
[4.266s] -- Searching for <gz-sensors8> component [wide_angle_camera]
[4.269s] -- Looking for gz-sensors8-wide_angle_camera -- found version 8.2.2
[4.269s] -- Searching for dependencies of gz-sensors8-wide_angle_camera
[4.270s] -- Looking for gz-rendering8 -- found version 8.2.2
[4.271s] -- Looking for gz-math7 -- found version 7.5.2
[4.271s] -- Looking for gz-utils2 -- found version 2.2.1
[4.298s] -- Looking for gz-plugin2 -- found version 2.0.4
[4.397s] -- Configuring done (4.3s)
[4.444s] -- Generating done (0.0s)
[4.452s] -- Build files have been written to: /root/ros_workspace/build/turtlebot3_gazebo
[4.469s] Invoked command in '/root/ros_workspace/build/turtlebot3_gazebo' returned '0': CMAKE_PREFIX_PATH=${CMAKE_PREFIX_PATH}:/opt/ros/jazzy /usr/bin/cmake /root/ros_workspace/src/turtlebot3_simulations/turtlebot3_gazebo -DAMENT_CMAKE_SYMLINK_INSTALL=1 -DCMAKE_INSTALL_PREFIX=/root/ros_workspace/install/turtlebot3_gazebo
[4.470s] Invoking command in '/root/ros_workspace/build/turtlebot3_gazebo': CMAKE_PREFIX_PATH=${CMAKE_PREFIX_PATH}:/opt/ros/jazzy /usr/bin/cmake --build /root/ros_workspace/build/turtlebot3_gazebo -- -j12 -l12
[4.540s] [ 12%] [32mBuilding CXX object CMakeFiles/turtlebot3_drive.dir/src/turtlebot3_drive.cpp.o[0m
[4.541s] [ 25%] [32mBuilding CXX object CMakeFiles/obstacle1.dir/src/obstacle1.cpp.o[0m
[4.542s] [ 37%] [32mBuilding CXX object CMakeFiles/obstacles.dir/src/obstacles.cpp.o[0m
[4.547s] [ 50%] [32mBuilding CXX object CMakeFiles/obstacle2.dir/src/obstacle2.cpp.o[0m
[8.577s] [ 62%] [32m[1mLinking CXX shared library libobstacle1.so[0m
[8.581s] [ 75%] [32m[1mLinking CXX shared library libobstacle2.so[0m
[8.902s] [ 75%] Built target obstacle1
[8.912s] [ 75%] Built target obstacle2
[9.182s] [ 87%] [32m[1mLinking CXX shared library libobstacles.so[0m
[9.498s] [ 87%] Built target obstacles
[20.304s] [100%] [32m[1mLinking CXX executable turtlebot3_drive[0m
[21.569s] [100%] Built target turtlebot3_drive
[21.617s] Invoked command in '/root/ros_workspace/build/turtlebot3_gazebo' returned '0': CMAKE_PREFIX_PATH=${CMAKE_PREFIX_PATH}:/opt/ros/jazzy /usr/bin/cmake --build /root/ros_workspace/build/turtlebot3_gazebo -- -j12 -l12
[21.624s] Invoking command in '/root/ros_workspace/build/turtlebot3_gazebo': CMAKE_PREFIX_PATH=${CMAKE_PREFIX_PATH}:/opt/ros/jazzy /usr/bin/cmake --install /root/ros_workspace/build/turtlebot3_gazebo
[21.647s] -- Install configuration: ""
[21.648s] -- Execute custom install script
[21.649s] -- Symlinking: /root/ros_workspace/install/turtlebot3_gazebo/lib/turtlebot3_gazebo/turtlebot3_drive
[21.670s] -- Symlinking: /root/ros_workspace/install/turtlebot3_gazebo/lib/turtlebot3_gazebo/libobstacles.so
[21.689s] -- Symlinking: /root/ros_workspace/install/turtlebot3_gazebo/lib/turtlebot3_gazebo/libobstacle1.so
[21.734s] -- Symlinking: /root/ros_workspace/install/turtlebot3_gazebo/lib/turtlebot3_gazebo/libobstacle2.so
[21.792s] -- Symlinking: /root/ros_workspace/install/turtlebot3_gazebo/share/turtlebot3_gazebo//launch/empty_world.launch.py
[21.845s] -- Symlinking: /root/ros_workspace/install/turtlebot3_gazebo/share/turtlebot3_gazebo//launch/robot_state_publisher.launch.py
[21.885s] -- Symlinking: /root/ros_workspace/install/turtlebot3_gazebo/share/turtlebot3_gazebo//launch/spawn_turtlebot3.launch.py
[21.916s] -- Symlinking: /root/ros_workspace/install/turtlebot3_gazebo/share/turtlebot3_gazebo//launch/turtlebot3_dqn_stage1.launch.py
[21.936s] -- Symlinking: /root/ros_workspace/install/turtlebot3_gazebo/share/turtlebot3_gazebo//launch/turtlebot3_dqn_stage2.launch.py
[21.977s] -- Symlinking: /root/ros_workspace/install/turtlebot3_gazebo/share/turtlebot3_gazebo//launch/turtlebot3_dqn_stage3.launch.py
[22.022s] -- Symlinking: /root/ros_workspace/install/turtlebot3_gazebo/share/turtlebot3_gazebo//launch/turtlebot3_dqn_stage4.launch.py
[22.060s] -- Symlinking: /root/ros_workspace/install/turtlebot3_gazebo/share/turtlebot3_gazebo//launch/turtlebot3_dynamic_obstacles.launch.py
[22.095s] -- Symlinking: /root/ros_workspace/install/turtlebot3_gazebo/share/turtlebot3_gazebo//launch/turtlebot3_house.launch.py
[22.141s] -- Symlinking: /root/ros_workspace/install/turtlebot3_gazebo/share/turtlebot3_gazebo//launch/turtlebot3_world.launch.py
[22.186s] -- Symlinking: /root/ros_workspace/install/turtlebot3_gazebo/share/turtlebot3_gazebo//models/turtlebot3_burger/model-1_4.sdf
[22.220s] -- Symlinking: /root/ros_workspace/install/turtlebot3_gazebo/share/turtlebot3_gazebo//models/turtlebot3_burger/model.config
[22.255s] -- Symlinking: /root/ros_workspace/install/turtlebot3_gazebo/share/turtlebot3_gazebo//models/turtlebot3_burger/model.sdf
[22.288s] -- Symlinking: /root/ros_workspace/install/turtlebot3_gazebo/share/turtlebot3_gazebo//models/turtlebot3_burger_cam/model-1_4.sdf
[22.329s] -- Symlinking: /root/ros_workspace/install/turtlebot3_gazebo/share/turtlebot3_gazebo//models/turtlebot3_burger_cam/model.config
[22.368s] -- Symlinking: /root/ros_workspace/install/turtlebot3_gazebo/share/turtlebot3_gazebo//models/turtlebot3_burger_cam/model.sdf
[22.400s] -- Symlinking: /root/ros_workspace/install/turtlebot3_gazebo/share/turtlebot3_gazebo//models/turtlebot3_common/meshes/bases/burger_base.stl
[22.442s] -- Symlinking: /root/ros_workspace/install/turtlebot3_gazebo/share/turtlebot3_gazebo//models/turtlebot3_common/meshes/bases/waffle_base.stl
[22.486s] -- Symlinking: /root/ros_workspace/install/turtlebot3_gazebo/share/turtlebot3_gazebo//models/turtlebot3_common/meshes/bases/waffle_pi_base.stl
[22.529s] -- Symlinking: /root/ros_workspace/install/turtlebot3_gazebo/share/turtlebot3_gazebo//models/turtlebot3_common/meshes/burger_base.dae
[22.560s] -- Symlinking: /root/ros_workspace/install/turtlebot3_gazebo/share/turtlebot3_gazebo//models/turtlebot3_common/meshes/lds.dae
[22.605s] -- Symlinking: /root/ros_workspace/install/turtlebot3_gazebo/share/turtlebot3_gazebo//models/turtlebot3_common/meshes/r200.dae
[22.652s] -- Symlinking: /root/ros_workspace/install/turtlebot3_gazebo/share/turtlebot3_gazebo//models/turtlebot3_common/meshes/sensors/astra.dae
[22.679s] -- Symlinking: /root/ros_workspace/install/turtlebot3_gazebo/share/turtlebot3_gazebo//models/turtlebot3_common/meshes/sensors/astra.jpg
[22.722s] -- Symlinking: /root/ros_workspace/install/turtlebot3_gazebo/share/turtlebot3_gazebo//models/turtlebot3_common/meshes/sensors/lds.stl
[22.767s] -- Symlinking: /root/ros_workspace/install/turtlebot3_gazebo/share/turtlebot3_gazebo//models/turtlebot3_common/meshes/sensors/r200.dae
[22.795s] -- Symlinking: /root/ros_workspace/install/turtlebot3_gazebo/share/turtlebot3_gazebo//models/turtlebot3_common/meshes/sensors/r200.jpg
[22.818s] -- Symlinking: /root/ros_workspace/install/turtlebot3_gazebo/share/turtlebot3_gazebo//models/turtlebot3_common/meshes/tire.dae
[22.838s] -- Symlinking: /root/ros_workspace/install/turtlebot3_gazebo/share/turtlebot3_gazebo//models/turtlebot3_common/meshes/waffle_base.dae
[22.860s] -- Symlinking: /root/ros_workspace/install/turtlebot3_gazebo/share/turtlebot3_gazebo//models/turtlebot3_common/meshes/waffle_pi_base.dae
[22.881s] -- Symlinking: /root/ros_workspace/install/turtlebot3_gazebo/share/turtlebot3_gazebo//models/turtlebot3_common/meshes/wheels/left_tire.stl
[22.904s] -- Symlinking: /root/ros_workspace/install/turtlebot3_gazebo/share/turtlebot3_gazebo//models/turtlebot3_common/meshes/wheels/right_tire.stl
[22.928s] -- Symlinking: /root/ros_workspace/install/turtlebot3_gazebo/share/turtlebot3_gazebo//models/turtlebot3_common/model.config
[22.952s] -- Symlinking: /root/ros_workspace/install/turtlebot3_gazebo/share/turtlebot3_gazebo//models/turtlebot3_dqn_world/goal_box/model.config
[22.972s] -- Symlinking: /root/ros_workspace/install/turtlebot3_gazebo/share/turtlebot3_gazebo//models/turtlebot3_dqn_world/goal_box/model.sdf
[22.993s] -- Symlinking: /root/ros_workspace/install/turtlebot3_gazebo/share/turtlebot3_gazebo//models/turtlebot3_dqn_world/inner_walls/model.config
[23.016s] -- Symlinking: /root/ros_workspace/install/turtlebot3_gazebo/share/turtlebot3_gazebo//models/turtlebot3_dqn_world/inner_walls/model.sdf
[23.045s] -- Symlinking: /root/ros_workspace/install/turtlebot3_gazebo/share/turtlebot3_gazebo//models/turtlebot3_dqn_world/inner_walls/textures/wood.png
[23.068s] -- Symlinking: /root/ros_workspace/install/turtlebot3_gazebo/share/turtlebot3_gazebo//models/turtlebot3_dqn_world/model.config
[23.088s] -- Symlinking: /root/ros_workspace/install/turtlebot3_gazebo/share/turtlebot3_gazebo//models/turtlebot3_dqn_world/model.sdf
[23.110s] -- Symlinking: /root/ros_workspace/install/turtlebot3_gazebo/share/turtlebot3_gazebo//models/turtlebot3_dqn_world/obstacle1/model.config
[23.140s] -- Symlinking: /root/ros_workspace/install/turtlebot3_gazebo/share/turtlebot3_gazebo//models/turtlebot3_dqn_world/obstacle1/model.sdf
[23.169s] -- Symlinking: /root/ros_workspace/install/turtlebot3_gazebo/share/turtlebot3_gazebo//models/turtlebot3_dqn_world/obstacle2/model.config
[23.215s] -- Symlinking: /root/ros_workspace/install/turtlebot3_gazebo/share/turtlebot3_gazebo//models/turtlebot3_dqn_world/obstacle2/model.sdf
[23.260s] -- Symlinking: /root/ros_workspace/install/turtlebot3_gazebo/share/turtlebot3_gazebo//models/turtlebot3_dqn_world/obstacles/model.config
[23.296s] -- Symlinking: /root/ros_workspace/install/turtlebot3_gazebo/share/turtlebot3_gazebo//models/turtlebot3_dqn_world/obstacles/model.sdf
[23.326s] -- Symlinking: /root/ros_workspace/install/turtlebot3_gazebo/share/turtlebot3_gazebo//models/turtlebot3_dqn_world/textures/wood.png
[23.346s] -- Symlinking: /root/ros_workspace/install/turtlebot3_gazebo/share/turtlebot3_gazebo//models/turtlebot3_house/cafe_table/materials/textures/Maple.jpg
[23.366s] -- Symlinking: /root/ros_workspace/install/turtlebot3_gazebo/share/turtlebot3_gazebo//models/turtlebot3_house/cafe_table/materials/textures/Wood_Floor_Dark.jpg
[23.387s] -- Symlinking: /root/ros_workspace/install/turtlebot3_gazebo/share/turtlebot3_gazebo//models/turtlebot3_house/cafe_table/meshes/cafe_table.dae
[23.407s] -- Symlinking: /root/ros_workspace/install/turtlebot3_gazebo/share/turtlebot3_gazebo//models/turtlebot3_house/cafe_table/model-1_4.sdf
[23.432s] -- Symlinking: /root/ros_workspace/install/turtlebot3_gazebo/share/turtlebot3_gazebo//models/turtlebot3_house/cafe_table/model.config
[23.451s] -- Symlinking: /root/ros_workspace/install/turtlebot3_gazebo/share/turtlebot3_gazebo//models/turtlebot3_house/cafe_table/model.sdf
[23.471s] -- Symlinking: /root/ros_workspace/install/turtlebot3_gazebo/share/turtlebot3_gazebo//models/turtlebot3_house/first_2015_trash_can/meshes/trash_can.dae
[23.494s] -- Symlinking: /root/ros_workspace/install/turtlebot3_gazebo/share/turtlebot3_gazebo//models/turtlebot3_house/first_2015_trash_can/model.config
[23.515s] -- Symlinking: /root/ros_workspace/install/turtlebot3_gazebo/share/turtlebot3_gazebo//models/turtlebot3_house/first_2015_trash_can/model.sdf
[23.568s] -- Symlinking: /root/ros_workspace/install/turtlebot3_gazebo/share/turtlebot3_gazebo//models/turtlebot3_house/mailbox/materials/scripts/mailbox.material
[23.628s] -- Symlinking: /root/ros_workspace/install/turtlebot3_gazebo/share/turtlebot3_gazebo//models/turtlebot3_house/mailbox/materials/textures/Mailbox_Diffuse.png
[23.676s] -- Symlinking: /root/ros_workspace/install/turtlebot3_gazebo/share/turtlebot3_gazebo//models/turtlebot3_house/mailbox/materials/textures/Mailbox_Diffuse.tga.orig
[23.714s] -- Symlinking: /root/ros_workspace/install/turtlebot3_gazebo/share/turtlebot3_gazebo//models/turtlebot3_house/mailbox/materials/textures/Mailbox_Spec.png
[23.737s] -- Symlinking: /root/ros_workspace/install/turtlebot3_gazebo/share/turtlebot3_gazebo//models/turtlebot3_house/mailbox/meshes/mailbox.dae
[23.782s] -- Symlinking: /root/ros_workspace/install/turtlebot3_gazebo/share/turtlebot3_gazebo//models/turtlebot3_house/mailbox/model-1_3.sdf
[23.825s] -- Symlinking: /root/ros_workspace/install/turtlebot3_gazebo/share/turtlebot3_gazebo//models/turtlebot3_house/mailbox/model-1_4.sdf
[23.872s] -- Symlinking: /root/ros_workspace/install/turtlebot3_gazebo/share/turtlebot3_gazebo//models/turtlebot3_house/mailbox/model.config
[23.907s] -- Symlinking: /root/ros_workspace/install/turtlebot3_gazebo/share/turtlebot3_gazebo//models/turtlebot3_house/mailbox/model.sdf
[23.952s] -- Symlinking: /root/ros_workspace/install/turtlebot3_gazebo/share/turtlebot3_gazebo//models/turtlebot3_house/model.config
[23.993s] -- Symlinking: /root/ros_workspace/install/turtlebot3_gazebo/share/turtlebot3_gazebo//models/turtlebot3_house/model.sdf
[24.040s] -- Symlinking: /root/ros_workspace/install/turtlebot3_gazebo/share/turtlebot3_gazebo//models/turtlebot3_house/table_marble/materials/scripts/table_lightmap.material
[24.082s] -- Symlinking: /root/ros_workspace/install/turtlebot3_gazebo/share/turtlebot3_gazebo//models/turtlebot3_house/table_marble/materials/textures/marble.png
[24.140s] -- Symlinking: /root/ros_workspace/install/turtlebot3_gazebo/share/turtlebot3_gazebo//models/turtlebot3_house/table_marble/materials/textures/table_lightmap.png
[24.155s] -- Symlinking: /root/ros_workspace/install/turtlebot3_gazebo/share/turtlebot3_gazebo//models/turtlebot3_house/table_marble/meshes/table_lightmap.dae
[24.174s] -- Symlinking: /root/ros_workspace/install/turtlebot3_gazebo/share/turtlebot3_gazebo//models/turtlebot3_house/table_marble/model-1_4.sdf
[24.197s] -- Symlinking: /root/ros_workspace/install/turtlebot3_gazebo/share/turtlebot3_gazebo//models/turtlebot3_house/table_marble/model.config
[24.220s] -- Symlinking: /root/ros_workspace/install/turtlebot3_gazebo/share/turtlebot3_gazebo//models/turtlebot3_house/table_marble/model.sdf
[24.260s] -- Symlinking: /root/ros_workspace/install/turtlebot3_gazebo/share/turtlebot3_gazebo//models/turtlebot3_house/textures/bricks.png
[24.284s] -- Symlinking: /root/ros_workspace/install/turtlebot3_gazebo/share/turtlebot3_gazebo//models/turtlebot3_house/textures/wood.png
[24.306s] -- Symlinking: /root/ros_workspace/install/turtlebot3_gazebo/share/turtlebot3_gazebo//models/turtlebot3_waffle/model-1_4.sdf
[24.329s] -- Symlinking: /root/ros_workspace/install/turtlebot3_gazebo/share/turtlebot3_gazebo//models/turtlebot3_waffle/model.config
[24.353s] -- Symlinking: /root/ros_workspace/install/turtlebot3_gazebo/share/turtlebot3_gazebo//models/turtlebot3_waffle/model.sdf
[24.378s] -- Symlinking: /root/ros_workspace/install/turtlebot3_gazebo/share/turtlebot3_gazebo//models/turtlebot3_waffle_pi/model-1_4_.sdf
[24.401s] -- Symlinking: /root/ros_workspace/install/turtlebot3_gazebo/share/turtlebot3_gazebo//models/turtlebot3_waffle_pi/model.config
[24.426s] -- Symlinking: /root/ros_workspace/install/turtlebot3_gazebo/share/turtlebot3_gazebo//models/turtlebot3_waffle_pi/model.sdf
[24.467s] -- Symlinking: /root/ros_workspace/install/turtlebot3_gazebo/share/turtlebot3_gazebo//models/turtlebot3_world/meshes/hexagon.dae
[24.513s] -- Symlinking: /root/ros_workspace/install/turtlebot3_gazebo/share/turtlebot3_gazebo//models/turtlebot3_world/meshes/wall.dae
[24.580s] -- Symlinking: /root/ros_workspace/install/turtlebot3_gazebo/share/turtlebot3_gazebo//models/turtlebot3_world/model-1_4.sdf
[24.620s] -- Symlinking: /root/ros_workspace/install/turtlebot3_gazebo/share/turtlebot3_gazebo//models/turtlebot3_world/model.config
[24.655s] -- Symlinking: /root/ros_workspace/install/turtlebot3_gazebo/share/turtlebot3_gazebo//models/turtlebot3_world/model.sdf
[24.681s] -- Symlinking: /root/ros_workspace/install/turtlebot3_gazebo/share/turtlebot3_gazebo//params/turtlebot3_burger_bridge.yaml
[24.708s] -- Symlinking: /root/ros_workspace/install/turtlebot3_gazebo/share/turtlebot3_gazebo//params/turtlebot3_burger_cam_bridge.yaml
[24.735s] -- Symlinking: /root/ros_workspace/install/turtlebot3_gazebo/share/turtlebot3_gazebo//params/turtlebot3_waffle_bridge.yaml
[24.766s] -- Symlinking: /root/ros_workspace/install/turtlebot3_gazebo/share/turtlebot3_gazebo//params/turtlebot3_waffle_pi_bridge.yaml
[24.794s] -- Symlinking: /root/ros_workspace/install/turtlebot3_gazebo/share/turtlebot3_gazebo//rviz/tb3_gazebo.rviz
[24.841s] -- Symlinking: /root/ros_workspace/install/turtlebot3_gazebo/share/turtlebot3_gazebo//urdf/common_properties.urdf
[24.908s] -- Symlinking: /root/ros_workspace/install/turtlebot3_gazebo/share/turtlebot3_gazebo//urdf/turtlebot3_burger.urdf
[24.960s] -- Symlinking: /root/ros_workspace/install/turtlebot3_gazebo/share/turtlebot3_gazebo//urdf/turtlebot3_burger_cam.urdf
[24.981s] -- Symlinking: /root/ros_workspace/install/turtlebot3_gazebo/share/turtlebot3_gazebo//urdf/turtlebot3_waffle.urdf
[25.011s] -- Symlinking: /root/ros_workspace/install/turtlebot3_gazebo/share/turtlebot3_gazebo//urdf/turtlebot3_waffle_pi.urdf
[25.034s] -- Symlinking: /root/ros_workspace/install/turtlebot3_gazebo/share/turtlebot3_gazebo//worlds/empty_world.world
[25.088s] -- Symlinking: /root/ros_workspace/install/turtlebot3_gazebo/share/turtlebot3_gazebo//worlds/turtlebot3_autorace_2020.world
[25.132s] -- Symlinking: /root/ros_workspace/install/turtlebot3_gazebo/share/turtlebot3_gazebo//worlds/turtlebot3_dqn_stage1.world
[25.171s] -- Symlinking: /root/ros_workspace/install/turtlebot3_gazebo/share/turtlebot3_gazebo//worlds/turtlebot3_dqn_stage2.world
[25.207s] -- Symlinking: /root/ros_workspace/install/turtlebot3_gazebo/share/turtlebot3_gazebo//worlds/turtlebot3_dqn_stage3.world
[25.226s] -- Symlinking: /root/ros_workspace/install/turtlebot3_gazebo/share/turtlebot3_gazebo//worlds/turtlebot3_dqn_stage4.world
[25.247s] -- Symlinking: /root/ros_workspace/install/turtlebot3_gazebo/share/turtlebot3_gazebo//worlds/turtlebot3_dynamic_obstacles.world
[25.269s] -- Symlinking: /root/ros_workspace/install/turtlebot3_gazebo/share/turtlebot3_gazebo//worlds/turtlebot3_house.world
[25.288s] -- Symlinking: /root/ros_workspace/install/turtlebot3_gazebo/share/turtlebot3_gazebo//worlds/turtlebot3_world.world
[25.312s] -- Symlinking: /root/ros_workspace/install/turtlebot3_gazebo/include//turtlebot3_gazebo/obstacle1.hpp
[25.333s] -- Symlinking: /root/ros_workspace/install/turtlebot3_gazebo/include//turtlebot3_gazebo/obstacle2.hpp
[25.354s] -- Symlinking: /root/ros_workspace/install/turtlebot3_gazebo/include//turtlebot3_gazebo/obstacles.hpp
[25.375s] -- Symlinking: /root/ros_workspace/install/turtlebot3_gazebo/include//turtlebot3_gazebo/traffic_bar_plugin.hpp
[25.395s] -- Symlinking: /root/ros_workspace/install/turtlebot3_gazebo/include//turtlebot3_gazebo/traffic_light_plugin.hpp
[25.416s] -- Symlinking: /root/ros_workspace/install/turtlebot3_gazebo/include//turtlebot3_gazebo/turtlebot3_drive.hpp
[25.440s] -- Up-to-date symlink: /root/ros_workspace/install/turtlebot3_gazebo/share/turtlebot3_gazebo/worlds/empty_world.world
[25.440s] -- Up-to-date symlink: /root/ros_workspace/install/turtlebot3_gazebo/share/turtlebot3_gazebo/worlds/turtlebot3_autorace_2020.world
[25.441s] -- Up-to-date symlink: /root/ros_workspace/install/turtlebot3_gazebo/share/turtlebot3_gazebo/worlds/turtlebot3_dqn_stage1.world
[25.441s] -- Up-to-date symlink: /root/ros_workspace/install/turtlebot3_gazebo/share/turtlebot3_gazebo/worlds/turtlebot3_dqn_stage2.world
[25.442s] -- Up-to-date symlink: /root/ros_workspace/install/turtlebot3_gazebo/share/turtlebot3_gazebo/worlds/turtlebot3_dqn_stage3.world
[25.442s] -- Up-to-date symlink: /root/ros_workspace/install/turtlebot3_gazebo/share/turtlebot3_gazebo/worlds/turtlebot3_dqn_stage4.world
[25.443s] -- Up-to-date symlink: /root/ros_workspace/install/turtlebot3_gazebo/share/turtlebot3_gazebo/worlds/turtlebot3_dynamic_obstacles.world
[25.443s] -- Up-to-date symlink: /root/ros_workspace/install/turtlebot3_gazebo/share/turtlebot3_gazebo/worlds/turtlebot3_house.world
[25.445s] -- Up-to-date symlink: /root/ros_workspace/install/turtlebot3_gazebo/share/turtlebot3_gazebo/worlds/turtlebot3_world.world
[25.446s] -- Symlinking: /root/ros_workspace/install/turtlebot3_gazebo/share/ament_index/resource_index/package_run_dependencies/turtlebot3_gazebo
[25.465s] -- Symlinking: /root/ros_workspace/install/turtlebot3_gazebo/share/ament_index/resource_index/parent_prefix_path/turtlebot3_gazebo
[25.485s] -- Symlinking: /root/ros_workspace/install/turtlebot3_gazebo/share/turtlebot3_gazebo/environment/ament_prefix_path.sh
[25.505s] -- Symlinking: /root/ros_workspace/install/turtlebot3_gazebo/share/turtlebot3_gazebo/environment/ament_prefix_path.dsv
[25.523s] -- Symlinking: /root/ros_workspace/install/turtlebot3_gazebo/share/turtlebot3_gazebo/environment/path.sh
[25.544s] -- Symlinking: /root/ros_workspace/install/turtlebot3_gazebo/share/turtlebot3_gazebo/environment/path.dsv
[25.566s] -- Symlinking: /root/ros_workspace/install/turtlebot3_gazebo/share/turtlebot3_gazebo/local_setup.bash
[25.586s] -- Symlinking: /root/ros_workspace/install/turtlebot3_gazebo/share/turtlebot3_gazebo/local_setup.sh
[25.605s] -- Symlinking: /root/ros_workspace/install/turtlebot3_gazebo/share/turtlebot3_gazebo/local_setup.zsh
[25.626s] -- Symlinking: /root/ros_workspace/install/turtlebot3_gazebo/share/turtlebot3_gazebo/local_setup.dsv
[25.649s] -- Symlinking: /root/ros_workspace/install/turtlebot3_gazebo/share/turtlebot3_gazebo/package.dsv
[25.684s] -- Symlinking: /root/ros_workspace/install/turtlebot3_gazebo/share/ament_index/resource_index/packages/turtlebot3_gazebo
[25.724s] -- Symlinking: /root/ros_workspace/install/turtlebot3_gazebo/share/turtlebot3_gazebo/cmake/ament_cmake_export_include_directories-extras.cmake
[25.764s] -- Symlinking: /root/ros_workspace/install/turtlebot3_gazebo/share/turtlebot3_gazebo/cmake/ament_cmake_export_dependencies-extras.cmake
[25.800s] -- Symlinking: /root/ros_workspace/install/turtlebot3_gazebo/share/turtlebot3_gazebo/cmake/turtlebot3_gazeboConfig.cmake
[25.847s] -- Symlinking: /root/ros_workspace/install/turtlebot3_gazebo/share/turtlebot3_gazebo/cmake/turtlebot3_gazeboConfig-version.cmake
[25.877s] -- Symlinking: /root/ros_workspace/install/turtlebot3_gazebo/share/turtlebot3_gazebo/package.xml
[25.929s] Invoked command in '/root/ros_workspace/build/turtlebot3_gazebo' returned '0': CMAKE_PREFIX_PATH=${CMAKE_PREFIX_PATH}:/opt/ros/jazzy /usr/bin/cmake --install /root/ros_workspace/build/turtlebot3_gazebo
