[0.084s] Invoking command in '/root/ros_workspace/build/turtlebot3_description': CMAKE_PREFIX_PATH=${CMAKE_PREFIX_PATH}:/root/ros_workspace/install/turtlebot3_teleop:/root/ros_workspace/install/turtlebot3_example:/root/ros_workspace/install/dynamic_obstacle_detector:/opt/ros/jazzy /usr/bin/cmake --build /root/ros_workspace/build/turtlebot3_description -- -j12 -l12
[0.754s] Invoked command in '/root/ros_workspace/build/turtlebot3_description' returned '0': CMAKE_PREFIX_PATH=${CMAKE_PREFIX_PATH}:/root/ros_workspace/install/turtlebot3_teleop:/root/ros_workspace/install/turtlebot3_example:/root/ros_workspace/install/dynamic_obstacle_detector:/opt/ros/jazzy /usr/bin/cmake --build /root/ros_workspace/build/turtlebot3_description -- -j12 -l12
[0.764s] Invoking command in '/root/ros_workspace/build/turtlebot3_description': CMAKE_PREFIX_PATH=${CMAKE_PREFIX_PATH}:/root/ros_workspace/install/turtlebot3_teleop:/root/ros_workspace/install/turtlebot3_example:/root/ros_workspace/install/dynamic_obstacle_detector:/opt/ros/jazzy /usr/bin/cmake --install /root/ros_workspace/build/turtlebot3_description
[0.775s] -- Install configuration: ""
[0.775s] -- Up-to-date: /root/ros_workspace/install/turtlebot3_description/share/turtlebot3_description/meshes
[0.775s] -- Up-to-date: /root/ros_workspace/install/turtlebot3_description/share/turtlebot3_description/meshes/wheels
[0.776s] -- Up-to-date: /root/ros_workspace/install/turtlebot3_description/share/turtlebot3_description/meshes/wheels/right_tire.stl
[0.776s] -- Up-to-date: /root/ros_workspace/install/turtlebot3_description/share/turtlebot3_description/meshes/wheels/left_tire.stl
[0.776s] -- Up-to-date: /root/ros_workspace/install/turtlebot3_description/share/turtlebot3_description/meshes/sensors
[0.776s] -- Up-to-date: /root/ros_workspace/install/turtlebot3_description/share/turtlebot3_description/meshes/sensors/r200.dae
[0.777s] -- Up-to-date: /root/ros_workspace/install/turtlebot3_description/share/turtlebot3_description/meshes/sensors/r200.jpg
[0.778s] -- Up-to-date: /root/ros_workspace/install/turtlebot3_description/share/turtlebot3_description/meshes/sensors/astra.dae
[0.779s] -- Up-to-date: /root/ros_workspace/install/turtlebot3_description/share/turtlebot3_description/meshes/sensors/astra.jpg
[0.779s] -- Up-to-date: /root/ros_workspace/install/turtlebot3_description/share/turtlebot3_description/meshes/sensors/lds.stl
[0.779s] -- Up-to-date: /root/ros_workspace/install/turtlebot3_description/share/turtlebot3_description/meshes/bases
[0.779s] -- Up-to-date: /root/ros_workspace/install/turtlebot3_description/share/turtlebot3_description/meshes/bases/waffle_base.stl
[0.780s] -- Up-to-date: /root/ros_workspace/install/turtlebot3_description/share/turtlebot3_description/meshes/bases/waffle_pi_base.stl
[0.780s] -- Up-to-date: /root/ros_workspace/install/turtlebot3_description/share/turtlebot3_description/meshes/bases/burger_base.stl
[0.780s] -- Up-to-date: /root/ros_workspace/install/turtlebot3_description/share/turtlebot3_description/rviz
[0.780s] -- Up-to-date: /root/ros_workspace/install/turtlebot3_description/share/turtlebot3_description/rviz/model.rviz
[0.780s] -- Up-to-date: /root/ros_workspace/install/turtlebot3_description/share/turtlebot3_description/urdf
[0.781s] -- Up-to-date: /root/ros_workspace/install/turtlebot3_description/share/turtlebot3_description/urdf/turtlebot3_waffle_pi.urdf
[0.781s] -- Up-to-date: /root/ros_workspace/install/turtlebot3_description/share/turtlebot3_description/urdf/common_properties.urdf
[0.782s] -- Up-to-date: /root/ros_workspace/install/turtlebot3_description/share/turtlebot3_description/urdf/turtlebot3_burger.urdf
[0.782s] -- Up-to-date: /root/ros_workspace/install/turtlebot3_description/share/turtlebot3_description/urdf/turtlebot3_waffle.urdf
[0.783s] -- Up-to-date: /root/ros_workspace/install/turtlebot3_description/share/ament_index/resource_index/package_run_dependencies/turtlebot3_description
[0.783s] -- Up-to-date: /root/ros_workspace/install/turtlebot3_description/share/ament_index/resource_index/parent_prefix_path/turtlebot3_description
[0.783s] -- Up-to-date: /root/ros_workspace/install/turtlebot3_description/share/turtlebot3_description/environment/ament_prefix_path.sh
[0.784s] -- Up-to-date: /root/ros_workspace/install/turtlebot3_description/share/turtlebot3_description/environment/ament_prefix_path.dsv
[0.784s] -- Up-to-date: /root/ros_workspace/install/turtlebot3_description/share/turtlebot3_description/environment/path.sh
[0.784s] -- Up-to-date: /root/ros_workspace/install/turtlebot3_description/share/turtlebot3_description/environment/path.dsv
[0.785s] -- Up-to-date: /root/ros_workspace/install/turtlebot3_description/share/turtlebot3_description/local_setup.bash
[0.785s] -- Up-to-date: /root/ros_workspace/install/turtlebot3_description/share/turtlebot3_description/local_setup.sh
[0.785s] -- Up-to-date: /root/ros_workspace/install/turtlebot3_description/share/turtlebot3_description/local_setup.zsh
[0.785s] -- Up-to-date: /root/ros_workspace/install/turtlebot3_description/share/turtlebot3_description/local_setup.dsv
[0.785s] -- Installing: /root/ros_workspace/install/turtlebot3_description/share/turtlebot3_description/package.dsv
[0.786s] -- Up-to-date: /root/ros_workspace/install/turtlebot3_description/share/ament_index/resource_index/packages/turtlebot3_description
[0.786s] -- Up-to-date: /root/ros_workspace/install/turtlebot3_description/share/turtlebot3_description/cmake/turtlebot3_descriptionConfig.cmake
[0.788s] -- Up-to-date: /root/ros_workspace/install/turtlebot3_description/share/turtlebot3_description/cmake/turtlebot3_descriptionConfig-version.cmake
[0.789s] -- Up-to-date: /root/ros_workspace/install/turtlebot3_description/share/turtlebot3_description/package.xml
[0.995s] Invoked command in '/root/ros_workspace/build/turtlebot3_description' returned '0': CMAKE_PREFIX_PATH=${CMAKE_PREFIX_PATH}:/root/ros_workspace/install/turtlebot3_teleop:/root/ros_workspace/install/turtlebot3_example:/root/ros_workspace/install/dynamic_obstacle_detector:/opt/ros/jazzy /usr/bin/cmake --install /root/ros_workspace/build/turtlebot3_description
