[0.037s] Invoking command in '/root/ros_workspace/build/turtlebot3_gazebo': CMAKE_PREFIX_PATH=${CMAKE_PREFIX_PATH}:/opt/ros/jazzy /usr/bin/cmake /root/ros_workspace/src/turtlebot3_simulations/turtlebot3_gazebo -DCMAKE_INSTALL_PREFIX=/root/ros_workspace/install/turtlebot3_gazebo
[0.398s] -- The C compiler identification is GNU 13.3.0
[0.398s] -- The CXX compiler identification is GNU 13.3.0
[0.399s] -- Detecting C compiler ABI info
[0.399s] -- Detecting C compiler ABI info - done
[0.399s] -- Check for working C compiler: /usr/bin/cc - skipped
[0.399s] -- Detecting C compile features
[0.399s] -- Detecting C compile features - done
[0.401s] -- Detecting CXX compiler ABI info
[0.565s] -- Detecting CXX compiler ABI info - done
[0.580s] -- Check for working CXX compiler: /usr/bin/c++ - skipped
[0.580s] -- Detecting CXX compile features
[0.581s] -- Detecting CXX compile features - done
[0.592s] -- Found ament_cmake: 2.5.4 (/opt/ros/jazzy/share/ament_cmake/cmake)
[0.858s] -- Found Python3: /usr/bin/python3 (found version "3.12.3") found components: Interpreter 
[1.082s] -- Found ros_gz_sim: 1.0.12 (/opt/ros/jazzy/share/ros_gz_sim/cmake)
[1.181s] -- Found rosidl_generator_c: 4.6.5 (/opt/ros/jazzy/share/rosidl_generator_c/cmake)
[1.214s] -- Found rosidl_generator_cpp: 4.6.5 (/opt/ros/jazzy/share/rosidl_generator_cpp/cmake)
[1.253s] -- Using all available rosidl_typesupport_c: rosidl_typesupport_fastrtps_c;rosidl_typesupport_introspection_c
[1.291s] -- Using all available rosidl_typesupport_cpp: rosidl_typesupport_fastrtps_cpp;rosidl_typesupport_introspection_cpp
[1.442s] -- Found rmw_implementation_cmake: 7.3.2 (/opt/ros/jazzy/share/rmw_implementation_cmake/cmake)
[1.449s] -- Found rmw_fastrtps_cpp: 8.4.2 (/opt/ros/jazzy/share/rmw_fastrtps_cpp/cmake)
[1.716s] -- Found OpenSSL: /usr/lib/x86_64-linux-gnu/libcrypto.so (found version "3.0.13")  
[1.794s] -- Found FastRTPS: /opt/ros/jazzy/include (Required is at least version "2.13") 
[1.888s] -- Using RMW implementation 'rmw_fastrtps_cpp' as default
[2.377s] -- Found nav_msgs: 5.3.6 (/opt/ros/jazzy/share/nav_msgs/cmake)
[2.415s] -- Found sensor_msgs: 5.3.6 (/opt/ros/jazzy/share/sensor_msgs/cmake)
[2.454s] -- Found gz_math_vendor: 0.0.8 (/opt/ros/jazzy/share/gz_math_vendor/cmake)
[2.467s] -- Looking for gz-math7 -- found version 7.5.2
[2.476s] -- Searching for dependencies of gz-math7
[2.480s] -- Looking for gz-utils2 -- found version 2.2.1
[2.480s] -- Searching for dependencies of gz-utils2
[2.486s] -- Found gz_sim_vendor: 0.0.8 (/opt/ros/jazzy/share/gz_sim_vendor/cmake)
[2.592s] -- Looking for gz-sim8 -- found version 8.9.0
[2.592s] -- Searching for dependencies of gz-sim8
[2.595s] -- Looking for sdformat14 -- found version 14.7.0
[2.596s] -- Searching for dependencies of sdformat14
[2.603s] -- Checking for module 'tinyxml2'
[2.626s] --   Found tinyxml2, version 10.0.0
[2.672s] -- Looking for gz-math7 -- found version 7.5.2
[2.672s] -- Looking for gz-utils2 -- found version 2.2.1
[2.673s] -- Searching for dependencies of gz-utils2
[2.673s] -- Searching for <gz-utils2> component [cli]
[2.676s] -- Looking for gz-utils2-cli -- found version 2.2.1
[2.676s] -- Searching for dependencies of gz-utils2-cli
[2.681s] -- Looking for gz-plugin2 -- found version 2.0.4
[2.682s] -- Searching for dependencies of gz-plugin2
[2.682s] -- Looking for gz-utils2 -- found version 2.2.1
[2.683s] -- Searching for <gz-plugin2> component [loader]
[2.686s] -- Looking for gz-plugin2-loader -- found version 2.0.4
[2.686s] -- Searching for dependencies of gz-plugin2-loader
[2.686s] -- Searching for <gz-plugin2> component [register]
[2.689s] -- Looking for gz-plugin2-register -- found version 2.0.4
[2.689s] -- Searching for dependencies of gz-plugin2-register
[2.692s] -- Looking for gz-transport13 -- found version 13.4.1
[2.693s] -- Searching for dependencies of gz-transport13
[2.823s] -- Found Protobuf: /usr/lib/x86_64-linux-gnu/libprotobuf.so (found version "3.21.12") 
[2.840s] -- Config-file not installed for ZeroMQ -- checking for pkg-config
[2.845s] -- Checking for module 'libzmq >= 4'
[2.861s] --   Found libzmq, version 4.3.5
[2.905s] -- Found ZeroMQ: TRUE (Required is at least version "4") 
[2.911s] -- Checking for module 'uuid'
[2.928s] --   Found uuid, version 2.39.3
[2.963s] -- Found UUID: TRUE  
[2.963s] -- Looking for gz-utils2 -- found version 2.2.1
[2.967s] -- Looking for gz-msgs10 -- found version 10.3.2
[2.967s] -- Searching for dependencies of gz-msgs10
[2.990s] -- Looking for gz-utils2 -- found version 2.2.1
[2.990s] -- Looking for gz-math7 -- found version 7.5.2
[2.998s] -- Searching for <gz-transport13> component [log]
[3.001s] -- Looking for gz-transport13-log -- found version 13.4.1
[3.001s] -- Searching for dependencies of gz-transport13-log
[3.002s] -- Searching for <gz-transport13> component [parameters]
[3.004s] -- Looking for gz-transport13-parameters -- found version 13.4.1
[3.005s] -- Searching for dependencies of gz-transport13-parameters
[3.006s] -- Looking for gz-msgs10 -- found version 10.3.2
[3.009s] -- Looking for gz-common5 -- found version 5.7.1
[3.009s] -- Searching for dependencies of gz-common5
[3.010s] -- Looking for gz-utils2 -- found version 2.2.1
[3.012s] -- Looking for dlfcn.h - found
[3.014s] -- Looking for libdl - found
[3.016s] -- Found DL: TRUE  
[3.023s] -- Searching for <gz-common5> component [av]
[3.026s] -- Looking for gz-common5-av -- found version 5.7.1
[3.026s] -- Searching for dependencies of gz-common5-av
[3.032s] -- Checking for module 'libswscale'
[3.049s] --   Found libswscale, version 7.5.100
[3.084s] -- Found SWSCALE: TRUE  
[3.090s] -- Checking for module 'libavdevice >= 56.4.100'
[3.106s] --   Found libavdevice, version 60.3.100
[3.155s] -- Found AVDEVICE: TRUE (Required is at least version "56.4.100") 
[3.160s] -- Checking for module 'libavformat'
[3.176s] --   Found libavformat, version 60.16.100
[3.219s] -- Found AVFORMAT: TRUE  
[3.224s] -- Checking for module 'libavcodec'
[3.241s] --   Found libavcodec, version 60.31.102
[3.278s] -- Found AVCODEC: TRUE  
[3.283s] -- Checking for module 'libavutil'
[3.300s] --   Found libavutil, version 58.29.100
[3.337s] -- Found AVUTIL: TRUE  
[3.337s] -- Searching for <gz-common5> component [events]
[3.340s] -- Looking for gz-common5-events -- found version 5.7.1
[3.340s] -- Searching for dependencies of gz-common5-events
[3.341s] -- Looking for gz-math7 -- found version 7.5.2
[3.341s] -- Searching for <gz-common5> component [graphics]
[3.345s] -- Looking for gz-common5-graphics -- found version 5.7.1
[3.345s] -- Searching for dependencies of gz-common5-graphics
[3.345s] -- Looking for gz-math7 -- found version 7.5.2
[3.353s] -- Found GzAssimp: TRUE (found version "5.3.0") 
[3.353s] -- Searching for <gz-common5> component [io]
[3.356s] -- Looking for gz-common5-io -- found version 5.7.1
[3.356s] -- Searching for dependencies of gz-common5-io
[3.357s] -- Searching for <gz-common5> component [profiler]
[3.360s] -- Looking for gz-common5-profiler -- found version 5.7.1
[3.360s] -- Searching for dependencies of gz-common5-profiler
[3.366s] -- Looking for gz-fuel_tools9 -- found version 9.1.1
[3.366s] -- Searching for dependencies of gz-fuel_tools9
[3.458s] -- Found CURL: /usr/lib/x86_64-linux-gnu/libcurl.so (found version "8.5.0")  
[3.470s] -- Checking for module 'jsoncpp'
[3.486s] --   Found jsoncpp, version 1.9.5
[3.523s] -- Found JSONCPP: TRUE  
[3.543s] -- Checking for module 'yaml-0.1'
[3.559s] --   Found yaml-0.1, version 0.2.5
[3.592s] -- Found YAML: TRUE  
[3.597s] -- Checking for module 'libzip'
[3.614s] --   Found libzip, version 1.7.3
[3.649s] -- Found ZIP: TRUE  
[3.650s] -- Looking for gz-utils2 -- found version 2.2.1
[3.650s] -- Looking for gz-common5 -- found version 5.7.1
[3.650s] -- Searching for dependencies of gz-common5
[3.651s] -- Looking for gz-utils2 -- found version 2.2.1
[3.651s] -- Looking for dlfcn.h - found
[3.651s] -- Looking for libdl - found
[3.659s] -- Searching for <gz-common5> component [testing]
[3.662s] -- Looking for gz-common5-testing -- found version 5.7.1
[3.662s] -- Searching for dependencies of gz-common5-testing
[3.663s] -- Looking for gz-math7 -- found version 7.5.2
[3.664s] -- Looking for gz-msgs10 -- found version 10.3.2
[3.667s] -- Looking for gz-gui8 -- found version 8.4.0
[3.667s] -- Searching for dependencies of gz-gui8
[3.699s] -- Looking for gz-utils2 -- found version 2.2.1
[3.699s] -- Looking for gz-math7 -- found version 7.5.2
[3.700s] -- Looking for gz-common5 -- found version 5.7.1
[3.700s] -- Looking for gz-plugin2 -- found version 2.0.4
[3.701s] -- Looking for gz-transport13 -- found version 13.4.1
[3.704s] -- Looking for gz-rendering8 -- found version 8.2.2
[3.704s] -- Searching for dependencies of gz-rendering8
[3.704s] -- Looking for gz-math7 -- found version 7.5.2
[3.705s] -- Searching for dependencies of gz-math7
[3.705s] -- Looking for gz-utils2 -- found version 2.2.1
[3.705s] -- Searching for <gz-math7> component [eigen3]
[3.708s] -- Looking for gz-math7-eigen3 -- found version 7.5.2
[3.709s] -- Searching for dependencies of gz-math7-eigen3
[3.724s] -- Looking for gz-common5 -- found version 5.7.1
[3.725s] -- Searching for dependencies of gz-common5
[3.725s] -- Looking for gz-utils2 -- found version 2.2.1
[3.725s] -- Looking for dlfcn.h - found
[3.725s] -- Looking for libdl - found
[3.733s] -- Searching for <gz-common5> component [graphics]
[3.733s] -- Searching for <gz-common5> component [events]
[3.733s] -- Searching for <gz-common5> component [geospatial]
[3.736s] -- Looking for gz-common5-geospatial -- found version 5.7.1
[3.737s] -- Searching for dependencies of gz-common5-geospatial
[3.737s] -- Looking for gz-math7 -- found version 7.5.2
[3.737s] -- Looking for gz-common5 -- found version 5.7.1
[3.739s] -- Looking for gz-plugin2 -- found version 2.0.4
[3.739s] -- Searching for dependencies of gz-plugin2
[3.739s] -- Looking for gz-utils2 -- found version 2.2.1
[3.739s] -- Searching for <gz-plugin2> component [all]
[3.743s] -- Looking for all libraries of gz-plugin2 -- found version 2.0.4
[3.744s] -- Looking for gz-plugin2 -- found version 2.0.4
[3.745s] -- Looking for gz-utils2 -- found version 2.2.1
[3.757s] -- Found OpenGL: /usr/lib/x86_64-linux-gnu/libOpenGL.so  found components: OpenGL 
[3.758s] -- Looking for gz-msgs10 -- found version 10.3.2
[3.786s] -- Looking for gz-physics7 -- found version 7.5.0
[3.787s] -- Searching for dependencies of gz-physics7
[3.787s] -- Looking for gz-common5 -- found version 5.7.1
[3.787s] -- Looking for gz-math7 -- found version 7.5.2
[3.788s] -- Looking for gz-plugin2 -- found version 2.0.4
[3.789s] -- Looking for gz-utils2 -- found version 2.2.1
[3.790s] -- Searching for <gz-physics7> component [heightmap]
[3.793s] -- Looking for gz-physics7-heightmap -- found version 7.5.0
[3.793s] -- Searching for dependencies of gz-physics7-heightmap
[3.794s] -- Looking for gz-common5 -- found version 5.7.1
[3.794s] -- Searching for <gz-physics7> component [mesh]
[3.796s] -- Looking for gz-physics7-mesh -- found version 7.5.0
[3.797s] -- Searching for dependencies of gz-physics7-mesh
[3.797s] -- Looking for gz-common5 -- found version 5.7.1
[3.798s] -- Searching for <gz-physics7> component [sdf]
[3.800s] -- Looking for gz-physics7-sdf -- found version 7.5.0
[3.800s] -- Searching for dependencies of gz-physics7-sdf
[3.800s] -- Looking for sdformat14 -- found version 14.7.0
[3.805s] -- Looking for gz-sensors8 -- found version 8.2.2
[3.805s] -- Searching for dependencies of gz-sensors8
[3.830s] -- Looking for gz-math7 -- found version 7.5.2
[3.830s] -- Looking for gz-common5 -- found version 5.7.1
[3.831s] -- Looking for gz-transport13 -- found version 13.4.1
[3.831s] -- Looking for gz-rendering8 -- found version 8.2.2
[3.832s] -- Looking for gz-msgs10 -- found version 10.3.2
[3.832s] -- Looking for sdformat14 -- found version 14.7.0
[3.833s] -- Searching for <gz-sensors8> component [air_pressure]
[3.835s] -- Looking for gz-sensors8-air_pressure -- found version 8.2.2
[3.835s] -- Searching for dependencies of gz-sensors8-air_pressure
[3.836s] -- Searching for <gz-sensors8> component [air_speed]
[3.838s] -- Looking for gz-sensors8-air_speed -- found version 8.2.2
[3.838s] -- Searching for dependencies of gz-sensors8-air_speed
[3.839s] -- Searching for <gz-sensors8> component [altimeter]
[3.841s] -- Looking for gz-sensors8-altimeter -- found version 8.2.2
[3.841s] -- Searching for dependencies of gz-sensors8-altimeter
[3.842s] -- Searching for <gz-sensors8> component [imu]
[3.844s] -- Looking for gz-sensors8-imu -- found version 8.2.2
[3.845s] -- Searching for dependencies of gz-sensors8-imu
[3.845s] -- Searching for <gz-sensors8> component [force_torque]
[3.847s] -- Looking for gz-sensors8-force_torque -- found version 8.2.2
[3.847s] -- Searching for dependencies of gz-sensors8-force_torque
[3.848s] -- Searching for <gz-sensors8> component [logical_camera]
[3.850s] -- Looking for gz-sensors8-logical_camera -- found version 8.2.2
[3.850s] -- Searching for dependencies of gz-sensors8-logical_camera
[3.851s] -- Searching for <gz-sensors8> component [magnetometer]
[3.853s] -- Looking for gz-sensors8-magnetometer -- found version 8.2.2
[3.853s] -- Searching for dependencies of gz-sensors8-magnetometer
[3.854s] -- Searching for <gz-sensors8> component [navsat]
[3.856s] -- Looking for gz-sensors8-navsat -- found version 8.2.2
[3.856s] -- Searching for dependencies of gz-sensors8-navsat
[3.857s] -- Searching for <gz-sensors8> component [dvl]
[3.859s] -- Looking for gz-sensors8-dvl -- found version 8.2.2
[3.859s] -- Searching for dependencies of gz-sensors8-dvl
[3.860s] -- Looking for gz-sensors8 -- found version 8.2.2
[3.860s] -- Searching for dependencies of gz-sensors8
[3.884s] -- Looking for gz-math7 -- found version 7.5.2
[3.884s] -- Looking for gz-common5 -- found version 5.7.1
[3.885s] -- Looking for gz-transport13 -- found version 13.4.1
[3.885s] -- Looking for gz-rendering8 -- found version 8.2.2
[3.886s] -- Looking for gz-msgs10 -- found version 10.3.2
[3.886s] -- Looking for sdformat14 -- found version 14.7.0
[3.886s] -- Searching for <gz-sensors8> component [rendering]
[3.889s] -- Looking for gz-sensors8-rendering -- found version 8.2.2
[3.889s] -- Searching for dependencies of gz-sensors8-rendering
[3.891s] -- Searching for <gz-sensors8> component [rendering]
[3.891s] -- Searching for <gz-sensors8> component [lidar]
[3.893s] -- Looking for gz-sensors8-lidar -- found version 8.2.2
[3.893s] -- Searching for dependencies of gz-sensors8-lidar
[3.894s] -- Looking for gz-sensors8 -- found version 8.2.2
[3.894s] -- Searching for <gz-sensors8> component [gpu_lidar]
[3.896s] -- Looking for gz-sensors8-gpu_lidar -- found version 8.2.2
[3.896s] -- Searching for dependencies of gz-sensors8-gpu_lidar
[3.897s] -- Looking for gz-sensors8 -- found version 8.2.2
[3.897s] -- Searching for <gz-sensors8> component [camera]
[3.900s] -- Looking for gz-sensors8-camera -- found version 8.2.2
[3.900s] -- Searching for dependencies of gz-sensors8-camera
[3.900s] -- Looking for gz-sensors8 -- found version 8.2.2
[3.901s] -- Searching for <gz-sensors8> component [boundingbox_camera]
[3.904s] -- Looking for gz-sensors8-boundingbox_camera -- found version 8.2.2
[3.904s] -- Searching for dependencies of gz-sensors8-boundingbox_camera
[3.904s] -- Searching for <gz-sensors8> component [segmentation_camera]
[3.907s] -- Looking for gz-sensors8-segmentation_camera -- found version 8.2.2
[3.907s] -- Searching for dependencies of gz-sensors8-segmentation_camera
[3.907s] -- Searching for <gz-sensors8> component [depth_camera]
[3.910s] -- Looking for gz-sensors8-depth_camera -- found version 8.2.2
[3.910s] -- Searching for dependencies of gz-sensors8-depth_camera
[3.910s] -- Looking for gz-sensors8 -- found version 8.2.2
[3.911s] -- Searching for <gz-sensors8> component [rgbd_camera]
[3.914s] -- Looking for gz-sensors8-rgbd_camera -- found version 8.2.2
[3.914s] -- Searching for dependencies of gz-sensors8-rgbd_camera
[3.914s] -- Looking for gz-sensors8 -- found version 8.2.2
[3.915s] -- Searching for <gz-sensors8> component [thermal_camera]
[3.918s] -- Looking for gz-sensors8-thermal_camera -- found version 8.2.2
[3.918s] -- Searching for dependencies of gz-sensors8-thermal_camera
[3.918s] -- Looking for gz-sensors8 -- found version 8.2.2
[3.919s] -- Searching for <gz-sensors8> component [wide_angle_camera]
[3.921s] -- Looking for gz-sensors8-wide_angle_camera -- found version 8.2.2
[3.922s] -- Searching for dependencies of gz-sensors8-wide_angle_camera
[3.923s] -- Looking for gz-rendering8 -- found version 8.2.2
[3.923s] -- Looking for gz-math7 -- found version 7.5.2
[3.924s] -- Looking for gz-utils2 -- found version 2.2.1
[3.954s] -- Looking for gz-plugin2 -- found version 2.0.4
[4.068s] -- Configuring done (4.0s)
[4.123s] -- Generating done (0.0s)
[4.132s] -- Build files have been written to: /root/ros_workspace/build/turtlebot3_gazebo
[4.149s] Invoked command in '/root/ros_workspace/build/turtlebot3_gazebo' returned '0': CMAKE_PREFIX_PATH=${CMAKE_PREFIX_PATH}:/opt/ros/jazzy /usr/bin/cmake /root/ros_workspace/src/turtlebot3_simulations/turtlebot3_gazebo -DCMAKE_INSTALL_PREFIX=/root/ros_workspace/install/turtlebot3_gazebo
[4.151s] Invoking command in '/root/ros_workspace/build/turtlebot3_gazebo': CMAKE_PREFIX_PATH=${CMAKE_PREFIX_PATH}:/opt/ros/jazzy /usr/bin/cmake --build /root/ros_workspace/build/turtlebot3_gazebo -- -j12 -l12
[4.214s] [ 37%] [32mBuilding CXX object CMakeFiles/obstacle1.dir/src/obstacle1.cpp.o[0m
[4.214s] [ 37%] [32mBuilding CXX object CMakeFiles/obstacles.dir/src/obstacles.cpp.o[0m
[4.214s] [ 37%] [32mBuilding CXX object CMakeFiles/obstacle2.dir/src/obstacle2.cpp.o[0m
[4.219s] [ 50%] [32mBuilding CXX object CMakeFiles/turtlebot3_drive.dir/src/turtlebot3_drive.cpp.o[0m
[8.163s] [ 62%] [32m[1mLinking CXX shared library libobstacle2.so[0m
[8.351s] [ 75%] [32m[1mLinking CXX shared library libobstacle1.so[0m
[8.542s] [ 75%] Built target obstacle2
[8.746s] [ 75%] Built target obstacle1
[8.902s] [ 87%] [32m[1mLinking CXX shared library libobstacles.so[0m
[9.255s] [ 87%] Built target obstacles
[23.264s] [100%] [32m[1mLinking CXX executable turtlebot3_drive[0m
[24.542s] [100%] Built target turtlebot3_drive
[24.585s] Invoked command in '/root/ros_workspace/build/turtlebot3_gazebo' returned '0': CMAKE_PREFIX_PATH=${CMAKE_PREFIX_PATH}:/opt/ros/jazzy /usr/bin/cmake --build /root/ros_workspace/build/turtlebot3_gazebo -- -j12 -l12
[24.589s] Invoking command in '/root/ros_workspace/build/turtlebot3_gazebo': CMAKE_PREFIX_PATH=${CMAKE_PREFIX_PATH}:/opt/ros/jazzy /usr/bin/cmake --install /root/ros_workspace/build/turtlebot3_gazebo
[24.619s] -- Install configuration: ""
[24.620s] -- Installing: /root/ros_workspace/install/turtlebot3_gazebo/lib/turtlebot3_gazebo/turtlebot3_drive
[24.642s] -- Set non-toolchain portion of runtime path of "/root/ros_workspace/install/turtlebot3_gazebo/lib/turtlebot3_gazebo/turtlebot3_drive" to ""
[24.644s] -- Installing: /root/ros_workspace/install/turtlebot3_gazebo/lib/turtlebot3_gazebo/libobstacles.so
[24.644s] -- Set non-toolchain portion of runtime path of "/root/ros_workspace/install/turtlebot3_gazebo/lib/turtlebot3_gazebo/libobstacles.so" to ""
[24.645s] -- Installing: /root/ros_workspace/install/turtlebot3_gazebo/lib/turtlebot3_gazebo/libobstacle1.so
[24.648s] -- Set non-toolchain portion of runtime path of "/root/ros_workspace/install/turtlebot3_gazebo/lib/turtlebot3_gazebo/libobstacle1.so" to ""
[24.649s] -- Installing: /root/ros_workspace/install/turtlebot3_gazebo/lib/turtlebot3_gazebo/libobstacle2.so
[24.649s] -- Set non-toolchain portion of runtime path of "/root/ros_workspace/install/turtlebot3_gazebo/lib/turtlebot3_gazebo/libobstacle2.so" to ""
[24.649s] -- Installing: /root/ros_workspace/install/turtlebot3_gazebo/share/turtlebot3_gazebo//launch
[24.649s] -- Installing: /root/ros_workspace/install/turtlebot3_gazebo/share/turtlebot3_gazebo//launch/turtlebot3_dqn_stage2.launch.py
[24.650s] -- Installing: /root/ros_workspace/install/turtlebot3_gazebo/share/turtlebot3_gazebo//launch/turtlebot3_dqn_stage1.launch.py
[24.650s] -- Installing: /root/ros_workspace/install/turtlebot3_gazebo/share/turtlebot3_gazebo//launch/turtlebot3_dqn_stage4.launch.py
[24.650s] -- Installing: /root/ros_workspace/install/turtlebot3_gazebo/share/turtlebot3_gazebo//launch/turtlebot3_world.launch.py
[24.650s] -- Installing: /root/ros_workspace/install/turtlebot3_gazebo/share/turtlebot3_gazebo//launch/turtlebot3_dynamic_obstacles.launch.py
[24.650s] -- Installing: /root/ros_workspace/install/turtlebot3_gazebo/share/turtlebot3_gazebo//launch/empty_world.launch.py
[24.650s] -- Installing: /root/ros_workspace/install/turtlebot3_gazebo/share/turtlebot3_gazebo//launch/turtlebot3_dqn_stage3.launch.py
[24.651s] -- Installing: /root/ros_workspace/install/turtlebot3_gazebo/share/turtlebot3_gazebo//launch/robot_state_publisher.launch.py
[24.651s] -- Installing: /root/ros_workspace/install/turtlebot3_gazebo/share/turtlebot3_gazebo//launch/turtlebot3_house.launch.py
[24.656s] -- Installing: /root/ros_workspace/install/turtlebot3_gazebo/share/turtlebot3_gazebo//launch/spawn_turtlebot3.launch.py
[24.657s] -- Installing: /root/ros_workspace/install/turtlebot3_gazebo/share/turtlebot3_gazebo//models
[24.657s] -- Installing: /root/ros_workspace/install/turtlebot3_gazebo/share/turtlebot3_gazebo//models/turtlebot3_dqn_world
[24.657s] -- Installing: /root/ros_workspace/install/turtlebot3_gazebo/share/turtlebot3_gazebo//models/turtlebot3_dqn_world/inner_walls
[24.657s] -- Installing: /root/ros_workspace/install/turtlebot3_gazebo/share/turtlebot3_gazebo//models/turtlebot3_dqn_world/inner_walls/model.config
[24.657s] -- Installing: /root/ros_workspace/install/turtlebot3_gazebo/share/turtlebot3_gazebo//models/turtlebot3_dqn_world/inner_walls/textures
[24.658s] -- Installing: /root/ros_workspace/install/turtlebot3_gazebo/share/turtlebot3_gazebo//models/turtlebot3_dqn_world/inner_walls/textures/wood.png
[24.658s] -- Installing: /root/ros_workspace/install/turtlebot3_gazebo/share/turtlebot3_gazebo//models/turtlebot3_dqn_world/inner_walls/model.sdf
[24.658s] -- Installing: /root/ros_workspace/install/turtlebot3_gazebo/share/turtlebot3_gazebo//models/turtlebot3_dqn_world/obstacle1
[24.658s] -- Installing: /root/ros_workspace/install/turtlebot3_gazebo/share/turtlebot3_gazebo//models/turtlebot3_dqn_world/obstacle1/model.config
[24.658s] -- Installing: /root/ros_workspace/install/turtlebot3_gazebo/share/turtlebot3_gazebo//models/turtlebot3_dqn_world/obstacle1/model.sdf
[24.660s] -- Installing: /root/ros_workspace/install/turtlebot3_gazebo/share/turtlebot3_gazebo//models/turtlebot3_dqn_world/model.config
[24.660s] -- Installing: /root/ros_workspace/install/turtlebot3_gazebo/share/turtlebot3_gazebo//models/turtlebot3_dqn_world/obstacles
[24.660s] -- Installing: /root/ros_workspace/install/turtlebot3_gazebo/share/turtlebot3_gazebo//models/turtlebot3_dqn_world/obstacles/model.config
[24.660s] -- Installing: /root/ros_workspace/install/turtlebot3_gazebo/share/turtlebot3_gazebo//models/turtlebot3_dqn_world/obstacles/model.sdf
[24.660s] -- Installing: /root/ros_workspace/install/turtlebot3_gazebo/share/turtlebot3_gazebo//models/turtlebot3_dqn_world/obstacle2
[24.663s] -- Installing: /root/ros_workspace/install/turtlebot3_gazebo/share/turtlebot3_gazebo//models/turtlebot3_dqn_world/obstacle2/model.config
[24.668s] -- Installing: /root/ros_workspace/install/turtlebot3_gazebo/share/turtlebot3_gazebo//models/turtlebot3_dqn_world/obstacle2/model.sdf
[24.668s] -- Installing: /root/ros_workspace/install/turtlebot3_gazebo/share/turtlebot3_gazebo//models/turtlebot3_dqn_world/textures
[24.669s] -- Installing: /root/ros_workspace/install/turtlebot3_gazebo/share/turtlebot3_gazebo//models/turtlebot3_dqn_world/textures/wood.png
[24.669s] -- Installing: /root/ros_workspace/install/turtlebot3_gazebo/share/turtlebot3_gazebo//models/turtlebot3_dqn_world/model.sdf
[24.669s] -- Installing: /root/ros_workspace/install/turtlebot3_gazebo/share/turtlebot3_gazebo//models/turtlebot3_dqn_world/goal_box
[24.669s] -- Installing: /root/ros_workspace/install/turtlebot3_gazebo/share/turtlebot3_gazebo//models/turtlebot3_dqn_world/goal_box/model.config
[24.669s] -- Installing: /root/ros_workspace/install/turtlebot3_gazebo/share/turtlebot3_gazebo//models/turtlebot3_dqn_world/goal_box/model.sdf
[24.669s] -- Installing: /root/ros_workspace/install/turtlebot3_gazebo/share/turtlebot3_gazebo//models/turtlebot3_burger
[24.669s] -- Installing: /root/ros_workspace/install/turtlebot3_gazebo/share/turtlebot3_gazebo//models/turtlebot3_burger/model.config
[24.670s] -- Installing: /root/ros_workspace/install/turtlebot3_gazebo/share/turtlebot3_gazebo//models/turtlebot3_burger/model.sdf
[24.670s] -- Installing: /root/ros_workspace/install/turtlebot3_gazebo/share/turtlebot3_gazebo//models/turtlebot3_burger/model-1_4.sdf
[24.670s] -- Installing: /root/ros_workspace/install/turtlebot3_gazebo/share/turtlebot3_gazebo//models/turtlebot3_waffle_pi
[24.670s] -- Installing: /root/ros_workspace/install/turtlebot3_gazebo/share/turtlebot3_gazebo//models/turtlebot3_waffle_pi/model.config
[24.670s] -- Installing: /root/ros_workspace/install/turtlebot3_gazebo/share/turtlebot3_gazebo//models/turtlebot3_waffle_pi/model.sdf
[24.670s] -- Installing: /root/ros_workspace/install/turtlebot3_gazebo/share/turtlebot3_gazebo//models/turtlebot3_waffle_pi/model-1_4_.sdf
[24.670s] -- Installing: /root/ros_workspace/install/turtlebot3_gazebo/share/turtlebot3_gazebo//models/turtlebot3_house
[24.670s] -- Installing: /root/ros_workspace/install/turtlebot3_gazebo/share/turtlebot3_gazebo//models/turtlebot3_house/model.config
[24.671s] -- Installing: /root/ros_workspace/install/turtlebot3_gazebo/share/turtlebot3_gazebo//models/turtlebot3_house/table_marble
[24.671s] -- Installing: /root/ros_workspace/install/turtlebot3_gazebo/share/turtlebot3_gazebo//models/turtlebot3_house/table_marble/model.config
[24.671s] -- Installing: /root/ros_workspace/install/turtlebot3_gazebo/share/turtlebot3_gazebo//models/turtlebot3_house/table_marble/meshes
[24.671s] -- Installing: /root/ros_workspace/install/turtlebot3_gazebo/share/turtlebot3_gazebo//models/turtlebot3_house/table_marble/meshes/table_lightmap.dae
[24.671s] -- Installing: /root/ros_workspace/install/turtlebot3_gazebo/share/turtlebot3_gazebo//models/turtlebot3_house/table_marble/model.sdf
[24.700s] -- Installing: /root/ros_workspace/install/turtlebot3_gazebo/share/turtlebot3_gazebo//models/turtlebot3_house/table_marble/model-1_4.sdf
[24.700s] -- Installing: /root/ros_workspace/install/turtlebot3_gazebo/share/turtlebot3_gazebo//models/turtlebot3_house/table_marble/materials
[24.700s] -- Installing: /root/ros_workspace/install/turtlebot3_gazebo/share/turtlebot3_gazebo//models/turtlebot3_house/table_marble/materials/scripts
[24.700s] -- Installing: /root/ros_workspace/install/turtlebot3_gazebo/share/turtlebot3_gazebo//models/turtlebot3_house/table_marble/materials/scripts/table_lightmap.material
[24.701s] -- Installing: /root/ros_workspace/install/turtlebot3_gazebo/share/turtlebot3_gazebo//models/turtlebot3_house/table_marble/materials/textures
[24.701s] -- Installing: /root/ros_workspace/install/turtlebot3_gazebo/share/turtlebot3_gazebo//models/turtlebot3_house/table_marble/materials/textures/marble.png
[24.701s] -- Installing: /root/ros_workspace/install/turtlebot3_gazebo/share/turtlebot3_gazebo//models/turtlebot3_house/table_marble/materials/textures/table_lightmap.png
[24.701s] -- Installing: /root/ros_workspace/install/turtlebot3_gazebo/share/turtlebot3_gazebo//models/turtlebot3_house/mailbox
[24.701s] -- Installing: /root/ros_workspace/install/turtlebot3_gazebo/share/turtlebot3_gazebo//models/turtlebot3_house/mailbox/model.config
[24.701s] -- Installing: /root/ros_workspace/install/turtlebot3_gazebo/share/turtlebot3_gazebo//models/turtlebot3_house/mailbox/model-1_3.sdf
[24.701s] -- Installing: /root/ros_workspace/install/turtlebot3_gazebo/share/turtlebot3_gazebo//models/turtlebot3_house/mailbox/meshes
[24.701s] -- Installing: /root/ros_workspace/install/turtlebot3_gazebo/share/turtlebot3_gazebo//models/turtlebot3_house/mailbox/meshes/mailbox.dae
[24.702s] -- Installing: /root/ros_workspace/install/turtlebot3_gazebo/share/turtlebot3_gazebo//models/turtlebot3_house/mailbox/model.sdf
[24.702s] -- Installing: /root/ros_workspace/install/turtlebot3_gazebo/share/turtlebot3_gazebo//models/turtlebot3_house/mailbox/model-1_4.sdf
[24.702s] -- Installing: /root/ros_workspace/install/turtlebot3_gazebo/share/turtlebot3_gazebo//models/turtlebot3_house/mailbox/materials
[24.702s] -- Installing: /root/ros_workspace/install/turtlebot3_gazebo/share/turtlebot3_gazebo//models/turtlebot3_house/mailbox/materials/scripts
[24.702s] -- Installing: /root/ros_workspace/install/turtlebot3_gazebo/share/turtlebot3_gazebo//models/turtlebot3_house/mailbox/materials/scripts/mailbox.material
[24.702s] -- Installing: /root/ros_workspace/install/turtlebot3_gazebo/share/turtlebot3_gazebo//models/turtlebot3_house/mailbox/materials/textures
[24.702s] -- Installing: /root/ros_workspace/install/turtlebot3_gazebo/share/turtlebot3_gazebo//models/turtlebot3_house/mailbox/materials/textures/Mailbox_Spec.png
[24.703s] -- Installing: /root/ros_workspace/install/turtlebot3_gazebo/share/turtlebot3_gazebo//models/turtlebot3_house/mailbox/materials/textures/Mailbox_Diffuse.tga.orig
[24.703s] -- Installing: /root/ros_workspace/install/turtlebot3_gazebo/share/turtlebot3_gazebo//models/turtlebot3_house/mailbox/materials/textures/Mailbox_Diffuse.png
[24.703s] -- Installing: /root/ros_workspace/install/turtlebot3_gazebo/share/turtlebot3_gazebo//models/turtlebot3_house/textures
[24.703s] -- Installing: /root/ros_workspace/install/turtlebot3_gazebo/share/turtlebot3_gazebo//models/turtlebot3_house/textures/bricks.png
[24.704s] -- Installing: /root/ros_workspace/install/turtlebot3_gazebo/share/turtlebot3_gazebo//models/turtlebot3_house/textures/wood.png
[24.704s] -- Installing: /root/ros_workspace/install/turtlebot3_gazebo/share/turtlebot3_gazebo//models/turtlebot3_house/first_2015_trash_can
[24.704s] -- Installing: /root/ros_workspace/install/turtlebot3_gazebo/share/turtlebot3_gazebo//models/turtlebot3_house/first_2015_trash_can/model.config
[24.704s] -- Installing: /root/ros_workspace/install/turtlebot3_gazebo/share/turtlebot3_gazebo//models/turtlebot3_house/first_2015_trash_can/meshes
[24.704s] -- Installing: /root/ros_workspace/install/turtlebot3_gazebo/share/turtlebot3_gazebo//models/turtlebot3_house/first_2015_trash_can/meshes/trash_can.dae
[24.705s] -- Installing: /root/ros_workspace/install/turtlebot3_gazebo/share/turtlebot3_gazebo//models/turtlebot3_house/first_2015_trash_can/model.sdf
[24.705s] -- Installing: /root/ros_workspace/install/turtlebot3_gazebo/share/turtlebot3_gazebo//models/turtlebot3_house/model.sdf
[24.705s] -- Installing: /root/ros_workspace/install/turtlebot3_gazebo/share/turtlebot3_gazebo//models/turtlebot3_house/cafe_table
[24.705s] -- Installing: /root/ros_workspace/install/turtlebot3_gazebo/share/turtlebot3_gazebo//models/turtlebot3_house/cafe_table/model.config
[24.705s] -- Installing: /root/ros_workspace/install/turtlebot3_gazebo/share/turtlebot3_gazebo//models/turtlebot3_house/cafe_table/meshes
[24.706s] -- Installing: /root/ros_workspace/install/turtlebot3_gazebo/share/turtlebot3_gazebo//models/turtlebot3_house/cafe_table/meshes/cafe_table.dae
[24.706s] -- Installing: /root/ros_workspace/install/turtlebot3_gazebo/share/turtlebot3_gazebo//models/turtlebot3_house/cafe_table/model.sdf
[24.706s] -- Installing: /root/ros_workspace/install/turtlebot3_gazebo/share/turtlebot3_gazebo//models/turtlebot3_house/cafe_table/model-1_4.sdf
[24.706s] -- Installing: /root/ros_workspace/install/turtlebot3_gazebo/share/turtlebot3_gazebo//models/turtlebot3_house/cafe_table/materials
[24.707s] -- Installing: /root/ros_workspace/install/turtlebot3_gazebo/share/turtlebot3_gazebo//models/turtlebot3_house/cafe_table/materials/textures
[24.707s] -- Installing: /root/ros_workspace/install/turtlebot3_gazebo/share/turtlebot3_gazebo//models/turtlebot3_house/cafe_table/materials/textures/Wood_Floor_Dark.jpg
[24.708s] -- Installing: /root/ros_workspace/install/turtlebot3_gazebo/share/turtlebot3_gazebo//models/turtlebot3_house/cafe_table/materials/textures/Maple.jpg
[24.708s] -- Installing: /root/ros_workspace/install/turtlebot3_gazebo/share/turtlebot3_gazebo//models/turtlebot3_waffle
[24.709s] -- Installing: /root/ros_workspace/install/turtlebot3_gazebo/share/turtlebot3_gazebo//models/turtlebot3_waffle/model.config
[24.709s] -- Installing: /root/ros_workspace/install/turtlebot3_gazebo/share/turtlebot3_gazebo//models/turtlebot3_waffle/model.sdf
[24.709s] -- Installing: /root/ros_workspace/install/turtlebot3_gazebo/share/turtlebot3_gazebo//models/turtlebot3_waffle/model-1_4.sdf
[24.710s] -- Installing: /root/ros_workspace/install/turtlebot3_gazebo/share/turtlebot3_gazebo//models/turtlebot3_world
[24.710s] -- Installing: /root/ros_workspace/install/turtlebot3_gazebo/share/turtlebot3_gazebo//models/turtlebot3_world/model.config
[24.710s] -- Installing: /root/ros_workspace/install/turtlebot3_gazebo/share/turtlebot3_gazebo//models/turtlebot3_world/meshes
[24.710s] -- Installing: /root/ros_workspace/install/turtlebot3_gazebo/share/turtlebot3_gazebo//models/turtlebot3_world/meshes/hexagon.dae
[24.711s] -- Installing: /root/ros_workspace/install/turtlebot3_gazebo/share/turtlebot3_gazebo//models/turtlebot3_world/meshes/wall.dae
[24.711s] -- Installing: /root/ros_workspace/install/turtlebot3_gazebo/share/turtlebot3_gazebo//models/turtlebot3_world/model.sdf
[24.711s] -- Installing: /root/ros_workspace/install/turtlebot3_gazebo/share/turtlebot3_gazebo//models/turtlebot3_world/model-1_4.sdf
[24.711s] -- Installing: /root/ros_workspace/install/turtlebot3_gazebo/share/turtlebot3_gazebo//models/turtlebot3_common
[24.711s] -- Installing: /root/ros_workspace/install/turtlebot3_gazebo/share/turtlebot3_gazebo//models/turtlebot3_common/model.config
[24.716s] -- Installing: /root/ros_workspace/install/turtlebot3_gazebo/share/turtlebot3_gazebo//models/turtlebot3_common/meshes
[24.717s] -- Installing: /root/ros_workspace/install/turtlebot3_gazebo/share/turtlebot3_gazebo//models/turtlebot3_common/meshes/r200.dae
[24.717s] -- Installing: /root/ros_workspace/install/turtlebot3_gazebo/share/turtlebot3_gazebo//models/turtlebot3_common/meshes/waffle_pi_base.dae
[24.717s] -- Installing: /root/ros_workspace/install/turtlebot3_gazebo/share/turtlebot3_gazebo//models/turtlebot3_common/meshes/wheels
[24.718s] -- Installing: /root/ros_workspace/install/turtlebot3_gazebo/share/turtlebot3_gazebo//models/turtlebot3_common/meshes/wheels/right_tire.stl
[24.719s] -- Installing: /root/ros_workspace/install/turtlebot3_gazebo/share/turtlebot3_gazebo//models/turtlebot3_common/meshes/wheels/left_tire.stl
[24.723s] -- Installing: /root/ros_workspace/install/turtlebot3_gazebo/share/turtlebot3_gazebo//models/turtlebot3_common/meshes/tire.dae
[24.724s] -- Installing: /root/ros_workspace/install/turtlebot3_gazebo/share/turtlebot3_gazebo//models/turtlebot3_common/meshes/burger_base.dae
[24.724s] -- Installing: /root/ros_workspace/install/turtlebot3_gazebo/share/turtlebot3_gazebo//models/turtlebot3_common/meshes/sensors
[24.724s] -- Installing: /root/ros_workspace/install/turtlebot3_gazebo/share/turtlebot3_gazebo//models/turtlebot3_common/meshes/sensors/r200.dae
[24.728s] -- Installing: /root/ros_workspace/install/turtlebot3_gazebo/share/turtlebot3_gazebo//models/turtlebot3_common/meshes/sensors/r200.jpg
[24.729s] -- Installing: /root/ros_workspace/install/turtlebot3_gazebo/share/turtlebot3_gazebo//models/turtlebot3_common/meshes/sensors/astra.dae
[24.735s] -- Installing: /root/ros_workspace/install/turtlebot3_gazebo/share/turtlebot3_gazebo//models/turtlebot3_common/meshes/sensors/astra.jpg
[24.736s] -- Installing: /root/ros_workspace/install/turtlebot3_gazebo/share/turtlebot3_gazebo//models/turtlebot3_common/meshes/sensors/lds.stl
[24.737s] -- Installing: /root/ros_workspace/install/turtlebot3_gazebo/share/turtlebot3_gazebo//models/turtlebot3_common/meshes/bases
[24.737s] -- Installing: /root/ros_workspace/install/turtlebot3_gazebo/share/turtlebot3_gazebo//models/turtlebot3_common/meshes/bases/waffle_base.stl
[24.764s] -- Installing: /root/ros_workspace/install/turtlebot3_gazebo/share/turtlebot3_gazebo//models/turtlebot3_common/meshes/bases/waffle_pi_base.stl
[24.783s] -- Installing: /root/ros_workspace/install/turtlebot3_gazebo/share/turtlebot3_gazebo//models/turtlebot3_common/meshes/bases/burger_base.stl
[24.798s] -- Installing: /root/ros_workspace/install/turtlebot3_gazebo/share/turtlebot3_gazebo//models/turtlebot3_common/meshes/waffle_base.dae
[24.798s] -- Installing: /root/ros_workspace/install/turtlebot3_gazebo/share/turtlebot3_gazebo//models/turtlebot3_common/meshes/lds.dae
[24.805s] -- Installing: /root/ros_workspace/install/turtlebot3_gazebo/share/turtlebot3_gazebo//models/turtlebot3_burger_cam
[24.805s] -- Installing: /root/ros_workspace/install/turtlebot3_gazebo/share/turtlebot3_gazebo//models/turtlebot3_burger_cam/model.config
[24.806s] -- Installing: /root/ros_workspace/install/turtlebot3_gazebo/share/turtlebot3_gazebo//models/turtlebot3_burger_cam/model.sdf
[24.806s] -- Installing: /root/ros_workspace/install/turtlebot3_gazebo/share/turtlebot3_gazebo//models/turtlebot3_burger_cam/model-1_4.sdf
[24.806s] -- Installing: /root/ros_workspace/install/turtlebot3_gazebo/share/turtlebot3_gazebo//params
[24.807s] -- Installing: /root/ros_workspace/install/turtlebot3_gazebo/share/turtlebot3_gazebo//params/turtlebot3_waffle_pi_bridge.yaml
[24.807s] -- Installing: /root/ros_workspace/install/turtlebot3_gazebo/share/turtlebot3_gazebo//params/turtlebot3_burger_cam_bridge.yaml
[24.807s] -- Installing: /root/ros_workspace/install/turtlebot3_gazebo/share/turtlebot3_gazebo//params/turtlebot3_waffle_bridge.yaml
[24.807s] -- Installing: /root/ros_workspace/install/turtlebot3_gazebo/share/turtlebot3_gazebo//params/turtlebot3_burger_bridge.yaml
[24.808s] -- Installing: /root/ros_workspace/install/turtlebot3_gazebo/share/turtlebot3_gazebo//rviz
[24.808s] -- Installing: /root/ros_workspace/install/turtlebot3_gazebo/share/turtlebot3_gazebo//rviz/tb3_gazebo.rviz
[24.808s] -- Installing: /root/ros_workspace/install/turtlebot3_gazebo/share/turtlebot3_gazebo//urdf
[24.812s] -- Installing: /root/ros_workspace/install/turtlebot3_gazebo/share/turtlebot3_gazebo//urdf/turtlebot3_waffle_pi.urdf
[24.813s] -- Installing: /root/ros_workspace/install/turtlebot3_gazebo/share/turtlebot3_gazebo//urdf/common_properties.urdf
[24.813s] -- Installing: /root/ros_workspace/install/turtlebot3_gazebo/share/turtlebot3_gazebo//urdf/turtlebot3_burger.urdf
[24.813s] -- Installing: /root/ros_workspace/install/turtlebot3_gazebo/share/turtlebot3_gazebo//urdf/turtlebot3_waffle.urdf
[24.813s] -- Installing: /root/ros_workspace/install/turtlebot3_gazebo/share/turtlebot3_gazebo//urdf/turtlebot3_burger_cam.urdf
[24.813s] -- Installing: /root/ros_workspace/install/turtlebot3_gazebo/share/turtlebot3_gazebo//worlds
[24.813s] -- Installing: /root/ros_workspace/install/turtlebot3_gazebo/share/turtlebot3_gazebo//worlds/turtlebot3_dqn_stage3.world
[24.813s] -- Installing: /root/ros_workspace/install/turtlebot3_gazebo/share/turtlebot3_gazebo//worlds/empty_world.world
[24.813s] -- Installing: /root/ros_workspace/install/turtlebot3_gazebo/share/turtlebot3_gazebo//worlds/turtlebot3_dqn_stage4.world
[24.814s] -- Installing: /root/ros_workspace/install/turtlebot3_gazebo/share/turtlebot3_gazebo//worlds/turtlebot3_autorace_2020.world
[24.814s] -- Installing: /root/ros_workspace/install/turtlebot3_gazebo/share/turtlebot3_gazebo//worlds/turtlebot3_house.world
[24.817s] -- Installing: /root/ros_workspace/install/turtlebot3_gazebo/share/turtlebot3_gazebo//worlds/turtlebot3_world.world
[24.817s] -- Installing: /root/ros_workspace/install/turtlebot3_gazebo/share/turtlebot3_gazebo//worlds/turtlebot3_dynamic_obstacles.world
[24.817s] -- Installing: /root/ros_workspace/install/turtlebot3_gazebo/share/turtlebot3_gazebo//worlds/turtlebot3_dqn_stage2.world
[24.817s] -- Installing: /root/ros_workspace/install/turtlebot3_gazebo/share/turtlebot3_gazebo//worlds/turtlebot3_dqn_stage1.world
[24.817s] -- Installing: /root/ros_workspace/install/turtlebot3_gazebo/include/
[24.818s] -- Installing: /root/ros_workspace/install/turtlebot3_gazebo/include//turtlebot3_gazebo
[24.818s] -- Installing: /root/ros_workspace/install/turtlebot3_gazebo/include//turtlebot3_gazebo/obstacle1.hpp
[24.818s] -- Installing: /root/ros_workspace/install/turtlebot3_gazebo/include//turtlebot3_gazebo/traffic_light_plugin.hpp
[24.824s] -- Installing: /root/ros_workspace/install/turtlebot3_gazebo/include//turtlebot3_gazebo/traffic_bar_plugin.hpp
[24.824s] -- Installing: /root/ros_workspace/install/turtlebot3_gazebo/include//turtlebot3_gazebo/turtlebot3_drive.hpp
[24.824s] -- Installing: /root/ros_workspace/install/turtlebot3_gazebo/include//turtlebot3_gazebo/obstacles.hpp
[24.825s] -- Installing: /root/ros_workspace/install/turtlebot3_gazebo/include//turtlebot3_gazebo/obstacle2.hpp
[24.825s] -- Up-to-date: /root/ros_workspace/install/turtlebot3_gazebo/share/turtlebot3_gazebo/worlds
[24.825s] -- Up-to-date: /root/ros_workspace/install/turtlebot3_gazebo/share/turtlebot3_gazebo/worlds/turtlebot3_dqn_stage3.world
[24.826s] -- Up-to-date: /root/ros_workspace/install/turtlebot3_gazebo/share/turtlebot3_gazebo/worlds/empty_world.world
[24.826s] -- Up-to-date: /root/ros_workspace/install/turtlebot3_gazebo/share/turtlebot3_gazebo/worlds/turtlebot3_dqn_stage4.world
[24.826s] -- Up-to-date: /root/ros_workspace/install/turtlebot3_gazebo/share/turtlebot3_gazebo/worlds/turtlebot3_autorace_2020.world
[24.826s] -- Up-to-date: /root/ros_workspace/install/turtlebot3_gazebo/share/turtlebot3_gazebo/worlds/turtlebot3_house.world
[24.826s] -- Up-to-date: /root/ros_workspace/install/turtlebot3_gazebo/share/turtlebot3_gazebo/worlds/turtlebot3_world.world
[24.826s] -- Up-to-date: /root/ros_workspace/install/turtlebot3_gazebo/share/turtlebot3_gazebo/worlds/turtlebot3_dynamic_obstacles.world
[24.826s] -- Up-to-date: /root/ros_workspace/install/turtlebot3_gazebo/share/turtlebot3_gazebo/worlds/turtlebot3_dqn_stage2.world
[24.826s] -- Up-to-date: /root/ros_workspace/install/turtlebot3_gazebo/share/turtlebot3_gazebo/worlds/turtlebot3_dqn_stage1.world
[24.827s] -- Installing: /root/ros_workspace/install/turtlebot3_gazebo/share/ament_index/resource_index/package_run_dependencies/turtlebot3_gazebo
[24.827s] -- Installing: /root/ros_workspace/install/turtlebot3_gazebo/share/ament_index/resource_index/parent_prefix_path/turtlebot3_gazebo
[24.827s] -- Installing: /root/ros_workspace/install/turtlebot3_gazebo/share/turtlebot3_gazebo/environment/ament_prefix_path.sh
[24.829s] -- Installing: /root/ros_workspace/install/turtlebot3_gazebo/share/turtlebot3_gazebo/environment/ament_prefix_path.dsv
[24.829s] -- Installing: /root/ros_workspace/install/turtlebot3_gazebo/share/turtlebot3_gazebo/environment/path.sh
[24.829s] -- Installing: /root/ros_workspace/install/turtlebot3_gazebo/share/turtlebot3_gazebo/environment/path.dsv
[24.829s] -- Installing: /root/ros_workspace/install/turtlebot3_gazebo/share/turtlebot3_gazebo/local_setup.bash
[24.830s] -- Installing: /root/ros_workspace/install/turtlebot3_gazebo/share/turtlebot3_gazebo/local_setup.sh
[24.830s] -- Installing: /root/ros_workspace/install/turtlebot3_gazebo/share/turtlebot3_gazebo/local_setup.zsh
[24.830s] -- Installing: /root/ros_workspace/install/turtlebot3_gazebo/share/turtlebot3_gazebo/local_setup.dsv
[24.830s] -- Installing: /root/ros_workspace/install/turtlebot3_gazebo/share/turtlebot3_gazebo/package.dsv
[24.831s] -- Installing: /root/ros_workspace/install/turtlebot3_gazebo/share/ament_index/resource_index/packages/turtlebot3_gazebo
[24.831s] -- Installing: /root/ros_workspace/install/turtlebot3_gazebo/share/turtlebot3_gazebo/cmake/ament_cmake_export_include_directories-extras.cmake
[24.832s] -- Installing: /root/ros_workspace/install/turtlebot3_gazebo/share/turtlebot3_gazebo/cmake/ament_cmake_export_dependencies-extras.cmake
[24.832s] -- Installing: /root/ros_workspace/install/turtlebot3_gazebo/share/turtlebot3_gazebo/cmake/turtlebot3_gazeboConfig.cmake
[24.832s] -- Installing: /root/ros_workspace/install/turtlebot3_gazebo/share/turtlebot3_gazebo/cmake/turtlebot3_gazeboConfig-version.cmake
[24.832s] -- Installing: /root/ros_workspace/install/turtlebot3_gazebo/share/turtlebot3_gazebo/package.xml
[24.836s] Invoked command in '/root/ros_workspace/build/turtlebot3_gazebo' returned '0': CMAKE_PREFIX_PATH=${CMAKE_PREFIX_PATH}:/opt/ros/jazzy /usr/bin/cmake --install /root/ros_workspace/build/turtlebot3_gazebo
