running develop
running egg_info
creating dynamic_obstacle_detector.egg-info
writing dynamic_obstacle_detector.egg-info/PKG-INFO
writing dependency_links to dynamic_obstacle_detector.egg-info/dependency_links.txt
writing entry points to dynamic_obstacle_detector.egg-info/entry_points.txt
writing requirements to dynamic_obstacle_detector.egg-info/requires.txt
writing top-level names to dynamic_obstacle_detector.egg-info/top_level.txt
writing manifest file 'dynamic_obstacle_detector.egg-info/SOURCES.txt'
reading manifest file 'dynamic_obstacle_detector.egg-info/SOURCES.txt'
writing manifest file 'dynamic_obstacle_detector.egg-info/SOURCES.txt'
running build_ext
Creating /root/ros_workspace/install/dynamic_obstacle_detector/lib/python3.12/site-packages/dynamic-obstacle-detector.egg-link (link to .)
Installing obstacle_detector_node script to /root/ros_workspace/install/dynamic_obstacle_detector/lib/dynamic_obstacle_detector

Installed /root/ros_workspace/build/dynamic_obstacle_detector
running symlink_data
creating /root/ros_workspace/install/dynamic_obstacle_detector/share/ament_index
creating /root/ros_workspace/install/dynamic_obstacle_detector/share/ament_index/resource_index
creating /root/ros_workspace/install/dynamic_obstacle_detector/share/ament_index/resource_index/packages
symbolically linking /root/ros_workspace/build/dynamic_obstacle_detector/resource/dynamic_obstacle_detector -> /root/ros_workspace/install/dynamic_obstacle_detector/share/ament_index/resource_index/packages
symbolically linking /root/ros_workspace/build/dynamic_obstacle_detector/package.xml -> /root/ros_workspace/install/dynamic_obstacle_detector/share/dynamic_obstacle_detector
creating /root/ros_workspace/install/dynamic_obstacle_detector/share/dynamic_obstacle_detector/launch
symbolically linking /root/ros_workspace/build/dynamic_obstacle_detector/launch/dynamic_nav.launch.py -> /root/ros_workspace/install/dynamic_obstacle_detector/share/dynamic_obstacle_detector/launch
creating /root/ros_workspace/install/dynamic_obstacle_detector/share/dynamic_obstacle_detector/param
symbolically linking /root/ros_workspace/build/dynamic_obstacle_detector/param/detector_params.yaml -> /root/ros_workspace/install/dynamic_obstacle_detector/share/dynamic_obstacle_detector/param
symbolically linking /root/ros_workspace/build/dynamic_obstacle_detector/param/custom_nav2_params.yaml -> /root/ros_workspace/install/dynamic_obstacle_detector/share/dynamic_obstacle_detector/param
