[1.414s] Invoking command in '/root/ros_workspace/build/dynamic_obstacle_detector': PYTHONPATH=/root/ros_workspace/build/dynamic_obstacle_detector/prefix_override:/usr/lib/python3/dist-packages/colcon_core/task/python/colcon_distutils_commands:/root/ros_workspace/install/dynamic_obstacle_detector/lib/python3.12/site-packages:${PYTHONPATH} /usr/bin/python3 -W ignore:setup.py install is deprecated -W ignore:easy_install command is deprecated setup.py develop --editable --build-directory /root/ros_workspace/build/dynamic_obstacle_detector/build --no-deps symlink_data
[2.076s] running develop
[2.466s] running egg_info
[2.466s] creating dynamic_obstacle_detector.egg-info
[2.502s] writing dynamic_obstacle_detector.egg-info/PKG-INFO
[2.507s] writing dependency_links to dynamic_obstacle_detector.egg-info/dependency_links.txt
[2.508s] writing entry points to dynamic_obstacle_detector.egg-info/entry_points.txt
[2.508s] writing requirements to dynamic_obstacle_detector.egg-info/requires.txt
[2.508s] writing top-level names to dynamic_obstacle_detector.egg-info/top_level.txt
[2.508s] writing manifest file 'dynamic_obstacle_detector.egg-info/SOURCES.txt'
[2.558s] reading manifest file 'dynamic_obstacle_detector.egg-info/SOURCES.txt'
[2.559s] writing manifest file 'dynamic_obstacle_detector.egg-info/SOURCES.txt'
[2.580s] running build_ext
[2.581s] Creating /root/ros_workspace/install/dynamic_obstacle_detector/lib/python3.12/site-packages/dynamic-obstacle-detector.egg-link (link to .)
[2.582s] Installing obstacle_detector_node script to /root/ros_workspace/install/dynamic_obstacle_detector/lib/dynamic_obstacle_detector
[2.583s] 
[2.583s] Installed /root/ros_workspace/build/dynamic_obstacle_detector
[2.584s] running symlink_data
[2.584s] creating /root/ros_workspace/install/dynamic_obstacle_detector/share/ament_index
[2.584s] creating /root/ros_workspace/install/dynamic_obstacle_detector/share/ament_index/resource_index
[2.584s] creating /root/ros_workspace/install/dynamic_obstacle_detector/share/ament_index/resource_index/packages
[2.585s] symbolically linking /root/ros_workspace/build/dynamic_obstacle_detector/resource/dynamic_obstacle_detector -> /root/ros_workspace/install/dynamic_obstacle_detector/share/ament_index/resource_index/packages
[2.585s] symbolically linking /root/ros_workspace/build/dynamic_obstacle_detector/package.xml -> /root/ros_workspace/install/dynamic_obstacle_detector/share/dynamic_obstacle_detector
[2.585s] creating /root/ros_workspace/install/dynamic_obstacle_detector/share/dynamic_obstacle_detector/launch
[2.586s] symbolically linking /root/ros_workspace/build/dynamic_obstacle_detector/launch/dynamic_nav.launch.py -> /root/ros_workspace/install/dynamic_obstacle_detector/share/dynamic_obstacle_detector/launch
[2.586s] creating /root/ros_workspace/install/dynamic_obstacle_detector/share/dynamic_obstacle_detector/param
[2.586s] symbolically linking /root/ros_workspace/build/dynamic_obstacle_detector/param/detector_params.yaml -> /root/ros_workspace/install/dynamic_obstacle_detector/share/dynamic_obstacle_detector/param
[2.586s] symbolically linking /root/ros_workspace/build/dynamic_obstacle_detector/param/custom_nav2_params.yaml -> /root/ros_workspace/install/dynamic_obstacle_detector/share/dynamic_obstacle_detector/param
[2.635s] Invoked command in '/root/ros_workspace/build/dynamic_obstacle_detector' returned '0': PYTHONPATH=/root/ros_workspace/build/dynamic_obstacle_detector/prefix_override:/usr/lib/python3/dist-packages/colcon_core/task/python/colcon_distutils_commands:/root/ros_workspace/install/dynamic_obstacle_detector/lib/python3.12/site-packages:${PYTHONPATH} /usr/bin/python3 -W ignore:setup.py install is deprecated -W ignore:easy_install command is deprecated setup.py develop --editable --build-directory /root/ros_workspace/build/dynamic_obstacle_detector/build --no-deps symlink_data
