[0.084s] Invoking command in '/root/ros_workspace/build/turtlebot3_msgs': CMAKE_PREFIX_PATH=${CMAKE_PREFIX_PATH}:/root/ros_workspace/install/turtlebot3_teleop:/root/ros_workspace/install/turtlebot3_example:/root/ros_workspace/install/dynamic_obstacle_detector:/opt/ros/jazzy /usr/bin/cmake --build /root/ros_workspace/build/turtlebot3_msgs -- -j12 -l12
[0.771s] [  1%] Built target turtlebot3_msgs__rosidl_generator_type_description
[0.771s] [  1%] Built target ament_cmake_python_copy_turtlebot3_msgs
[0.771s] [  2%] Built target turtlebot3_msgs__cpp
[0.772s] [ 26%] Built target turtlebot3_msgs__rosidl_generator_c
[0.772s] [ 36%] Built target turtlebot3_msgs__rosidl_typesupport_introspection_cpp
[0.772s] [ 45%] Built target turtlebot3_msgs__rosidl_typesupport_introspection_c
[0.772s] [ 55%] Built target turtlebot3_msgs__rosidl_typesupport_c
[0.772s] [ 64%] Built target turtlebot3_msgs__rosidl_typesupport_fastrtps_c
[0.772s] [ 74%] Built target turtlebot3_msgs__rosidl_typesupport_cpp
[0.772s] [ 84%] Built target turtlebot3_msgs__rosidl_typesupport_fastrtps_cpp
[0.772s] [ 84%] Built target turtlebot3_msgs
[0.773s] [ 85%] Built target turtlebot3_msgs__py
[0.773s] [ 93%] Built target turtlebot3_msgs__rosidl_generator_py
[0.812s] [ 95%] Built target turtlebot3_msgs_s__rosidl_typesupport_c
[0.814s] [ 97%] Built target turtlebot3_msgs_s__rosidl_typesupport_introspection_c
[0.815s] [100%] Built target turtlebot3_msgs_s__rosidl_typesupport_fastrtps_c
[0.828s] running egg_info
[0.872s] writing turtlebot3_msgs.egg-info/PKG-INFO
[0.872s] writing dependency_links to turtlebot3_msgs.egg-info/dependency_links.txt
[0.873s] writing top-level names to turtlebot3_msgs.egg-info/top_level.txt
[1.010s] reading manifest file 'turtlebot3_msgs.egg-info/SOURCES.txt'
[1.015s] writing manifest file 'turtlebot3_msgs.egg-info/SOURCES.txt'
[1.086s] [100%] Built target ament_cmake_python_build_turtlebot3_msgs_egg
[1.267s] Invoked command in '/root/ros_workspace/build/turtlebot3_msgs' returned '0': CMAKE_PREFIX_PATH=${CMAKE_PREFIX_PATH}:/root/ros_workspace/install/turtlebot3_teleop:/root/ros_workspace/install/turtlebot3_example:/root/ros_workspace/install/dynamic_obstacle_detector:/opt/ros/jazzy /usr/bin/cmake --build /root/ros_workspace/build/turtlebot3_msgs -- -j12 -l12
[1.342s] Invoking command in '/root/ros_workspace/build/turtlebot3_msgs': CMAKE_PREFIX_PATH=${CMAKE_PREFIX_PATH}:/root/ros_workspace/install/turtlebot3_teleop:/root/ros_workspace/install/turtlebot3_example:/root/ros_workspace/install/dynamic_obstacle_detector:/opt/ros/jazzy /usr/bin/cmake --install /root/ros_workspace/build/turtlebot3_msgs
[1.391s] -- Install configuration: ""
[1.407s] -- Up-to-date: /root/ros_workspace/install/turtlebot3_msgs/share/ament_index/resource_index/rosidl_interfaces/turtlebot3_msgs
[1.407s] -- Up-to-date: /root/ros_workspace/install/turtlebot3_msgs/share/turtlebot3_msgs/msg/SensorState.json
[1.407s] -- Up-to-date: /root/ros_workspace/install/turtlebot3_msgs/share/turtlebot3_msgs/msg/Sound.json
[1.407s] -- Up-to-date: /root/ros_workspace/install/turtlebot3_msgs/share/turtlebot3_msgs/msg/VersionInfo.json
[1.407s] -- Up-to-date: /root/ros_workspace/install/turtlebot3_msgs/share/turtlebot3_msgs/srv/Sound.json
[1.407s] -- Up-to-date: /root/ros_workspace/install/turtlebot3_msgs/share/turtlebot3_msgs/srv/Dqn.json
[1.408s] -- Up-to-date: /root/ros_workspace/install/turtlebot3_msgs/share/turtlebot3_msgs/srv/Goal.json
[1.409s] -- Up-to-date: /root/ros_workspace/install/turtlebot3_msgs/share/turtlebot3_msgs/action/Patrol.json
[1.409s] -- Up-to-date: /root/ros_workspace/install/turtlebot3_msgs/include/turtlebot3_msgs/turtlebot3_msgs
[1.409s] -- Up-to-date: /root/ros_workspace/install/turtlebot3_msgs/include/turtlebot3_msgs/turtlebot3_msgs/srv
[1.409s] -- Up-to-date: /root/ros_workspace/install/turtlebot3_msgs/include/turtlebot3_msgs/turtlebot3_msgs/srv/sound.h
[1.410s] -- Up-to-date: /root/ros_workspace/install/turtlebot3_msgs/include/turtlebot3_msgs/turtlebot3_msgs/srv/goal.h
[1.410s] -- Up-to-date: /root/ros_workspace/install/turtlebot3_msgs/include/turtlebot3_msgs/turtlebot3_msgs/srv/dqn.h
[1.410s] -- Up-to-date: /root/ros_workspace/install/turtlebot3_msgs/include/turtlebot3_msgs/turtlebot3_msgs/srv/detail
[1.410s] -- Up-to-date: /root/ros_workspace/install/turtlebot3_msgs/include/turtlebot3_msgs/turtlebot3_msgs/srv/detail/goal__functions.c
[1.411s] -- Up-to-date: /root/ros_workspace/install/turtlebot3_msgs/include/turtlebot3_msgs/turtlebot3_msgs/srv/detail/goal__functions.h
[1.411s] -- Up-to-date: /root/ros_workspace/install/turtlebot3_msgs/include/turtlebot3_msgs/turtlebot3_msgs/srv/detail/sound__struct.h
[1.411s] -- Up-to-date: /root/ros_workspace/install/turtlebot3_msgs/include/turtlebot3_msgs/turtlebot3_msgs/srv/detail/dqn__functions.h
[1.411s] -- Up-to-date: /root/ros_workspace/install/turtlebot3_msgs/include/turtlebot3_msgs/turtlebot3_msgs/srv/detail/dqn__functions.c
[1.411s] -- Installing: /root/ros_workspace/install/turtlebot3_msgs/include/turtlebot3_msgs/turtlebot3_msgs/srv/detail/goal__type_support.c
[1.411s] -- Up-to-date: /root/ros_workspace/install/turtlebot3_msgs/include/turtlebot3_msgs/turtlebot3_msgs/srv/detail/sound__functions.h
[1.411s] -- Up-to-date: /root/ros_workspace/install/turtlebot3_msgs/include/turtlebot3_msgs/turtlebot3_msgs/srv/detail/sound__type_support.h
[1.411s] -- Up-to-date: /root/ros_workspace/install/turtlebot3_msgs/include/turtlebot3_msgs/turtlebot3_msgs/srv/detail/dqn__description.c
[1.411s] -- Up-to-date: /root/ros_workspace/install/turtlebot3_msgs/include/turtlebot3_msgs/turtlebot3_msgs/srv/detail/sound__description.c
[1.412s] -- Up-to-date: /root/ros_workspace/install/turtlebot3_msgs/include/turtlebot3_msgs/turtlebot3_msgs/srv/detail/dqn__struct.h
[1.412s] -- Up-to-date: /root/ros_workspace/install/turtlebot3_msgs/include/turtlebot3_msgs/turtlebot3_msgs/srv/detail/goal__description.c
[1.412s] -- Installing: /root/ros_workspace/install/turtlebot3_msgs/include/turtlebot3_msgs/turtlebot3_msgs/srv/detail/sound__type_support.c
[1.412s] -- Up-to-date: /root/ros_workspace/install/turtlebot3_msgs/include/turtlebot3_msgs/turtlebot3_msgs/srv/detail/goal__type_support.h
[1.412s] -- Up-to-date: /root/ros_workspace/install/turtlebot3_msgs/include/turtlebot3_msgs/turtlebot3_msgs/srv/detail/goal__struct.h
[1.414s] -- Up-to-date: /root/ros_workspace/install/turtlebot3_msgs/include/turtlebot3_msgs/turtlebot3_msgs/srv/detail/sound__functions.c
[1.414s] -- Installing: /root/ros_workspace/install/turtlebot3_msgs/include/turtlebot3_msgs/turtlebot3_msgs/srv/detail/dqn__type_support.c
[1.414s] -- Up-to-date: /root/ros_workspace/install/turtlebot3_msgs/include/turtlebot3_msgs/turtlebot3_msgs/srv/detail/dqn__type_support.h
[1.416s] -- Up-to-date: /root/ros_workspace/install/turtlebot3_msgs/include/turtlebot3_msgs/turtlebot3_msgs/msg
[1.416s] -- Up-to-date: /root/ros_workspace/install/turtlebot3_msgs/include/turtlebot3_msgs/turtlebot3_msgs/msg/sound.h
[1.416s] -- Up-to-date: /root/ros_workspace/install/turtlebot3_msgs/include/turtlebot3_msgs/turtlebot3_msgs/msg/sensor_state.h
[1.419s] -- Up-to-date: /root/ros_workspace/install/turtlebot3_msgs/include/turtlebot3_msgs/turtlebot3_msgs/msg/rosidl_generator_c__visibility_control.h
[1.419s] -- Up-to-date: /root/ros_workspace/install/turtlebot3_msgs/include/turtlebot3_msgs/turtlebot3_msgs/msg/detail
[1.419s] -- Up-to-date: /root/ros_workspace/install/turtlebot3_msgs/include/turtlebot3_msgs/turtlebot3_msgs/msg/detail/sensor_state__description.c
[1.419s] -- Up-to-date: /root/ros_workspace/install/turtlebot3_msgs/include/turtlebot3_msgs/turtlebot3_msgs/msg/detail/sound__struct.h
[1.419s] -- Up-to-date: /root/ros_workspace/install/turtlebot3_msgs/include/turtlebot3_msgs/turtlebot3_msgs/msg/detail/sensor_state__functions.h
[1.420s] -- Up-to-date: /root/ros_workspace/install/turtlebot3_msgs/include/turtlebot3_msgs/turtlebot3_msgs/msg/detail/sensor_state__type_support.h
[1.420s] -- Up-to-date: /root/ros_workspace/install/turtlebot3_msgs/include/turtlebot3_msgs/turtlebot3_msgs/msg/detail/sound__functions.h
[1.420s] -- Up-to-date: /root/ros_workspace/install/turtlebot3_msgs/include/turtlebot3_msgs/turtlebot3_msgs/msg/detail/version_info__functions.c
[1.420s] -- Up-to-date: /root/ros_workspace/install/turtlebot3_msgs/include/turtlebot3_msgs/turtlebot3_msgs/msg/detail/version_info__struct.h
[1.420s] -- Up-to-date: /root/ros_workspace/install/turtlebot3_msgs/include/turtlebot3_msgs/turtlebot3_msgs/msg/detail/version_info__description.c
[1.420s] -- Up-to-date: /root/ros_workspace/install/turtlebot3_msgs/include/turtlebot3_msgs/turtlebot3_msgs/msg/detail/sound__type_support.h
[1.421s] -- Installing: /root/ros_workspace/install/turtlebot3_msgs/include/turtlebot3_msgs/turtlebot3_msgs/msg/detail/version_info__type_support.c
[1.421s] -- Up-to-date: /root/ros_workspace/install/turtlebot3_msgs/include/turtlebot3_msgs/turtlebot3_msgs/msg/detail/sensor_state__functions.c
[1.421s] -- Up-to-date: /root/ros_workspace/install/turtlebot3_msgs/include/turtlebot3_msgs/turtlebot3_msgs/msg/detail/sound__description.c
[1.421s] -- Installing: /root/ros_workspace/install/turtlebot3_msgs/include/turtlebot3_msgs/turtlebot3_msgs/msg/detail/sound__type_support.c
[1.422s] -- Up-to-date: /root/ros_workspace/install/turtlebot3_msgs/include/turtlebot3_msgs/turtlebot3_msgs/msg/detail/version_info__type_support.h
[1.424s] -- Installing: /root/ros_workspace/install/turtlebot3_msgs/include/turtlebot3_msgs/turtlebot3_msgs/msg/detail/sensor_state__type_support.c
[1.424s] -- Up-to-date: /root/ros_workspace/install/turtlebot3_msgs/include/turtlebot3_msgs/turtlebot3_msgs/msg/detail/version_info__functions.h
[1.424s] -- Up-to-date: /root/ros_workspace/install/turtlebot3_msgs/include/turtlebot3_msgs/turtlebot3_msgs/msg/detail/sensor_state__struct.h
[1.424s] -- Up-to-date: /root/ros_workspace/install/turtlebot3_msgs/include/turtlebot3_msgs/turtlebot3_msgs/msg/detail/sound__functions.c
[1.425s] -- Up-to-date: /root/ros_workspace/install/turtlebot3_msgs/include/turtlebot3_msgs/turtlebot3_msgs/msg/version_info.h
[1.425s] -- Up-to-date: /root/ros_workspace/install/turtlebot3_msgs/include/turtlebot3_msgs/turtlebot3_msgs/action
[1.425s] -- Up-to-date: /root/ros_workspace/install/turtlebot3_msgs/include/turtlebot3_msgs/turtlebot3_msgs/action/patrol.h
[1.425s] -- Up-to-date: /root/ros_workspace/install/turtlebot3_msgs/include/turtlebot3_msgs/turtlebot3_msgs/action/detail
[1.426s] -- Up-to-date: /root/ros_workspace/install/turtlebot3_msgs/include/turtlebot3_msgs/turtlebot3_msgs/action/detail/patrol__functions.c
[1.426s] -- Up-to-date: /root/ros_workspace/install/turtlebot3_msgs/include/turtlebot3_msgs/turtlebot3_msgs/action/detail/patrol__functions.h
[1.426s] -- Up-to-date: /root/ros_workspace/install/turtlebot3_msgs/include/turtlebot3_msgs/turtlebot3_msgs/action/detail/patrol__struct.h
[1.426s] -- Installing: /root/ros_workspace/install/turtlebot3_msgs/include/turtlebot3_msgs/turtlebot3_msgs/action/detail/patrol__type_support.c
[1.427s] -- Up-to-date: /root/ros_workspace/install/turtlebot3_msgs/include/turtlebot3_msgs/turtlebot3_msgs/action/detail/patrol__description.c
[1.427s] -- Up-to-date: /root/ros_workspace/install/turtlebot3_msgs/include/turtlebot3_msgs/turtlebot3_msgs/action/detail/patrol__type_support.h
[1.428s] -- Up-to-date: /root/ros_workspace/install/turtlebot3_msgs/share/turtlebot3_msgs/environment/library_path.sh
[1.429s] -- Up-to-date: /root/ros_workspace/install/turtlebot3_msgs/share/turtlebot3_msgs/environment/library_path.dsv
[1.429s] -- Up-to-date: /root/ros_workspace/install/turtlebot3_msgs/lib/libturtlebot3_msgs__rosidl_generator_c.so
[1.429s] -- Up-to-date: /root/ros_workspace/install/turtlebot3_msgs/include/turtlebot3_msgs/turtlebot3_msgs
[1.430s] -- Up-to-date: /root/ros_workspace/install/turtlebot3_msgs/include/turtlebot3_msgs/turtlebot3_msgs/srv
[1.430s] -- Up-to-date: /root/ros_workspace/install/turtlebot3_msgs/include/turtlebot3_msgs/turtlebot3_msgs/srv/detail
[1.430s] -- Up-to-date: /root/ros_workspace/install/turtlebot3_msgs/include/turtlebot3_msgs/turtlebot3_msgs/srv/detail/dqn__rosidl_typesupport_fastrtps_c.h
[1.430s] -- Up-to-date: /root/ros_workspace/install/turtlebot3_msgs/include/turtlebot3_msgs/turtlebot3_msgs/srv/detail/goal__rosidl_typesupport_fastrtps_c.h
[1.431s] -- Up-to-date: /root/ros_workspace/install/turtlebot3_msgs/include/turtlebot3_msgs/turtlebot3_msgs/srv/detail/sound__rosidl_typesupport_fastrtps_c.h
[1.431s] -- Up-to-date: /root/ros_workspace/install/turtlebot3_msgs/include/turtlebot3_msgs/turtlebot3_msgs/msg
[1.432s] -- Up-to-date: /root/ros_workspace/install/turtlebot3_msgs/include/turtlebot3_msgs/turtlebot3_msgs/msg/rosidl_typesupport_fastrtps_c__visibility_control.h
[1.432s] -- Up-to-date: /root/ros_workspace/install/turtlebot3_msgs/include/turtlebot3_msgs/turtlebot3_msgs/msg/detail
[1.432s] -- Up-to-date: /root/ros_workspace/install/turtlebot3_msgs/include/turtlebot3_msgs/turtlebot3_msgs/msg/detail/sound__rosidl_typesupport_fastrtps_c.h
[1.432s] -- Up-to-date: /root/ros_workspace/install/turtlebot3_msgs/include/turtlebot3_msgs/turtlebot3_msgs/msg/detail/sensor_state__rosidl_typesupport_fastrtps_c.h
[1.433s] -- Up-to-date: /root/ros_workspace/install/turtlebot3_msgs/include/turtlebot3_msgs/turtlebot3_msgs/msg/detail/version_info__rosidl_typesupport_fastrtps_c.h
[1.433s] -- Up-to-date: /root/ros_workspace/install/turtlebot3_msgs/include/turtlebot3_msgs/turtlebot3_msgs/action
[1.433s] -- Up-to-date: /root/ros_workspace/install/turtlebot3_msgs/include/turtlebot3_msgs/turtlebot3_msgs/action/detail
[1.433s] -- Up-to-date: /root/ros_workspace/install/turtlebot3_msgs/include/turtlebot3_msgs/turtlebot3_msgs/action/detail/patrol__rosidl_typesupport_fastrtps_c.h
[1.434s] -- Up-to-date: /root/ros_workspace/install/turtlebot3_msgs/lib/libturtlebot3_msgs__rosidl_typesupport_fastrtps_c.so
[1.434s] -- Up-to-date: /root/ros_workspace/install/turtlebot3_msgs/include/turtlebot3_msgs/turtlebot3_msgs
[1.434s] -- Up-to-date: /root/ros_workspace/install/turtlebot3_msgs/include/turtlebot3_msgs/turtlebot3_msgs/srv
[1.434s] -- Up-to-date: /root/ros_workspace/install/turtlebot3_msgs/include/turtlebot3_msgs/turtlebot3_msgs/srv/goal.hpp
[1.435s] -- Up-to-date: /root/ros_workspace/install/turtlebot3_msgs/include/turtlebot3_msgs/turtlebot3_msgs/srv/dqn.hpp
[1.435s] -- Up-to-date: /root/ros_workspace/install/turtlebot3_msgs/include/turtlebot3_msgs/turtlebot3_msgs/srv/sound.hpp
[1.435s] -- Up-to-date: /root/ros_workspace/install/turtlebot3_msgs/include/turtlebot3_msgs/turtlebot3_msgs/srv/detail
[1.435s] -- Up-to-date: /root/ros_workspace/install/turtlebot3_msgs/include/turtlebot3_msgs/turtlebot3_msgs/srv/detail/goal__traits.hpp
[1.435s] -- Up-to-date: /root/ros_workspace/install/turtlebot3_msgs/include/turtlebot3_msgs/turtlebot3_msgs/srv/detail/goal__struct.hpp
[1.436s] -- Up-to-date: /root/ros_workspace/install/turtlebot3_msgs/include/turtlebot3_msgs/turtlebot3_msgs/srv/detail/dqn__builder.hpp
[1.436s] -- Up-to-date: /root/ros_workspace/install/turtlebot3_msgs/include/turtlebot3_msgs/turtlebot3_msgs/srv/detail/goal__builder.hpp
[1.436s] -- Up-to-date: /root/ros_workspace/install/turtlebot3_msgs/include/turtlebot3_msgs/turtlebot3_msgs/srv/detail/dqn__struct.hpp
[1.436s] -- Up-to-date: /root/ros_workspace/install/turtlebot3_msgs/include/turtlebot3_msgs/turtlebot3_msgs/srv/detail/dqn__type_support.hpp
[1.436s] -- Up-to-date: /root/ros_workspace/install/turtlebot3_msgs/include/turtlebot3_msgs/turtlebot3_msgs/srv/detail/sound__builder.hpp
[1.437s] -- Up-to-date: /root/ros_workspace/install/turtlebot3_msgs/include/turtlebot3_msgs/turtlebot3_msgs/srv/detail/sound__struct.hpp
[1.437s] -- Up-to-date: /root/ros_workspace/install/turtlebot3_msgs/include/turtlebot3_msgs/turtlebot3_msgs/srv/detail/sound__traits.hpp
[1.441s] -- Up-to-date: /root/ros_workspace/install/turtlebot3_msgs/include/turtlebot3_msgs/turtlebot3_msgs/srv/detail/sound__type_support.hpp
[1.441s] -- Up-to-date: /root/ros_workspace/install/turtlebot3_msgs/include/turtlebot3_msgs/turtlebot3_msgs/srv/detail/goal__type_support.hpp
[1.441s] -- Up-to-date: /root/ros_workspace/install/turtlebot3_msgs/include/turtlebot3_msgs/turtlebot3_msgs/srv/detail/dqn__traits.hpp
[1.442s] -- Up-to-date: /root/ros_workspace/install/turtlebot3_msgs/include/turtlebot3_msgs/turtlebot3_msgs/msg
[1.442s] -- Up-to-date: /root/ros_workspace/install/turtlebot3_msgs/include/turtlebot3_msgs/turtlebot3_msgs/msg/sensor_state.hpp
[1.442s] -- Up-to-date: /root/ros_workspace/install/turtlebot3_msgs/include/turtlebot3_msgs/turtlebot3_msgs/msg/rosidl_generator_cpp__visibility_control.hpp
[1.442s] -- Up-to-date: /root/ros_workspace/install/turtlebot3_msgs/include/turtlebot3_msgs/turtlebot3_msgs/msg/version_info.hpp
[1.442s] -- Up-to-date: /root/ros_workspace/install/turtlebot3_msgs/include/turtlebot3_msgs/turtlebot3_msgs/msg/sound.hpp
[1.443s] -- Up-to-date: /root/ros_workspace/install/turtlebot3_msgs/include/turtlebot3_msgs/turtlebot3_msgs/msg/detail
[1.443s] -- Up-to-date: /root/ros_workspace/install/turtlebot3_msgs/include/turtlebot3_msgs/turtlebot3_msgs/msg/detail/sensor_state__traits.hpp
[1.443s] -- Up-to-date: /root/ros_workspace/install/turtlebot3_msgs/include/turtlebot3_msgs/turtlebot3_msgs/msg/detail/version_info__type_support.hpp
[1.444s] -- Up-to-date: /root/ros_workspace/install/turtlebot3_msgs/include/turtlebot3_msgs/turtlebot3_msgs/msg/detail/sensor_state__struct.hpp
[1.444s] -- Up-to-date: /root/ros_workspace/install/turtlebot3_msgs/include/turtlebot3_msgs/turtlebot3_msgs/msg/detail/sensor_state__type_support.hpp
[1.444s] -- Up-to-date: /root/ros_workspace/install/turtlebot3_msgs/include/turtlebot3_msgs/turtlebot3_msgs/msg/detail/sound__builder.hpp
[1.444s] -- Up-to-date: /root/ros_workspace/install/turtlebot3_msgs/include/turtlebot3_msgs/turtlebot3_msgs/msg/detail/sound__struct.hpp
[1.445s] -- Up-to-date: /root/ros_workspace/install/turtlebot3_msgs/include/turtlebot3_msgs/turtlebot3_msgs/msg/detail/version_info__builder.hpp
[1.445s] -- Up-to-date: /root/ros_workspace/install/turtlebot3_msgs/include/turtlebot3_msgs/turtlebot3_msgs/msg/detail/version_info__traits.hpp
[1.445s] -- Up-to-date: /root/ros_workspace/install/turtlebot3_msgs/include/turtlebot3_msgs/turtlebot3_msgs/msg/detail/version_info__struct.hpp
[1.445s] -- Up-to-date: /root/ros_workspace/install/turtlebot3_msgs/include/turtlebot3_msgs/turtlebot3_msgs/msg/detail/sound__traits.hpp
[1.446s] -- Up-to-date: /root/ros_workspace/install/turtlebot3_msgs/include/turtlebot3_msgs/turtlebot3_msgs/msg/detail/sound__type_support.hpp
[1.446s] -- Up-to-date: /root/ros_workspace/install/turtlebot3_msgs/include/turtlebot3_msgs/turtlebot3_msgs/msg/detail/sensor_state__builder.hpp
[1.463s] -- Up-to-date: /root/ros_workspace/install/turtlebot3_msgs/include/turtlebot3_msgs/turtlebot3_msgs/action
[1.464s] -- Up-to-date: /root/ros_workspace/install/turtlebot3_msgs/include/turtlebot3_msgs/turtlebot3_msgs/action/patrol.hpp
[1.464s] -- Up-to-date: /root/ros_workspace/install/turtlebot3_msgs/include/turtlebot3_msgs/turtlebot3_msgs/action/detail
[1.464s] -- Up-to-date: /root/ros_workspace/install/turtlebot3_msgs/include/turtlebot3_msgs/turtlebot3_msgs/action/detail/patrol__struct.hpp
[1.464s] -- Up-to-date: /root/ros_workspace/install/turtlebot3_msgs/include/turtlebot3_msgs/turtlebot3_msgs/action/detail/patrol__type_support.hpp
[1.465s] -- Up-to-date: /root/ros_workspace/install/turtlebot3_msgs/include/turtlebot3_msgs/turtlebot3_msgs/action/detail/patrol__traits.hpp
[1.465s] -- Up-to-date: /root/ros_workspace/install/turtlebot3_msgs/include/turtlebot3_msgs/turtlebot3_msgs/action/detail/patrol__builder.hpp
[1.465s] -- Up-to-date: /root/ros_workspace/install/turtlebot3_msgs/include/turtlebot3_msgs/turtlebot3_msgs
[1.466s] -- Up-to-date: /root/ros_workspace/install/turtlebot3_msgs/include/turtlebot3_msgs/turtlebot3_msgs/srv
[1.466s] -- Up-to-date: /root/ros_workspace/install/turtlebot3_msgs/include/turtlebot3_msgs/turtlebot3_msgs/srv/detail
[1.466s] -- Up-to-date: /root/ros_workspace/install/turtlebot3_msgs/include/turtlebot3_msgs/turtlebot3_msgs/srv/detail/sound__rosidl_typesupport_fastrtps_cpp.hpp
[1.466s] -- Up-to-date: /root/ros_workspace/install/turtlebot3_msgs/include/turtlebot3_msgs/turtlebot3_msgs/srv/detail/dqn__rosidl_typesupport_fastrtps_cpp.hpp
[1.467s] -- Up-to-date: /root/ros_workspace/install/turtlebot3_msgs/include/turtlebot3_msgs/turtlebot3_msgs/srv/detail/goal__rosidl_typesupport_fastrtps_cpp.hpp
[1.467s] -- Up-to-date: /root/ros_workspace/install/turtlebot3_msgs/include/turtlebot3_msgs/turtlebot3_msgs/srv/detail/dds_fastrtps
[1.467s] -- Up-to-date: /root/ros_workspace/install/turtlebot3_msgs/include/turtlebot3_msgs/turtlebot3_msgs/msg
[1.468s] -- Up-to-date: /root/ros_workspace/install/turtlebot3_msgs/include/turtlebot3_msgs/turtlebot3_msgs/msg/rosidl_typesupport_fastrtps_cpp__visibility_control.h
[1.468s] -- Up-to-date: /root/ros_workspace/install/turtlebot3_msgs/include/turtlebot3_msgs/turtlebot3_msgs/msg/detail
[1.468s] -- Up-to-date: /root/ros_workspace/install/turtlebot3_msgs/include/turtlebot3_msgs/turtlebot3_msgs/msg/detail/sound__rosidl_typesupport_fastrtps_cpp.hpp
[1.480s] -- Up-to-date: /root/ros_workspace/install/turtlebot3_msgs/include/turtlebot3_msgs/turtlebot3_msgs/msg/detail/sensor_state__rosidl_typesupport_fastrtps_cpp.hpp
[1.480s] -- Up-to-date: /root/ros_workspace/install/turtlebot3_msgs/include/turtlebot3_msgs/turtlebot3_msgs/msg/detail/dds_fastrtps
[1.480s] -- Up-to-date: /root/ros_workspace/install/turtlebot3_msgs/include/turtlebot3_msgs/turtlebot3_msgs/msg/detail/version_info__rosidl_typesupport_fastrtps_cpp.hpp
[1.481s] -- Up-to-date: /root/ros_workspace/install/turtlebot3_msgs/include/turtlebot3_msgs/turtlebot3_msgs/action
[1.481s] -- Up-to-date: /root/ros_workspace/install/turtlebot3_msgs/include/turtlebot3_msgs/turtlebot3_msgs/action/detail
[1.481s] -- Up-to-date: /root/ros_workspace/install/turtlebot3_msgs/include/turtlebot3_msgs/turtlebot3_msgs/action/detail/patrol__rosidl_typesupport_fastrtps_cpp.hpp
[1.489s] -- Up-to-date: /root/ros_workspace/install/turtlebot3_msgs/include/turtlebot3_msgs/turtlebot3_msgs/action/detail/dds_fastrtps
[1.489s] -- Up-to-date: /root/ros_workspace/install/turtlebot3_msgs/lib/libturtlebot3_msgs__rosidl_typesupport_fastrtps_cpp.so
[1.489s] -- Up-to-date: /root/ros_workspace/install/turtlebot3_msgs/include/turtlebot3_msgs/turtlebot3_msgs
[1.489s] -- Up-to-date: /root/ros_workspace/install/turtlebot3_msgs/include/turtlebot3_msgs/turtlebot3_msgs/srv
[1.490s] -- Up-to-date: /root/ros_workspace/install/turtlebot3_msgs/include/turtlebot3_msgs/turtlebot3_msgs/srv/detail
[1.490s] -- Installing: /root/ros_workspace/install/turtlebot3_msgs/include/turtlebot3_msgs/turtlebot3_msgs/srv/detail/goal__type_support.c
[1.490s] -- Up-to-date: /root/ros_workspace/install/turtlebot3_msgs/include/turtlebot3_msgs/turtlebot3_msgs/srv/detail/dqn__rosidl_typesupport_introspection_c.h
[1.490s] -- Up-to-date: /root/ros_workspace/install/turtlebot3_msgs/include/turtlebot3_msgs/turtlebot3_msgs/srv/detail/sound__rosidl_typesupport_introspection_c.h
[1.491s] -- Installing: /root/ros_workspace/install/turtlebot3_msgs/include/turtlebot3_msgs/turtlebot3_msgs/srv/detail/sound__type_support.c
[1.492s] -- Up-to-date: /root/ros_workspace/install/turtlebot3_msgs/include/turtlebot3_msgs/turtlebot3_msgs/srv/detail/goal__rosidl_typesupport_introspection_c.h
[1.492s] -- Installing: /root/ros_workspace/install/turtlebot3_msgs/include/turtlebot3_msgs/turtlebot3_msgs/srv/detail/dqn__type_support.c
[1.492s] -- Up-to-date: /root/ros_workspace/install/turtlebot3_msgs/include/turtlebot3_msgs/turtlebot3_msgs/msg
[1.493s] -- Up-to-date: /root/ros_workspace/install/turtlebot3_msgs/include/turtlebot3_msgs/turtlebot3_msgs/msg/rosidl_typesupport_introspection_c__visibility_control.h
[1.493s] -- Up-to-date: /root/ros_workspace/install/turtlebot3_msgs/include/turtlebot3_msgs/turtlebot3_msgs/msg/detail
[1.493s] -- Up-to-date: /root/ros_workspace/install/turtlebot3_msgs/include/turtlebot3_msgs/turtlebot3_msgs/msg/detail/sensor_state__rosidl_typesupport_introspection_c.h
[1.493s] -- Installing: /root/ros_workspace/install/turtlebot3_msgs/include/turtlebot3_msgs/turtlebot3_msgs/msg/detail/version_info__type_support.c
[1.493s] -- Up-to-date: /root/ros_workspace/install/turtlebot3_msgs/include/turtlebot3_msgs/turtlebot3_msgs/msg/detail/sound__rosidl_typesupport_introspection_c.h
[1.494s] -- Installing: /root/ros_workspace/install/turtlebot3_msgs/include/turtlebot3_msgs/turtlebot3_msgs/msg/detail/sound__type_support.c
[1.494s] -- Installing: /root/ros_workspace/install/turtlebot3_msgs/include/turtlebot3_msgs/turtlebot3_msgs/msg/detail/sensor_state__type_support.c
[1.494s] -- Up-to-date: /root/ros_workspace/install/turtlebot3_msgs/include/turtlebot3_msgs/turtlebot3_msgs/msg/detail/version_info__rosidl_typesupport_introspection_c.h
[1.495s] -- Up-to-date: /root/ros_workspace/install/turtlebot3_msgs/include/turtlebot3_msgs/turtlebot3_msgs/action
[1.495s] -- Up-to-date: /root/ros_workspace/install/turtlebot3_msgs/include/turtlebot3_msgs/turtlebot3_msgs/action/detail
[1.495s] -- Up-to-date: /root/ros_workspace/install/turtlebot3_msgs/include/turtlebot3_msgs/turtlebot3_msgs/action/detail/patrol__rosidl_typesupport_introspection_c.h
[1.495s] -- Installing: /root/ros_workspace/install/turtlebot3_msgs/include/turtlebot3_msgs/turtlebot3_msgs/action/detail/patrol__type_support.c
[1.496s] -- Up-to-date: /root/ros_workspace/install/turtlebot3_msgs/lib/libturtlebot3_msgs__rosidl_typesupport_introspection_c.so
[1.496s] -- Up-to-date: /root/ros_workspace/install/turtlebot3_msgs/lib/libturtlebot3_msgs__rosidl_typesupport_c.so
[1.496s] -- Up-to-date: /root/ros_workspace/install/turtlebot3_msgs/include/turtlebot3_msgs/turtlebot3_msgs
[1.497s] -- Up-to-date: /root/ros_workspace/install/turtlebot3_msgs/include/turtlebot3_msgs/turtlebot3_msgs/srv
[1.497s] -- Up-to-date: /root/ros_workspace/install/turtlebot3_msgs/include/turtlebot3_msgs/turtlebot3_msgs/srv/detail
[1.497s] -- Up-to-date: /root/ros_workspace/install/turtlebot3_msgs/include/turtlebot3_msgs/turtlebot3_msgs/srv/detail/sound__rosidl_typesupport_introspection_cpp.hpp
[1.497s] -- Up-to-date: /root/ros_workspace/install/turtlebot3_msgs/include/turtlebot3_msgs/turtlebot3_msgs/srv/detail/dqn__rosidl_typesupport_introspection_cpp.hpp
[1.497s] -- Up-to-date: /root/ros_workspace/install/turtlebot3_msgs/include/turtlebot3_msgs/turtlebot3_msgs/srv/detail/sound__type_support.cpp
[1.498s] -- Up-to-date: /root/ros_workspace/install/turtlebot3_msgs/include/turtlebot3_msgs/turtlebot3_msgs/srv/detail/dqn__type_support.cpp
[1.498s] -- Up-to-date: /root/ros_workspace/install/turtlebot3_msgs/include/turtlebot3_msgs/turtlebot3_msgs/srv/detail/goal__rosidl_typesupport_introspection_cpp.hpp
[1.498s] -- Up-to-date: /root/ros_workspace/install/turtlebot3_msgs/include/turtlebot3_msgs/turtlebot3_msgs/srv/detail/goal__type_support.cpp
[1.498s] -- Up-to-date: /root/ros_workspace/install/turtlebot3_msgs/include/turtlebot3_msgs/turtlebot3_msgs/msg
[1.499s] -- Up-to-date: /root/ros_workspace/install/turtlebot3_msgs/include/turtlebot3_msgs/turtlebot3_msgs/msg/detail
[1.499s] -- Up-to-date: /root/ros_workspace/install/turtlebot3_msgs/include/turtlebot3_msgs/turtlebot3_msgs/msg/detail/version_info__rosidl_typesupport_introspection_cpp.hpp
[1.499s] -- Up-to-date: /root/ros_workspace/install/turtlebot3_msgs/include/turtlebot3_msgs/turtlebot3_msgs/msg/detail/sound__rosidl_typesupport_introspection_cpp.hpp
[1.499s] -- Up-to-date: /root/ros_workspace/install/turtlebot3_msgs/include/turtlebot3_msgs/turtlebot3_msgs/msg/detail/sensor_state__type_support.cpp
[1.500s] -- Up-to-date: /root/ros_workspace/install/turtlebot3_msgs/include/turtlebot3_msgs/turtlebot3_msgs/msg/detail/sound__type_support.cpp
[1.500s] -- Up-to-date: /root/ros_workspace/install/turtlebot3_msgs/include/turtlebot3_msgs/turtlebot3_msgs/msg/detail/version_info__type_support.cpp
[1.500s] -- Up-to-date: /root/ros_workspace/install/turtlebot3_msgs/include/turtlebot3_msgs/turtlebot3_msgs/msg/detail/sensor_state__rosidl_typesupport_introspection_cpp.hpp
[1.500s] -- Up-to-date: /root/ros_workspace/install/turtlebot3_msgs/include/turtlebot3_msgs/turtlebot3_msgs/action
[1.500s] -- Up-to-date: /root/ros_workspace/install/turtlebot3_msgs/include/turtlebot3_msgs/turtlebot3_msgs/action/detail
[1.501s] -- Up-to-date: /root/ros_workspace/install/turtlebot3_msgs/include/turtlebot3_msgs/turtlebot3_msgs/action/detail/patrol__type_support.cpp
[1.501s] -- Up-to-date: /root/ros_workspace/install/turtlebot3_msgs/include/turtlebot3_msgs/turtlebot3_msgs/action/detail/patrol__rosidl_typesupport_introspection_cpp.hpp
[1.501s] -- Up-to-date: /root/ros_workspace/install/turtlebot3_msgs/lib/libturtlebot3_msgs__rosidl_typesupport_introspection_cpp.so
[1.502s] -- Up-to-date: /root/ros_workspace/install/turtlebot3_msgs/lib/libturtlebot3_msgs__rosidl_typesupport_cpp.so
[1.502s] -- Up-to-date: /root/ros_workspace/install/turtlebot3_msgs/share/turtlebot3_msgs/environment/pythonpath.sh
[1.503s] -- Up-to-date: /root/ros_workspace/install/turtlebot3_msgs/share/turtlebot3_msgs/environment/pythonpath.dsv
[1.503s] -- Up-to-date: /root/ros_workspace/install/turtlebot3_msgs/lib/python3.12/site-packages/turtlebot3_msgs-2.4.0-py3.12.egg-info
[1.504s] -- Installing: /root/ros_workspace/install/turtlebot3_msgs/lib/python3.12/site-packages/turtlebot3_msgs-2.4.0-py3.12.egg-info/top_level.txt
[1.504s] -- Installing: /root/ros_workspace/install/turtlebot3_msgs/lib/python3.12/site-packages/turtlebot3_msgs-2.4.0-py3.12.egg-info/dependency_links.txt
[1.505s] -- Installing: /root/ros_workspace/install/turtlebot3_msgs/lib/python3.12/site-packages/turtlebot3_msgs-2.4.0-py3.12.egg-info/SOURCES.txt
[1.506s] -- Installing: /root/ros_workspace/install/turtlebot3_msgs/lib/python3.12/site-packages/turtlebot3_msgs-2.4.0-py3.12.egg-info/PKG-INFO
[1.506s] -- Up-to-date: /root/ros_workspace/install/turtlebot3_msgs/lib/python3.12/site-packages/turtlebot3_msgs
[1.506s] -- Up-to-date: /root/ros_workspace/install/turtlebot3_msgs/lib/python3.12/site-packages/turtlebot3_msgs/_turtlebot3_msgs_s.ep.rosidl_typesupport_fastrtps_c.c
[1.507s] -- Up-to-date: /root/ros_workspace/install/turtlebot3_msgs/lib/python3.12/site-packages/turtlebot3_msgs/turtlebot3_msgs_s__rosidl_typesupport_c.so
[1.507s] -- Up-to-date: /root/ros_workspace/install/turtlebot3_msgs/lib/python3.12/site-packages/turtlebot3_msgs/srv
[1.507s] -- Up-to-date: /root/ros_workspace/install/turtlebot3_msgs/lib/python3.12/site-packages/turtlebot3_msgs/srv/_dqn_s.c
[1.507s] -- Up-to-date: /root/ros_workspace/install/turtlebot3_msgs/lib/python3.12/site-packages/turtlebot3_msgs/srv/_sound_s.c
[1.508s] -- Up-to-date: /root/ros_workspace/install/turtlebot3_msgs/lib/python3.12/site-packages/turtlebot3_msgs/srv/_sound.py
[1.508s] -- Up-to-date: /root/ros_workspace/install/turtlebot3_msgs/lib/python3.12/site-packages/turtlebot3_msgs/srv/_goal.py
[1.508s] -- Up-to-date: /root/ros_workspace/install/turtlebot3_msgs/lib/python3.12/site-packages/turtlebot3_msgs/srv/__init__.py
[1.508s] -- Up-to-date: /root/ros_workspace/install/turtlebot3_msgs/lib/python3.12/site-packages/turtlebot3_msgs/srv/_goal_s.c
[1.509s] -- Up-to-date: /root/ros_workspace/install/turtlebot3_msgs/lib/python3.12/site-packages/turtlebot3_msgs/srv/_dqn.py
[1.509s] -- Up-to-date: /root/ros_workspace/install/turtlebot3_msgs/lib/python3.12/site-packages/turtlebot3_msgs/_turtlebot3_msgs_s.ep.rosidl_typesupport_c.c
[1.509s] -- Up-to-date: /root/ros_workspace/install/turtlebot3_msgs/lib/python3.12/site-packages/turtlebot3_msgs/msg
[1.510s] -- Up-to-date: /root/ros_workspace/install/turtlebot3_msgs/lib/python3.12/site-packages/turtlebot3_msgs/msg/_sensor_state.py
[1.510s] -- Up-to-date: /root/ros_workspace/install/turtlebot3_msgs/lib/python3.12/site-packages/turtlebot3_msgs/msg/_sound_s.c
[1.511s] -- Up-to-date: /root/ros_workspace/install/turtlebot3_msgs/lib/python3.12/site-packages/turtlebot3_msgs/msg/_sound.py
[1.511s] -- Up-to-date: /root/ros_workspace/install/turtlebot3_msgs/lib/python3.12/site-packages/turtlebot3_msgs/msg/_version_info.py
[1.511s] -- Up-to-date: /root/ros_workspace/install/turtlebot3_msgs/lib/python3.12/site-packages/turtlebot3_msgs/msg/_sensor_state_s.c
[1.511s] -- Up-to-date: /root/ros_workspace/install/turtlebot3_msgs/lib/python3.12/site-packages/turtlebot3_msgs/msg/__init__.py
[1.512s] -- Up-to-date: /root/ros_workspace/install/turtlebot3_msgs/lib/python3.12/site-packages/turtlebot3_msgs/msg/_version_info_s.c
[1.512s] -- Up-to-date: /root/ros_workspace/install/turtlebot3_msgs/lib/python3.12/site-packages/turtlebot3_msgs/_turtlebot3_msgs_s.ep.rosidl_typesupport_introspection_c.c
[1.512s] -- Up-to-date: /root/ros_workspace/install/turtlebot3_msgs/lib/python3.12/site-packages/turtlebot3_msgs/turtlebot3_msgs_s__rosidl_typesupport_introspection_c.so
[1.512s] -- Up-to-date: /root/ros_workspace/install/turtlebot3_msgs/lib/python3.12/site-packages/turtlebot3_msgs/__init__.py
[1.513s] -- Up-to-date: /root/ros_workspace/install/turtlebot3_msgs/lib/python3.12/site-packages/turtlebot3_msgs/turtlebot3_msgs_s__rosidl_typesupport_fastrtps_c.so
[1.515s] -- Up-to-date: /root/ros_workspace/install/turtlebot3_msgs/lib/python3.12/site-packages/turtlebot3_msgs/action
[1.515s] -- Up-to-date: /root/ros_workspace/install/turtlebot3_msgs/lib/python3.12/site-packages/turtlebot3_msgs/action/_patrol.py
[1.516s] -- Up-to-date: /root/ros_workspace/install/turtlebot3_msgs/lib/python3.12/site-packages/turtlebot3_msgs/action/_patrol_s.c
[1.516s] -- Up-to-date: /root/ros_workspace/install/turtlebot3_msgs/lib/python3.12/site-packages/turtlebot3_msgs/action/__init__.py
[1.537s] Listing '/root/ros_workspace/install/turtlebot3_msgs/lib/python3.12/site-packages/turtlebot3_msgs'...
[1.538s] Listing '/root/ros_workspace/install/turtlebot3_msgs/lib/python3.12/site-packages/turtlebot3_msgs/action'...
[1.538s] Listing '/root/ros_workspace/install/turtlebot3_msgs/lib/python3.12/site-packages/turtlebot3_msgs/msg'...
[1.538s] Listing '/root/ros_workspace/install/turtlebot3_msgs/lib/python3.12/site-packages/turtlebot3_msgs/srv'...
[1.539s] -- Up-to-date: /root/ros_workspace/install/turtlebot3_msgs/lib/python3.12/site-packages/turtlebot3_msgs/turtlebot3_msgs_s__rosidl_typesupport_fastrtps_c.so
[1.539s] -- Up-to-date: /root/ros_workspace/install/turtlebot3_msgs/lib/python3.12/site-packages/turtlebot3_msgs/turtlebot3_msgs_s__rosidl_typesupport_introspection_c.so
[1.539s] -- Up-to-date: /root/ros_workspace/install/turtlebot3_msgs/lib/python3.12/site-packages/turtlebot3_msgs/turtlebot3_msgs_s__rosidl_typesupport_c.so
[1.540s] -- Up-to-date: /root/ros_workspace/install/turtlebot3_msgs/lib/libturtlebot3_msgs__rosidl_generator_py.so
[1.540s] -- Up-to-date: /root/ros_workspace/install/turtlebot3_msgs/share/turtlebot3_msgs/msg/SensorState.idl
[1.540s] -- Up-to-date: /root/ros_workspace/install/turtlebot3_msgs/share/turtlebot3_msgs/msg/Sound.idl
[1.540s] -- Up-to-date: /root/ros_workspace/install/turtlebot3_msgs/share/turtlebot3_msgs/msg/VersionInfo.idl
[1.541s] -- Up-to-date: /root/ros_workspace/install/turtlebot3_msgs/share/turtlebot3_msgs/srv/Sound.idl
[1.541s] -- Up-to-date: /root/ros_workspace/install/turtlebot3_msgs/share/turtlebot3_msgs/srv/Dqn.idl
[1.541s] -- Up-to-date: /root/ros_workspace/install/turtlebot3_msgs/share/turtlebot3_msgs/srv/Goal.idl
[1.542s] -- Up-to-date: /root/ros_workspace/install/turtlebot3_msgs/share/turtlebot3_msgs/action/Patrol.idl
[1.542s] -- Up-to-date: /root/ros_workspace/install/turtlebot3_msgs/share/turtlebot3_msgs/msg/SensorState.msg
[1.542s] -- Up-to-date: /root/ros_workspace/install/turtlebot3_msgs/share/turtlebot3_msgs/msg/Sound.msg
[1.542s] -- Up-to-date: /root/ros_workspace/install/turtlebot3_msgs/share/turtlebot3_msgs/msg/VersionInfo.msg
[1.542s] -- Up-to-date: /root/ros_workspace/install/turtlebot3_msgs/share/turtlebot3_msgs/srv/Sound.srv
[1.543s] -- Up-to-date: /root/ros_workspace/install/turtlebot3_msgs/share/turtlebot3_msgs/srv/Dqn.srv
[1.543s] -- Up-to-date: /root/ros_workspace/install/turtlebot3_msgs/share/turtlebot3_msgs/srv/Goal.srv
[1.543s] -- Up-to-date: /root/ros_workspace/install/turtlebot3_msgs/share/turtlebot3_msgs/action/Patrol.action
[1.544s] -- Up-to-date: /root/ros_workspace/install/turtlebot3_msgs/share/ament_index/resource_index/package_run_dependencies/turtlebot3_msgs
[1.544s] -- Up-to-date: /root/ros_workspace/install/turtlebot3_msgs/share/ament_index/resource_index/parent_prefix_path/turtlebot3_msgs
[1.544s] -- Up-to-date: /root/ros_workspace/install/turtlebot3_msgs/share/turtlebot3_msgs/environment/ament_prefix_path.sh
[1.545s] -- Up-to-date: /root/ros_workspace/install/turtlebot3_msgs/share/turtlebot3_msgs/environment/ament_prefix_path.dsv
[1.545s] -- Up-to-date: /root/ros_workspace/install/turtlebot3_msgs/share/turtlebot3_msgs/environment/path.sh
[1.545s] -- Up-to-date: /root/ros_workspace/install/turtlebot3_msgs/share/turtlebot3_msgs/environment/path.dsv
[1.546s] -- Up-to-date: /root/ros_workspace/install/turtlebot3_msgs/share/turtlebot3_msgs/local_setup.bash
[1.546s] -- Up-to-date: /root/ros_workspace/install/turtlebot3_msgs/share/turtlebot3_msgs/local_setup.sh
[1.546s] -- Up-to-date: /root/ros_workspace/install/turtlebot3_msgs/share/turtlebot3_msgs/local_setup.zsh
[1.546s] -- Up-to-date: /root/ros_workspace/install/turtlebot3_msgs/share/turtlebot3_msgs/local_setup.dsv
[1.547s] -- Installing: /root/ros_workspace/install/turtlebot3_msgs/share/turtlebot3_msgs/package.dsv
[1.547s] -- Up-to-date: /root/ros_workspace/install/turtlebot3_msgs/share/ament_index/resource_index/packages/turtlebot3_msgs
[1.547s] -- Up-to-date: /root/ros_workspace/install/turtlebot3_msgs/share/turtlebot3_msgs/cmake/export_turtlebot3_msgs__rosidl_generator_cExport.cmake
[1.547s] -- Up-to-date: /root/ros_workspace/install/turtlebot3_msgs/share/turtlebot3_msgs/cmake/export_turtlebot3_msgs__rosidl_generator_cExport-noconfig.cmake
[1.548s] -- Up-to-date: /root/ros_workspace/install/turtlebot3_msgs/share/turtlebot3_msgs/cmake/export_turtlebot3_msgs__rosidl_typesupport_fastrtps_cExport.cmake
[1.548s] -- Up-to-date: /root/ros_workspace/install/turtlebot3_msgs/share/turtlebot3_msgs/cmake/export_turtlebot3_msgs__rosidl_typesupport_fastrtps_cExport-noconfig.cmake
[1.548s] -- Up-to-date: /root/ros_workspace/install/turtlebot3_msgs/share/turtlebot3_msgs/cmake/export_turtlebot3_msgs__rosidl_generator_cppExport.cmake
[1.549s] -- Up-to-date: /root/ros_workspace/install/turtlebot3_msgs/share/turtlebot3_msgs/cmake/export_turtlebot3_msgs__rosidl_typesupport_fastrtps_cppExport.cmake
[1.549s] -- Up-to-date: /root/ros_workspace/install/turtlebot3_msgs/share/turtlebot3_msgs/cmake/export_turtlebot3_msgs__rosidl_typesupport_fastrtps_cppExport-noconfig.cmake
[1.549s] -- Up-to-date: /root/ros_workspace/install/turtlebot3_msgs/share/turtlebot3_msgs/cmake/turtlebot3_msgs__rosidl_typesupport_introspection_cExport.cmake
[1.549s] -- Up-to-date: /root/ros_workspace/install/turtlebot3_msgs/share/turtlebot3_msgs/cmake/turtlebot3_msgs__rosidl_typesupport_introspection_cExport-noconfig.cmake
[1.549s] -- Up-to-date: /root/ros_workspace/install/turtlebot3_msgs/share/turtlebot3_msgs/cmake/turtlebot3_msgs__rosidl_typesupport_cExport.cmake
[1.550s] -- Up-to-date: /root/ros_workspace/install/turtlebot3_msgs/share/turtlebot3_msgs/cmake/turtlebot3_msgs__rosidl_typesupport_cExport-noconfig.cmake
[1.550s] -- Up-to-date: /root/ros_workspace/install/turtlebot3_msgs/share/turtlebot3_msgs/cmake/turtlebot3_msgs__rosidl_typesupport_introspection_cppExport.cmake
[1.550s] -- Up-to-date: /root/ros_workspace/install/turtlebot3_msgs/share/turtlebot3_msgs/cmake/turtlebot3_msgs__rosidl_typesupport_introspection_cppExport-noconfig.cmake
[1.550s] -- Up-to-date: /root/ros_workspace/install/turtlebot3_msgs/share/turtlebot3_msgs/cmake/turtlebot3_msgs__rosidl_typesupport_cppExport.cmake
[1.551s] -- Up-to-date: /root/ros_workspace/install/turtlebot3_msgs/share/turtlebot3_msgs/cmake/turtlebot3_msgs__rosidl_typesupport_cppExport-noconfig.cmake
[1.551s] -- Up-to-date: /root/ros_workspace/install/turtlebot3_msgs/share/turtlebot3_msgs/cmake/export_turtlebot3_msgs__rosidl_generator_pyExport.cmake
[1.551s] -- Up-to-date: /root/ros_workspace/install/turtlebot3_msgs/share/turtlebot3_msgs/cmake/export_turtlebot3_msgs__rosidl_generator_pyExport-noconfig.cmake
[1.551s] -- Up-to-date: /root/ros_workspace/install/turtlebot3_msgs/share/turtlebot3_msgs/cmake/rosidl_cmake-extras.cmake
[1.552s] -- Up-to-date: /root/ros_workspace/install/turtlebot3_msgs/share/turtlebot3_msgs/cmake/ament_cmake_export_dependencies-extras.cmake
[1.552s] -- Up-to-date: /root/ros_workspace/install/turtlebot3_msgs/share/turtlebot3_msgs/cmake/ament_cmake_export_include_directories-extras.cmake
[1.552s] -- Up-to-date: /root/ros_workspace/install/turtlebot3_msgs/share/turtlebot3_msgs/cmake/ament_cmake_export_libraries-extras.cmake
[1.553s] -- Up-to-date: /root/ros_workspace/install/turtlebot3_msgs/share/turtlebot3_msgs/cmake/ament_cmake_export_targets-extras.cmake
[1.553s] -- Up-to-date: /root/ros_workspace/install/turtlebot3_msgs/share/turtlebot3_msgs/cmake/rosidl_cmake_export_typesupport_targets-extras.cmake
[1.553s] -- Up-to-date: /root/ros_workspace/install/turtlebot3_msgs/share/turtlebot3_msgs/cmake/rosidl_cmake_export_typesupport_libraries-extras.cmake
[1.553s] -- Up-to-date: /root/ros_workspace/install/turtlebot3_msgs/share/turtlebot3_msgs/cmake/turtlebot3_msgsConfig.cmake
[1.554s] -- Up-to-date: /root/ros_workspace/install/turtlebot3_msgs/share/turtlebot3_msgs/cmake/turtlebot3_msgsConfig-version.cmake
[1.554s] -- Up-to-date: /root/ros_workspace/install/turtlebot3_msgs/share/turtlebot3_msgs/package.xml
[1.687s] Invoked command in '/root/ros_workspace/build/turtlebot3_msgs' returned '0': CMAKE_PREFIX_PATH=${CMAKE_PREFIX_PATH}:/root/ros_workspace/install/turtlebot3_teleop:/root/ros_workspace/install/turtlebot3_example:/root/ros_workspace/install/dynamic_obstacle_detector:/opt/ros/jazzy /usr/bin/cmake --install /root/ros_workspace/build/turtlebot3_msgs
