[0.049s] Invoking command in '/root/ros_workspace/build/turtlebot3_description': CMAKE_PREFIX_PATH=${CMAKE_PREFIX_PATH}:/root/ros_workspace/install/turtlebot3_teleop:/root/ros_workspace/install/turtlebot3_example:/root/ros_workspace/install/dynamic_obstacle_detector:/opt/ros/jazzy /usr/bin/cmake --build /root/ros_workspace/build/turtlebot3_description -- -j12 -l12
[0.631s] Invoked command in '/root/ros_workspace/build/turtlebot3_description' returned '0': CMAKE_PREFIX_PATH=${CMAKE_PREFIX_PATH}:/root/ros_workspace/install/turtlebot3_teleop:/root/ros_workspace/install/turtlebot3_example:/root/ros_workspace/install/dynamic_obstacle_detector:/opt/ros/jazzy /usr/bin/cmake --build /root/ros_workspace/build/turtlebot3_description -- -j12 -l12
[0.643s] Invoking command in '/root/ros_workspace/build/turtlebot3_description': CMAKE_PREFIX_PATH=${CMAKE_PREFIX_PATH}:/root/ros_workspace/install/turtlebot3_teleop:/root/ros_workspace/install/turtlebot3_example:/root/ros_workspace/install/dynamic_obstacle_detector:/opt/ros/jazzy /usr/bin/cmake --install /root/ros_workspace/build/turtlebot3_description
[0.654s] -- Install configuration: ""
[0.655s] -- Up-to-date: /root/ros_workspace/install/turtlebot3_description/share/turtlebot3_description/meshes
[0.655s] -- Up-to-date: /root/ros_workspace/install/turtlebot3_description/share/turtlebot3_description/meshes/wheels
[0.655s] -- Up-to-date: /root/ros_workspace/install/turtlebot3_description/share/turtlebot3_description/meshes/wheels/right_tire.stl
[0.656s] -- Up-to-date: /root/ros_workspace/install/turtlebot3_description/share/turtlebot3_description/meshes/wheels/left_tire.stl
[0.657s] -- Up-to-date: /root/ros_workspace/install/turtlebot3_description/share/turtlebot3_description/meshes/sensors
[0.657s] -- Up-to-date: /root/ros_workspace/install/turtlebot3_description/share/turtlebot3_description/meshes/sensors/r200.dae
[0.657s] -- Up-to-date: /root/ros_workspace/install/turtlebot3_description/share/turtlebot3_description/meshes/sensors/r200.jpg
[0.657s] -- Up-to-date: /root/ros_workspace/install/turtlebot3_description/share/turtlebot3_description/meshes/sensors/astra.dae
[0.658s] -- Up-to-date: /root/ros_workspace/install/turtlebot3_description/share/turtlebot3_description/meshes/sensors/astra.jpg
[0.658s] -- Up-to-date: /root/ros_workspace/install/turtlebot3_description/share/turtlebot3_description/meshes/sensors/lds.stl
[0.658s] -- Up-to-date: /root/ros_workspace/install/turtlebot3_description/share/turtlebot3_description/meshes/bases
[0.658s] -- Up-to-date: /root/ros_workspace/install/turtlebot3_description/share/turtlebot3_description/meshes/bases/waffle_base.stl
[0.658s] -- Up-to-date: /root/ros_workspace/install/turtlebot3_description/share/turtlebot3_description/meshes/bases/waffle_pi_base.stl
[0.658s] -- Up-to-date: /root/ros_workspace/install/turtlebot3_description/share/turtlebot3_description/meshes/bases/burger_base.stl
[0.659s] -- Up-to-date: /root/ros_workspace/install/turtlebot3_description/share/turtlebot3_description/rviz
[0.659s] -- Up-to-date: /root/ros_workspace/install/turtlebot3_description/share/turtlebot3_description/rviz/model.rviz
[0.659s] -- Up-to-date: /root/ros_workspace/install/turtlebot3_description/share/turtlebot3_description/urdf
[0.659s] -- Up-to-date: /root/ros_workspace/install/turtlebot3_description/share/turtlebot3_description/urdf/turtlebot3_waffle_pi.urdf
[0.659s] -- Up-to-date: /root/ros_workspace/install/turtlebot3_description/share/turtlebot3_description/urdf/common_properties.urdf
[0.659s] -- Up-to-date: /root/ros_workspace/install/turtlebot3_description/share/turtlebot3_description/urdf/turtlebot3_burger.urdf
[0.660s] -- Up-to-date: /root/ros_workspace/install/turtlebot3_description/share/turtlebot3_description/urdf/turtlebot3_waffle.urdf
[0.660s] -- Up-to-date: /root/ros_workspace/install/turtlebot3_description/share/ament_index/resource_index/package_run_dependencies/turtlebot3_description
[0.660s] -- Up-to-date: /root/ros_workspace/install/turtlebot3_description/share/ament_index/resource_index/parent_prefix_path/turtlebot3_description
[0.661s] -- Up-to-date: /root/ros_workspace/install/turtlebot3_description/share/turtlebot3_description/environment/ament_prefix_path.sh
[0.664s] -- Up-to-date: /root/ros_workspace/install/turtlebot3_description/share/turtlebot3_description/environment/ament_prefix_path.dsv
[0.664s] -- Up-to-date: /root/ros_workspace/install/turtlebot3_description/share/turtlebot3_description/environment/path.sh
[0.664s] -- Up-to-date: /root/ros_workspace/install/turtlebot3_description/share/turtlebot3_description/environment/path.dsv
[0.664s] -- Up-to-date: /root/ros_workspace/install/turtlebot3_description/share/turtlebot3_description/local_setup.bash
[0.664s] -- Up-to-date: /root/ros_workspace/install/turtlebot3_description/share/turtlebot3_description/local_setup.sh
[0.670s] -- Up-to-date: /root/ros_workspace/install/turtlebot3_description/share/turtlebot3_description/local_setup.zsh
[0.670s] -- Up-to-date: /root/ros_workspace/install/turtlebot3_description/share/turtlebot3_description/local_setup.dsv
[0.670s] -- Installing: /root/ros_workspace/install/turtlebot3_description/share/turtlebot3_description/package.dsv
[0.671s] -- Up-to-date: /root/ros_workspace/install/turtlebot3_description/share/ament_index/resource_index/packages/turtlebot3_description
[0.671s] -- Up-to-date: /root/ros_workspace/install/turtlebot3_description/share/turtlebot3_description/cmake/turtlebot3_descriptionConfig.cmake
[0.671s] -- Up-to-date: /root/ros_workspace/install/turtlebot3_description/share/turtlebot3_description/cmake/turtlebot3_descriptionConfig-version.cmake
[0.671s] -- Up-to-date: /root/ros_workspace/install/turtlebot3_description/share/turtlebot3_description/package.xml
[0.739s] Invoked command in '/root/ros_workspace/build/turtlebot3_description' returned '0': CMAKE_PREFIX_PATH=${CMAKE_PREFIX_PATH}:/root/ros_workspace/install/turtlebot3_teleop:/root/ros_workspace/install/turtlebot3_example:/root/ros_workspace/install/dynamic_obstacle_detector:/opt/ros/jazzy /usr/bin/cmake --install /root/ros_workspace/build/turtlebot3_description
