[0.040s] Invoking command in '/root/ros_workspace/build/turtlebot3_description': CMAKE_PREFIX_PATH=${CMAKE_PREFIX_PATH}:/opt/ros/jazzy /usr/bin/cmake /root/ros_workspace/src/turtlebot3/turtlebot3_description -DCMAKE_INSTALL_PREFIX=/root/ros_workspace/install/turtlebot3_description
[0.402s] -- The C compiler identification is GNU 13.3.0
[0.402s] -- The CXX compiler identification is GNU 13.3.0
[0.402s] -- Detecting C compiler ABI info
[0.403s] -- Detecting C compiler ABI info - done
[0.403s] -- Check for working C compiler: /usr/bin/cc - skipped
[0.403s] -- Detecting C compile features
[0.403s] -- Detecting C compile features - done
[0.408s] -- Detecting CXX compiler ABI info
[0.559s] -- Detecting CXX compiler ABI info - done
[0.574s] -- Check for working CXX compiler: /usr/bin/c++ - skipped
[0.576s] -- Detecting CXX compile features
[0.578s] -- Detecting CXX compile features - done
[0.585s] -- Found ament_cmake: 2.5.4 (/opt/ros/jazzy/share/ament_cmake/cmake)
[0.863s] -- Found Python3: /usr/bin/python3 (found version "3.12.3") found components: Interpreter 
[1.094s] -- Found urdf: 2.10.0 (/opt/ros/jazzy/share/urdf/cmake)
[1.183s] -- Found TinyXML2 via Config file: /usr/lib/x86_64-linux-gnu/cmake/tinyxml2
[1.352s] -- Configuring done (1.3s)
[1.361s] -- Generating done (0.0s)
[1.363s] -- Build files have been written to: /root/ros_workspace/build/turtlebot3_description
[1.378s] Invoked command in '/root/ros_workspace/build/turtlebot3_description' returned '0': CMAKE_PREFIX_PATH=${CMAKE_PREFIX_PATH}:/opt/ros/jazzy /usr/bin/cmake /root/ros_workspace/src/turtlebot3/turtlebot3_description -DCMAKE_INSTALL_PREFIX=/root/ros_workspace/install/turtlebot3_description
[1.379s] Invoking command in '/root/ros_workspace/build/turtlebot3_description': CMAKE_PREFIX_PATH=${CMAKE_PREFIX_PATH}:/opt/ros/jazzy /usr/bin/cmake --build /root/ros_workspace/build/turtlebot3_description -- -j12 -l12
[1.435s] Invoked command in '/root/ros_workspace/build/turtlebot3_description' returned '0': CMAKE_PREFIX_PATH=${CMAKE_PREFIX_PATH}:/opt/ros/jazzy /usr/bin/cmake --build /root/ros_workspace/build/turtlebot3_description -- -j12 -l12
[1.437s] Invoking command in '/root/ros_workspace/build/turtlebot3_description': CMAKE_PREFIX_PATH=${CMAKE_PREFIX_PATH}:/opt/ros/jazzy /usr/bin/cmake --install /root/ros_workspace/build/turtlebot3_description
[1.448s] -- Install configuration: ""
[1.448s] -- Installing: /root/ros_workspace/install/turtlebot3_description/share/turtlebot3_description/meshes
[1.449s] -- Installing: /root/ros_workspace/install/turtlebot3_description/share/turtlebot3_description/meshes/wheels
[1.449s] -- Installing: /root/ros_workspace/install/turtlebot3_description/share/turtlebot3_description/meshes/wheels/right_tire.stl
[1.450s] -- Installing: /root/ros_workspace/install/turtlebot3_description/share/turtlebot3_description/meshes/wheels/left_tire.stl
[1.451s] -- Installing: /root/ros_workspace/install/turtlebot3_description/share/turtlebot3_description/meshes/sensors
[1.451s] -- Installing: /root/ros_workspace/install/turtlebot3_description/share/turtlebot3_description/meshes/sensors/r200.dae
[1.451s] -- Installing: /root/ros_workspace/install/turtlebot3_description/share/turtlebot3_description/meshes/sensors/r200.jpg
[1.452s] -- Installing: /root/ros_workspace/install/turtlebot3_description/share/turtlebot3_description/meshes/sensors/astra.dae
[1.461s] -- Installing: /root/ros_workspace/install/turtlebot3_description/share/turtlebot3_description/meshes/sensors/astra.jpg
[1.461s] -- Installing: /root/ros_workspace/install/turtlebot3_description/share/turtlebot3_description/meshes/sensors/lds.stl
[1.462s] -- Installing: /root/ros_workspace/install/turtlebot3_description/share/turtlebot3_description/meshes/bases
[1.462s] -- Installing: /root/ros_workspace/install/turtlebot3_description/share/turtlebot3_description/meshes/bases/waffle_base.stl
[1.480s] -- Installing: /root/ros_workspace/install/turtlebot3_description/share/turtlebot3_description/meshes/bases/waffle_pi_base.stl
[1.492s] -- Installing: /root/ros_workspace/install/turtlebot3_description/share/turtlebot3_description/meshes/bases/burger_base.stl
[1.496s] -- Installing: /root/ros_workspace/install/turtlebot3_description/share/turtlebot3_description/rviz
[1.497s] -- Installing: /root/ros_workspace/install/turtlebot3_description/share/turtlebot3_description/rviz/model.rviz
[1.498s] -- Installing: /root/ros_workspace/install/turtlebot3_description/share/turtlebot3_description/urdf
[1.498s] -- Installing: /root/ros_workspace/install/turtlebot3_description/share/turtlebot3_description/urdf/turtlebot3_waffle_pi.urdf
[1.499s] -- Installing: /root/ros_workspace/install/turtlebot3_description/share/turtlebot3_description/urdf/common_properties.urdf
[1.499s] -- Installing: /root/ros_workspace/install/turtlebot3_description/share/turtlebot3_description/urdf/turtlebot3_burger.urdf
[1.500s] -- Installing: /root/ros_workspace/install/turtlebot3_description/share/turtlebot3_description/urdf/turtlebot3_waffle.urdf
[1.501s] -- Installing: /root/ros_workspace/install/turtlebot3_description/share/ament_index/resource_index/package_run_dependencies/turtlebot3_description
[1.502s] -- Installing: /root/ros_workspace/install/turtlebot3_description/share/ament_index/resource_index/parent_prefix_path/turtlebot3_description
[1.504s] -- Installing: /root/ros_workspace/install/turtlebot3_description/share/turtlebot3_description/environment/ament_prefix_path.sh
[1.509s] -- Installing: /root/ros_workspace/install/turtlebot3_description/share/turtlebot3_description/environment/ament_prefix_path.dsv
[1.509s] -- Installing: /root/ros_workspace/install/turtlebot3_description/share/turtlebot3_description/environment/path.sh
[1.509s] -- Installing: /root/ros_workspace/install/turtlebot3_description/share/turtlebot3_description/environment/path.dsv
[1.509s] -- Installing: /root/ros_workspace/install/turtlebot3_description/share/turtlebot3_description/local_setup.bash
[1.509s] -- Installing: /root/ros_workspace/install/turtlebot3_description/share/turtlebot3_description/local_setup.sh
[1.509s] -- Installing: /root/ros_workspace/install/turtlebot3_description/share/turtlebot3_description/local_setup.zsh
[1.509s] -- Installing: /root/ros_workspace/install/turtlebot3_description/share/turtlebot3_description/local_setup.dsv
[1.510s] -- Installing: /root/ros_workspace/install/turtlebot3_description/share/turtlebot3_description/package.dsv
[1.510s] -- Installing: /root/ros_workspace/install/turtlebot3_description/share/ament_index/resource_index/packages/turtlebot3_description
[1.513s] -- Installing: /root/ros_workspace/install/turtlebot3_description/share/turtlebot3_description/cmake/turtlebot3_descriptionConfig.cmake
[1.513s] -- Installing: /root/ros_workspace/install/turtlebot3_description/share/turtlebot3_description/cmake/turtlebot3_descriptionConfig-version.cmake
[1.513s] -- Installing: /root/ros_workspace/install/turtlebot3_description/share/turtlebot3_description/package.xml
[1.529s] Invoked command in '/root/ros_workspace/build/turtlebot3_description' returned '0': CMAKE_PREFIX_PATH=${CMAKE_PREFIX_PATH}:/opt/ros/jazzy /usr/bin/cmake --install /root/ros_workspace/build/turtlebot3_description
