[1.755s] Invoking command in '/root/ros_workspace/src/turtlebot3/turtlebot3_teleop': PYTHONPATH=/root/ros_workspace/build/turtlebot3_teleop/prefix_override:/usr/lib/python3/dist-packages/colcon_core/task/python/colcon_distutils_commands:/root/ros_workspace/install/turtlebot3_teleop/lib/python3.12/site-packages:${PYTHONPATH} /usr/bin/python3 -W ignore:setup.py install is deprecated -W ignore:easy_install command is deprecated setup.py egg_info --egg-base ../../../build/turtlebot3_teleop build --build-base /root/ros_workspace/build/turtlebot3_teleop/build install --record /root/ros_workspace/build/turtlebot3_teleop/install.log --single-version-externally-managed install_data
[2.042s] running egg_info
[2.076s] writing ../../../build/turtlebot3_teleop/turtlebot3_teleop.egg-info/PKG-INFO
[2.076s] writing dependency_links to ../../../build/turtlebot3_teleop/turtlebot3_teleop.egg-info/dependency_links.txt
[2.077s] writing entry points to ../../../build/turtlebot3_teleop/turtlebot3_teleop.egg-info/entry_points.txt
[2.077s] writing requirements to ../../../build/turtlebot3_teleop/turtlebot3_teleop.egg-info/requires.txt
[2.077s] writing top-level names to ../../../build/turtlebot3_teleop/turtlebot3_teleop.egg-info/top_level.txt
[2.117s] reading manifest file '../../../build/turtlebot3_teleop/turtlebot3_teleop.egg-info/SOURCES.txt'
[2.119s] writing manifest file '../../../build/turtlebot3_teleop/turtlebot3_teleop.egg-info/SOURCES.txt'
[2.120s] running build
[2.120s] running build_py
[2.121s] running install
[2.129s] running install_lib
[2.156s] running install_data
[2.156s] running install_egg_info
[2.178s] removing '/root/ros_workspace/install/turtlebot3_teleop/lib/python3.12/site-packages/turtlebot3_teleop-2.3.1-py3.12.egg-info' (and everything under it)
[2.179s] Copying ../../../build/turtlebot3_teleop/turtlebot3_teleop.egg-info to /root/ros_workspace/install/turtlebot3_teleop/lib/python3.12/site-packages/turtlebot3_teleop-2.3.1-py3.12.egg-info
[2.180s] running install_scripts
[2.311s] Installing teleop_keyboard script to /root/ros_workspace/install/turtlebot3_teleop/lib/turtlebot3_teleop
[2.312s] writing list of installed files to '/root/ros_workspace/build/turtlebot3_teleop/install.log'
[2.341s] Invoked command in '/root/ros_workspace/src/turtlebot3/turtlebot3_teleop' returned '0': PYTHONPATH=/root/ros_workspace/build/turtlebot3_teleop/prefix_override:/usr/lib/python3/dist-packages/colcon_core/task/python/colcon_distutils_commands:/root/ros_workspace/install/turtlebot3_teleop/lib/python3.12/site-packages:${PYTHONPATH} /usr/bin/python3 -W ignore:setup.py install is deprecated -W ignore:easy_install command is deprecated setup.py egg_info --egg-base ../../../build/turtlebot3_teleop build --build-base /root/ros_workspace/build/turtlebot3_teleop/build install --record /root/ros_workspace/build/turtlebot3_teleop/install.log --single-version-externally-managed install_data
