[0.045s] Invoking command in '/root/ros_workspace/build/turtlebot3_navigation2': CMAKE_PREFIX_PATH=${CMAKE_PREFIX_PATH}:/root/ros_workspace/install/turtlebot3_teleop:/root/ros_workspace/install/turtlebot3_example:/root/ros_workspace/install/dynamic_obstacle_detector:/opt/ros/jazzy /usr/bin/cmake --build /root/ros_workspace/build/turtlebot3_navigation2 -- -j12 -l12
[0.799s] Invoked command in '/root/ros_workspace/build/turtlebot3_navigation2' returned '0': CMAKE_PREFIX_PATH=${CMAKE_PREFIX_PATH}:/root/ros_workspace/install/turtlebot3_teleop:/root/ros_workspace/install/turtlebot3_example:/root/ros_workspace/install/dynamic_obstacle_detector:/opt/ros/jazzy /usr/bin/cmake --build /root/ros_workspace/build/turtlebot3_navigation2 -- -j12 -l12
[0.800s] Invoking command in '/root/ros_workspace/build/turtlebot3_navigation2': CMAKE_PREFIX_PATH=${CMAKE_PREFIX_PATH}:/root/ros_workspace/install/turtlebot3_teleop:/root/ros_workspace/install/turtlebot3_example:/root/ros_workspace/install/dynamic_obstacle_detector:/opt/ros/jazzy /usr/bin/cmake --install /root/ros_workspace/build/turtlebot3_navigation2
[0.825s] -- Install configuration: ""
[0.825s] -- Up-to-date: /root/ros_workspace/install/turtlebot3_navigation2/share/turtlebot3_navigation2/launch
[0.825s] -- Up-to-date: /root/ros_workspace/install/turtlebot3_navigation2/share/turtlebot3_navigation2/launch/navigation2.launch.py
[0.825s] -- Up-to-date: /root/ros_workspace/install/turtlebot3_navigation2/share/turtlebot3_navigation2/map
[0.826s] -- Up-to-date: /root/ros_workspace/install/turtlebot3_navigation2/share/turtlebot3_navigation2/map/map.pgm
[0.826s] -- Up-to-date: /root/ros_workspace/install/turtlebot3_navigation2/share/turtlebot3_navigation2/map/empty_map.yaml
[0.826s] -- Up-to-date: /root/ros_workspace/install/turtlebot3_navigation2/share/turtlebot3_navigation2/map/map.yaml
[0.844s] -- Up-to-date: /root/ros_workspace/install/turtlebot3_navigation2/share/turtlebot3_navigation2/map/empty_map.pgm
[0.844s] -- Up-to-date: /root/ros_workspace/install/turtlebot3_navigation2/share/turtlebot3_navigation2/param
[0.844s] -- Up-to-date: /root/ros_workspace/install/turtlebot3_navigation2/share/turtlebot3_navigation2/param/waffle.yaml
[0.844s] -- Up-to-date: /root/ros_workspace/install/turtlebot3_navigation2/share/turtlebot3_navigation2/param/humble
[0.845s] -- Up-to-date: /root/ros_workspace/install/turtlebot3_navigation2/share/turtlebot3_navigation2/param/humble/waffle.yaml
[0.846s] -- Up-to-date: /root/ros_workspace/install/turtlebot3_navigation2/share/turtlebot3_navigation2/param/humble/waffle_pi.yaml
[0.847s] -- Up-to-date: /root/ros_workspace/install/turtlebot3_navigation2/share/turtlebot3_navigation2/param/humble/burger.yaml
[0.847s] -- Up-to-date: /root/ros_workspace/install/turtlebot3_navigation2/share/turtlebot3_navigation2/param/humble/burger_cam.yaml
[0.847s] -- Up-to-date: /root/ros_workspace/install/turtlebot3_navigation2/share/turtlebot3_navigation2/param/waffle_pi.yaml
[0.847s] -- Up-to-date: /root/ros_workspace/install/turtlebot3_navigation2/share/turtlebot3_navigation2/param/mppi.yaml
[0.847s] -- Up-to-date: /root/ros_workspace/install/turtlebot3_navigation2/share/turtlebot3_navigation2/param/burger.yaml
[0.847s] -- Up-to-date: /root/ros_workspace/install/turtlebot3_navigation2/share/turtlebot3_navigation2/param/burger_cam.yaml
[0.848s] -- Up-to-date: /root/ros_workspace/install/turtlebot3_navigation2/share/turtlebot3_navigation2/rviz
[0.848s] -- Up-to-date: /root/ros_workspace/install/turtlebot3_navigation2/share/turtlebot3_navigation2/rviz/tb3_navigation2.rviz
[0.848s] -- Up-to-date: /root/ros_workspace/install/turtlebot3_navigation2/share/ament_index/resource_index/package_run_dependencies/turtlebot3_navigation2
[0.848s] -- Up-to-date: /root/ros_workspace/install/turtlebot3_navigation2/share/ament_index/resource_index/parent_prefix_path/turtlebot3_navigation2
[0.848s] -- Up-to-date: /root/ros_workspace/install/turtlebot3_navigation2/share/turtlebot3_navigation2/environment/ament_prefix_path.sh
[0.849s] -- Up-to-date: /root/ros_workspace/install/turtlebot3_navigation2/share/turtlebot3_navigation2/environment/ament_prefix_path.dsv
[0.849s] -- Up-to-date: /root/ros_workspace/install/turtlebot3_navigation2/share/turtlebot3_navigation2/environment/path.sh
[0.849s] -- Up-to-date: /root/ros_workspace/install/turtlebot3_navigation2/share/turtlebot3_navigation2/environment/path.dsv
[0.850s] -- Up-to-date: /root/ros_workspace/install/turtlebot3_navigation2/share/turtlebot3_navigation2/local_setup.bash
[0.850s] -- Up-to-date: /root/ros_workspace/install/turtlebot3_navigation2/share/turtlebot3_navigation2/local_setup.sh
[0.850s] -- Up-to-date: /root/ros_workspace/install/turtlebot3_navigation2/share/turtlebot3_navigation2/local_setup.zsh
[0.850s] -- Up-to-date: /root/ros_workspace/install/turtlebot3_navigation2/share/turtlebot3_navigation2/local_setup.dsv
[0.850s] -- Installing: /root/ros_workspace/install/turtlebot3_navigation2/share/turtlebot3_navigation2/package.dsv
[0.851s] -- Up-to-date: /root/ros_workspace/install/turtlebot3_navigation2/share/ament_index/resource_index/packages/turtlebot3_navigation2
[0.851s] -- Up-to-date: /root/ros_workspace/install/turtlebot3_navigation2/share/turtlebot3_navigation2/cmake/turtlebot3_navigation2Config.cmake
[0.851s] -- Up-to-date: /root/ros_workspace/install/turtlebot3_navigation2/share/turtlebot3_navigation2/cmake/turtlebot3_navigation2Config-version.cmake
[0.851s] -- Up-to-date: /root/ros_workspace/install/turtlebot3_navigation2/share/turtlebot3_navigation2/package.xml
[1.019s] Invoked command in '/root/ros_workspace/build/turtlebot3_navigation2' returned '0': CMAKE_PREFIX_PATH=${CMAKE_PREFIX_PATH}:/root/ros_workspace/install/turtlebot3_teleop:/root/ros_workspace/install/turtlebot3_example:/root/ros_workspace/install/dynamic_obstacle_detector:/opt/ros/jazzy /usr/bin/cmake --install /root/ros_workspace/build/turtlebot3_navigation2
