[0.051s] Invoking command in '/root/ros_workspace/build/turtlebot3_navigation2': /usr/bin/cmake --build /root/ros_workspace/build/turtlebot3_navigation2 -- -j12 -l12
[0.738s] Invoked command in '/root/ros_workspace/build/turtlebot3_navigation2' returned '0': /usr/bin/cmake --build /root/ros_workspace/build/turtlebot3_navigation2 -- -j12 -l12
[0.739s] Invoking command in '/root/ros_workspace/build/turtlebot3_navigation2': /usr/bin/cmake --install /root/ros_workspace/build/turtlebot3_navigation2
[0.772s] -- Install configuration: ""
[0.773s] -- Up-to-date: /root/ros_workspace/install/turtlebot3_navigation2/share/turtlebot3_navigation2/launch
[0.773s] -- Up-to-date: /root/ros_workspace/install/turtlebot3_navigation2/share/turtlebot3_navigation2/launch/navigation2.launch.py
[0.773s] -- Up-to-date: /root/ros_workspace/install/turtlebot3_navigation2/share/turtlebot3_navigation2/map
[0.773s] -- Up-to-date: /root/ros_workspace/install/turtlebot3_navigation2/share/turtlebot3_navigation2/map/map.pgm
[0.774s] -- Up-to-date: /root/ros_workspace/install/turtlebot3_navigation2/share/turtlebot3_navigation2/map/map.yaml
[0.774s] -- Up-to-date: /root/ros_workspace/install/turtlebot3_navigation2/share/turtlebot3_navigation2/param
[0.774s] -- Up-to-date: /root/ros_workspace/install/turtlebot3_navigation2/share/turtlebot3_navigation2/param/waffle.yaml
[0.774s] -- Up-to-date: /root/ros_workspace/install/turtlebot3_navigation2/share/turtlebot3_navigation2/param/humble
[0.774s] -- Up-to-date: /root/ros_workspace/install/turtlebot3_navigation2/share/turtlebot3_navigation2/param/humble/waffle.yaml
[0.775s] -- Up-to-date: /root/ros_workspace/install/turtlebot3_navigation2/share/turtlebot3_navigation2/param/humble/waffle_pi.yaml
[0.775s] -- Up-to-date: /root/ros_workspace/install/turtlebot3_navigation2/share/turtlebot3_navigation2/param/humble/burger.yaml
[0.775s] -- Up-to-date: /root/ros_workspace/install/turtlebot3_navigation2/share/turtlebot3_navigation2/param/humble/burger_cam.yaml
[0.775s] -- Up-to-date: /root/ros_workspace/install/turtlebot3_navigation2/share/turtlebot3_navigation2/param/waffle_pi.yaml
[0.775s] -- Up-to-date: /root/ros_workspace/install/turtlebot3_navigation2/share/turtlebot3_navigation2/param/mppi.yaml
[0.776s] -- Up-to-date: /root/ros_workspace/install/turtlebot3_navigation2/share/turtlebot3_navigation2/param/burger.yaml
[0.776s] -- Up-to-date: /root/ros_workspace/install/turtlebot3_navigation2/share/turtlebot3_navigation2/param/burger_cam.yaml
[0.776s] -- Up-to-date: /root/ros_workspace/install/turtlebot3_navigation2/share/turtlebot3_navigation2/rviz
[0.776s] -- Up-to-date: /root/ros_workspace/install/turtlebot3_navigation2/share/turtlebot3_navigation2/rviz/tb3_navigation2.rviz
[0.777s] -- Up-to-date: /root/ros_workspace/install/turtlebot3_navigation2/share/ament_index/resource_index/package_run_dependencies/turtlebot3_navigation2
[0.777s] -- Up-to-date: /root/ros_workspace/install/turtlebot3_navigation2/share/ament_index/resource_index/parent_prefix_path/turtlebot3_navigation2
[0.777s] -- Up-to-date: /root/ros_workspace/install/turtlebot3_navigation2/share/turtlebot3_navigation2/environment/ament_prefix_path.sh
[0.777s] -- Up-to-date: /root/ros_workspace/install/turtlebot3_navigation2/share/turtlebot3_navigation2/environment/ament_prefix_path.dsv
[0.778s] -- Up-to-date: /root/ros_workspace/install/turtlebot3_navigation2/share/turtlebot3_navigation2/environment/path.sh
[0.778s] -- Up-to-date: /root/ros_workspace/install/turtlebot3_navigation2/share/turtlebot3_navigation2/environment/path.dsv
[0.778s] -- Up-to-date: /root/ros_workspace/install/turtlebot3_navigation2/share/turtlebot3_navigation2/local_setup.bash
[0.779s] -- Up-to-date: /root/ros_workspace/install/turtlebot3_navigation2/share/turtlebot3_navigation2/local_setup.sh
[0.779s] -- Up-to-date: /root/ros_workspace/install/turtlebot3_navigation2/share/turtlebot3_navigation2/local_setup.zsh
[0.779s] -- Up-to-date: /root/ros_workspace/install/turtlebot3_navigation2/share/turtlebot3_navigation2/local_setup.dsv
[0.780s] -- Installing: /root/ros_workspace/install/turtlebot3_navigation2/share/turtlebot3_navigation2/package.dsv
[0.780s] -- Up-to-date: /root/ros_workspace/install/turtlebot3_navigation2/share/ament_index/resource_index/packages/turtlebot3_navigation2
[0.781s] -- Up-to-date: /root/ros_workspace/install/turtlebot3_navigation2/share/turtlebot3_navigation2/cmake/turtlebot3_navigation2Config.cmake
[0.781s] -- Up-to-date: /root/ros_workspace/install/turtlebot3_navigation2/share/turtlebot3_navigation2/cmake/turtlebot3_navigation2Config-version.cmake
[0.781s] -- Up-to-date: /root/ros_workspace/install/turtlebot3_navigation2/share/turtlebot3_navigation2/package.xml
[0.992s] Invoked command in '/root/ros_workspace/build/turtlebot3_navigation2' returned '0': /usr/bin/cmake --install /root/ros_workspace/build/turtlebot3_navigation2
