[0.049s] Invoking command in '/root/ros_workspace/build/turtlebot3_gazebo': CMAKE_PREFIX_PATH=${CMAKE_PREFIX_PATH}:/root/ros_workspace/install/turtlebot3_teleop:/root/ros_workspace/install/turtlebot3_example:/root/ros_workspace/install/dynamic_obstacle_detector:/opt/ros/jazzy /usr/bin/cmake /root/ros_workspace/src/turtlebot3_simulations/turtlebot3_gazebo -DCMAKE_INSTALL_PREFIX=/root/ros_workspace/install/turtlebot3_gazebo
[0.471s] -- Found ament_cmake: 2.5.4 (/opt/ros/jazzy/share/ament_cmake/cmake)
[0.471s] -- Override CMake install command with custom implementation using symlinks instead of copying resources
[0.472s] -- Found ros_gz_sim: 1.0.12 (/opt/ros/jazzy/share/ros_gz_sim/cmake)
[0.524s] -- Found rosidl_generator_c: 4.6.5 (/opt/ros/jazzy/share/rosidl_generator_c/cmake)
[0.538s] -- Found rosidl_generator_cpp: 4.6.5 (/opt/ros/jazzy/share/rosidl_generator_cpp/cmake)
[0.562s] -- Using all available rosidl_typesupport_c: rosidl_typesupport_fastrtps_c;rosidl_typesupport_introspection_c
[0.592s] -- Using all available rosidl_typesupport_cpp: rosidl_typesupport_fastrtps_cpp;rosidl_typesupport_introspection_cpp
[0.703s] -- Found rmw_implementation_cmake: 7.3.2 (/opt/ros/jazzy/share/rmw_implementation_cmake/cmake)
[0.706s] -- Found rmw_fastrtps_cpp: 8.4.2 (/opt/ros/jazzy/share/rmw_fastrtps_cpp/cmake)
[0.818s] -- Using RMW implementation 'rmw_fastrtps_cpp' as default
[1.189s] -- Found nav_msgs: 5.3.6 (/opt/ros/jazzy/share/nav_msgs/cmake)
[1.239s] -- Found sensor_msgs: 5.3.6 (/opt/ros/jazzy/share/sensor_msgs/cmake)
[1.275s] -- Found gz_math_vendor: 0.0.8 (/opt/ros/jazzy/share/gz_math_vendor/cmake)
[1.278s] -- Looking for gz-math7 -- found version 7.5.2
[1.284s] -- Searching for dependencies of gz-math7
[1.285s] -- Looking for gz-utils2 -- found version 2.2.1
[1.285s] -- Searching for dependencies of gz-utils2
[1.286s] -- Found gz_sim_vendor: 0.0.8 (/opt/ros/jazzy/share/gz_sim_vendor/cmake)
[1.310s] -- Looking for gz-sim8 -- found version 8.9.0
[1.311s] -- Searching for dependencies of gz-sim8
[1.311s] -- Looking for sdformat14 -- found version 14.7.0
[1.311s] -- Searching for dependencies of sdformat14
[1.320s] -- Checking for module 'tinyxml2'
[1.349s] --   Found tinyxml2, version 10.0.0
[1.411s] -- Looking for gz-math7 -- found version 7.5.2
[1.412s] -- Looking for gz-utils2 -- found version 2.2.1
[1.412s] -- Searching for dependencies of gz-utils2
[1.412s] -- Searching for <gz-utils2> component [cli]
[1.413s] -- Looking for gz-utils2-cli -- found version 2.2.1
[1.413s] -- Searching for dependencies of gz-utils2-cli
[1.416s] -- Looking for gz-plugin2 -- found version 2.0.4
[1.416s] -- Searching for dependencies of gz-plugin2
[1.417s] -- Looking for gz-utils2 -- found version 2.2.1
[1.418s] -- Searching for <gz-plugin2> component [loader]
[1.418s] -- Looking for gz-plugin2-loader -- found version 2.0.4
[1.419s] -- Searching for dependencies of gz-plugin2-loader
[1.419s] -- Searching for <gz-plugin2> component [register]
[1.420s] -- Looking for gz-plugin2-register -- found version 2.0.4
[1.420s] -- Searching for dependencies of gz-plugin2-register
[1.421s] -- Looking for gz-transport13 -- found version 13.4.1
[1.422s] -- Searching for dependencies of gz-transport13
[1.484s] -- Config-file not installed for ZeroMQ -- checking for pkg-config
[1.490s] -- Checking for module 'libzmq >= 4'
[1.514s] --   Found libzmq, version 4.3.5
[1.576s] -- Checking for module 'uuid'
[1.599s] --   Found uuid, version 2.39.3
[1.651s] -- Looking for gz-utils2 -- found version 2.2.1
[1.652s] -- Looking for gz-msgs10 -- found version 10.3.2
[1.652s] -- Searching for dependencies of gz-msgs10
[1.692s] -- Looking for gz-utils2 -- found version 2.2.1
[1.693s] -- Looking for gz-math7 -- found version 7.5.2
[1.702s] -- Searching for <gz-transport13> component [log]
[1.703s] -- Looking for gz-transport13-log -- found version 13.4.1
[1.703s] -- Searching for dependencies of gz-transport13-log
[1.703s] -- Searching for <gz-transport13> component [parameters]
[1.704s] -- Looking for gz-transport13-parameters -- found version 13.4.1
[1.704s] -- Searching for dependencies of gz-transport13-parameters
[1.705s] -- Looking for gz-msgs10 -- found version 10.3.2
[1.706s] -- Looking for gz-common5 -- found version 5.7.1
[1.706s] -- Searching for dependencies of gz-common5
[1.706s] -- Looking for gz-utils2 -- found version 2.2.1
[1.707s] -- Looking for dlfcn.h - found
[1.707s] -- Looking for libdl - found
[1.716s] -- Searching for <gz-common5> component [av]
[1.716s] -- Looking for gz-common5-av -- found version 5.7.1
[1.717s] -- Searching for dependencies of gz-common5-av
[1.723s] -- Checking for module 'libswscale'
[1.746s] --   Found libswscale, version 7.5.100
[1.801s] -- Checking for module 'libavdevice >= 56.4.100'
[1.828s] --   Found libavdevice, version 60.3.100
[1.920s] -- Checking for module 'libavformat'
[1.950s] --   Found libavformat, version 60.16.100
[2.036s] -- Checking for module 'libavcodec'
[2.065s] --   Found libavcodec, version 60.31.102
[2.138s] -- Checking for module 'libavutil'
[2.171s] --   Found libavutil, version 58.29.100
[2.222s] -- Searching for <gz-common5> component [events]
[2.222s] -- Looking for gz-common5-events -- found version 5.7.1
[2.223s] -- Searching for dependencies of gz-common5-events
[2.223s] -- Looking for gz-math7 -- found version 7.5.2
[2.224s] -- Searching for <gz-common5> component [graphics]
[2.225s] -- Looking for gz-common5-graphics -- found version 5.7.1
[2.225s] -- Searching for dependencies of gz-common5-graphics
[2.225s] -- Looking for gz-math7 -- found version 7.5.2
[2.229s] -- Searching for <gz-common5> component [io]
[2.230s] -- Looking for gz-common5-io -- found version 5.7.1
[2.230s] -- Searching for dependencies of gz-common5-io
[2.231s] -- Searching for <gz-common5> component [profiler]
[2.232s] -- Looking for gz-common5-profiler -- found version 5.7.1
[2.232s] -- Searching for dependencies of gz-common5-profiler
[2.234s] -- Looking for gz-fuel_tools9 -- found version 9.1.1
[2.234s] -- Searching for dependencies of gz-fuel_tools9
[2.304s] -- Checking for module 'jsoncpp'
[2.332s] --   Found jsoncpp, version 1.9.5
[2.409s] -- Checking for module 'yaml-0.1'
[2.432s] --   Found yaml-0.1, version 0.2.5
[2.489s] -- Checking for module 'libzip'
[2.518s] --   Found libzip, version 1.7.3
[2.570s] -- Looking for gz-utils2 -- found version 2.2.1
[2.571s] -- Looking for gz-common5 -- found version 5.7.1
[2.572s] -- Searching for dependencies of gz-common5
[2.572s] -- Looking for gz-utils2 -- found version 2.2.1
[2.573s] -- Looking for dlfcn.h - found
[2.573s] -- Looking for libdl - found
[2.585s] -- Searching for <gz-common5> component [testing]
[2.591s] -- Looking for gz-common5-testing -- found version 5.7.1
[2.591s] -- Searching for dependencies of gz-common5-testing
[2.591s] -- Looking for gz-math7 -- found version 7.5.2
[2.591s] -- Looking for gz-msgs10 -- found version 10.3.2
[2.592s] -- Looking for gz-gui8 -- found version 8.4.0
[2.592s] -- Searching for dependencies of gz-gui8
[2.635s] -- Looking for gz-utils2 -- found version 2.2.1
[2.636s] -- Looking for gz-math7 -- found version 7.5.2
[2.637s] -- Looking for gz-common5 -- found version 5.7.1
[2.637s] -- Looking for gz-plugin2 -- found version 2.0.4
[2.638s] -- Looking for gz-transport13 -- found version 13.4.1
[2.639s] -- Looking for gz-rendering8 -- found version 8.2.2
[2.639s] -- Searching for dependencies of gz-rendering8
[2.640s] -- Looking for gz-math7 -- found version 7.5.2
[2.641s] -- Searching for dependencies of gz-math7
[2.641s] -- Looking for gz-utils2 -- found version 2.2.1
[2.641s] -- Searching for <gz-math7> component [eigen3]
[2.642s] -- Looking for gz-math7-eigen3 -- found version 7.5.2
[2.643s] -- Searching for dependencies of gz-math7-eigen3
[2.645s] -- Looking for gz-common5 -- found version 5.7.1
[2.647s] -- Searching for dependencies of gz-common5
[2.649s] -- Looking for gz-utils2 -- found version 2.2.1
[2.649s] -- Looking for dlfcn.h - found
[2.649s] -- Looking for libdl - found
[2.676s] -- Searching for <gz-common5> component [graphics]
[2.677s] -- Searching for <gz-common5> component [events]
[2.677s] -- Searching for <gz-common5> component [geospatial]
[2.678s] -- Looking for gz-common5-geospatial -- found version 5.7.1
[2.679s] -- Searching for dependencies of gz-common5-geospatial
[2.680s] -- Looking for gz-math7 -- found version 7.5.2
[2.680s] -- Looking for gz-common5 -- found version 5.7.1
[2.683s] -- Looking for gz-plugin2 -- found version 2.0.4
[2.683s] -- Searching for dependencies of gz-plugin2
[2.684s] -- Looking for gz-utils2 -- found version 2.2.1
[2.684s] -- Searching for <gz-plugin2> component [all]
[2.685s] -- Looking for all libraries of gz-plugin2 -- found version 2.0.4
[2.700s] -- Looking for gz-plugin2 -- found version 2.0.4
[2.701s] -- Looking for gz-utils2 -- found version 2.2.1
[2.707s] -- Looking for gz-msgs10 -- found version 10.3.2
[2.750s] -- Looking for gz-physics7 -- found version 7.5.0
[2.750s] -- Searching for dependencies of gz-physics7
[2.751s] -- Looking for gz-common5 -- found version 5.7.1
[2.751s] -- Looking for gz-math7 -- found version 7.5.2
[2.751s] -- Looking for gz-plugin2 -- found version 2.0.4
[2.751s] -- Looking for gz-utils2 -- found version 2.2.1
[2.751s] -- Searching for <gz-physics7> component [heightmap]
[2.752s] -- Looking for gz-physics7-heightmap -- found version 7.5.0
[2.752s] -- Searching for dependencies of gz-physics7-heightmap
[2.753s] -- Looking for gz-common5 -- found version 5.7.1
[2.759s] -- Searching for <gz-physics7> component [mesh]
[2.759s] -- Looking for gz-physics7-mesh -- found version 7.5.0
[2.759s] -- Searching for dependencies of gz-physics7-mesh
[2.759s] -- Looking for gz-common5 -- found version 5.7.1
[2.759s] -- Searching for <gz-physics7> component [sdf]
[2.760s] -- Looking for gz-physics7-sdf -- found version 7.5.0
[2.760s] -- Searching for dependencies of gz-physics7-sdf
[2.760s] -- Looking for sdformat14 -- found version 14.7.0
[2.762s] -- Looking for gz-sensors8 -- found version 8.2.2
[2.762s] -- Searching for dependencies of gz-sensors8
[2.814s] -- Looking for gz-math7 -- found version 7.5.2
[2.814s] -- Looking for gz-common5 -- found version 5.7.1
[2.815s] -- Looking for gz-transport13 -- found version 13.4.1
[2.817s] -- Looking for gz-rendering8 -- found version 8.2.2
[2.818s] -- Looking for gz-msgs10 -- found version 10.3.2
[2.819s] -- Looking for sdformat14 -- found version 14.7.0
[2.820s] -- Searching for <gz-sensors8> component [air_pressure]
[2.821s] -- Looking for gz-sensors8-air_pressure -- found version 8.2.2
[2.821s] -- Searching for dependencies of gz-sensors8-air_pressure
[2.823s] -- Searching for <gz-sensors8> component [air_speed]
[2.824s] -- Looking for gz-sensors8-air_speed -- found version 8.2.2
[2.824s] -- Searching for dependencies of gz-sensors8-air_speed
[2.824s] -- Searching for <gz-sensors8> component [altimeter]
[2.825s] -- Looking for gz-sensors8-altimeter -- found version 8.2.2
[2.825s] -- Searching for dependencies of gz-sensors8-altimeter
[2.827s] -- Searching for <gz-sensors8> component [imu]
[2.827s] -- Looking for gz-sensors8-imu -- found version 8.2.2
[2.827s] -- Searching for dependencies of gz-sensors8-imu
[2.828s] -- Searching for <gz-sensors8> component [force_torque]
[2.829s] -- Looking for gz-sensors8-force_torque -- found version 8.2.2
[2.829s] -- Searching for dependencies of gz-sensors8-force_torque
[2.830s] -- Searching for <gz-sensors8> component [logical_camera]
[2.831s] -- Looking for gz-sensors8-logical_camera -- found version 8.2.2
[2.832s] -- Searching for dependencies of gz-sensors8-logical_camera
[2.834s] -- Searching for <gz-sensors8> component [magnetometer]
[2.835s] -- Looking for gz-sensors8-magnetometer -- found version 8.2.2
[2.835s] -- Searching for dependencies of gz-sensors8-magnetometer
[2.835s] -- Searching for <gz-sensors8> component [navsat]
[2.836s] -- Looking for gz-sensors8-navsat -- found version 8.2.2
[2.836s] -- Searching for dependencies of gz-sensors8-navsat
[2.837s] -- Searching for <gz-sensors8> component [dvl]
[2.838s] -- Looking for gz-sensors8-dvl -- found version 8.2.2
[2.838s] -- Searching for dependencies of gz-sensors8-dvl
[2.839s] -- Looking for gz-sensors8 -- found version 8.2.2
[2.839s] -- Searching for dependencies of gz-sensors8
[2.875s] -- Looking for gz-math7 -- found version 7.5.2
[2.876s] -- Looking for gz-common5 -- found version 5.7.1
[2.876s] -- Looking for gz-transport13 -- found version 13.4.1
[2.877s] -- Looking for gz-rendering8 -- found version 8.2.2
[2.877s] -- Looking for gz-msgs10 -- found version 10.3.2
[2.878s] -- Looking for sdformat14 -- found version 14.7.0
[2.878s] -- Searching for <gz-sensors8> component [rendering]
[2.879s] -- Looking for gz-sensors8-rendering -- found version 8.2.2
[2.879s] -- Searching for dependencies of gz-sensors8-rendering
[2.881s] -- Searching for <gz-sensors8> component [rendering]
[2.882s] -- Searching for <gz-sensors8> component [lidar]
[2.884s] -- Looking for gz-sensors8-lidar -- found version 8.2.2
[2.885s] -- Searching for dependencies of gz-sensors8-lidar
[2.886s] -- Looking for gz-sensors8 -- found version 8.2.2
[2.887s] -- Searching for <gz-sensors8> component [gpu_lidar]
[2.887s] -- Looking for gz-sensors8-gpu_lidar -- found version 8.2.2
[2.888s] -- Searching for dependencies of gz-sensors8-gpu_lidar
[2.888s] -- Looking for gz-sensors8 -- found version 8.2.2
[2.889s] -- Searching for <gz-sensors8> component [camera]
[2.890s] -- Looking for gz-sensors8-camera -- found version 8.2.2
[2.890s] -- Searching for dependencies of gz-sensors8-camera
[2.891s] -- Looking for gz-sensors8 -- found version 8.2.2
[2.892s] -- Searching for <gz-sensors8> component [boundingbox_camera]
[2.893s] -- Looking for gz-sensors8-boundingbox_camera -- found version 8.2.2
[2.893s] -- Searching for dependencies of gz-sensors8-boundingbox_camera
[2.894s] -- Searching for <gz-sensors8> component [segmentation_camera]
[2.895s] -- Looking for gz-sensors8-segmentation_camera -- found version 8.2.2
[2.895s] -- Searching for dependencies of gz-sensors8-segmentation_camera
[2.896s] -- Searching for <gz-sensors8> component [depth_camera]
[2.897s] -- Looking for gz-sensors8-depth_camera -- found version 8.2.2
[2.897s] -- Searching for dependencies of gz-sensors8-depth_camera
[2.898s] -- Looking for gz-sensors8 -- found version 8.2.2
[2.900s] -- Searching for <gz-sensors8> component [rgbd_camera]
[2.901s] -- Looking for gz-sensors8-rgbd_camera -- found version 8.2.2
[2.901s] -- Searching for dependencies of gz-sensors8-rgbd_camera
[2.902s] -- Looking for gz-sensors8 -- found version 8.2.2
[2.903s] -- Searching for <gz-sensors8> component [thermal_camera]
[2.904s] -- Looking for gz-sensors8-thermal_camera -- found version 8.2.2
[2.904s] -- Searching for dependencies of gz-sensors8-thermal_camera
[2.904s] -- Looking for gz-sensors8 -- found version 8.2.2
[2.905s] -- Searching for <gz-sensors8> component [wide_angle_camera]
[2.906s] -- Looking for gz-sensors8-wide_angle_camera -- found version 8.2.2
[2.906s] -- Searching for dependencies of gz-sensors8-wide_angle_camera
[2.908s] -- Looking for gz-rendering8 -- found version 8.2.2
[2.908s] -- Looking for gz-math7 -- found version 7.5.2
[2.909s] -- Looking for gz-utils2 -- found version 2.2.1
[2.961s] -- Looking for gz-plugin2 -- found version 2.0.4
[3.125s] -- Configuring done (3.1s)
[3.178s] -- Generating done (0.0s)
[3.192s] -- Build files have been written to: /root/ros_workspace/build/turtlebot3_gazebo
[3.216s] Invoked command in '/root/ros_workspace/build/turtlebot3_gazebo' returned '0': CMAKE_PREFIX_PATH=${CMAKE_PREFIX_PATH}:/root/ros_workspace/install/turtlebot3_teleop:/root/ros_workspace/install/turtlebot3_example:/root/ros_workspace/install/dynamic_obstacle_detector:/opt/ros/jazzy /usr/bin/cmake /root/ros_workspace/src/turtlebot3_simulations/turtlebot3_gazebo -DCMAKE_INSTALL_PREFIX=/root/ros_workspace/install/turtlebot3_gazebo
[3.218s] Invoking command in '/root/ros_workspace/build/turtlebot3_gazebo': CMAKE_PREFIX_PATH=${CMAKE_PREFIX_PATH}:/root/ros_workspace/install/turtlebot3_teleop:/root/ros_workspace/install/turtlebot3_example:/root/ros_workspace/install/dynamic_obstacle_detector:/opt/ros/jazzy /usr/bin/cmake --build /root/ros_workspace/build/turtlebot3_gazebo -- -j12 -l12
[3.324s] [ 25%] Built target obstacles
[3.325s] [ 50%] Built target obstacle2
[3.326s] [ 75%] Built target obstacle1
[3.326s] [100%] Built target turtlebot3_drive
[3.362s] Invoked command in '/root/ros_workspace/build/turtlebot3_gazebo' returned '0': CMAKE_PREFIX_PATH=${CMAKE_PREFIX_PATH}:/root/ros_workspace/install/turtlebot3_teleop:/root/ros_workspace/install/turtlebot3_example:/root/ros_workspace/install/dynamic_obstacle_detector:/opt/ros/jazzy /usr/bin/cmake --build /root/ros_workspace/build/turtlebot3_gazebo -- -j12 -l12
[3.375s] Invoking command in '/root/ros_workspace/build/turtlebot3_gazebo': CMAKE_PREFIX_PATH=${CMAKE_PREFIX_PATH}:/root/ros_workspace/install/turtlebot3_teleop:/root/ros_workspace/install/turtlebot3_example:/root/ros_workspace/install/dynamic_obstacle_detector:/opt/ros/jazzy /usr/bin/cmake --install /root/ros_workspace/build/turtlebot3_gazebo
[3.383s] -- Install configuration: ""
[3.384s] -- Execute custom install script
[3.385s] -- Up-to-date symlink: /root/ros_workspace/install/turtlebot3_gazebo/lib/turtlebot3_gazebo/turtlebot3_drive
[3.385s] -- Up-to-date symlink: /root/ros_workspace/install/turtlebot3_gazebo/lib/turtlebot3_gazebo/libobstacles.so
[3.386s] -- Up-to-date symlink: /root/ros_workspace/install/turtlebot3_gazebo/lib/turtlebot3_gazebo/libobstacle1.so
[3.386s] -- Up-to-date symlink: /root/ros_workspace/install/turtlebot3_gazebo/lib/turtlebot3_gazebo/libobstacle2.so
[3.387s] -- Up-to-date symlink: /root/ros_workspace/install/turtlebot3_gazebo/share/turtlebot3_gazebo//launch/empty_world.launch.py
[3.387s] -- Up-to-date symlink: /root/ros_workspace/install/turtlebot3_gazebo/share/turtlebot3_gazebo//launch/robot_state_publisher.launch.py
[3.387s] -- Up-to-date symlink: /root/ros_workspace/install/turtlebot3_gazebo/share/turtlebot3_gazebo//launch/spawn_turtlebot3.launch.py
[3.388s] -- Up-to-date symlink: /root/ros_workspace/install/turtlebot3_gazebo/share/turtlebot3_gazebo//launch/turtlebot3_dqn_stage1.launch.py
[3.388s] -- Up-to-date symlink: /root/ros_workspace/install/turtlebot3_gazebo/share/turtlebot3_gazebo//launch/turtlebot3_dqn_stage2.launch.py
[3.388s] -- Up-to-date symlink: /root/ros_workspace/install/turtlebot3_gazebo/share/turtlebot3_gazebo//launch/turtlebot3_dqn_stage3.launch.py
[3.388s] -- Up-to-date symlink: /root/ros_workspace/install/turtlebot3_gazebo/share/turtlebot3_gazebo//launch/turtlebot3_dqn_stage4.launch.py
[3.389s] -- Up-to-date symlink: /root/ros_workspace/install/turtlebot3_gazebo/share/turtlebot3_gazebo//launch/turtlebot3_dynamic_obstacles.launch.py
[3.389s] -- Up-to-date symlink: /root/ros_workspace/install/turtlebot3_gazebo/share/turtlebot3_gazebo//launch/turtlebot3_house.launch.py
[3.389s] -- Up-to-date symlink: /root/ros_workspace/install/turtlebot3_gazebo/share/turtlebot3_gazebo//launch/turtlebot3_world.launch.py
[3.391s] -- Up-to-date symlink: /root/ros_workspace/install/turtlebot3_gazebo/share/turtlebot3_gazebo//models/turtlebot3_burger/model-1_4.sdf
[3.392s] -- Up-to-date symlink: /root/ros_workspace/install/turtlebot3_gazebo/share/turtlebot3_gazebo//models/turtlebot3_burger/model.config
[3.392s] -- Up-to-date symlink: /root/ros_workspace/install/turtlebot3_gazebo/share/turtlebot3_gazebo//models/turtlebot3_burger/model.sdf
[3.392s] -- Up-to-date symlink: /root/ros_workspace/install/turtlebot3_gazebo/share/turtlebot3_gazebo//models/turtlebot3_burger_cam/model-1_4.sdf
[3.393s] -- Up-to-date symlink: /root/ros_workspace/install/turtlebot3_gazebo/share/turtlebot3_gazebo//models/turtlebot3_burger_cam/model.config
[3.393s] -- Up-to-date symlink: /root/ros_workspace/install/turtlebot3_gazebo/share/turtlebot3_gazebo//models/turtlebot3_burger_cam/model.sdf
[3.393s] -- Up-to-date symlink: /root/ros_workspace/install/turtlebot3_gazebo/share/turtlebot3_gazebo//models/turtlebot3_common/meshes/bases/burger_base.stl
[3.394s] -- Up-to-date symlink: /root/ros_workspace/install/turtlebot3_gazebo/share/turtlebot3_gazebo//models/turtlebot3_common/meshes/bases/waffle_base.stl
[3.394s] -- Up-to-date symlink: /root/ros_workspace/install/turtlebot3_gazebo/share/turtlebot3_gazebo//models/turtlebot3_common/meshes/bases/waffle_pi_base.stl
[3.394s] -- Up-to-date symlink: /root/ros_workspace/install/turtlebot3_gazebo/share/turtlebot3_gazebo//models/turtlebot3_common/meshes/burger_base.dae
[3.395s] -- Up-to-date symlink: /root/ros_workspace/install/turtlebot3_gazebo/share/turtlebot3_gazebo//models/turtlebot3_common/meshes/lds.dae
[3.395s] -- Up-to-date symlink: /root/ros_workspace/install/turtlebot3_gazebo/share/turtlebot3_gazebo//models/turtlebot3_common/meshes/r200.dae
[3.396s] -- Up-to-date symlink: /root/ros_workspace/install/turtlebot3_gazebo/share/turtlebot3_gazebo//models/turtlebot3_common/meshes/sensors/astra.dae
[3.396s] -- Up-to-date symlink: /root/ros_workspace/install/turtlebot3_gazebo/share/turtlebot3_gazebo//models/turtlebot3_common/meshes/sensors/astra.jpg
[3.396s] -- Up-to-date symlink: /root/ros_workspace/install/turtlebot3_gazebo/share/turtlebot3_gazebo//models/turtlebot3_common/meshes/sensors/lds.stl
[3.396s] -- Up-to-date symlink: /root/ros_workspace/install/turtlebot3_gazebo/share/turtlebot3_gazebo//models/turtlebot3_common/meshes/sensors/r200.dae
[3.397s] -- Up-to-date symlink: /root/ros_workspace/install/turtlebot3_gazebo/share/turtlebot3_gazebo//models/turtlebot3_common/meshes/sensors/r200.jpg
[3.397s] -- Up-to-date symlink: /root/ros_workspace/install/turtlebot3_gazebo/share/turtlebot3_gazebo//models/turtlebot3_common/meshes/tire.dae
[3.397s] -- Up-to-date symlink: /root/ros_workspace/install/turtlebot3_gazebo/share/turtlebot3_gazebo//models/turtlebot3_common/meshes/waffle_base.dae
[3.397s] -- Up-to-date symlink: /root/ros_workspace/install/turtlebot3_gazebo/share/turtlebot3_gazebo//models/turtlebot3_common/meshes/waffle_pi_base.dae
[3.398s] -- Up-to-date symlink: /root/ros_workspace/install/turtlebot3_gazebo/share/turtlebot3_gazebo//models/turtlebot3_common/meshes/wheels/left_tire.stl
[3.398s] -- Up-to-date symlink: /root/ros_workspace/install/turtlebot3_gazebo/share/turtlebot3_gazebo//models/turtlebot3_common/meshes/wheels/right_tire.stl
[3.398s] -- Up-to-date symlink: /root/ros_workspace/install/turtlebot3_gazebo/share/turtlebot3_gazebo//models/turtlebot3_common/model.config
[3.398s] -- Up-to-date symlink: /root/ros_workspace/install/turtlebot3_gazebo/share/turtlebot3_gazebo//models/turtlebot3_dqn_world/goal_box/model.config
[3.399s] -- Up-to-date symlink: /root/ros_workspace/install/turtlebot3_gazebo/share/turtlebot3_gazebo//models/turtlebot3_dqn_world/goal_box/model.sdf
[3.399s] -- Up-to-date symlink: /root/ros_workspace/install/turtlebot3_gazebo/share/turtlebot3_gazebo//models/turtlebot3_dqn_world/inner_walls/model.config
[3.399s] -- Up-to-date symlink: /root/ros_workspace/install/turtlebot3_gazebo/share/turtlebot3_gazebo//models/turtlebot3_dqn_world/inner_walls/model.sdf
[3.399s] -- Up-to-date symlink: /root/ros_workspace/install/turtlebot3_gazebo/share/turtlebot3_gazebo//models/turtlebot3_dqn_world/inner_walls/textures/wood.png
[3.400s] -- Up-to-date symlink: /root/ros_workspace/install/turtlebot3_gazebo/share/turtlebot3_gazebo//models/turtlebot3_dqn_world/model.config
[3.400s] -- Up-to-date symlink: /root/ros_workspace/install/turtlebot3_gazebo/share/turtlebot3_gazebo//models/turtlebot3_dqn_world/model.sdf
[3.400s] -- Up-to-date symlink: /root/ros_workspace/install/turtlebot3_gazebo/share/turtlebot3_gazebo//models/turtlebot3_dqn_world/obstacle1/model.config
[3.401s] -- Up-to-date symlink: /root/ros_workspace/install/turtlebot3_gazebo/share/turtlebot3_gazebo//models/turtlebot3_dqn_world/obstacle1/model.sdf
[3.401s] -- Up-to-date symlink: /root/ros_workspace/install/turtlebot3_gazebo/share/turtlebot3_gazebo//models/turtlebot3_dqn_world/obstacle2/model.config
[3.401s] -- Up-to-date symlink: /root/ros_workspace/install/turtlebot3_gazebo/share/turtlebot3_gazebo//models/turtlebot3_dqn_world/obstacle2/model.sdf
[3.401s] -- Up-to-date symlink: /root/ros_workspace/install/turtlebot3_gazebo/share/turtlebot3_gazebo//models/turtlebot3_dqn_world/obstacles/model.config
[3.402s] -- Up-to-date symlink: /root/ros_workspace/install/turtlebot3_gazebo/share/turtlebot3_gazebo//models/turtlebot3_dqn_world/obstacles/model.sdf
[3.402s] -- Up-to-date symlink: /root/ros_workspace/install/turtlebot3_gazebo/share/turtlebot3_gazebo//models/turtlebot3_dqn_world/textures/wood.png
[3.402s] -- Up-to-date symlink: /root/ros_workspace/install/turtlebot3_gazebo/share/turtlebot3_gazebo//models/turtlebot3_house/cafe_table/materials/textures/Maple.jpg
[3.403s] -- Up-to-date symlink: /root/ros_workspace/install/turtlebot3_gazebo/share/turtlebot3_gazebo//models/turtlebot3_house/cafe_table/materials/textures/Wood_Floor_Dark.jpg
[3.403s] -- Up-to-date symlink: /root/ros_workspace/install/turtlebot3_gazebo/share/turtlebot3_gazebo//models/turtlebot3_house/cafe_table/meshes/cafe_table.dae
[3.403s] -- Up-to-date symlink: /root/ros_workspace/install/turtlebot3_gazebo/share/turtlebot3_gazebo//models/turtlebot3_house/cafe_table/model-1_4.sdf
[3.403s] -- Up-to-date symlink: /root/ros_workspace/install/turtlebot3_gazebo/share/turtlebot3_gazebo//models/turtlebot3_house/cafe_table/model.config
[3.404s] -- Up-to-date symlink: /root/ros_workspace/install/turtlebot3_gazebo/share/turtlebot3_gazebo//models/turtlebot3_house/cafe_table/model.sdf
[3.404s] -- Up-to-date symlink: /root/ros_workspace/install/turtlebot3_gazebo/share/turtlebot3_gazebo//models/turtlebot3_house/first_2015_trash_can/meshes/trash_can.dae
[3.404s] -- Up-to-date symlink: /root/ros_workspace/install/turtlebot3_gazebo/share/turtlebot3_gazebo//models/turtlebot3_house/first_2015_trash_can/model.config
[3.405s] -- Up-to-date symlink: /root/ros_workspace/install/turtlebot3_gazebo/share/turtlebot3_gazebo//models/turtlebot3_house/first_2015_trash_can/model.sdf
[3.405s] -- Up-to-date symlink: /root/ros_workspace/install/turtlebot3_gazebo/share/turtlebot3_gazebo//models/turtlebot3_house/mailbox/materials/scripts/mailbox.material
[3.406s] -- Up-to-date symlink: /root/ros_workspace/install/turtlebot3_gazebo/share/turtlebot3_gazebo//models/turtlebot3_house/mailbox/materials/textures/Mailbox_Diffuse.png
[3.406s] -- Up-to-date symlink: /root/ros_workspace/install/turtlebot3_gazebo/share/turtlebot3_gazebo//models/turtlebot3_house/mailbox/materials/textures/Mailbox_Diffuse.tga.orig
[3.406s] -- Up-to-date symlink: /root/ros_workspace/install/turtlebot3_gazebo/share/turtlebot3_gazebo//models/turtlebot3_house/mailbox/materials/textures/Mailbox_Spec.png
[3.407s] -- Up-to-date symlink: /root/ros_workspace/install/turtlebot3_gazebo/share/turtlebot3_gazebo//models/turtlebot3_house/mailbox/meshes/mailbox.dae
[3.407s] -- Up-to-date symlink: /root/ros_workspace/install/turtlebot3_gazebo/share/turtlebot3_gazebo//models/turtlebot3_house/mailbox/model-1_3.sdf
[3.407s] -- Up-to-date symlink: /root/ros_workspace/install/turtlebot3_gazebo/share/turtlebot3_gazebo//models/turtlebot3_house/mailbox/model-1_4.sdf
[3.407s] -- Up-to-date symlink: /root/ros_workspace/install/turtlebot3_gazebo/share/turtlebot3_gazebo//models/turtlebot3_house/mailbox/model.config
[3.408s] -- Up-to-date symlink: /root/ros_workspace/install/turtlebot3_gazebo/share/turtlebot3_gazebo//models/turtlebot3_house/mailbox/model.sdf
[3.408s] -- Up-to-date symlink: /root/ros_workspace/install/turtlebot3_gazebo/share/turtlebot3_gazebo//models/turtlebot3_house/model.config
[3.408s] -- Up-to-date symlink: /root/ros_workspace/install/turtlebot3_gazebo/share/turtlebot3_gazebo//models/turtlebot3_house/model.sdf
[3.409s] -- Up-to-date symlink: /root/ros_workspace/install/turtlebot3_gazebo/share/turtlebot3_gazebo//models/turtlebot3_house/table_marble/materials/scripts/table_lightmap.material
[3.409s] -- Up-to-date symlink: /root/ros_workspace/install/turtlebot3_gazebo/share/turtlebot3_gazebo//models/turtlebot3_house/table_marble/materials/textures/marble.png
[3.409s] -- Up-to-date symlink: /root/ros_workspace/install/turtlebot3_gazebo/share/turtlebot3_gazebo//models/turtlebot3_house/table_marble/materials/textures/table_lightmap.png
[3.410s] -- Up-to-date symlink: /root/ros_workspace/install/turtlebot3_gazebo/share/turtlebot3_gazebo//models/turtlebot3_house/table_marble/meshes/table_lightmap.dae
[3.410s] -- Up-to-date symlink: /root/ros_workspace/install/turtlebot3_gazebo/share/turtlebot3_gazebo//models/turtlebot3_house/table_marble/model-1_4.sdf
[3.410s] -- Up-to-date symlink: /root/ros_workspace/install/turtlebot3_gazebo/share/turtlebot3_gazebo//models/turtlebot3_house/table_marble/model.config
[3.410s] -- Up-to-date symlink: /root/ros_workspace/install/turtlebot3_gazebo/share/turtlebot3_gazebo//models/turtlebot3_house/table_marble/model.sdf
[3.411s] -- Up-to-date symlink: /root/ros_workspace/install/turtlebot3_gazebo/share/turtlebot3_gazebo//models/turtlebot3_house/textures/bricks.png
[3.411s] -- Up-to-date symlink: /root/ros_workspace/install/turtlebot3_gazebo/share/turtlebot3_gazebo//models/turtlebot3_house/textures/wood.png
[3.411s] -- Up-to-date symlink: /root/ros_workspace/install/turtlebot3_gazebo/share/turtlebot3_gazebo//models/turtlebot3_waffle/model-1_4.sdf
[3.412s] -- Up-to-date symlink: /root/ros_workspace/install/turtlebot3_gazebo/share/turtlebot3_gazebo//models/turtlebot3_waffle/model.config
[3.412s] -- Up-to-date symlink: /root/ros_workspace/install/turtlebot3_gazebo/share/turtlebot3_gazebo//models/turtlebot3_waffle/model.sdf
[3.412s] -- Up-to-date symlink: /root/ros_workspace/install/turtlebot3_gazebo/share/turtlebot3_gazebo//models/turtlebot3_waffle_pi/model-1_4_.sdf
[3.412s] -- Up-to-date symlink: /root/ros_workspace/install/turtlebot3_gazebo/share/turtlebot3_gazebo//models/turtlebot3_waffle_pi/model.config
[3.412s] -- Up-to-date symlink: /root/ros_workspace/install/turtlebot3_gazebo/share/turtlebot3_gazebo//models/turtlebot3_waffle_pi/model.sdf
[3.413s] -- Up-to-date symlink: /root/ros_workspace/install/turtlebot3_gazebo/share/turtlebot3_gazebo//models/turtlebot3_world/meshes/hexagon.dae
[3.413s] -- Up-to-date symlink: /root/ros_workspace/install/turtlebot3_gazebo/share/turtlebot3_gazebo//models/turtlebot3_world/meshes/wall.dae
[3.414s] -- Up-to-date symlink: /root/ros_workspace/install/turtlebot3_gazebo/share/turtlebot3_gazebo//models/turtlebot3_world/model-1_4.sdf
[3.414s] -- Up-to-date symlink: /root/ros_workspace/install/turtlebot3_gazebo/share/turtlebot3_gazebo//models/turtlebot3_world/model.config
[3.414s] -- Up-to-date symlink: /root/ros_workspace/install/turtlebot3_gazebo/share/turtlebot3_gazebo//models/turtlebot3_world/model.sdf
[3.414s] -- Up-to-date symlink: /root/ros_workspace/install/turtlebot3_gazebo/share/turtlebot3_gazebo//params/turtlebot3_burger_bridge.yaml
[3.414s] -- Up-to-date symlink: /root/ros_workspace/install/turtlebot3_gazebo/share/turtlebot3_gazebo//params/turtlebot3_burger_cam_bridge.yaml
[3.415s] -- Up-to-date symlink: /root/ros_workspace/install/turtlebot3_gazebo/share/turtlebot3_gazebo//params/turtlebot3_waffle_bridge.yaml
[3.415s] -- Up-to-date symlink: /root/ros_workspace/install/turtlebot3_gazebo/share/turtlebot3_gazebo//params/turtlebot3_waffle_pi_bridge.yaml
[3.415s] -- Up-to-date symlink: /root/ros_workspace/install/turtlebot3_gazebo/share/turtlebot3_gazebo//rviz/tb3_gazebo.rviz
[3.415s] -- Up-to-date symlink: /root/ros_workspace/install/turtlebot3_gazebo/share/turtlebot3_gazebo//urdf/common_properties.urdf
[3.415s] -- Up-to-date symlink: /root/ros_workspace/install/turtlebot3_gazebo/share/turtlebot3_gazebo//urdf/turtlebot3_burger.urdf
[3.415s] -- Up-to-date symlink: /root/ros_workspace/install/turtlebot3_gazebo/share/turtlebot3_gazebo//urdf/turtlebot3_burger_cam.urdf
[3.416s] -- Up-to-date symlink: /root/ros_workspace/install/turtlebot3_gazebo/share/turtlebot3_gazebo//urdf/turtlebot3_waffle.urdf
[3.416s] -- Up-to-date symlink: /root/ros_workspace/install/turtlebot3_gazebo/share/turtlebot3_gazebo//urdf/turtlebot3_waffle_pi.urdf
[3.416s] -- Up-to-date symlink: /root/ros_workspace/install/turtlebot3_gazebo/share/turtlebot3_gazebo//worlds/empty_world.world
[3.416s] -- Up-to-date symlink: /root/ros_workspace/install/turtlebot3_gazebo/share/turtlebot3_gazebo//worlds/turtlebot3_autorace_2020.world
[3.417s] -- Up-to-date symlink: /root/ros_workspace/install/turtlebot3_gazebo/share/turtlebot3_gazebo//worlds/turtlebot3_dqn_stage1.world
[3.417s] -- Up-to-date symlink: /root/ros_workspace/install/turtlebot3_gazebo/share/turtlebot3_gazebo//worlds/turtlebot3_dqn_stage2.world
[3.417s] -- Up-to-date symlink: /root/ros_workspace/install/turtlebot3_gazebo/share/turtlebot3_gazebo//worlds/turtlebot3_dqn_stage3.world
[3.418s] -- Up-to-date symlink: /root/ros_workspace/install/turtlebot3_gazebo/share/turtlebot3_gazebo//worlds/turtlebot3_dqn_stage4.world
[3.418s] -- Up-to-date symlink: /root/ros_workspace/install/turtlebot3_gazebo/share/turtlebot3_gazebo//worlds/turtlebot3_dynamic_obstacles.world
[3.418s] -- Up-to-date symlink: /root/ros_workspace/install/turtlebot3_gazebo/share/turtlebot3_gazebo//worlds/turtlebot3_house.world
[3.419s] -- Up-to-date symlink: /root/ros_workspace/install/turtlebot3_gazebo/share/turtlebot3_gazebo//worlds/turtlebot3_world.world
[3.419s] -- Up-to-date symlink: /root/ros_workspace/install/turtlebot3_gazebo/include//turtlebot3_gazebo/obstacle1.hpp
[3.419s] -- Up-to-date symlink: /root/ros_workspace/install/turtlebot3_gazebo/include//turtlebot3_gazebo/obstacle2.hpp
[3.420s] -- Up-to-date symlink: /root/ros_workspace/install/turtlebot3_gazebo/include//turtlebot3_gazebo/obstacles.hpp
[3.420s] -- Up-to-date symlink: /root/ros_workspace/install/turtlebot3_gazebo/include//turtlebot3_gazebo/traffic_bar_plugin.hpp
[3.420s] -- Up-to-date symlink: /root/ros_workspace/install/turtlebot3_gazebo/include//turtlebot3_gazebo/traffic_light_plugin.hpp
[3.420s] -- Up-to-date symlink: /root/ros_workspace/install/turtlebot3_gazebo/include//turtlebot3_gazebo/turtlebot3_drive.hpp
[3.420s] -- Up-to-date symlink: /root/ros_workspace/install/turtlebot3_gazebo/share/turtlebot3_gazebo/worlds/empty_world.world
[3.421s] -- Up-to-date symlink: /root/ros_workspace/install/turtlebot3_gazebo/share/turtlebot3_gazebo/worlds/turtlebot3_autorace_2020.world
[3.421s] -- Up-to-date symlink: /root/ros_workspace/install/turtlebot3_gazebo/share/turtlebot3_gazebo/worlds/turtlebot3_dqn_stage1.world
[3.421s] -- Up-to-date symlink: /root/ros_workspace/install/turtlebot3_gazebo/share/turtlebot3_gazebo/worlds/turtlebot3_dqn_stage2.world
[3.422s] -- Up-to-date symlink: /root/ros_workspace/install/turtlebot3_gazebo/share/turtlebot3_gazebo/worlds/turtlebot3_dqn_stage3.world
[3.422s] -- Up-to-date symlink: /root/ros_workspace/install/turtlebot3_gazebo/share/turtlebot3_gazebo/worlds/turtlebot3_dqn_stage4.world
[3.423s] -- Up-to-date symlink: /root/ros_workspace/install/turtlebot3_gazebo/share/turtlebot3_gazebo/worlds/turtlebot3_dynamic_obstacles.world
[3.423s] -- Up-to-date symlink: /root/ros_workspace/install/turtlebot3_gazebo/share/turtlebot3_gazebo/worlds/turtlebot3_house.world
[3.423s] -- Up-to-date symlink: /root/ros_workspace/install/turtlebot3_gazebo/share/turtlebot3_gazebo/worlds/turtlebot3_world.world
[3.424s] -- Up-to-date symlink: /root/ros_workspace/install/turtlebot3_gazebo/share/ament_index/resource_index/package_run_dependencies/turtlebot3_gazebo
[3.424s] -- Up-to-date symlink: /root/ros_workspace/install/turtlebot3_gazebo/share/ament_index/resource_index/parent_prefix_path/turtlebot3_gazebo
[3.424s] -- Up-to-date symlink: /root/ros_workspace/install/turtlebot3_gazebo/share/turtlebot3_gazebo/environment/ament_prefix_path.sh
[3.425s] -- Up-to-date symlink: /root/ros_workspace/install/turtlebot3_gazebo/share/turtlebot3_gazebo/environment/ament_prefix_path.dsv
[3.425s] -- Up-to-date symlink: /root/ros_workspace/install/turtlebot3_gazebo/share/turtlebot3_gazebo/environment/path.sh
[3.425s] -- Up-to-date symlink: /root/ros_workspace/install/turtlebot3_gazebo/share/turtlebot3_gazebo/environment/path.dsv
[3.425s] -- Up-to-date symlink: /root/ros_workspace/install/turtlebot3_gazebo/share/turtlebot3_gazebo/local_setup.bash
[3.426s] -- Up-to-date symlink: /root/ros_workspace/install/turtlebot3_gazebo/share/turtlebot3_gazebo/local_setup.sh
[3.426s] -- Up-to-date symlink: /root/ros_workspace/install/turtlebot3_gazebo/share/turtlebot3_gazebo/local_setup.zsh
[3.426s] -- Up-to-date symlink: /root/ros_workspace/install/turtlebot3_gazebo/share/turtlebot3_gazebo/local_setup.dsv
[3.426s] -- Symlinking: /root/ros_workspace/install/turtlebot3_gazebo/share/turtlebot3_gazebo/package.dsv
[3.444s] -- Up-to-date symlink: /root/ros_workspace/install/turtlebot3_gazebo/share/ament_index/resource_index/packages/turtlebot3_gazebo
[3.445s] -- Up-to-date symlink: /root/ros_workspace/install/turtlebot3_gazebo/share/turtlebot3_gazebo/cmake/ament_cmake_export_include_directories-extras.cmake
[3.445s] -- Up-to-date symlink: /root/ros_workspace/install/turtlebot3_gazebo/share/turtlebot3_gazebo/cmake/ament_cmake_export_dependencies-extras.cmake
[3.445s] -- Up-to-date symlink: /root/ros_workspace/install/turtlebot3_gazebo/share/turtlebot3_gazebo/cmake/turtlebot3_gazeboConfig.cmake
[3.445s] -- Up-to-date symlink: /root/ros_workspace/install/turtlebot3_gazebo/share/turtlebot3_gazebo/cmake/turtlebot3_gazeboConfig-version.cmake
[3.446s] -- Up-to-date symlink: /root/ros_workspace/install/turtlebot3_gazebo/share/turtlebot3_gazebo/package.xml
[3.450s] Invoked command in '/root/ros_workspace/build/turtlebot3_gazebo' returned '0': CMAKE_PREFIX_PATH=${CMAKE_PREFIX_PATH}:/root/ros_workspace/install/turtlebot3_teleop:/root/ros_workspace/install/turtlebot3_example:/root/ros_workspace/install/dynamic_obstacle_detector:/opt/ros/jazzy /usr/bin/cmake --install /root/ros_workspace/build/turtlebot3_gazebo
