[1.381s] Invoking command in '/root/ros_workspace/src/dynamic_obstacle_detector': PYTHONPATH=/root/ros_workspace/build/dynamic_obstacle_detector/prefix_override:/usr/lib/python3/dist-packages/colcon_core/task/python/colcon_distutils_commands:/root/ros_workspace/install/dynamic_obstacle_detector/lib/python3.12/site-packages:${PYTHONPATH} /usr/bin/python3 -W ignore:setup.py install is deprecated -W ignore:easy_install command is deprecated setup.py egg_info --egg-base ../../build/dynamic_obstacle_detector build --build-base /root/ros_workspace/build/dynamic_obstacle_detector/build install --record /root/ros_workspace/build/dynamic_obstacle_detector/install.log --single-version-externally-managed install_data
[1.662s] running egg_info
[1.679s] writing ../../build/dynamic_obstacle_detector/dynamic_obstacle_detector.egg-info/PKG-INFO
[1.679s] writing dependency_links to ../../build/dynamic_obstacle_detector/dynamic_obstacle_detector.egg-info/dependency_links.txt
[1.679s] writing entry points to ../../build/dynamic_obstacle_detector/dynamic_obstacle_detector.egg-info/entry_points.txt
[1.679s] writing requirements to ../../build/dynamic_obstacle_detector/dynamic_obstacle_detector.egg-info/requires.txt
[1.679s] writing top-level names to ../../build/dynamic_obstacle_detector/dynamic_obstacle_detector.egg-info/top_level.txt
[1.715s] reading manifest file '../../build/dynamic_obstacle_detector/dynamic_obstacle_detector.egg-info/SOURCES.txt'
[1.716s] writing manifest file '../../build/dynamic_obstacle_detector/dynamic_obstacle_detector.egg-info/SOURCES.txt'
[1.716s] running build
[1.716s] running build_py
[1.716s] running install
[1.722s] running install_lib
[1.741s] running install_data
[1.741s] copying param/detector_params.yaml -> /root/ros_workspace/install/dynamic_obstacle_detector/share/dynamic_obstacle_detector/param
[1.741s] running install_egg_info
[1.760s] removing '/root/ros_workspace/install/dynamic_obstacle_detector/lib/python3.12/site-packages/dynamic_obstacle_detector-0.0.0-py3.12.egg-info' (and everything under it)
[1.760s] Copying ../../build/dynamic_obstacle_detector/dynamic_obstacle_detector.egg-info to /root/ros_workspace/install/dynamic_obstacle_detector/lib/python3.12/site-packages/dynamic_obstacle_detector-0.0.0-py3.12.egg-info
[1.761s] running install_scripts
[1.893s] Installing obstacle_detector_node script to /root/ros_workspace/install/dynamic_obstacle_detector/lib/dynamic_obstacle_detector
[1.893s] writing list of installed files to '/root/ros_workspace/build/dynamic_obstacle_detector/install.log'
[1.929s] Invoked command in '/root/ros_workspace/src/dynamic_obstacle_detector' returned '0': PYTHONPATH=/root/ros_workspace/build/dynamic_obstacle_detector/prefix_override:/usr/lib/python3/dist-packages/colcon_core/task/python/colcon_distutils_commands:/root/ros_workspace/install/dynamic_obstacle_detector/lib/python3.12/site-packages:${PYTHONPATH} /usr/bin/python3 -W ignore:setup.py install is deprecated -W ignore:easy_install command is deprecated setup.py egg_info --egg-base ../../build/dynamic_obstacle_detector build --build-base /root/ros_workspace/build/dynamic_obstacle_detector/build install --record /root/ros_workspace/build/dynamic_obstacle_detector/install.log --single-version-externally-managed install_data
