[1.619s] Invoking command in '/root/ros_workspace/src/dynamic_obstacle_detector': PYTHONPATH=/root/ros_workspace/build/dynamic_obstacle_detector/prefix_override:/usr/lib/python3/dist-packages/colcon_core/task/python/colcon_distutils_commands:/root/ros_workspace/install/dynamic_obstacle_detector/lib/python3.12/site-packages:${PYTHONPATH} /usr/bin/python3 -W ignore:setup.py install is deprecated -W ignore:easy_install command is deprecated setup.py egg_info --egg-base ../../build/dynamic_obstacle_detector build --build-base /root/ros_workspace/build/dynamic_obstacle_detector/build install --record /root/ros_workspace/build/dynamic_obstacle_detector/install.log --single-version-externally-managed install_data
[2.229s] running egg_info
[2.229s] creating ../../build/dynamic_obstacle_detector/dynamic_obstacle_detector.egg-info
[2.260s] writing ../../build/dynamic_obstacle_detector/dynamic_obstacle_detector.egg-info/PKG-INFO
[2.261s] writing dependency_links to ../../build/dynamic_obstacle_detector/dynamic_obstacle_detector.egg-info/dependency_links.txt
[2.261s] writing entry points to ../../build/dynamic_obstacle_detector/dynamic_obstacle_detector.egg-info/entry_points.txt
[2.261s] writing requirements to ../../build/dynamic_obstacle_detector/dynamic_obstacle_detector.egg-info/requires.txt
[2.261s] writing top-level names to ../../build/dynamic_obstacle_detector/dynamic_obstacle_detector.egg-info/top_level.txt
[2.262s] writing manifest file '../../build/dynamic_obstacle_detector/dynamic_obstacle_detector.egg-info/SOURCES.txt'
[2.318s] reading manifest file '../../build/dynamic_obstacle_detector/dynamic_obstacle_detector.egg-info/SOURCES.txt'
[2.319s] writing manifest file '../../build/dynamic_obstacle_detector/dynamic_obstacle_detector.egg-info/SOURCES.txt'
[2.320s] running build
[2.320s] running build_py
[2.320s] creating /root/ros_workspace/build/dynamic_obstacle_detector/build
[2.320s] creating /root/ros_workspace/build/dynamic_obstacle_detector/build/lib
[2.321s] creating /root/ros_workspace/build/dynamic_obstacle_detector/build/lib/dynamic_obstacle_detector
[2.321s] copying dynamic_obstacle_detector/obstacle_detector_node.py -> /root/ros_workspace/build/dynamic_obstacle_detector/build/lib/dynamic_obstacle_detector
[2.321s] copying dynamic_obstacle_detector/__init__.py -> /root/ros_workspace/build/dynamic_obstacle_detector/build/lib/dynamic_obstacle_detector
[2.322s] running install
[2.332s] running install_lib
[2.352s] creating /root/ros_workspace/install/dynamic_obstacle_detector/lib/python3.12/site-packages/dynamic_obstacle_detector
[2.353s] copying /root/ros_workspace/build/dynamic_obstacle_detector/build/lib/dynamic_obstacle_detector/obstacle_detector_node.py -> /root/ros_workspace/install/dynamic_obstacle_detector/lib/python3.12/site-packages/dynamic_obstacle_detector
[2.353s] copying /root/ros_workspace/build/dynamic_obstacle_detector/build/lib/dynamic_obstacle_detector/__init__.py -> /root/ros_workspace/install/dynamic_obstacle_detector/lib/python3.12/site-packages/dynamic_obstacle_detector
[2.353s] byte-compiling /root/ros_workspace/install/dynamic_obstacle_detector/lib/python3.12/site-packages/dynamic_obstacle_detector/obstacle_detector_node.py to obstacle_detector_node.cpython-312.pyc
[2.356s] byte-compiling /root/ros_workspace/install/dynamic_obstacle_detector/lib/python3.12/site-packages/dynamic_obstacle_detector/__init__.py to __init__.cpython-312.pyc
[2.357s] running install_data
[2.357s] creating /root/ros_workspace/install/dynamic_obstacle_detector/share/ament_index
[2.357s] creating /root/ros_workspace/install/dynamic_obstacle_detector/share/ament_index/resource_index
[2.357s] creating /root/ros_workspace/install/dynamic_obstacle_detector/share/ament_index/resource_index/packages
[2.357s] copying resource/dynamic_obstacle_detector -> /root/ros_workspace/install/dynamic_obstacle_detector/share/ament_index/resource_index/packages
[2.358s] copying package.xml -> /root/ros_workspace/install/dynamic_obstacle_detector/share/dynamic_obstacle_detector
[2.358s] creating /root/ros_workspace/install/dynamic_obstacle_detector/share/dynamic_obstacle_detector/launch
[2.358s] copying launch/dynamic_nav.launch.py -> /root/ros_workspace/install/dynamic_obstacle_detector/share/dynamic_obstacle_detector/launch
[2.358s] creating /root/ros_workspace/install/dynamic_obstacle_detector/share/dynamic_obstacle_detector/param
[2.359s] copying param/detector_params.yaml -> /root/ros_workspace/install/dynamic_obstacle_detector/share/dynamic_obstacle_detector/param
[2.359s] copying param/custom_nav2_params.yaml -> /root/ros_workspace/install/dynamic_obstacle_detector/share/dynamic_obstacle_detector/param
[2.359s] running install_egg_info
[2.382s] Copying ../../build/dynamic_obstacle_detector/dynamic_obstacle_detector.egg-info to /root/ros_workspace/install/dynamic_obstacle_detector/lib/python3.12/site-packages/dynamic_obstacle_detector-0.0.0-py3.12.egg-info
[2.384s] running install_scripts
[2.537s] Installing obstacle_detector_node script to /root/ros_workspace/install/dynamic_obstacle_detector/lib/dynamic_obstacle_detector
[2.538s] writing list of installed files to '/root/ros_workspace/build/dynamic_obstacle_detector/install.log'
[2.627s] Invoked command in '/root/ros_workspace/src/dynamic_obstacle_detector' returned '0': PYTHONPATH=/root/ros_workspace/build/dynamic_obstacle_detector/prefix_override:/usr/lib/python3/dist-packages/colcon_core/task/python/colcon_distutils_commands:/root/ros_workspace/install/dynamic_obstacle_detector/lib/python3.12/site-packages:${PYTHONPATH} /usr/bin/python3 -W ignore:setup.py install is deprecated -W ignore:easy_install command is deprecated setup.py egg_info --egg-base ../../build/dynamic_obstacle_detector build --build-base /root/ros_workspace/build/dynamic_obstacle_detector/build install --record /root/ros_workspace/build/dynamic_obstacle_detector/install.log --single-version-externally-managed install_data
