-- The C compiler identification is GNU 13.3.0
-- The CXX compiler identification is GNU 13.3.0
-- Detecting C compiler ABI info
-- Detecting C compiler ABI info - done
-- Check for working C compiler: /usr/bin/cc - skipped
-- Detecting C compile features
-- Detecting C compile features - done
-- Detecting CXX compiler ABI info
-- Detecting CXX compiler ABI info - done
-- Check for working CXX compiler: /usr/bin/c++ - skipped
-- Detecting CXX compile features
-- Detecting CXX compile features - done
-- Found action_msgs: 2.0.2 (/opt/ros/jazzy/share/action_msgs/cmake)
-- Found Python3: /usr/bin/python3 (found version "3.12.3") found components: Interpreter 
-- Found rosidl_generator_c: 4.6.5 (/opt/ros/jazzy/share/rosidl_generator_c/cmake)
-- Found rosidl_generator_cpp: 4.6.5 (/opt/ros/jazzy/share/rosidl_generator_cpp/cmake)
-- Using all available rosidl_typesupport_c: rosidl_typesupport_fastrtps_c;rosidl_typesupport_introspection_c
-- Using all available rosidl_typesupport_cpp: rosidl_typesupport_fastrtps_cpp;rosidl_typesupport_introspection_cpp
-- Found rosidl_default_generators: 1.6.0 (/opt/ros/jazzy/share/rosidl_default_generators/cmake)
-- Found rosidl_adapter: 4.6.5 (/opt/ros/jazzy/share/rosidl_adapter/cmake)
-- Found std_msgs: 5.3.6 (/opt/ros/jazzy/share/std_msgs/cmake)
-- Found geometry_msgs: 5.3.6 (/opt/ros/jazzy/share/geometry_msgs/cmake)
-- Found ament_cmake_cppcheck: 0.17.2 (/opt/ros/jazzy/share/ament_cmake_cppcheck/cmake)
-- Found ament_cmake_cpplint: 0.17.2 (/opt/ros/jazzy/share/ament_cmake_cpplint/cmake)
-- Found ament_cmake_uncrustify: 0.17.2 (/opt/ros/jazzy/share/ament_cmake_uncrustify/cmake)
-- Found ament_cmake_ros: 0.12.0 (/opt/ros/jazzy/share/ament_cmake_ros/cmake)
-- Using all available rosidl_typesupport_c: rosidl_typesupport_fastrtps_c;rosidl_typesupport_introspection_c
-- Using all available rosidl_typesupport_cpp: rosidl_typesupport_fastrtps_cpp;rosidl_typesupport_introspection_cpp
-- Found python_cmake_module: 0.11.1 (/opt/ros/jazzy/share/python_cmake_module/cmake)
-- Found PythonExtra: /usr/bin/python3  
-- Found Python3: /usr/bin/python3 (found version "3.12.3") found components: Interpreter Development NumPy Development.Module Development.Embed 
-- Found ament_cmake_flake8: 0.17.2 (/opt/ros/jazzy/share/ament_cmake_flake8/cmake)
-- Found ament_cmake_pep257: 0.17.2 (/opt/ros/jazzy/share/ament_cmake_pep257/cmake)
-- Configuring done (4.7s)
-- Generating done (0.1s)
-- Build files have been written to: /root/ros_workspace/build/turtlebot3_msgs
[  1%] [34m[1mGenerating type hashes for ROS interfaces[0m
[  1%] Built target ament_cmake_python_copy_turtlebot3_msgs
running egg_info
creating turtlebot3_msgs.egg-info
writing turtlebot3_msgs.egg-info/PKG-INFO
writing dependency_links to turtlebot3_msgs.egg-info/dependency_links.txt
writing top-level names to turtlebot3_msgs.egg-info/top_level.txt
writing manifest file 'turtlebot3_msgs.egg-info/SOURCES.txt'
reading manifest file 'turtlebot3_msgs.egg-info/SOURCES.txt'
writing manifest file 'turtlebot3_msgs.egg-info/SOURCES.txt'
[  1%] Built target ament_cmake_python_build_turtlebot3_msgs_egg
[  1%] Built target turtlebot3_msgs__rosidl_generator_type_description
[  2%] [34m[1mGenerating C code for ROS interfaces[0m
[  3%] [34m[1mGenerating C++ code for ROS interfaces[0m
[  3%] Built target turtlebot3_msgs__cpp
[  4%] [32mBuilding C object CMakeFiles/turtlebot3_msgs__rosidl_generator_c.dir/rosidl_generator_c/turtlebot3_msgs/msg/detail/sound__description.c.o[0m
[  5%] [32mBuilding C object CMakeFiles/turtlebot3_msgs__rosidl_generator_c.dir/rosidl_generator_c/turtlebot3_msgs/msg/detail/version_info__description.c.o[0m
[  6%] [32mBuilding C object CMakeFiles/turtlebot3_msgs__rosidl_generator_c.dir/rosidl_generator_c/turtlebot3_msgs/msg/detail/sensor_state__description.c.o[0m
[  7%] [32mBuilding C object CMakeFiles/turtlebot3_msgs__rosidl_generator_c.dir/rosidl_generator_c/turtlebot3_msgs/msg/detail/sound__functions.c.o[0m
[  8%] [32mBuilding C object CMakeFiles/turtlebot3_msgs__rosidl_generator_c.dir/rosidl_generator_c/turtlebot3_msgs/msg/detail/sound__type_support.c.o[0m
[  9%] [32mBuilding C object CMakeFiles/turtlebot3_msgs__rosidl_generator_c.dir/rosidl_generator_c/turtlebot3_msgs/msg/detail/sensor_state__type_support.c.o[0m
[ 10%] [32mBuilding C object CMakeFiles/turtlebot3_msgs__rosidl_generator_c.dir/rosidl_generator_c/turtlebot3_msgs/msg/detail/version_info__functions.c.o[0m
[ 11%] [32mBuilding C object CMakeFiles/turtlebot3_msgs__rosidl_generator_c.dir/rosidl_generator_c/turtlebot3_msgs/msg/detail/version_info__type_support.c.o[0m
[ 12%] [32mBuilding C object CMakeFiles/turtlebot3_msgs__rosidl_generator_c.dir/rosidl_generator_c/turtlebot3_msgs/msg/detail/sensor_state__functions.c.o[0m
[ 13%] [32mBuilding C object CMakeFiles/turtlebot3_msgs__rosidl_generator_c.dir/rosidl_generator_c/turtlebot3_msgs/srv/detail/sound__functions.c.o[0m
[ 14%] [32mBuilding C object CMakeFiles/turtlebot3_msgs__rosidl_generator_c.dir/rosidl_generator_c/turtlebot3_msgs/srv/detail/sound__type_support.c.o[0m
[ 15%] [32mBuilding C object CMakeFiles/turtlebot3_msgs__rosidl_generator_c.dir/rosidl_generator_c/turtlebot3_msgs/srv/detail/sound__description.c.o[0m
[ 17%] [32mBuilding C object CMakeFiles/turtlebot3_msgs__rosidl_generator_c.dir/rosidl_generator_c/turtlebot3_msgs/srv/detail/dqn__functions.c.o[0m
[ 18%] [32mBuilding C object CMakeFiles/turtlebot3_msgs__rosidl_generator_c.dir/rosidl_generator_c/turtlebot3_msgs/srv/detail/dqn__description.c.o[0m
[ 19%] [32mBuilding C object CMakeFiles/turtlebot3_msgs__rosidl_generator_c.dir/rosidl_generator_c/turtlebot3_msgs/srv/detail/goal__description.c.o[0m
[ 20%] [32mBuilding C object CMakeFiles/turtlebot3_msgs__rosidl_generator_c.dir/rosidl_generator_c/turtlebot3_msgs/srv/detail/dqn__type_support.c.o[0m
[ 21%] [32mBuilding C object CMakeFiles/turtlebot3_msgs__rosidl_generator_c.dir/rosidl_generator_c/turtlebot3_msgs/srv/detail/goal__type_support.c.o[0m
[ 22%] [32mBuilding C object CMakeFiles/turtlebot3_msgs__rosidl_generator_c.dir/rosidl_generator_c/turtlebot3_msgs/srv/detail/goal__functions.c.o[0m
[ 23%] [32mBuilding C object CMakeFiles/turtlebot3_msgs__rosidl_generator_c.dir/rosidl_generator_c/turtlebot3_msgs/action/detail/patrol__functions.c.o[0m
[ 24%] [32mBuilding C object CMakeFiles/turtlebot3_msgs__rosidl_generator_c.dir/rosidl_generator_c/turtlebot3_msgs/action/detail/patrol__description.c.o[0m
[ 25%] [32mBuilding C object CMakeFiles/turtlebot3_msgs__rosidl_generator_c.dir/rosidl_generator_c/turtlebot3_msgs/action/detail/patrol__type_support.c.o[0m
[ 26%] [32m[1mLinking C shared library libturtlebot3_msgs__rosidl_generator_c.so[0m
[ 26%] Built target turtlebot3_msgs__rosidl_generator_c
[ 27%] [34m[1mGenerating C++ introspection for ROS interfaces[0m
[ 30%] [34m[1mGenerating C++ type support dispatch for ROS interfaces[0m
[ 30%] [34m[1mGenerating C type support for eProsima Fast-RTPS[0m
[ 30%] [34m[1mGenerating C type support dispatch for ROS interfaces[0m
[ 31%] [34m[1mGenerating C introspection for ROS interfaces[0m
[ 32%] [34m[1mGenerating C++ type support for eProsima Fast-RTPS[0m
[ 34%] [32mBuilding CXX object CMakeFiles/turtlebot3_msgs__rosidl_typesupport_c.dir/rosidl_typesupport_c/turtlebot3_msgs/srv/sound__type_support.cpp.o[0m
[ 35%] [32mBuilding CXX object CMakeFiles/turtlebot3_msgs__rosidl_typesupport_c.dir/rosidl_typesupport_c/turtlebot3_msgs/srv/dqn__type_support.cpp.o[0m
[ 36%] [32mBuilding CXX object CMakeFiles/turtlebot3_msgs__rosidl_typesupport_c.dir/rosidl_typesupport_c/turtlebot3_msgs/msg/sensor_state__type_support.cpp.o[0m
[ 37%] [32mBuilding CXX object CMakeFiles/turtlebot3_msgs__rosidl_typesupport_c.dir/rosidl_typesupport_c/turtlebot3_msgs/msg/sound__type_support.cpp.o[0m
[ 38%] [32mBuilding CXX object CMakeFiles/turtlebot3_msgs__rosidl_typesupport_c.dir/rosidl_typesupport_c/turtlebot3_msgs/msg/version_info__type_support.cpp.o[0m
[ 39%] [32mBuilding CXX object CMakeFiles/turtlebot3_msgs__rosidl_typesupport_c.dir/rosidl_typesupport_c/turtlebot3_msgs/srv/goal__type_support.cpp.o[0m
[ 40%] [32mBuilding CXX object CMakeFiles/turtlebot3_msgs__rosidl_typesupport_c.dir/rosidl_typesupport_c/turtlebot3_msgs/action/patrol__type_support.cpp.o[0m
[ 41%] [32m[1mLinking CXX shared library libturtlebot3_msgs__rosidl_typesupport_c.so[0m
[ 42%] [32mBuilding CXX object CMakeFiles/turtlebot3_msgs__rosidl_typesupport_cpp.dir/rosidl_typesupport_cpp/turtlebot3_msgs/msg/version_info__type_support.cpp.o[0m
[ 43%] [32mBuilding CXX object CMakeFiles/turtlebot3_msgs__rosidl_typesupport_cpp.dir/rosidl_typesupport_cpp/turtlebot3_msgs/srv/goal__type_support.cpp.o[0m
[ 45%] [32mBuilding CXX object CMakeFiles/turtlebot3_msgs__rosidl_typesupport_cpp.dir/rosidl_typesupport_cpp/turtlebot3_msgs/srv/sound__type_support.cpp.o[0m
[ 45%] [32mBuilding CXX object CMakeFiles/turtlebot3_msgs__rosidl_typesupport_cpp.dir/rosidl_typesupport_cpp/turtlebot3_msgs/action/patrol__type_support.cpp.o[0m
[ 46%] [32mBuilding CXX object CMakeFiles/turtlebot3_msgs__rosidl_typesupport_cpp.dir/rosidl_typesupport_cpp/turtlebot3_msgs/msg/sound__type_support.cpp.o[0m
[ 47%] [32mBuilding CXX object CMakeFiles/turtlebot3_msgs__rosidl_typesupport_cpp.dir/rosidl_typesupport_cpp/turtlebot3_msgs/msg/sensor_state__type_support.cpp.o[0m
[ 48%] [32mBuilding CXX object CMakeFiles/turtlebot3_msgs__rosidl_typesupport_cpp.dir/rosidl_typesupport_cpp/turtlebot3_msgs/srv/dqn__type_support.cpp.o[0m
[ 48%] Built target turtlebot3_msgs__rosidl_typesupport_c
[ 50%] [32mBuilding CXX object CMakeFiles/turtlebot3_msgs__rosidl_typesupport_introspection_cpp.dir/rosidl_typesupport_introspection_cpp/turtlebot3_msgs/msg/detail/sensor_state__type_support.cpp.o[0m
[ 51%] [32mBuilding CXX object CMakeFiles/turtlebot3_msgs__rosidl_typesupport_introspection_cpp.dir/rosidl_typesupport_introspection_cpp/turtlebot3_msgs/msg/detail/sound__type_support.cpp.o[0m
[ 52%] [32mBuilding C object CMakeFiles/turtlebot3_msgs__rosidl_typesupport_introspection_c.dir/rosidl_typesupport_introspection_c/turtlebot3_msgs/msg/detail/sensor_state__type_support.c.o[0m
[ 53%] [32mBuilding C object CMakeFiles/turtlebot3_msgs__rosidl_typesupport_introspection_c.dir/rosidl_typesupport_introspection_c/turtlebot3_msgs/msg/detail/sound__type_support.c.o[0m
[ 54%] [32mBuilding C object CMakeFiles/turtlebot3_msgs__rosidl_typesupport_introspection_c.dir/rosidl_typesupport_introspection_c/turtlebot3_msgs/msg/detail/version_info__type_support.c.o[0m
[ 55%] [32mBuilding C object CMakeFiles/turtlebot3_msgs__rosidl_typesupport_introspection_c.dir/rosidl_typesupport_introspection_c/turtlebot3_msgs/srv/detail/sound__type_support.c.o[0m
[ 57%] [32mBuilding CXX object CMakeFiles/turtlebot3_msgs__rosidl_typesupport_introspection_cpp.dir/rosidl_typesupport_introspection_cpp/turtlebot3_msgs/msg/detail/version_info__type_support.cpp.o[0m
[ 57%] [32mBuilding C object CMakeFiles/turtlebot3_msgs__rosidl_typesupport_introspection_c.dir/rosidl_typesupport_introspection_c/turtlebot3_msgs/srv/detail/dqn__type_support.c.o[0m
[ 58%] [32mBuilding CXX object CMakeFiles/turtlebot3_msgs__rosidl_typesupport_introspection_cpp.dir/rosidl_typesupport_introspection_cpp/turtlebot3_msgs/srv/detail/sound__type_support.cpp.o[0m
[ 59%] [32mBuilding C object CMakeFiles/turtlebot3_msgs__rosidl_typesupport_introspection_c.dir/rosidl_typesupport_introspection_c/turtlebot3_msgs/srv/detail/goal__type_support.c.o[0m
[ 60%] [32mBuilding CXX object CMakeFiles/turtlebot3_msgs__rosidl_typesupport_introspection_cpp.dir/rosidl_typesupport_introspection_cpp/turtlebot3_msgs/srv/detail/dqn__type_support.cpp.o[0m
[ 61%] [32mBuilding CXX object CMakeFiles/turtlebot3_msgs__rosidl_typesupport_introspection_cpp.dir/rosidl_typesupport_introspection_cpp/turtlebot3_msgs/srv/detail/goal__type_support.cpp.o[0m
[ 62%] [32mBuilding C object CMakeFiles/turtlebot3_msgs__rosidl_typesupport_introspection_c.dir/rosidl_typesupport_introspection_c/turtlebot3_msgs/action/detail/patrol__type_support.c.o[0m
[ 63%] [32mBuilding CXX object CMakeFiles/turtlebot3_msgs__rosidl_typesupport_introspection_cpp.dir/rosidl_typesupport_introspection_cpp/turtlebot3_msgs/action/detail/patrol__type_support.cpp.o[0m
[ 64%] [32mBuilding CXX object CMakeFiles/turtlebot3_msgs__rosidl_typesupport_fastrtps_cpp.dir/rosidl_typesupport_fastrtps_cpp/turtlebot3_msgs/msg/detail/dds_fastrtps/sound__type_support.cpp.o[0m
[ 65%] [32mBuilding CXX object CMakeFiles/turtlebot3_msgs__rosidl_typesupport_fastrtps_cpp.dir/rosidl_typesupport_fastrtps_cpp/turtlebot3_msgs/msg/detail/dds_fastrtps/sensor_state__type_support.cpp.o[0m
[ 67%] [32m[1mLinking C shared library libturtlebot3_msgs__rosidl_typesupport_introspection_c.so[0m
[ 68%] [32mBuilding CXX object CMakeFiles/turtlebot3_msgs__rosidl_typesupport_fastrtps_cpp.dir/rosidl_typesupport_fastrtps_cpp/turtlebot3_msgs/msg/detail/dds_fastrtps/version_info__type_support.cpp.o[0m
[ 68%] Built target turtlebot3_msgs__rosidl_typesupport_introspection_c
[ 69%] [32mBuilding CXX object CMakeFiles/turtlebot3_msgs__rosidl_typesupport_fastrtps_cpp.dir/rosidl_typesupport_fastrtps_cpp/turtlebot3_msgs/srv/detail/dds_fastrtps/sound__type_support.cpp.o[0m
[ 70%] [32mBuilding CXX object CMakeFiles/turtlebot3_msgs__rosidl_typesupport_fastrtps_c.dir/rosidl_typesupport_fastrtps_c/turtlebot3_msgs/msg/detail/sensor_state__type_support_c.cpp.o[0m
[ 71%] [32mBuilding CXX object CMakeFiles/turtlebot3_msgs__rosidl_typesupport_fastrtps_c.dir/rosidl_typesupport_fastrtps_c/turtlebot3_msgs/msg/detail/sound__type_support_c.cpp.o[0m
[ 72%] [32m[1mLinking CXX shared library libturtlebot3_msgs__rosidl_typesupport_cpp.so[0m
[ 72%] Built target turtlebot3_msgs__rosidl_typesupport_cpp
[ 73%] [32mBuilding CXX object CMakeFiles/turtlebot3_msgs__rosidl_typesupport_fastrtps_cpp.dir/rosidl_typesupport_fastrtps_cpp/turtlebot3_msgs/srv/detail/dds_fastrtps/dqn__type_support.cpp.o[0m
[ 74%] [32mBuilding CXX object CMakeFiles/turtlebot3_msgs__rosidl_typesupport_fastrtps_c.dir/rosidl_typesupport_fastrtps_c/turtlebot3_msgs/msg/detail/version_info__type_support_c.cpp.o[0m
[ 75%] [32mBuilding CXX object CMakeFiles/turtlebot3_msgs__rosidl_typesupport_fastrtps_cpp.dir/rosidl_typesupport_fastrtps_cpp/turtlebot3_msgs/srv/detail/dds_fastrtps/goal__type_support.cpp.o[0m
[ 76%] [32mBuilding CXX object CMakeFiles/turtlebot3_msgs__rosidl_typesupport_fastrtps_c.dir/rosidl_typesupport_fastrtps_c/turtlebot3_msgs/srv/detail/sound__type_support_c.cpp.o[0m
[ 77%] [32mBuilding CXX object CMakeFiles/turtlebot3_msgs__rosidl_typesupport_fastrtps_c.dir/rosidl_typesupport_fastrtps_c/turtlebot3_msgs/srv/detail/dqn__type_support_c.cpp.o[0m
[ 78%] [32mBuilding CXX object CMakeFiles/turtlebot3_msgs__rosidl_typesupport_fastrtps_cpp.dir/rosidl_typesupport_fastrtps_cpp/turtlebot3_msgs/action/detail/dds_fastrtps/patrol__type_support.cpp.o[0m
[ 79%] [32mBuilding CXX object CMakeFiles/turtlebot3_msgs__rosidl_typesupport_fastrtps_c.dir/rosidl_typesupport_fastrtps_c/turtlebot3_msgs/srv/detail/goal__type_support_c.cpp.o[0m
[ 80%] [32mBuilding CXX object CMakeFiles/turtlebot3_msgs__rosidl_typesupport_fastrtps_c.dir/rosidl_typesupport_fastrtps_c/turtlebot3_msgs/action/detail/patrol__type_support_c.cpp.o[0m
[ 81%] [32m[1mLinking CXX shared library libturtlebot3_msgs__rosidl_typesupport_introspection_cpp.so[0m
[ 81%] Built target turtlebot3_msgs__rosidl_typesupport_introspection_cpp
[ 82%] [32m[1mLinking CXX shared library libturtlebot3_msgs__rosidl_typesupport_fastrtps_c.so[0m
[ 82%] Built target turtlebot3_msgs__rosidl_typesupport_fastrtps_c
[ 84%] [32m[1mLinking CXX shared library libturtlebot3_msgs__rosidl_typesupport_fastrtps_cpp.so[0m
[ 84%] Built target turtlebot3_msgs__rosidl_typesupport_fastrtps_cpp
[ 84%] Built target turtlebot3_msgs
[ 85%] [34m[1mGenerating Python code for ROS interfaces[0m
[ 85%] Built target turtlebot3_msgs__py
[ 87%] [32mBuilding C object CMakeFiles/turtlebot3_msgs__rosidl_generator_py.dir/rosidl_generator_py/turtlebot3_msgs/msg/_sensor_state_s.c.o[0m
[ 87%] [32mBuilding C object CMakeFiles/turtlebot3_msgs__rosidl_generator_py.dir/rosidl_generator_py/turtlebot3_msgs/msg/_sound_s.c.o[0m
[ 88%] [32mBuilding C object CMakeFiles/turtlebot3_msgs__rosidl_generator_py.dir/rosidl_generator_py/turtlebot3_msgs/msg/_version_info_s.c.o[0m
[ 90%] [32mBuilding C object CMakeFiles/turtlebot3_msgs__rosidl_generator_py.dir/rosidl_generator_py/turtlebot3_msgs/srv/_sound_s.c.o[0m
[ 90%] [32mBuilding C object CMakeFiles/turtlebot3_msgs__rosidl_generator_py.dir/rosidl_generator_py/turtlebot3_msgs/srv/_dqn_s.c.o[0m
[ 91%] [32mBuilding C object CMakeFiles/turtlebot3_msgs__rosidl_generator_py.dir/rosidl_generator_py/turtlebot3_msgs/srv/_goal_s.c.o[0m
[ 92%] [32mBuilding C object CMakeFiles/turtlebot3_msgs__rosidl_generator_py.dir/rosidl_generator_py/turtlebot3_msgs/action/_patrol_s.c.o[0m
[ 93%] [32m[1mLinking C shared library libturtlebot3_msgs__rosidl_generator_py.so[0m
[ 93%] Built target turtlebot3_msgs__rosidl_generator_py
[ 94%] [32mBuilding C object CMakeFiles/turtlebot3_msgs_s__rosidl_typesupport_introspection_c.dir/rosidl_generator_py/turtlebot3_msgs/_turtlebot3_msgs_s.ep.rosidl_typesupport_introspection_c.c.o[0m
[ 96%] [32mBuilding C object CMakeFiles/turtlebot3_msgs_s__rosidl_typesupport_c.dir/rosidl_generator_py/turtlebot3_msgs/_turtlebot3_msgs_s.ep.rosidl_typesupport_c.c.o[0m
[ 96%] [32mBuilding C object CMakeFiles/turtlebot3_msgs_s__rosidl_typesupport_fastrtps_c.dir/rosidl_generator_py/turtlebot3_msgs/_turtlebot3_msgs_s.ep.rosidl_typesupport_fastrtps_c.c.o[0m
[ 98%] [32m[1mLinking C shared module rosidl_generator_py/turtlebot3_msgs/turtlebot3_msgs_s__rosidl_typesupport_fastrtps_c.so[0m
[ 98%] [32m[1mLinking C shared module rosidl_generator_py/turtlebot3_msgs/turtlebot3_msgs_s__rosidl_typesupport_c.so[0m
[100%] [32m[1mLinking C shared module rosidl_generator_py/turtlebot3_msgs/turtlebot3_msgs_s__rosidl_typesupport_introspection_c.so[0m
[100%] Built target turtlebot3_msgs_s__rosidl_typesupport_introspection_c
[100%] Built target turtlebot3_msgs_s__rosidl_typesupport_c
[100%] Built target turtlebot3_msgs_s__rosidl_typesupport_fastrtps_c
-- Install configuration: ""
-- Installing: /root/ros_workspace/install/turtlebot3_msgs/share/ament_index/resource_index/rosidl_interfaces/turtlebot3_msgs
-- Installing: /root/ros_workspace/install/turtlebot3_msgs/share/turtlebot3_msgs/msg/SensorState.json
-- Installing: /root/ros_workspace/install/turtlebot3_msgs/share/turtlebot3_msgs/msg/Sound.json
-- Installing: /root/ros_workspace/install/turtlebot3_msgs/share/turtlebot3_msgs/msg/VersionInfo.json
-- Installing: /root/ros_workspace/install/turtlebot3_msgs/share/turtlebot3_msgs/srv/Sound.json
-- Installing: /root/ros_workspace/install/turtlebot3_msgs/share/turtlebot3_msgs/srv/Dqn.json
-- Installing: /root/ros_workspace/install/turtlebot3_msgs/share/turtlebot3_msgs/srv/Goal.json
-- Installing: /root/ros_workspace/install/turtlebot3_msgs/share/turtlebot3_msgs/action/Patrol.json
-- Installing: /root/ros_workspace/install/turtlebot3_msgs/include/turtlebot3_msgs/turtlebot3_msgs
-- Installing: /root/ros_workspace/install/turtlebot3_msgs/include/turtlebot3_msgs/turtlebot3_msgs/srv
-- Installing: /root/ros_workspace/install/turtlebot3_msgs/include/turtlebot3_msgs/turtlebot3_msgs/srv/sound.h
-- Installing: /root/ros_workspace/install/turtlebot3_msgs/include/turtlebot3_msgs/turtlebot3_msgs/srv/goal.h
-- Installing: /root/ros_workspace/install/turtlebot3_msgs/include/turtlebot3_msgs/turtlebot3_msgs/srv/dqn.h
-- Installing: /root/ros_workspace/install/turtlebot3_msgs/include/turtlebot3_msgs/turtlebot3_msgs/srv/detail
-- Installing: /root/ros_workspace/install/turtlebot3_msgs/include/turtlebot3_msgs/turtlebot3_msgs/srv/detail/goal__functions.c
-- Installing: /root/ros_workspace/install/turtlebot3_msgs/include/turtlebot3_msgs/turtlebot3_msgs/srv/detail/goal__functions.h
-- Installing: /root/ros_workspace/install/turtlebot3_msgs/include/turtlebot3_msgs/turtlebot3_msgs/srv/detail/sound__struct.h
-- Installing: /root/ros_workspace/install/turtlebot3_msgs/include/turtlebot3_msgs/turtlebot3_msgs/srv/detail/dqn__functions.h
-- Installing: /root/ros_workspace/install/turtlebot3_msgs/include/turtlebot3_msgs/turtlebot3_msgs/srv/detail/dqn__functions.c
-- Installing: /root/ros_workspace/install/turtlebot3_msgs/include/turtlebot3_msgs/turtlebot3_msgs/srv/detail/goal__type_support.c
-- Installing: /root/ros_workspace/install/turtlebot3_msgs/include/turtlebot3_msgs/turtlebot3_msgs/srv/detail/sound__functions.h
-- Installing: /root/ros_workspace/install/turtlebot3_msgs/include/turtlebot3_msgs/turtlebot3_msgs/srv/detail/sound__type_support.h
-- Installing: /root/ros_workspace/install/turtlebot3_msgs/include/turtlebot3_msgs/turtlebot3_msgs/srv/detail/dqn__description.c
-- Installing: /root/ros_workspace/install/turtlebot3_msgs/include/turtlebot3_msgs/turtlebot3_msgs/srv/detail/sound__description.c
-- Installing: /root/ros_workspace/install/turtlebot3_msgs/include/turtlebot3_msgs/turtlebot3_msgs/srv/detail/dqn__struct.h
-- Installing: /root/ros_workspace/install/turtlebot3_msgs/include/turtlebot3_msgs/turtlebot3_msgs/srv/detail/goal__description.c
-- Installing: /root/ros_workspace/install/turtlebot3_msgs/include/turtlebot3_msgs/turtlebot3_msgs/srv/detail/sound__type_support.c
-- Installing: /root/ros_workspace/install/turtlebot3_msgs/include/turtlebot3_msgs/turtlebot3_msgs/srv/detail/goal__type_support.h
-- Installing: /root/ros_workspace/install/turtlebot3_msgs/include/turtlebot3_msgs/turtlebot3_msgs/srv/detail/goal__struct.h
-- Installing: /root/ros_workspace/install/turtlebot3_msgs/include/turtlebot3_msgs/turtlebot3_msgs/srv/detail/sound__functions.c
-- Installing: /root/ros_workspace/install/turtlebot3_msgs/include/turtlebot3_msgs/turtlebot3_msgs/srv/detail/dqn__type_support.c
-- Installing: /root/ros_workspace/install/turtlebot3_msgs/include/turtlebot3_msgs/turtlebot3_msgs/srv/detail/dqn__type_support.h
-- Installing: /root/ros_workspace/install/turtlebot3_msgs/include/turtlebot3_msgs/turtlebot3_msgs/msg
-- Installing: /root/ros_workspace/install/turtlebot3_msgs/include/turtlebot3_msgs/turtlebot3_msgs/msg/sound.h
-- Installing: /root/ros_workspace/install/turtlebot3_msgs/include/turtlebot3_msgs/turtlebot3_msgs/msg/sensor_state.h
-- Installing: /root/ros_workspace/install/turtlebot3_msgs/include/turtlebot3_msgs/turtlebot3_msgs/msg/rosidl_generator_c__visibility_control.h
-- Installing: /root/ros_workspace/install/turtlebot3_msgs/include/turtlebot3_msgs/turtlebot3_msgs/msg/detail
-- Installing: /root/ros_workspace/install/turtlebot3_msgs/include/turtlebot3_msgs/turtlebot3_msgs/msg/detail/sensor_state__description.c
-- Installing: /root/ros_workspace/install/turtlebot3_msgs/include/turtlebot3_msgs/turtlebot3_msgs/msg/detail/sound__struct.h
-- Installing: /root/ros_workspace/install/turtlebot3_msgs/include/turtlebot3_msgs/turtlebot3_msgs/msg/detail/sensor_state__functions.h
-- Installing: /root/ros_workspace/install/turtlebot3_msgs/include/turtlebot3_msgs/turtlebot3_msgs/msg/detail/sensor_state__type_support.h
-- Installing: /root/ros_workspace/install/turtlebot3_msgs/include/turtlebot3_msgs/turtlebot3_msgs/msg/detail/sound__functions.h
-- Installing: /root/ros_workspace/install/turtlebot3_msgs/include/turtlebot3_msgs/turtlebot3_msgs/msg/detail/version_info__functions.c
-- Installing: /root/ros_workspace/install/turtlebot3_msgs/include/turtlebot3_msgs/turtlebot3_msgs/msg/detail/version_info__struct.h
-- Installing: /root/ros_workspace/install/turtlebot3_msgs/include/turtlebot3_msgs/turtlebot3_msgs/msg/detail/version_info__description.c
-- Installing: /root/ros_workspace/install/turtlebot3_msgs/include/turtlebot3_msgs/turtlebot3_msgs/msg/detail/sound__type_support.h
-- Installing: /root/ros_workspace/install/turtlebot3_msgs/include/turtlebot3_msgs/turtlebot3_msgs/msg/detail/version_info__type_support.c
-- Installing: /root/ros_workspace/install/turtlebot3_msgs/include/turtlebot3_msgs/turtlebot3_msgs/msg/detail/sensor_state__functions.c
-- Installing: /root/ros_workspace/install/turtlebot3_msgs/include/turtlebot3_msgs/turtlebot3_msgs/msg/detail/sound__description.c
-- Installing: /root/ros_workspace/install/turtlebot3_msgs/include/turtlebot3_msgs/turtlebot3_msgs/msg/detail/sound__type_support.c
-- Installing: /root/ros_workspace/install/turtlebot3_msgs/include/turtlebot3_msgs/turtlebot3_msgs/msg/detail/version_info__type_support.h
-- Installing: /root/ros_workspace/install/turtlebot3_msgs/include/turtlebot3_msgs/turtlebot3_msgs/msg/detail/sensor_state__type_support.c
-- Installing: /root/ros_workspace/install/turtlebot3_msgs/include/turtlebot3_msgs/turtlebot3_msgs/msg/detail/version_info__functions.h
-- Installing: /root/ros_workspace/install/turtlebot3_msgs/include/turtlebot3_msgs/turtlebot3_msgs/msg/detail/sensor_state__struct.h
-- Installing: /root/ros_workspace/install/turtlebot3_msgs/include/turtlebot3_msgs/turtlebot3_msgs/msg/detail/sound__functions.c
-- Installing: /root/ros_workspace/install/turtlebot3_msgs/include/turtlebot3_msgs/turtlebot3_msgs/msg/version_info.h
-- Installing: /root/ros_workspace/install/turtlebot3_msgs/include/turtlebot3_msgs/turtlebot3_msgs/action
-- Installing: /root/ros_workspace/install/turtlebot3_msgs/include/turtlebot3_msgs/turtlebot3_msgs/action/patrol.h
-- Installing: /root/ros_workspace/install/turtlebot3_msgs/include/turtlebot3_msgs/turtlebot3_msgs/action/detail
-- Installing: /root/ros_workspace/install/turtlebot3_msgs/include/turtlebot3_msgs/turtlebot3_msgs/action/detail/patrol__functions.c
-- Installing: /root/ros_workspace/install/turtlebot3_msgs/include/turtlebot3_msgs/turtlebot3_msgs/action/detail/patrol__functions.h
-- Installing: /root/ros_workspace/install/turtlebot3_msgs/include/turtlebot3_msgs/turtlebot3_msgs/action/detail/patrol__struct.h
-- Installing: /root/ros_workspace/install/turtlebot3_msgs/include/turtlebot3_msgs/turtlebot3_msgs/action/detail/patrol__type_support.c
-- Installing: /root/ros_workspace/install/turtlebot3_msgs/include/turtlebot3_msgs/turtlebot3_msgs/action/detail/patrol__description.c
-- Installing: /root/ros_workspace/install/turtlebot3_msgs/include/turtlebot3_msgs/turtlebot3_msgs/action/detail/patrol__type_support.h
-- Installing: /root/ros_workspace/install/turtlebot3_msgs/share/turtlebot3_msgs/environment/library_path.sh
-- Installing: /root/ros_workspace/install/turtlebot3_msgs/share/turtlebot3_msgs/environment/library_path.dsv
-- Installing: /root/ros_workspace/install/turtlebot3_msgs/lib/libturtlebot3_msgs__rosidl_generator_c.so
-- Set non-toolchain portion of runtime path of "/root/ros_workspace/install/turtlebot3_msgs/lib/libturtlebot3_msgs__rosidl_generator_c.so" to ""
-- Up-to-date: /root/ros_workspace/install/turtlebot3_msgs/include/turtlebot3_msgs/turtlebot3_msgs
-- Up-to-date: /root/ros_workspace/install/turtlebot3_msgs/include/turtlebot3_msgs/turtlebot3_msgs/srv
-- Up-to-date: /root/ros_workspace/install/turtlebot3_msgs/include/turtlebot3_msgs/turtlebot3_msgs/srv/detail
-- Installing: /root/ros_workspace/install/turtlebot3_msgs/include/turtlebot3_msgs/turtlebot3_msgs/srv/detail/dqn__rosidl_typesupport_fastrtps_c.h
-- Installing: /root/ros_workspace/install/turtlebot3_msgs/include/turtlebot3_msgs/turtlebot3_msgs/srv/detail/goal__rosidl_typesupport_fastrtps_c.h
-- Installing: /root/ros_workspace/install/turtlebot3_msgs/include/turtlebot3_msgs/turtlebot3_msgs/srv/detail/sound__rosidl_typesupport_fastrtps_c.h
-- Up-to-date: /root/ros_workspace/install/turtlebot3_msgs/include/turtlebot3_msgs/turtlebot3_msgs/msg
-- Installing: /root/ros_workspace/install/turtlebot3_msgs/include/turtlebot3_msgs/turtlebot3_msgs/msg/rosidl_typesupport_fastrtps_c__visibility_control.h
-- Up-to-date: /root/ros_workspace/install/turtlebot3_msgs/include/turtlebot3_msgs/turtlebot3_msgs/msg/detail
-- Installing: /root/ros_workspace/install/turtlebot3_msgs/include/turtlebot3_msgs/turtlebot3_msgs/msg/detail/sound__rosidl_typesupport_fastrtps_c.h
-- Installing: /root/ros_workspace/install/turtlebot3_msgs/include/turtlebot3_msgs/turtlebot3_msgs/msg/detail/sensor_state__rosidl_typesupport_fastrtps_c.h
-- Installing: /root/ros_workspace/install/turtlebot3_msgs/include/turtlebot3_msgs/turtlebot3_msgs/msg/detail/version_info__rosidl_typesupport_fastrtps_c.h
-- Up-to-date: /root/ros_workspace/install/turtlebot3_msgs/include/turtlebot3_msgs/turtlebot3_msgs/action
-- Up-to-date: /root/ros_workspace/install/turtlebot3_msgs/include/turtlebot3_msgs/turtlebot3_msgs/action/detail
-- Installing: /root/ros_workspace/install/turtlebot3_msgs/include/turtlebot3_msgs/turtlebot3_msgs/action/detail/patrol__rosidl_typesupport_fastrtps_c.h
-- Installing: /root/ros_workspace/install/turtlebot3_msgs/lib/libturtlebot3_msgs__rosidl_typesupport_fastrtps_c.so
-- Set non-toolchain portion of runtime path of "/root/ros_workspace/install/turtlebot3_msgs/lib/libturtlebot3_msgs__rosidl_typesupport_fastrtps_c.so" to ""
-- Up-to-date: /root/ros_workspace/install/turtlebot3_msgs/include/turtlebot3_msgs/turtlebot3_msgs
-- Up-to-date: /root/ros_workspace/install/turtlebot3_msgs/include/turtlebot3_msgs/turtlebot3_msgs/srv
-- Installing: /root/ros_workspace/install/turtlebot3_msgs/include/turtlebot3_msgs/turtlebot3_msgs/srv/goal.hpp
-- Installing: /root/ros_workspace/install/turtlebot3_msgs/include/turtlebot3_msgs/turtlebot3_msgs/srv/dqn.hpp
-- Installing: /root/ros_workspace/install/turtlebot3_msgs/include/turtlebot3_msgs/turtlebot3_msgs/srv/sound.hpp
-- Up-to-date: /root/ros_workspace/install/turtlebot3_msgs/include/turtlebot3_msgs/turtlebot3_msgs/srv/detail
-- Installing: /root/ros_workspace/install/turtlebot3_msgs/include/turtlebot3_msgs/turtlebot3_msgs/srv/detail/goal__traits.hpp
-- Installing: /root/ros_workspace/install/turtlebot3_msgs/include/turtlebot3_msgs/turtlebot3_msgs/srv/detail/goal__struct.hpp
-- Installing: /root/ros_workspace/install/turtlebot3_msgs/include/turtlebot3_msgs/turtlebot3_msgs/srv/detail/dqn__builder.hpp
-- Installing: /root/ros_workspace/install/turtlebot3_msgs/include/turtlebot3_msgs/turtlebot3_msgs/srv/detail/goal__builder.hpp
-- Installing: /root/ros_workspace/install/turtlebot3_msgs/include/turtlebot3_msgs/turtlebot3_msgs/srv/detail/dqn__struct.hpp
-- Installing: /root/ros_workspace/install/turtlebot3_msgs/include/turtlebot3_msgs/turtlebot3_msgs/srv/detail/dqn__type_support.hpp
-- Installing: /root/ros_workspace/install/turtlebot3_msgs/include/turtlebot3_msgs/turtlebot3_msgs/srv/detail/sound__builder.hpp
-- Installing: /root/ros_workspace/install/turtlebot3_msgs/include/turtlebot3_msgs/turtlebot3_msgs/srv/detail/sound__struct.hpp
-- Installing: /root/ros_workspace/install/turtlebot3_msgs/include/turtlebot3_msgs/turtlebot3_msgs/srv/detail/sound__traits.hpp
-- Installing: /root/ros_workspace/install/turtlebot3_msgs/include/turtlebot3_msgs/turtlebot3_msgs/srv/detail/sound__type_support.hpp
-- Installing: /root/ros_workspace/install/turtlebot3_msgs/include/turtlebot3_msgs/turtlebot3_msgs/srv/detail/goal__type_support.hpp
-- Installing: /root/ros_workspace/install/turtlebot3_msgs/include/turtlebot3_msgs/turtlebot3_msgs/srv/detail/dqn__traits.hpp
-- Up-to-date: /root/ros_workspace/install/turtlebot3_msgs/include/turtlebot3_msgs/turtlebot3_msgs/msg
-- Installing: /root/ros_workspace/install/turtlebot3_msgs/include/turtlebot3_msgs/turtlebot3_msgs/msg/sensor_state.hpp
-- Installing: /root/ros_workspace/install/turtlebot3_msgs/include/turtlebot3_msgs/turtlebot3_msgs/msg/rosidl_generator_cpp__visibility_control.hpp
-- Installing: /root/ros_workspace/install/turtlebot3_msgs/include/turtlebot3_msgs/turtlebot3_msgs/msg/version_info.hpp
-- Installing: /root/ros_workspace/install/turtlebot3_msgs/include/turtlebot3_msgs/turtlebot3_msgs/msg/sound.hpp
-- Up-to-date: /root/ros_workspace/install/turtlebot3_msgs/include/turtlebot3_msgs/turtlebot3_msgs/msg/detail
-- Installing: /root/ros_workspace/install/turtlebot3_msgs/include/turtlebot3_msgs/turtlebot3_msgs/msg/detail/sensor_state__traits.hpp
-- Installing: /root/ros_workspace/install/turtlebot3_msgs/include/turtlebot3_msgs/turtlebot3_msgs/msg/detail/version_info__type_support.hpp
-- Installing: /root/ros_workspace/install/turtlebot3_msgs/include/turtlebot3_msgs/turtlebot3_msgs/msg/detail/sensor_state__struct.hpp
-- Installing: /root/ros_workspace/install/turtlebot3_msgs/include/turtlebot3_msgs/turtlebot3_msgs/msg/detail/sensor_state__type_support.hpp
-- Installing: /root/ros_workspace/install/turtlebot3_msgs/include/turtlebot3_msgs/turtlebot3_msgs/msg/detail/sound__builder.hpp
-- Installing: /root/ros_workspace/install/turtlebot3_msgs/include/turtlebot3_msgs/turtlebot3_msgs/msg/detail/sound__struct.hpp
-- Installing: /root/ros_workspace/install/turtlebot3_msgs/include/turtlebot3_msgs/turtlebot3_msgs/msg/detail/version_info__builder.hpp
-- Installing: /root/ros_workspace/install/turtlebot3_msgs/include/turtlebot3_msgs/turtlebot3_msgs/msg/detail/version_info__traits.hpp
-- Installing: /root/ros_workspace/install/turtlebot3_msgs/include/turtlebot3_msgs/turtlebot3_msgs/msg/detail/version_info__struct.hpp
-- Installing: /root/ros_workspace/install/turtlebot3_msgs/include/turtlebot3_msgs/turtlebot3_msgs/msg/detail/sound__traits.hpp
-- Installing: /root/ros_workspace/install/turtlebot3_msgs/include/turtlebot3_msgs/turtlebot3_msgs/msg/detail/sound__type_support.hpp
-- Installing: /root/ros_workspace/install/turtlebot3_msgs/include/turtlebot3_msgs/turtlebot3_msgs/msg/detail/sensor_state__builder.hpp
-- Up-to-date: /root/ros_workspace/install/turtlebot3_msgs/include/turtlebot3_msgs/turtlebot3_msgs/action
-- Installing: /root/ros_workspace/install/turtlebot3_msgs/include/turtlebot3_msgs/turtlebot3_msgs/action/patrol.hpp
-- Up-to-date: /root/ros_workspace/install/turtlebot3_msgs/include/turtlebot3_msgs/turtlebot3_msgs/action/detail
-- Installing: /root/ros_workspace/install/turtlebot3_msgs/include/turtlebot3_msgs/turtlebot3_msgs/action/detail/patrol__struct.hpp
-- Installing: /root/ros_workspace/install/turtlebot3_msgs/include/turtlebot3_msgs/turtlebot3_msgs/action/detail/patrol__type_support.hpp
-- Installing: /root/ros_workspace/install/turtlebot3_msgs/include/turtlebot3_msgs/turtlebot3_msgs/action/detail/patrol__traits.hpp
-- Installing: /root/ros_workspace/install/turtlebot3_msgs/include/turtlebot3_msgs/turtlebot3_msgs/action/detail/patrol__builder.hpp
-- Up-to-date: /root/ros_workspace/install/turtlebot3_msgs/include/turtlebot3_msgs/turtlebot3_msgs
-- Up-to-date: /root/ros_workspace/install/turtlebot3_msgs/include/turtlebot3_msgs/turtlebot3_msgs/srv
-- Up-to-date: /root/ros_workspace/install/turtlebot3_msgs/include/turtlebot3_msgs/turtlebot3_msgs/srv/detail
-- Installing: /root/ros_workspace/install/turtlebot3_msgs/include/turtlebot3_msgs/turtlebot3_msgs/srv/detail/sound__rosidl_typesupport_fastrtps_cpp.hpp
-- Installing: /root/ros_workspace/install/turtlebot3_msgs/include/turtlebot3_msgs/turtlebot3_msgs/srv/detail/dqn__rosidl_typesupport_fastrtps_cpp.hpp
-- Installing: /root/ros_workspace/install/turtlebot3_msgs/include/turtlebot3_msgs/turtlebot3_msgs/srv/detail/goal__rosidl_typesupport_fastrtps_cpp.hpp
-- Installing: /root/ros_workspace/install/turtlebot3_msgs/include/turtlebot3_msgs/turtlebot3_msgs/srv/detail/dds_fastrtps
-- Up-to-date: /root/ros_workspace/install/turtlebot3_msgs/include/turtlebot3_msgs/turtlebot3_msgs/msg
-- Installing: /root/ros_workspace/install/turtlebot3_msgs/include/turtlebot3_msgs/turtlebot3_msgs/msg/rosidl_typesupport_fastrtps_cpp__visibility_control.h
-- Up-to-date: /root/ros_workspace/install/turtlebot3_msgs/include/turtlebot3_msgs/turtlebot3_msgs/msg/detail
-- Installing: /root/ros_workspace/install/turtlebot3_msgs/include/turtlebot3_msgs/turtlebot3_msgs/msg/detail/sound__rosidl_typesupport_fastrtps_cpp.hpp
-- Installing: /root/ros_workspace/install/turtlebot3_msgs/include/turtlebot3_msgs/turtlebot3_msgs/msg/detail/sensor_state__rosidl_typesupport_fastrtps_cpp.hpp
-- Installing: /root/ros_workspace/install/turtlebot3_msgs/include/turtlebot3_msgs/turtlebot3_msgs/msg/detail/dds_fastrtps
-- Installing: /root/ros_workspace/install/turtlebot3_msgs/include/turtlebot3_msgs/turtlebot3_msgs/msg/detail/version_info__rosidl_typesupport_fastrtps_cpp.hpp
-- Up-to-date: /root/ros_workspace/install/turtlebot3_msgs/include/turtlebot3_msgs/turtlebot3_msgs/action
-- Up-to-date: /root/ros_workspace/install/turtlebot3_msgs/include/turtlebot3_msgs/turtlebot3_msgs/action/detail
-- Installing: /root/ros_workspace/install/turtlebot3_msgs/include/turtlebot3_msgs/turtlebot3_msgs/action/detail/patrol__rosidl_typesupport_fastrtps_cpp.hpp
-- Installing: /root/ros_workspace/install/turtlebot3_msgs/include/turtlebot3_msgs/turtlebot3_msgs/action/detail/dds_fastrtps
-- Installing: /root/ros_workspace/install/turtlebot3_msgs/lib/libturtlebot3_msgs__rosidl_typesupport_fastrtps_cpp.so
-- Set non-toolchain portion of runtime path of "/root/ros_workspace/install/turtlebot3_msgs/lib/libturtlebot3_msgs__rosidl_typesupport_fastrtps_cpp.so" to ""
-- Up-to-date: /root/ros_workspace/install/turtlebot3_msgs/include/turtlebot3_msgs/turtlebot3_msgs
-- Up-to-date: /root/ros_workspace/install/turtlebot3_msgs/include/turtlebot3_msgs/turtlebot3_msgs/srv
-- Up-to-date: /root/ros_workspace/install/turtlebot3_msgs/include/turtlebot3_msgs/turtlebot3_msgs/srv/detail
-- Installing: /root/ros_workspace/install/turtlebot3_msgs/include/turtlebot3_msgs/turtlebot3_msgs/srv/detail/goal__type_support.c
-- Installing: /root/ros_workspace/install/turtlebot3_msgs/include/turtlebot3_msgs/turtlebot3_msgs/srv/detail/dqn__rosidl_typesupport_introspection_c.h
-- Installing: /root/ros_workspace/install/turtlebot3_msgs/include/turtlebot3_msgs/turtlebot3_msgs/srv/detail/sound__rosidl_typesupport_introspection_c.h
-- Installing: /root/ros_workspace/install/turtlebot3_msgs/include/turtlebot3_msgs/turtlebot3_msgs/srv/detail/sound__type_support.c
-- Installing: /root/ros_workspace/install/turtlebot3_msgs/include/turtlebot3_msgs/turtlebot3_msgs/srv/detail/goal__rosidl_typesupport_introspection_c.h
-- Installing: /root/ros_workspace/install/turtlebot3_msgs/include/turtlebot3_msgs/turtlebot3_msgs/srv/detail/dqn__type_support.c
-- Up-to-date: /root/ros_workspace/install/turtlebot3_msgs/include/turtlebot3_msgs/turtlebot3_msgs/msg
-- Installing: /root/ros_workspace/install/turtlebot3_msgs/include/turtlebot3_msgs/turtlebot3_msgs/msg/rosidl_typesupport_introspection_c__visibility_control.h
-- Up-to-date: /root/ros_workspace/install/turtlebot3_msgs/include/turtlebot3_msgs/turtlebot3_msgs/msg/detail
-- Installing: /root/ros_workspace/install/turtlebot3_msgs/include/turtlebot3_msgs/turtlebot3_msgs/msg/detail/sensor_state__rosidl_typesupport_introspection_c.h
-- Installing: /root/ros_workspace/install/turtlebot3_msgs/include/turtlebot3_msgs/turtlebot3_msgs/msg/detail/version_info__type_support.c
-- Installing: /root/ros_workspace/install/turtlebot3_msgs/include/turtlebot3_msgs/turtlebot3_msgs/msg/detail/sound__rosidl_typesupport_introspection_c.h
-- Installing: /root/ros_workspace/install/turtlebot3_msgs/include/turtlebot3_msgs/turtlebot3_msgs/msg/detail/sound__type_support.c
-- Installing: /root/ros_workspace/install/turtlebot3_msgs/include/turtlebot3_msgs/turtlebot3_msgs/msg/detail/sensor_state__type_support.c
-- Installing: /root/ros_workspace/install/turtlebot3_msgs/include/turtlebot3_msgs/turtlebot3_msgs/msg/detail/version_info__rosidl_typesupport_introspection_c.h
-- Up-to-date: /root/ros_workspace/install/turtlebot3_msgs/include/turtlebot3_msgs/turtlebot3_msgs/action
-- Up-to-date: /root/ros_workspace/install/turtlebot3_msgs/include/turtlebot3_msgs/turtlebot3_msgs/action/detail
-- Installing: /root/ros_workspace/install/turtlebot3_msgs/include/turtlebot3_msgs/turtlebot3_msgs/action/detail/patrol__rosidl_typesupport_introspection_c.h
-- Installing: /root/ros_workspace/install/turtlebot3_msgs/include/turtlebot3_msgs/turtlebot3_msgs/action/detail/patrol__type_support.c
-- Installing: /root/ros_workspace/install/turtlebot3_msgs/lib/libturtlebot3_msgs__rosidl_typesupport_introspection_c.so
-- Set non-toolchain portion of runtime path of "/root/ros_workspace/install/turtlebot3_msgs/lib/libturtlebot3_msgs__rosidl_typesupport_introspection_c.so" to ""
-- Installing: /root/ros_workspace/install/turtlebot3_msgs/lib/libturtlebot3_msgs__rosidl_typesupport_c.so
-- Set non-toolchain portion of runtime path of "/root/ros_workspace/install/turtlebot3_msgs/lib/libturtlebot3_msgs__rosidl_typesupport_c.so" to ""
-- Up-to-date: /root/ros_workspace/install/turtlebot3_msgs/include/turtlebot3_msgs/turtlebot3_msgs
-- Up-to-date: /root/ros_workspace/install/turtlebot3_msgs/include/turtlebot3_msgs/turtlebot3_msgs/srv
-- Up-to-date: /root/ros_workspace/install/turtlebot3_msgs/include/turtlebot3_msgs/turtlebot3_msgs/srv/detail
-- Installing: /root/ros_workspace/install/turtlebot3_msgs/include/turtlebot3_msgs/turtlebot3_msgs/srv/detail/sound__rosidl_typesupport_introspection_cpp.hpp
-- Installing: /root/ros_workspace/install/turtlebot3_msgs/include/turtlebot3_msgs/turtlebot3_msgs/srv/detail/dqn__rosidl_typesupport_introspection_cpp.hpp
-- Installing: /root/ros_workspace/install/turtlebot3_msgs/include/turtlebot3_msgs/turtlebot3_msgs/srv/detail/sound__type_support.cpp
-- Installing: /root/ros_workspace/install/turtlebot3_msgs/include/turtlebot3_msgs/turtlebot3_msgs/srv/detail/dqn__type_support.cpp
-- Installing: /root/ros_workspace/install/turtlebot3_msgs/include/turtlebot3_msgs/turtlebot3_msgs/srv/detail/goal__rosidl_typesupport_introspection_cpp.hpp
-- Installing: /root/ros_workspace/install/turtlebot3_msgs/include/turtlebot3_msgs/turtlebot3_msgs/srv/detail/goal__type_support.cpp
-- Up-to-date: /root/ros_workspace/install/turtlebot3_msgs/include/turtlebot3_msgs/turtlebot3_msgs/msg
-- Up-to-date: /root/ros_workspace/install/turtlebot3_msgs/include/turtlebot3_msgs/turtlebot3_msgs/msg/detail
-- Installing: /root/ros_workspace/install/turtlebot3_msgs/include/turtlebot3_msgs/turtlebot3_msgs/msg/detail/version_info__rosidl_typesupport_introspection_cpp.hpp
-- Installing: /root/ros_workspace/install/turtlebot3_msgs/include/turtlebot3_msgs/turtlebot3_msgs/msg/detail/sound__rosidl_typesupport_introspection_cpp.hpp
-- Installing: /root/ros_workspace/install/turtlebot3_msgs/include/turtlebot3_msgs/turtlebot3_msgs/msg/detail/sensor_state__type_support.cpp
-- Installing: /root/ros_workspace/install/turtlebot3_msgs/include/turtlebot3_msgs/turtlebot3_msgs/msg/detail/sound__type_support.cpp
-- Installing: /root/ros_workspace/install/turtlebot3_msgs/include/turtlebot3_msgs/turtlebot3_msgs/msg/detail/version_info__type_support.cpp
-- Installing: /root/ros_workspace/install/turtlebot3_msgs/include/turtlebot3_msgs/turtlebot3_msgs/msg/detail/sensor_state__rosidl_typesupport_introspection_cpp.hpp
-- Up-to-date: /root/ros_workspace/install/turtlebot3_msgs/include/turtlebot3_msgs/turtlebot3_msgs/action
-- Up-to-date: /root/ros_workspace/install/turtlebot3_msgs/include/turtlebot3_msgs/turtlebot3_msgs/action/detail
-- Installing: /root/ros_workspace/install/turtlebot3_msgs/include/turtlebot3_msgs/turtlebot3_msgs/action/detail/patrol__type_support.cpp
-- Installing: /root/ros_workspace/install/turtlebot3_msgs/include/turtlebot3_msgs/turtlebot3_msgs/action/detail/patrol__rosidl_typesupport_introspection_cpp.hpp
-- Installing: /root/ros_workspace/install/turtlebot3_msgs/lib/libturtlebot3_msgs__rosidl_typesupport_introspection_cpp.so
-- Set non-toolchain portion of runtime path of "/root/ros_workspace/install/turtlebot3_msgs/lib/libturtlebot3_msgs__rosidl_typesupport_introspection_cpp.so" to ""
-- Installing: /root/ros_workspace/install/turtlebot3_msgs/lib/libturtlebot3_msgs__rosidl_typesupport_cpp.so
-- Set non-toolchain portion of runtime path of "/root/ros_workspace/install/turtlebot3_msgs/lib/libturtlebot3_msgs__rosidl_typesupport_cpp.so" to ""
-- Installing: /root/ros_workspace/install/turtlebot3_msgs/share/turtlebot3_msgs/environment/pythonpath.sh
-- Installing: /root/ros_workspace/install/turtlebot3_msgs/share/turtlebot3_msgs/environment/pythonpath.dsv
-- Installing: /root/ros_workspace/install/turtlebot3_msgs/lib/python3.12/site-packages/turtlebot3_msgs-2.4.0-py3.12.egg-info
-- Installing: /root/ros_workspace/install/turtlebot3_msgs/lib/python3.12/site-packages/turtlebot3_msgs-2.4.0-py3.12.egg-info/top_level.txt
-- Installing: /root/ros_workspace/install/turtlebot3_msgs/lib/python3.12/site-packages/turtlebot3_msgs-2.4.0-py3.12.egg-info/dependency_links.txt
-- Installing: /root/ros_workspace/install/turtlebot3_msgs/lib/python3.12/site-packages/turtlebot3_msgs-2.4.0-py3.12.egg-info/SOURCES.txt
-- Installing: /root/ros_workspace/install/turtlebot3_msgs/lib/python3.12/site-packages/turtlebot3_msgs-2.4.0-py3.12.egg-info/PKG-INFO
-- Installing: /root/ros_workspace/install/turtlebot3_msgs/lib/python3.12/site-packages/turtlebot3_msgs
-- Installing: /root/ros_workspace/install/turtlebot3_msgs/lib/python3.12/site-packages/turtlebot3_msgs/_turtlebot3_msgs_s.ep.rosidl_typesupport_fastrtps_c.c
-- Installing: /root/ros_workspace/install/turtlebot3_msgs/lib/python3.12/site-packages/turtlebot3_msgs/turtlebot3_msgs_s__rosidl_typesupport_c.so
-- Installing: /root/ros_workspace/install/turtlebot3_msgs/lib/python3.12/site-packages/turtlebot3_msgs/srv
-- Installing: /root/ros_workspace/install/turtlebot3_msgs/lib/python3.12/site-packages/turtlebot3_msgs/srv/_dqn_s.c
-- Installing: /root/ros_workspace/install/turtlebot3_msgs/lib/python3.12/site-packages/turtlebot3_msgs/srv/_sound_s.c
-- Installing: /root/ros_workspace/install/turtlebot3_msgs/lib/python3.12/site-packages/turtlebot3_msgs/srv/_sound.py
-- Installing: /root/ros_workspace/install/turtlebot3_msgs/lib/python3.12/site-packages/turtlebot3_msgs/srv/_goal.py
-- Installing: /root/ros_workspace/install/turtlebot3_msgs/lib/python3.12/site-packages/turtlebot3_msgs/srv/__init__.py
-- Installing: /root/ros_workspace/install/turtlebot3_msgs/lib/python3.12/site-packages/turtlebot3_msgs/srv/_goal_s.c
-- Installing: /root/ros_workspace/install/turtlebot3_msgs/lib/python3.12/site-packages/turtlebot3_msgs/srv/_dqn.py
-- Installing: /root/ros_workspace/install/turtlebot3_msgs/lib/python3.12/site-packages/turtlebot3_msgs/_turtlebot3_msgs_s.ep.rosidl_typesupport_c.c
-- Installing: /root/ros_workspace/install/turtlebot3_msgs/lib/python3.12/site-packages/turtlebot3_msgs/msg
-- Installing: /root/ros_workspace/install/turtlebot3_msgs/lib/python3.12/site-packages/turtlebot3_msgs/msg/_sensor_state.py
-- Installing: /root/ros_workspace/install/turtlebot3_msgs/lib/python3.12/site-packages/turtlebot3_msgs/msg/_sound_s.c
-- Installing: /root/ros_workspace/install/turtlebot3_msgs/lib/python3.12/site-packages/turtlebot3_msgs/msg/_sound.py
-- Installing: /root/ros_workspace/install/turtlebot3_msgs/lib/python3.12/site-packages/turtlebot3_msgs/msg/_version_info.py
-- Installing: /root/ros_workspace/install/turtlebot3_msgs/lib/python3.12/site-packages/turtlebot3_msgs/msg/_sensor_state_s.c
-- Installing: /root/ros_workspace/install/turtlebot3_msgs/lib/python3.12/site-packages/turtlebot3_msgs/msg/__init__.py
-- Installing: /root/ros_workspace/install/turtlebot3_msgs/lib/python3.12/site-packages/turtlebot3_msgs/msg/_version_info_s.c
-- Installing: /root/ros_workspace/install/turtlebot3_msgs/lib/python3.12/site-packages/turtlebot3_msgs/_turtlebot3_msgs_s.ep.rosidl_typesupport_introspection_c.c
-- Installing: /root/ros_workspace/install/turtlebot3_msgs/lib/python3.12/site-packages/turtlebot3_msgs/turtlebot3_msgs_s__rosidl_typesupport_introspection_c.so
-- Installing: /root/ros_workspace/install/turtlebot3_msgs/lib/python3.12/site-packages/turtlebot3_msgs/__init__.py
-- Installing: /root/ros_workspace/install/turtlebot3_msgs/lib/python3.12/site-packages/turtlebot3_msgs/turtlebot3_msgs_s__rosidl_typesupport_fastrtps_c.so
-- Installing: /root/ros_workspace/install/turtlebot3_msgs/lib/python3.12/site-packages/turtlebot3_msgs/action
-- Installing: /root/ros_workspace/install/turtlebot3_msgs/lib/python3.12/site-packages/turtlebot3_msgs/action/_patrol.py
-- Installing: /root/ros_workspace/install/turtlebot3_msgs/lib/python3.12/site-packages/turtlebot3_msgs/action/_patrol_s.c
-- Installing: /root/ros_workspace/install/turtlebot3_msgs/lib/python3.12/site-packages/turtlebot3_msgs/action/__init__.py
Listing '/root/ros_workspace/install/turtlebot3_msgs/lib/python3.12/site-packages/turtlebot3_msgs'...
Compiling '/root/ros_workspace/install/turtlebot3_msgs/lib/python3.12/site-packages/turtlebot3_msgs/__init__.py'...
Listing '/root/ros_workspace/install/turtlebot3_msgs/lib/python3.12/site-packages/turtlebot3_msgs/action'...
Compiling '/root/ros_workspace/install/turtlebot3_msgs/lib/python3.12/site-packages/turtlebot3_msgs/action/__init__.py'...
Compiling '/root/ros_workspace/install/turtlebot3_msgs/lib/python3.12/site-packages/turtlebot3_msgs/action/_patrol.py'...
Listing '/root/ros_workspace/install/turtlebot3_msgs/lib/python3.12/site-packages/turtlebot3_msgs/msg'...
Compiling '/root/ros_workspace/install/turtlebot3_msgs/lib/python3.12/site-packages/turtlebot3_msgs/msg/__init__.py'...
Compiling '/root/ros_workspace/install/turtlebot3_msgs/lib/python3.12/site-packages/turtlebot3_msgs/msg/_sensor_state.py'...
Compiling '/root/ros_workspace/install/turtlebot3_msgs/lib/python3.12/site-packages/turtlebot3_msgs/msg/_sound.py'...
Compiling '/root/ros_workspace/install/turtlebot3_msgs/lib/python3.12/site-packages/turtlebot3_msgs/msg/_version_info.py'...
Listing '/root/ros_workspace/install/turtlebot3_msgs/lib/python3.12/site-packages/turtlebot3_msgs/srv'...
Compiling '/root/ros_workspace/install/turtlebot3_msgs/lib/python3.12/site-packages/turtlebot3_msgs/srv/__init__.py'...
Compiling '/root/ros_workspace/install/turtlebot3_msgs/lib/python3.12/site-packages/turtlebot3_msgs/srv/_dqn.py'...
Compiling '/root/ros_workspace/install/turtlebot3_msgs/lib/python3.12/site-packages/turtlebot3_msgs/srv/_goal.py'...
Compiling '/root/ros_workspace/install/turtlebot3_msgs/lib/python3.12/site-packages/turtlebot3_msgs/srv/_sound.py'...
-- Installing: /root/ros_workspace/install/turtlebot3_msgs/lib/python3.12/site-packages/turtlebot3_msgs/turtlebot3_msgs_s__rosidl_typesupport_fastrtps_c.so
-- Set non-toolchain portion of runtime path of "/root/ros_workspace/install/turtlebot3_msgs/lib/python3.12/site-packages/turtlebot3_msgs/turtlebot3_msgs_s__rosidl_typesupport_fastrtps_c.so" to ""
-- Installing: /root/ros_workspace/install/turtlebot3_msgs/lib/python3.12/site-packages/turtlebot3_msgs/turtlebot3_msgs_s__rosidl_typesupport_introspection_c.so
-- Set non-toolchain portion of runtime path of "/root/ros_workspace/install/turtlebot3_msgs/lib/python3.12/site-packages/turtlebot3_msgs/turtlebot3_msgs_s__rosidl_typesupport_introspection_c.so" to ""
-- Installing: /root/ros_workspace/install/turtlebot3_msgs/lib/python3.12/site-packages/turtlebot3_msgs/turtlebot3_msgs_s__rosidl_typesupport_c.so
-- Set non-toolchain portion of runtime path of "/root/ros_workspace/install/turtlebot3_msgs/lib/python3.12/site-packages/turtlebot3_msgs/turtlebot3_msgs_s__rosidl_typesupport_c.so" to ""
-- Installing: /root/ros_workspace/install/turtlebot3_msgs/lib/libturtlebot3_msgs__rosidl_generator_py.so
-- Set non-toolchain portion of runtime path of "/root/ros_workspace/install/turtlebot3_msgs/lib/libturtlebot3_msgs__rosidl_generator_py.so" to ""
-- Installing: /root/ros_workspace/install/turtlebot3_msgs/share/turtlebot3_msgs/msg/SensorState.idl
-- Installing: /root/ros_workspace/install/turtlebot3_msgs/share/turtlebot3_msgs/msg/Sound.idl
-- Installing: /root/ros_workspace/install/turtlebot3_msgs/share/turtlebot3_msgs/msg/VersionInfo.idl
-- Installing: /root/ros_workspace/install/turtlebot3_msgs/share/turtlebot3_msgs/srv/Sound.idl
-- Installing: /root/ros_workspace/install/turtlebot3_msgs/share/turtlebot3_msgs/srv/Dqn.idl
-- Installing: /root/ros_workspace/install/turtlebot3_msgs/share/turtlebot3_msgs/srv/Goal.idl
-- Installing: /root/ros_workspace/install/turtlebot3_msgs/share/turtlebot3_msgs/action/Patrol.idl
-- Installing: /root/ros_workspace/install/turtlebot3_msgs/share/turtlebot3_msgs/msg/SensorState.msg
-- Installing: /root/ros_workspace/install/turtlebot3_msgs/share/turtlebot3_msgs/msg/Sound.msg
-- Installing: /root/ros_workspace/install/turtlebot3_msgs/share/turtlebot3_msgs/msg/VersionInfo.msg
-- Installing: /root/ros_workspace/install/turtlebot3_msgs/share/turtlebot3_msgs/srv/Sound.srv
-- Installing: /root/ros_workspace/install/turtlebot3_msgs/share/turtlebot3_msgs/srv/Dqn.srv
-- Installing: /root/ros_workspace/install/turtlebot3_msgs/share/turtlebot3_msgs/srv/Goal.srv
-- Installing: /root/ros_workspace/install/turtlebot3_msgs/share/turtlebot3_msgs/action/Patrol.action
-- Installing: /root/ros_workspace/install/turtlebot3_msgs/share/ament_index/resource_index/package_run_dependencies/turtlebot3_msgs
-- Installing: /root/ros_workspace/install/turtlebot3_msgs/share/ament_index/resource_index/parent_prefix_path/turtlebot3_msgs
-- Installing: /root/ros_workspace/install/turtlebot3_msgs/share/turtlebot3_msgs/environment/ament_prefix_path.sh
-- Installing: /root/ros_workspace/install/turtlebot3_msgs/share/turtlebot3_msgs/environment/ament_prefix_path.dsv
-- Installing: /root/ros_workspace/install/turtlebot3_msgs/share/turtlebot3_msgs/environment/path.sh
-- Installing: /root/ros_workspace/install/turtlebot3_msgs/share/turtlebot3_msgs/environment/path.dsv
-- Installing: /root/ros_workspace/install/turtlebot3_msgs/share/turtlebot3_msgs/local_setup.bash
-- Installing: /root/ros_workspace/install/turtlebot3_msgs/share/turtlebot3_msgs/local_setup.sh
-- Installing: /root/ros_workspace/install/turtlebot3_msgs/share/turtlebot3_msgs/local_setup.zsh
-- Installing: /root/ros_workspace/install/turtlebot3_msgs/share/turtlebot3_msgs/local_setup.dsv
-- Installing: /root/ros_workspace/install/turtlebot3_msgs/share/turtlebot3_msgs/package.dsv
-- Installing: /root/ros_workspace/install/turtlebot3_msgs/share/ament_index/resource_index/packages/turtlebot3_msgs
-- Installing: /root/ros_workspace/install/turtlebot3_msgs/share/turtlebot3_msgs/cmake/export_turtlebot3_msgs__rosidl_generator_cExport.cmake
-- Installing: /root/ros_workspace/install/turtlebot3_msgs/share/turtlebot3_msgs/cmake/export_turtlebot3_msgs__rosidl_generator_cExport-noconfig.cmake
-- Installing: /root/ros_workspace/install/turtlebot3_msgs/share/turtlebot3_msgs/cmake/export_turtlebot3_msgs__rosidl_typesupport_fastrtps_cExport.cmake
-- Installing: /root/ros_workspace/install/turtlebot3_msgs/share/turtlebot3_msgs/cmake/export_turtlebot3_msgs__rosidl_typesupport_fastrtps_cExport-noconfig.cmake
-- Installing: /root/ros_workspace/install/turtlebot3_msgs/share/turtlebot3_msgs/cmake/export_turtlebot3_msgs__rosidl_generator_cppExport.cmake
-- Installing: /root/ros_workspace/install/turtlebot3_msgs/share/turtlebot3_msgs/cmake/export_turtlebot3_msgs__rosidl_typesupport_fastrtps_cppExport.cmake
-- Installing: /root/ros_workspace/install/turtlebot3_msgs/share/turtlebot3_msgs/cmake/export_turtlebot3_msgs__rosidl_typesupport_fastrtps_cppExport-noconfig.cmake
-- Installing: /root/ros_workspace/install/turtlebot3_msgs/share/turtlebot3_msgs/cmake/turtlebot3_msgs__rosidl_typesupport_introspection_cExport.cmake
-- Installing: /root/ros_workspace/install/turtlebot3_msgs/share/turtlebot3_msgs/cmake/turtlebot3_msgs__rosidl_typesupport_introspection_cExport-noconfig.cmake
-- Installing: /root/ros_workspace/install/turtlebot3_msgs/share/turtlebot3_msgs/cmake/turtlebot3_msgs__rosidl_typesupport_cExport.cmake
-- Installing: /root/ros_workspace/install/turtlebot3_msgs/share/turtlebot3_msgs/cmake/turtlebot3_msgs__rosidl_typesupport_cExport-noconfig.cmake
-- Installing: /root/ros_workspace/install/turtlebot3_msgs/share/turtlebot3_msgs/cmake/turtlebot3_msgs__rosidl_typesupport_introspection_cppExport.cmake
-- Installing: /root/ros_workspace/install/turtlebot3_msgs/share/turtlebot3_msgs/cmake/turtlebot3_msgs__rosidl_typesupport_introspection_cppExport-noconfig.cmake
-- Installing: /root/ros_workspace/install/turtlebot3_msgs/share/turtlebot3_msgs/cmake/turtlebot3_msgs__rosidl_typesupport_cppExport.cmake
-- Installing: /root/ros_workspace/install/turtlebot3_msgs/share/turtlebot3_msgs/cmake/turtlebot3_msgs__rosidl_typesupport_cppExport-noconfig.cmake
-- Installing: /root/ros_workspace/install/turtlebot3_msgs/share/turtlebot3_msgs/cmake/export_turtlebot3_msgs__rosidl_generator_pyExport.cmake
-- Installing: /root/ros_workspace/install/turtlebot3_msgs/share/turtlebot3_msgs/cmake/export_turtlebot3_msgs__rosidl_generator_pyExport-noconfig.cmake
-- Installing: /root/ros_workspace/install/turtlebot3_msgs/share/turtlebot3_msgs/cmake/rosidl_cmake-extras.cmake
-- Installing: /root/ros_workspace/install/turtlebot3_msgs/share/turtlebot3_msgs/cmake/ament_cmake_export_dependencies-extras.cmake
-- Installing: /root/ros_workspace/install/turtlebot3_msgs/share/turtlebot3_msgs/cmake/ament_cmake_export_include_directories-extras.cmake
-- Installing: /root/ros_workspace/install/turtlebot3_msgs/share/turtlebot3_msgs/cmake/ament_cmake_export_libraries-extras.cmake
-- Installing: /root/ros_workspace/install/turtlebot3_msgs/share/turtlebot3_msgs/cmake/ament_cmake_export_targets-extras.cmake
-- Installing: /root/ros_workspace/install/turtlebot3_msgs/share/turtlebot3_msgs/cmake/rosidl_cmake_export_typesupport_targets-extras.cmake
-- Installing: /root/ros_workspace/install/turtlebot3_msgs/share/turtlebot3_msgs/cmake/rosidl_cmake_export_typesupport_libraries-extras.cmake
-- Installing: /root/ros_workspace/install/turtlebot3_msgs/share/turtlebot3_msgs/cmake/turtlebot3_msgsConfig.cmake
-- Installing: /root/ros_workspace/install/turtlebot3_msgs/share/turtlebot3_msgs/cmake/turtlebot3_msgsConfig-version.cmake
-- Installing: /root/ros_workspace/install/turtlebot3_msgs/share/turtlebot3_msgs/package.xml
