[1.115s] Invoking command in '/root/ros_workspace/src/turtlebot3/turtlebot3_example': AMENT_PREFIX_PATH=/root/ros_workspace/install/turtlebot3_msgs CMAKE_PREFIX_PATH=/root/ros_workspace/install/turtlebot3_msgs LD_LIBRARY_PATH=/root/ros_workspace/install/turtlebot3_msgs/lib PYTHONPATH=/root/ros_workspace/build/turtlebot3_example/prefix_override:/usr/lib/python3/dist-packages/colcon_core/task/python/colcon_distutils_commands:/root/ros_workspace/install/turtlebot3_example/lib/python3.12/site-packages:/root/ros_workspace/install/turtlebot3_msgs/lib/python3.12/site-packages /usr/bin/python3 -W ignore:setup.py install is deprecated -W ignore:easy_install command is deprecated setup.py egg_info --egg-base ../../../build/turtlebot3_example build --build-base /root/ros_workspace/build/turtlebot3_example/build install --record /root/ros_workspace/build/turtlebot3_example/install.log --single-version-externally-managed install_data
[1.386s] running egg_info
[1.400s] writing ../../../build/turtlebot3_example/turtlebot3_example.egg-info/PKG-INFO
[1.401s] writing dependency_links to ../../../build/turtlebot3_example/turtlebot3_example.egg-info/dependency_links.txt
[1.401s] writing entry points to ../../../build/turtlebot3_example/turtlebot3_example.egg-info/entry_points.txt
[1.401s] writing requirements to ../../../build/turtlebot3_example/turtlebot3_example.egg-info/requires.txt
[1.402s] writing top-level names to ../../../build/turtlebot3_example/turtlebot3_example.egg-info/top_level.txt
[1.423s] reading manifest file '../../../build/turtlebot3_example/turtlebot3_example.egg-info/SOURCES.txt'
[1.424s] writing manifest file '../../../build/turtlebot3_example/turtlebot3_example.egg-info/SOURCES.txt'
[1.424s] running build
[1.424s] running build_py
[1.425s] running install
[1.433s] running install_lib
[1.447s] running install_data
[1.447s] running install_egg_info
[1.460s] removing '/root/ros_workspace/install/turtlebot3_example/lib/python3.12/site-packages/turtlebot3_example-2.3.1-py3.12.egg-info' (and everything under it)
[1.460s] Copying ../../../build/turtlebot3_example/turtlebot3_example.egg-info to /root/ros_workspace/install/turtlebot3_example/lib/python3.12/site-packages/turtlebot3_example-2.3.1-py3.12.egg-info
[1.461s] running install_scripts
[1.561s] Installing turtlebot3_absolute_move script to /root/ros_workspace/install/turtlebot3_example/lib/turtlebot3_example
[1.561s] Installing turtlebot3_interactive_marker script to /root/ros_workspace/install/turtlebot3_example/lib/turtlebot3_example
[1.561s] Installing turtlebot3_obstacle_detection script to /root/ros_workspace/install/turtlebot3_example/lib/turtlebot3_example
[1.562s] Installing turtlebot3_patrol_client script to /root/ros_workspace/install/turtlebot3_example/lib/turtlebot3_example
[1.562s] Installing turtlebot3_patrol_server script to /root/ros_workspace/install/turtlebot3_example/lib/turtlebot3_example
[1.562s] Installing turtlebot3_relative_move script to /root/ros_workspace/install/turtlebot3_example/lib/turtlebot3_example
[1.563s] writing list of installed files to '/root/ros_workspace/build/turtlebot3_example/install.log'
[1.606s] Invoked command in '/root/ros_workspace/src/turtlebot3/turtlebot3_example' returned '0': AMENT_PREFIX_PATH=/root/ros_workspace/install/turtlebot3_msgs CMAKE_PREFIX_PATH=/root/ros_workspace/install/turtlebot3_msgs LD_LIBRARY_PATH=/root/ros_workspace/install/turtlebot3_msgs/lib PYTHONPATH=/root/ros_workspace/build/turtlebot3_example/prefix_override:/usr/lib/python3/dist-packages/colcon_core/task/python/colcon_distutils_commands:/root/ros_workspace/install/turtlebot3_example/lib/python3.12/site-packages:/root/ros_workspace/install/turtlebot3_msgs/lib/python3.12/site-packages /usr/bin/python3 -W ignore:setup.py install is deprecated -W ignore:easy_install command is deprecated setup.py egg_info --egg-base ../../../build/turtlebot3_example build --build-base /root/ros_workspace/build/turtlebot3_example/build install --record /root/ros_workspace/build/turtlebot3_example/install.log --single-version-externally-managed install_data
