[0.045s] Invoking command in '/root/ros_workspace/build/turtlebot3_description': CMAKE_PREFIX_PATH=${CMAKE_PREFIX_PATH}:/root/ros_workspace/install/turtlebot3_teleop:/root/ros_workspace/install/turtlebot3_example:/root/ros_workspace/install/dynamic_obstacle_detector:/opt/ros/jazzy /usr/bin/cmake /root/ros_workspace/src/turtlebot3/turtlebot3_description -DCMAKE_INSTALL_PREFIX=/root/ros_workspace/install/turtlebot3_description
[0.336s] -- The C compiler identification is GNU 13.3.0
[0.453s] -- The CXX compiler identification is GNU 13.3.0
[0.477s] -- Detecting C compiler ABI info
[0.620s] -- Detecting C compiler ABI info - done
[0.634s] -- Check for working C compiler: /usr/bin/cc - skipped
[0.635s] -- Detecting C compile features
[0.636s] -- Detecting C compile features - done
[0.648s] -- Detecting CXX compiler ABI info
[0.804s] -- Detecting CXX compiler ABI info - done
[0.821s] -- Check for working CXX compiler: /usr/bin/c++ - skipped
[0.821s] -- Detecting CXX compile features
[0.822s] -- Detecting CXX compile features - done
[0.852s] -- Found ament_cmake: 2.5.4 (/opt/ros/jazzy/share/ament_cmake/cmake)
[1.136s] -- Found Python3: /usr/bin/python3 (found version "3.12.3") found components: Interpreter 
[1.361s] -- Found urdf: 2.10.0 (/opt/ros/jazzy/share/urdf/cmake)
[1.491s] -- Found TinyXML2 via Config file: /usr/lib/x86_64-linux-gnu/cmake/tinyxml2
[1.675s] -- Configuring done (1.6s)
[1.683s] -- Generating done (0.0s)
[1.687s] -- Build files have been written to: /root/ros_workspace/build/turtlebot3_description
[1.706s] Invoked command in '/root/ros_workspace/build/turtlebot3_description' returned '0': CMAKE_PREFIX_PATH=${CMAKE_PREFIX_PATH}:/root/ros_workspace/install/turtlebot3_teleop:/root/ros_workspace/install/turtlebot3_example:/root/ros_workspace/install/dynamic_obstacle_detector:/opt/ros/jazzy /usr/bin/cmake /root/ros_workspace/src/turtlebot3/turtlebot3_description -DCMAKE_INSTALL_PREFIX=/root/ros_workspace/install/turtlebot3_description
[1.708s] Invoking command in '/root/ros_workspace/build/turtlebot3_description': CMAKE_PREFIX_PATH=${CMAKE_PREFIX_PATH}:/root/ros_workspace/install/turtlebot3_teleop:/root/ros_workspace/install/turtlebot3_example:/root/ros_workspace/install/dynamic_obstacle_detector:/opt/ros/jazzy /usr/bin/cmake --build /root/ros_workspace/build/turtlebot3_description -- -j12 -l12
[1.779s] Invoked command in '/root/ros_workspace/build/turtlebot3_description' returned '0': CMAKE_PREFIX_PATH=${CMAKE_PREFIX_PATH}:/root/ros_workspace/install/turtlebot3_teleop:/root/ros_workspace/install/turtlebot3_example:/root/ros_workspace/install/dynamic_obstacle_detector:/opt/ros/jazzy /usr/bin/cmake --build /root/ros_workspace/build/turtlebot3_description -- -j12 -l12
[1.780s] Invoking command in '/root/ros_workspace/build/turtlebot3_description': CMAKE_PREFIX_PATH=${CMAKE_PREFIX_PATH}:/root/ros_workspace/install/turtlebot3_teleop:/root/ros_workspace/install/turtlebot3_example:/root/ros_workspace/install/dynamic_obstacle_detector:/opt/ros/jazzy /usr/bin/cmake --install /root/ros_workspace/build/turtlebot3_description
[1.793s] -- Install configuration: ""
[1.793s] -- Installing: /root/ros_workspace/install/turtlebot3_description/share/turtlebot3_description/meshes
[1.794s] -- Installing: /root/ros_workspace/install/turtlebot3_description/share/turtlebot3_description/meshes/wheels
[1.795s] -- Installing: /root/ros_workspace/install/turtlebot3_description/share/turtlebot3_description/meshes/wheels/right_tire.stl
[1.799s] -- Installing: /root/ros_workspace/install/turtlebot3_description/share/turtlebot3_description/meshes/wheels/left_tire.stl
[1.805s] -- Installing: /root/ros_workspace/install/turtlebot3_description/share/turtlebot3_description/meshes/sensors
[1.805s] -- Installing: /root/ros_workspace/install/turtlebot3_description/share/turtlebot3_description/meshes/sensors/r200.dae
[1.807s] -- Installing: /root/ros_workspace/install/turtlebot3_description/share/turtlebot3_description/meshes/sensors/r200.jpg
[1.807s] -- Installing: /root/ros_workspace/install/turtlebot3_description/share/turtlebot3_description/meshes/sensors/astra.dae
[1.899s] -- Installing: /root/ros_workspace/install/turtlebot3_description/share/turtlebot3_description/meshes/sensors/astra.jpg
[1.902s] -- Installing: /root/ros_workspace/install/turtlebot3_description/share/turtlebot3_description/meshes/sensors/lds.stl
[1.915s] -- Installing: /root/ros_workspace/install/turtlebot3_description/share/turtlebot3_description/meshes/bases
[1.917s] -- Installing: /root/ros_workspace/install/turtlebot3_description/share/turtlebot3_description/meshes/bases/waffle_base.stl
[2.155s] -- Installing: /root/ros_workspace/install/turtlebot3_description/share/turtlebot3_description/meshes/bases/waffle_pi_base.stl
[2.292s] -- Installing: /root/ros_workspace/install/turtlebot3_description/share/turtlebot3_description/meshes/bases/burger_base.stl
[2.357s] -- Installing: /root/ros_workspace/install/turtlebot3_description/share/turtlebot3_description/rviz
[2.357s] -- Installing: /root/ros_workspace/install/turtlebot3_description/share/turtlebot3_description/rviz/model.rviz
[2.365s] -- Installing: /root/ros_workspace/install/turtlebot3_description/share/turtlebot3_description/urdf
[2.365s] -- Installing: /root/ros_workspace/install/turtlebot3_description/share/turtlebot3_description/urdf/turtlebot3_waffle_pi.urdf
[2.365s] -- Installing: /root/ros_workspace/install/turtlebot3_description/share/turtlebot3_description/urdf/common_properties.urdf
[2.365s] -- Installing: /root/ros_workspace/install/turtlebot3_description/share/turtlebot3_description/urdf/turtlebot3_burger.urdf
[2.369s] -- Installing: /root/ros_workspace/install/turtlebot3_description/share/turtlebot3_description/urdf/turtlebot3_waffle.urdf
[2.378s] -- Installing: /root/ros_workspace/install/turtlebot3_description/share/ament_index/resource_index/package_run_dependencies/turtlebot3_description
[2.378s] -- Installing: /root/ros_workspace/install/turtlebot3_description/share/ament_index/resource_index/parent_prefix_path/turtlebot3_description
[2.378s] -- Installing: /root/ros_workspace/install/turtlebot3_description/share/turtlebot3_description/environment/ament_prefix_path.sh
[2.378s] -- Installing: /root/ros_workspace/install/turtlebot3_description/share/turtlebot3_description/environment/ament_prefix_path.dsv
[2.379s] -- Installing: /root/ros_workspace/install/turtlebot3_description/share/turtlebot3_description/environment/path.sh
[2.379s] -- Installing: /root/ros_workspace/install/turtlebot3_description/share/turtlebot3_description/environment/path.dsv
[2.379s] -- Installing: /root/ros_workspace/install/turtlebot3_description/share/turtlebot3_description/local_setup.bash
[2.379s] -- Installing: /root/ros_workspace/install/turtlebot3_description/share/turtlebot3_description/local_setup.sh
[2.381s] -- Installing: /root/ros_workspace/install/turtlebot3_description/share/turtlebot3_description/local_setup.zsh
[2.382s] -- Installing: /root/ros_workspace/install/turtlebot3_description/share/turtlebot3_description/local_setup.dsv
[2.382s] -- Installing: /root/ros_workspace/install/turtlebot3_description/share/turtlebot3_description/package.dsv
[2.383s] -- Installing: /root/ros_workspace/install/turtlebot3_description/share/ament_index/resource_index/packages/turtlebot3_description
[2.390s] -- Installing: /root/ros_workspace/install/turtlebot3_description/share/turtlebot3_description/cmake/turtlebot3_descriptionConfig.cmake
[2.390s] -- Installing: /root/ros_workspace/install/turtlebot3_description/share/turtlebot3_description/cmake/turtlebot3_descriptionConfig-version.cmake
[2.390s] -- Installing: /root/ros_workspace/install/turtlebot3_description/share/turtlebot3_description/package.xml
[2.394s] Invoked command in '/root/ros_workspace/build/turtlebot3_description' returned '0': CMAKE_PREFIX_PATH=${CMAKE_PREFIX_PATH}:/root/ros_workspace/install/turtlebot3_teleop:/root/ros_workspace/install/turtlebot3_example:/root/ros_workspace/install/dynamic_obstacle_detector:/opt/ros/jazzy /usr/bin/cmake --install /root/ros_workspace/build/turtlebot3_description
