[1.479s] Invoking command in '/root/ros_workspace/src/dynamic_obstacle_detector': PYTHONPATH=/root/ros_workspace/build/dynamic_obstacle_detector/prefix_override:/usr/lib/python3/dist-packages/colcon_core/task/python/colcon_distutils_commands:/root/ros_workspace/install/dynamic_obstacle_detector/lib/python3.12/site-packages:${PYTHONPATH} /usr/bin/python3 -W ignore:setup.py install is deprecated -W ignore:easy_install command is deprecated setup.py egg_info --egg-base ../../build/dynamic_obstacle_detector build --build-base /root/ros_workspace/build/dynamic_obstacle_detector/build install --record /root/ros_workspace/build/dynamic_obstacle_detector/install.log --single-version-externally-managed install_data
[1.757s] running egg_info
[1.774s] writing ../../build/dynamic_obstacle_detector/dynamic_obstacle_detector.egg-info/PKG-INFO
[1.774s] writing dependency_links to ../../build/dynamic_obstacle_detector/dynamic_obstacle_detector.egg-info/dependency_links.txt
[1.774s] writing entry points to ../../build/dynamic_obstacle_detector/dynamic_obstacle_detector.egg-info/entry_points.txt
[1.775s] writing requirements to ../../build/dynamic_obstacle_detector/dynamic_obstacle_detector.egg-info/requires.txt
[1.775s] writing top-level names to ../../build/dynamic_obstacle_detector/dynamic_obstacle_detector.egg-info/top_level.txt
[1.810s] reading manifest file '../../build/dynamic_obstacle_detector/dynamic_obstacle_detector.egg-info/SOURCES.txt'
[1.811s] writing manifest file '../../build/dynamic_obstacle_detector/dynamic_obstacle_detector.egg-info/SOURCES.txt'
[1.811s] running build
[1.811s] running build_py
[1.811s] copying dynamic_obstacle_detector/obstacle_detector_node.py -> /root/ros_workspace/build/dynamic_obstacle_detector/build/lib/dynamic_obstacle_detector
[1.812s] running install
[1.818s] running install_lib
[1.838s] copying /root/ros_workspace/build/dynamic_obstacle_detector/build/lib/dynamic_obstacle_detector/obstacle_detector_node.py -> /root/ros_workspace/install/dynamic_obstacle_detector/lib/python3.12/site-packages/dynamic_obstacle_detector
[1.839s] byte-compiling /root/ros_workspace/install/dynamic_obstacle_detector/lib/python3.12/site-packages/dynamic_obstacle_detector/obstacle_detector_node.py to obstacle_detector_node.cpython-312.pyc
[1.842s] running install_data
[1.842s] running install_egg_info
[1.861s] removing '/root/ros_workspace/install/dynamic_obstacle_detector/lib/python3.12/site-packages/dynamic_obstacle_detector-0.0.0-py3.12.egg-info' (and everything under it)
[1.861s] Copying ../../build/dynamic_obstacle_detector/dynamic_obstacle_detector.egg-info to /root/ros_workspace/install/dynamic_obstacle_detector/lib/python3.12/site-packages/dynamic_obstacle_detector-0.0.0-py3.12.egg-info
[1.862s] running install_scripts
[1.987s] Installing obstacle_detector_node script to /root/ros_workspace/install/dynamic_obstacle_detector/lib/dynamic_obstacle_detector
[1.988s] writing list of installed files to '/root/ros_workspace/build/dynamic_obstacle_detector/install.log'
[2.047s] Invoked command in '/root/ros_workspace/src/dynamic_obstacle_detector' returned '0': PYTHONPATH=/root/ros_workspace/build/dynamic_obstacle_detector/prefix_override:/usr/lib/python3/dist-packages/colcon_core/task/python/colcon_distutils_commands:/root/ros_workspace/install/dynamic_obstacle_detector/lib/python3.12/site-packages:${PYTHONPATH} /usr/bin/python3 -W ignore:setup.py install is deprecated -W ignore:easy_install command is deprecated setup.py egg_info --egg-base ../../build/dynamic_obstacle_detector build --build-base /root/ros_workspace/build/dynamic_obstacle_detector/build install --record /root/ros_workspace/build/dynamic_obstacle_detector/install.log --single-version-externally-managed install_data
