[1.726s] Invoking command in '/root/ros_workspace/src/turtlebot3/turtlebot3_teleop': PYTHONPATH=/root/ros_workspace/build/turtlebot3_teleop/prefix_override:/usr/lib/python3/dist-packages/colcon_core/task/python/colcon_distutils_commands:/root/ros_workspace/install/turtlebot3_teleop/lib/python3.12/site-packages:${PYTHONPATH} /usr/bin/python3 -W ignore:setup.py install is deprecated -W ignore:easy_install command is deprecated setup.py egg_info --egg-base ../../../build/turtlebot3_teleop build --build-base /root/ros_workspace/build/turtlebot3_teleop/build install --record /root/ros_workspace/build/turtlebot3_teleop/install.log --single-version-externally-managed install_data
[2.202s] running egg_info
[2.203s] creating ../../../build/turtlebot3_teleop/turtlebot3_teleop.egg-info
[2.223s] writing ../../../build/turtlebot3_teleop/turtlebot3_teleop.egg-info/PKG-INFO
[2.223s] writing dependency_links to ../../../build/turtlebot3_teleop/turtlebot3_teleop.egg-info/dependency_links.txt
[2.224s] writing entry points to ../../../build/turtlebot3_teleop/turtlebot3_teleop.egg-info/entry_points.txt
[2.224s] writing requirements to ../../../build/turtlebot3_teleop/turtlebot3_teleop.egg-info/requires.txt
[2.224s] writing top-level names to ../../../build/turtlebot3_teleop/turtlebot3_teleop.egg-info/top_level.txt
[2.224s] writing manifest file '../../../build/turtlebot3_teleop/turtlebot3_teleop.egg-info/SOURCES.txt'
[2.275s] reading manifest file '../../../build/turtlebot3_teleop/turtlebot3_teleop.egg-info/SOURCES.txt'
[2.275s] writing manifest file '../../../build/turtlebot3_teleop/turtlebot3_teleop.egg-info/SOURCES.txt'
[2.276s] running build
[2.276s] running build_py
[2.276s] creating /root/ros_workspace/build/turtlebot3_teleop/build
[2.277s] creating /root/ros_workspace/build/turtlebot3_teleop/build/lib
[2.277s] creating /root/ros_workspace/build/turtlebot3_teleop/build/lib/turtlebot3_teleop
[2.277s] copying turtlebot3_teleop/__init__.py -> /root/ros_workspace/build/turtlebot3_teleop/build/lib/turtlebot3_teleop
[2.277s] creating /root/ros_workspace/build/turtlebot3_teleop/build/lib/turtlebot3_teleop/script
[2.277s] copying turtlebot3_teleop/script/teleop_keyboard.py -> /root/ros_workspace/build/turtlebot3_teleop/build/lib/turtlebot3_teleop/script
[2.277s] copying turtlebot3_teleop/script/__init__.py -> /root/ros_workspace/build/turtlebot3_teleop/build/lib/turtlebot3_teleop/script
[2.278s] running install
[2.285s] running install_lib
[2.309s] creating /root/ros_workspace/install/turtlebot3_teleop/lib/python3.12/site-packages/turtlebot3_teleop
[2.310s] creating /root/ros_workspace/install/turtlebot3_teleop/lib/python3.12/site-packages/turtlebot3_teleop/script
[2.310s] copying /root/ros_workspace/build/turtlebot3_teleop/build/lib/turtlebot3_teleop/script/teleop_keyboard.py -> /root/ros_workspace/install/turtlebot3_teleop/lib/python3.12/site-packages/turtlebot3_teleop/script
[2.310s] copying /root/ros_workspace/build/turtlebot3_teleop/build/lib/turtlebot3_teleop/script/__init__.py -> /root/ros_workspace/install/turtlebot3_teleop/lib/python3.12/site-packages/turtlebot3_teleop/script
[2.310s] copying /root/ros_workspace/build/turtlebot3_teleop/build/lib/turtlebot3_teleop/__init__.py -> /root/ros_workspace/install/turtlebot3_teleop/lib/python3.12/site-packages/turtlebot3_teleop
[2.311s] byte-compiling /root/ros_workspace/install/turtlebot3_teleop/lib/python3.12/site-packages/turtlebot3_teleop/script/teleop_keyboard.py to teleop_keyboard.cpython-312.pyc
[2.315s] byte-compiling /root/ros_workspace/install/turtlebot3_teleop/lib/python3.12/site-packages/turtlebot3_teleop/script/__init__.py to __init__.cpython-312.pyc
[2.315s] byte-compiling /root/ros_workspace/install/turtlebot3_teleop/lib/python3.12/site-packages/turtlebot3_teleop/__init__.py to __init__.cpython-312.pyc
[2.316s] running install_data
[2.316s] creating /root/ros_workspace/install/turtlebot3_teleop/share/ament_index
[2.316s] creating /root/ros_workspace/install/turtlebot3_teleop/share/ament_index/resource_index
[2.316s] creating /root/ros_workspace/install/turtlebot3_teleop/share/ament_index/resource_index/packages
[2.317s] copying resource/turtlebot3_teleop -> /root/ros_workspace/install/turtlebot3_teleop/share/ament_index/resource_index/packages
[2.317s] copying package.xml -> /root/ros_workspace/install/turtlebot3_teleop/share/turtlebot3_teleop
[2.317s] running install_egg_info
[2.337s] Copying ../../../build/turtlebot3_teleop/turtlebot3_teleop.egg-info to /root/ros_workspace/install/turtlebot3_teleop/lib/python3.12/site-packages/turtlebot3_teleop-2.3.1-py3.12.egg-info
[2.338s] running install_scripts
[2.528s] Installing teleop_keyboard script to /root/ros_workspace/install/turtlebot3_teleop/lib/turtlebot3_teleop
[2.528s] writing list of installed files to '/root/ros_workspace/build/turtlebot3_teleop/install.log'
[2.587s] Invoked command in '/root/ros_workspace/src/turtlebot3/turtlebot3_teleop' returned '0': PYTHONPATH=/root/ros_workspace/build/turtlebot3_teleop/prefix_override:/usr/lib/python3/dist-packages/colcon_core/task/python/colcon_distutils_commands:/root/ros_workspace/install/turtlebot3_teleop/lib/python3.12/site-packages:${PYTHONPATH} /usr/bin/python3 -W ignore:setup.py install is deprecated -W ignore:easy_install command is deprecated setup.py egg_info --egg-base ../../../build/turtlebot3_teleop build --build-base /root/ros_workspace/build/turtlebot3_teleop/build install --record /root/ros_workspace/build/turtlebot3_teleop/install.log --single-version-externally-managed install_data
