[0.039s] Invoking command in '/root/ros_workspace/build/dynamixel_sdk_examples': AMENT_PREFIX_PATH=/root/ros_workspace/install/dynamixel_sdk_custom_interfaces:/root/ros_workspace/install/dynamixel_sdk:${AMENT_PREFIX_PATH} CMAKE_PREFIX_PATH=/root/ros_workspace/install/dynamixel_sdk_custom_interfaces:/root/ros_workspace/install/dynamixel_sdk:/opt/ros/jazzy/opt/gz_sim_vendor:/opt/ros/jazzy/opt/gz_sensors_vendor:/opt/ros/jazzy/opt/gz_physics_vendor:/opt/ros/jazzy/opt/sdformat_vendor:/opt/ros/jazzy/opt/gz_gui_vendor:/opt/ros/jazzy/opt/gz_transport_vendor:/opt/ros/jazzy/opt/gz_rendering_vendor:/opt/ros/jazzy/opt/gz_plugin_vendor:/opt/ros/jazzy/opt/gz_fuel_tools_vendor:/opt/ros/jazzy/opt/gz_msgs_vendor:/opt/ros/jazzy/opt/gz_common_vendor:/opt/ros/jazzy/opt/gz_math_vendor:/opt/ros/jazzy/opt/gz_utils_vendor:/opt/ros/jazzy/opt/gz_tools_vendor:/opt/ros/jazzy/opt/gz_ogre_next_vendor:/opt/ros/jazzy/opt/gz_dartsim_vendor:/opt/ros/jazzy/opt/gz_cmake_vendor:/opt/ros/jazzy LD_LIBRARY_PATH=/root/ros_workspace/install/dynamixel_sdk_custom_interfaces/lib:/root/ros_workspace/install/dynamixel_sdk/lib:${LD_LIBRARY_PATH} PYTHONPATH=/root/ros_workspace/install/dynamixel_sdk_custom_interfaces/lib/python3.12/site-packages:/root/ros_workspace/install/dynamixel_sdk/lib/python3.12/site-packages:${PYTHONPATH} /usr/bin/cmake /root/ros_workspace/src/DynamixelSDK/ros/dynamixel_sdk_examples -DAMENT_CMAKE_SYMLINK_INSTALL=1 -DCMAKE_INSTALL_PREFIX=/root/ros_workspace/install/dynamixel_sdk_examples
[0.224s] -- The C compiler identification is GNU 13.3.0
[0.349s] -- The CXX compiler identification is GNU 13.3.0
[0.388s] -- Detecting C compiler ABI info
[0.752s] -- Detecting C compiler ABI info - done
[0.780s] -- Check for working C compiler: /usr/bin/cc - skipped
[0.789s] -- Detecting C compile features
[0.793s] -- Detecting C compile features - done
[0.811s] -- Detecting CXX compiler ABI info
[1.029s] -- Detecting CXX compiler ABI info - done
[1.046s] -- Check for working CXX compiler: /usr/bin/c++ - skipped
[1.047s] -- Detecting CXX compile features
[1.048s] -- Detecting CXX compile features - done
[1.057s] -- Found ament_cmake: 2.5.4 (/opt/ros/jazzy/share/ament_cmake/cmake)
[1.393s] -- Found Python3: /usr/bin/python3 (found version "3.12.3") found components: Interpreter 
[1.515s] -- Override CMake install command with custom implementation using symlinks instead of copying resources
[1.580s] -- Found dynamixel_sdk: 3.8.4 (/root/ros_workspace/install/dynamixel_sdk/share/dynamixel_sdk/cmake)
[1.582s] -- Found dynamixel_sdk_custom_interfaces: 3.8.4 (/root/ros_workspace/install/dynamixel_sdk_custom_interfaces/share/dynamixel_sdk_custom_interfaces/cmake)
[1.672s] -- Found rosidl_generator_c: 4.6.5 (/opt/ros/jazzy/share/rosidl_generator_c/cmake)
[1.695s] -- Found rosidl_generator_cpp: 4.6.5 (/opt/ros/jazzy/share/rosidl_generator_cpp/cmake)
[1.720s] -- Using all available rosidl_typesupport_c: rosidl_typesupport_fastrtps_c;rosidl_typesupport_introspection_c
[1.747s] -- Using all available rosidl_typesupport_cpp: rosidl_typesupport_fastrtps_cpp;rosidl_typesupport_introspection_cpp
[1.818s] -- Found rclcpp: 28.1.9 (/opt/ros/jazzy/share/rclcpp/cmake)
[1.889s] -- Found rmw_implementation_cmake: 7.3.2 (/opt/ros/jazzy/share/rmw_implementation_cmake/cmake)
[1.894s] -- Found rmw_fastrtps_cpp: 8.4.2 (/opt/ros/jazzy/share/rmw_fastrtps_cpp/cmake)
[1.999s] -- Found OpenSSL: /usr/lib/x86_64-linux-gnu/libcrypto.so (found version "3.0.13")  
[2.019s] -- Found FastRTPS: /opt/ros/jazzy/include (Required is at least version "2.13") 
[2.043s] -- Using RMW implementation 'rmw_fastrtps_cpp' as default
[2.138s] -- Found rclpy: 7.1.4 (/opt/ros/jazzy/share/rclpy/cmake)
[2.144s] -- Found ament_lint_auto: 0.17.2 (/opt/ros/jazzy/share/ament_lint_auto/cmake)
[2.285s] -- Added test 'copyright' to check source files copyright and LICENSE
[2.288s] -- Added test 'cppcheck' to perform static code analysis on C / C++ code
[2.288s] -- Configured cppcheck include dirs: /root/ros_workspace/src/DynamixelSDK/ros/dynamixel_sdk_examples/include
[2.288s] -- Configured cppcheck exclude dirs and/or files: 
[2.290s] -- Added test 'cpplint' to check C / C++ code against the Google style
[2.290s] -- Configured cpplint exclude dirs and/or files: 
[2.291s] -- Added test 'flake8' to check Python code syntax and style conventions
[2.291s] -- Configured 'flake8' exclude dirs and/or files: 
[2.292s] -- Added test 'lint_cmake' to check CMake code style
[2.294s] -- Added test 'pep257' to check Python code against some of the docstring style conventions in PEP 257
[2.296s] -- Added test 'uncrustify' to check C / C++ code style
[2.296s] -- Configured uncrustify additional arguments: 
[2.297s] -- Added test 'xmllint' to check XML markup files
[2.300s] -- Configuring done (2.2s)
[2.313s] -- Generating done (0.0s)
[2.316s] -- Build files have been written to: /root/ros_workspace/build/dynamixel_sdk_examples
[2.326s] Invoked command in '/root/ros_workspace/build/dynamixel_sdk_examples' returned '0': AMENT_PREFIX_PATH=/root/ros_workspace/install/dynamixel_sdk_custom_interfaces:/root/ros_workspace/install/dynamixel_sdk:${AMENT_PREFIX_PATH} CMAKE_PREFIX_PATH=/root/ros_workspace/install/dynamixel_sdk_custom_interfaces:/root/ros_workspace/install/dynamixel_sdk:/opt/ros/jazzy/opt/gz_sim_vendor:/opt/ros/jazzy/opt/gz_sensors_vendor:/opt/ros/jazzy/opt/gz_physics_vendor:/opt/ros/jazzy/opt/sdformat_vendor:/opt/ros/jazzy/opt/gz_gui_vendor:/opt/ros/jazzy/opt/gz_transport_vendor:/opt/ros/jazzy/opt/gz_rendering_vendor:/opt/ros/jazzy/opt/gz_plugin_vendor:/opt/ros/jazzy/opt/gz_fuel_tools_vendor:/opt/ros/jazzy/opt/gz_msgs_vendor:/opt/ros/jazzy/opt/gz_common_vendor:/opt/ros/jazzy/opt/gz_math_vendor:/opt/ros/jazzy/opt/gz_utils_vendor:/opt/ros/jazzy/opt/gz_tools_vendor:/opt/ros/jazzy/opt/gz_ogre_next_vendor:/opt/ros/jazzy/opt/gz_dartsim_vendor:/opt/ros/jazzy/opt/gz_cmake_vendor:/opt/ros/jazzy LD_LIBRARY_PATH=/root/ros_workspace/install/dynamixel_sdk_custom_interfaces/lib:/root/ros_workspace/install/dynamixel_sdk/lib:${LD_LIBRARY_PATH} PYTHONPATH=/root/ros_workspace/install/dynamixel_sdk_custom_interfaces/lib/python3.12/site-packages:/root/ros_workspace/install/dynamixel_sdk/lib/python3.12/site-packages:${PYTHONPATH} /usr/bin/cmake /root/ros_workspace/src/DynamixelSDK/ros/dynamixel_sdk_examples -DAMENT_CMAKE_SYMLINK_INSTALL=1 -DCMAKE_INSTALL_PREFIX=/root/ros_workspace/install/dynamixel_sdk_examples
[2.327s] Invoking command in '/root/ros_workspace/build/dynamixel_sdk_examples': AMENT_PREFIX_PATH=/root/ros_workspace/install/dynamixel_sdk_custom_interfaces:/root/ros_workspace/install/dynamixel_sdk:${AMENT_PREFIX_PATH} CMAKE_PREFIX_PATH=/root/ros_workspace/install/dynamixel_sdk_custom_interfaces:/root/ros_workspace/install/dynamixel_sdk:/opt/ros/jazzy/opt/gz_sim_vendor:/opt/ros/jazzy/opt/gz_sensors_vendor:/opt/ros/jazzy/opt/gz_physics_vendor:/opt/ros/jazzy/opt/sdformat_vendor:/opt/ros/jazzy/opt/gz_gui_vendor:/opt/ros/jazzy/opt/gz_transport_vendor:/opt/ros/jazzy/opt/gz_rendering_vendor:/opt/ros/jazzy/opt/gz_plugin_vendor:/opt/ros/jazzy/opt/gz_fuel_tools_vendor:/opt/ros/jazzy/opt/gz_msgs_vendor:/opt/ros/jazzy/opt/gz_common_vendor:/opt/ros/jazzy/opt/gz_math_vendor:/opt/ros/jazzy/opt/gz_utils_vendor:/opt/ros/jazzy/opt/gz_tools_vendor:/opt/ros/jazzy/opt/gz_ogre_next_vendor:/opt/ros/jazzy/opt/gz_dartsim_vendor:/opt/ros/jazzy/opt/gz_cmake_vendor:/opt/ros/jazzy LD_LIBRARY_PATH=/root/ros_workspace/install/dynamixel_sdk_custom_interfaces/lib:/root/ros_workspace/install/dynamixel_sdk/lib:${LD_LIBRARY_PATH} PYTHONPATH=/root/ros_workspace/install/dynamixel_sdk_custom_interfaces/lib/python3.12/site-packages:/root/ros_workspace/install/dynamixel_sdk/lib/python3.12/site-packages:${PYTHONPATH} /usr/bin/cmake --build /root/ros_workspace/build/dynamixel_sdk_examples -- -j12 -l12
[2.385s] [ 50%] [32mBuilding CXX object CMakeFiles/read_write_node.dir/src/read_write_node.cpp.o[0m
[14.490s] [100%] [32m[1mLinking CXX executable read_write_node[0m
[15.151s] [100%] Built target read_write_node
[15.167s] Invoked command in '/root/ros_workspace/build/dynamixel_sdk_examples' returned '0': AMENT_PREFIX_PATH=/root/ros_workspace/install/dynamixel_sdk_custom_interfaces:/root/ros_workspace/install/dynamixel_sdk:${AMENT_PREFIX_PATH} CMAKE_PREFIX_PATH=/root/ros_workspace/install/dynamixel_sdk_custom_interfaces:/root/ros_workspace/install/dynamixel_sdk:/opt/ros/jazzy/opt/gz_sim_vendor:/opt/ros/jazzy/opt/gz_sensors_vendor:/opt/ros/jazzy/opt/gz_physics_vendor:/opt/ros/jazzy/opt/sdformat_vendor:/opt/ros/jazzy/opt/gz_gui_vendor:/opt/ros/jazzy/opt/gz_transport_vendor:/opt/ros/jazzy/opt/gz_rendering_vendor:/opt/ros/jazzy/opt/gz_plugin_vendor:/opt/ros/jazzy/opt/gz_fuel_tools_vendor:/opt/ros/jazzy/opt/gz_msgs_vendor:/opt/ros/jazzy/opt/gz_common_vendor:/opt/ros/jazzy/opt/gz_math_vendor:/opt/ros/jazzy/opt/gz_utils_vendor:/opt/ros/jazzy/opt/gz_tools_vendor:/opt/ros/jazzy/opt/gz_ogre_next_vendor:/opt/ros/jazzy/opt/gz_dartsim_vendor:/opt/ros/jazzy/opt/gz_cmake_vendor:/opt/ros/jazzy LD_LIBRARY_PATH=/root/ros_workspace/install/dynamixel_sdk_custom_interfaces/lib:/root/ros_workspace/install/dynamixel_sdk/lib:${LD_LIBRARY_PATH} PYTHONPATH=/root/ros_workspace/install/dynamixel_sdk_custom_interfaces/lib/python3.12/site-packages:/root/ros_workspace/install/dynamixel_sdk/lib/python3.12/site-packages:${PYTHONPATH} /usr/bin/cmake --build /root/ros_workspace/build/dynamixel_sdk_examples -- -j12 -l12
[15.168s] Invoking command in '/root/ros_workspace/build/dynamixel_sdk_examples': AMENT_PREFIX_PATH=/root/ros_workspace/install/dynamixel_sdk_custom_interfaces:/root/ros_workspace/install/dynamixel_sdk:${AMENT_PREFIX_PATH} CMAKE_PREFIX_PATH=/root/ros_workspace/install/dynamixel_sdk_custom_interfaces:/root/ros_workspace/install/dynamixel_sdk:/opt/ros/jazzy/opt/gz_sim_vendor:/opt/ros/jazzy/opt/gz_sensors_vendor:/opt/ros/jazzy/opt/gz_physics_vendor:/opt/ros/jazzy/opt/sdformat_vendor:/opt/ros/jazzy/opt/gz_gui_vendor:/opt/ros/jazzy/opt/gz_transport_vendor:/opt/ros/jazzy/opt/gz_rendering_vendor:/opt/ros/jazzy/opt/gz_plugin_vendor:/opt/ros/jazzy/opt/gz_fuel_tools_vendor:/opt/ros/jazzy/opt/gz_msgs_vendor:/opt/ros/jazzy/opt/gz_common_vendor:/opt/ros/jazzy/opt/gz_math_vendor:/opt/ros/jazzy/opt/gz_utils_vendor:/opt/ros/jazzy/opt/gz_tools_vendor:/opt/ros/jazzy/opt/gz_ogre_next_vendor:/opt/ros/jazzy/opt/gz_dartsim_vendor:/opt/ros/jazzy/opt/gz_cmake_vendor:/opt/ros/jazzy LD_LIBRARY_PATH=/root/ros_workspace/install/dynamixel_sdk_custom_interfaces/lib:/root/ros_workspace/install/dynamixel_sdk/lib:${LD_LIBRARY_PATH} PYTHONPATH=/root/ros_workspace/install/dynamixel_sdk_custom_interfaces/lib/python3.12/site-packages:/root/ros_workspace/install/dynamixel_sdk/lib/python3.12/site-packages:${PYTHONPATH} /usr/bin/cmake --install /root/ros_workspace/build/dynamixel_sdk_examples
[15.189s] -- Install configuration: ""
[15.190s] -- Execute custom install script
[15.192s] -- Symlinking: /root/ros_workspace/install/dynamixel_sdk_examples/lib/dynamixel_sdk_examples/read_write_node
[15.214s] -- Symlinking: /root/ros_workspace/install/dynamixel_sdk_examples/lib/dynamixel_sdk_examples/read_write_node.py
[15.239s] -- Symlinking: /root/ros_workspace/install/dynamixel_sdk_examples/share/ament_index/resource_index/package_run_dependencies/dynamixel_sdk_examples
[15.260s] -- Symlinking: /root/ros_workspace/install/dynamixel_sdk_examples/share/ament_index/resource_index/parent_prefix_path/dynamixel_sdk_examples
[15.281s] -- Symlinking: /root/ros_workspace/install/dynamixel_sdk_examples/share/dynamixel_sdk_examples/environment/ament_prefix_path.sh
[15.301s] -- Symlinking: /root/ros_workspace/install/dynamixel_sdk_examples/share/dynamixel_sdk_examples/environment/ament_prefix_path.dsv
[15.323s] -- Symlinking: /root/ros_workspace/install/dynamixel_sdk_examples/share/dynamixel_sdk_examples/environment/path.sh
[15.343s] -- Symlinking: /root/ros_workspace/install/dynamixel_sdk_examples/share/dynamixel_sdk_examples/environment/path.dsv
[15.368s] -- Symlinking: /root/ros_workspace/install/dynamixel_sdk_examples/share/dynamixel_sdk_examples/local_setup.bash
[15.386s] -- Symlinking: /root/ros_workspace/install/dynamixel_sdk_examples/share/dynamixel_sdk_examples/local_setup.sh
[15.407s] -- Symlinking: /root/ros_workspace/install/dynamixel_sdk_examples/share/dynamixel_sdk_examples/local_setup.zsh
[15.430s] -- Symlinking: /root/ros_workspace/install/dynamixel_sdk_examples/share/dynamixel_sdk_examples/local_setup.dsv
[15.450s] -- Symlinking: /root/ros_workspace/install/dynamixel_sdk_examples/share/dynamixel_sdk_examples/package.dsv
[15.477s] -- Symlinking: /root/ros_workspace/install/dynamixel_sdk_examples/share/ament_index/resource_index/packages/dynamixel_sdk_examples
[15.499s] -- Symlinking: /root/ros_workspace/install/dynamixel_sdk_examples/share/dynamixel_sdk_examples/cmake/dynamixel_sdk_examplesConfig.cmake
[15.521s] -- Symlinking: /root/ros_workspace/install/dynamixel_sdk_examples/share/dynamixel_sdk_examples/cmake/dynamixel_sdk_examplesConfig-version.cmake
[15.544s] -- Symlinking: /root/ros_workspace/install/dynamixel_sdk_examples/share/dynamixel_sdk_examples/package.xml
[15.567s] Invoked command in '/root/ros_workspace/build/dynamixel_sdk_examples' returned '0': AMENT_PREFIX_PATH=/root/ros_workspace/install/dynamixel_sdk_custom_interfaces:/root/ros_workspace/install/dynamixel_sdk:${AMENT_PREFIX_PATH} CMAKE_PREFIX_PATH=/root/ros_workspace/install/dynamixel_sdk_custom_interfaces:/root/ros_workspace/install/dynamixel_sdk:/opt/ros/jazzy/opt/gz_sim_vendor:/opt/ros/jazzy/opt/gz_sensors_vendor:/opt/ros/jazzy/opt/gz_physics_vendor:/opt/ros/jazzy/opt/sdformat_vendor:/opt/ros/jazzy/opt/gz_gui_vendor:/opt/ros/jazzy/opt/gz_transport_vendor:/opt/ros/jazzy/opt/gz_rendering_vendor:/opt/ros/jazzy/opt/gz_plugin_vendor:/opt/ros/jazzy/opt/gz_fuel_tools_vendor:/opt/ros/jazzy/opt/gz_msgs_vendor:/opt/ros/jazzy/opt/gz_common_vendor:/opt/ros/jazzy/opt/gz_math_vendor:/opt/ros/jazzy/opt/gz_utils_vendor:/opt/ros/jazzy/opt/gz_tools_vendor:/opt/ros/jazzy/opt/gz_ogre_next_vendor:/opt/ros/jazzy/opt/gz_dartsim_vendor:/opt/ros/jazzy/opt/gz_cmake_vendor:/opt/ros/jazzy LD_LIBRARY_PATH=/root/ros_workspace/install/dynamixel_sdk_custom_interfaces/lib:/root/ros_workspace/install/dynamixel_sdk/lib:${LD_LIBRARY_PATH} PYTHONPATH=/root/ros_workspace/install/dynamixel_sdk_custom_interfaces/lib/python3.12/site-packages:/root/ros_workspace/install/dynamixel_sdk/lib/python3.12/site-packages:${PYTHONPATH} /usr/bin/cmake --install /root/ros_workspace/build/dynamixel_sdk_examples
