[0.040s] Invoking command in '/root/ros_workspace/build/dynamixel_sdk_custom_interfaces': /usr/bin/cmake --build /root/ros_workspace/build/dynamixel_sdk_custom_interfaces -- -j12 -l12
[0.434s] [  2%] Built target dynamixel_sdk_custom_interfaces__rosidl_generator_type_description
[0.434s] [  2%] Built target ament_cmake_python_copy_dynamixel_sdk_custom_interfaces
[0.435s] [  4%] Built target dynamixel_sdk_custom_interfaces__cpp
[0.435s] [ 22%] Built target dynamixel_sdk_custom_interfaces__rosidl_generator_c
[0.435s] [ 31%] Built target dynamixel_sdk_custom_interfaces__rosidl_typesupport_cpp
[0.435s] [ 40%] Built target dynamixel_sdk_custom_interfaces__rosidl_typesupport_fastrtps_c
[0.436s] [ 50%] Built target dynamixel_sdk_custom_interfaces__rosidl_typesupport_fastrtps_cpp
[0.436s] [ 59%] Built target dynamixel_sdk_custom_interfaces__rosidl_typesupport_introspection_cpp
[0.436s] [ 68%] Built target dynamixel_sdk_custom_interfaces__rosidl_typesupport_c
[0.436s] [ 77%] Built target dynamixel_sdk_custom_interfaces__rosidl_typesupport_introspection_c
[0.436s] [ 77%] Built target dynamixel_sdk_custom_interfaces
[0.436s] [ 79%] Built target dynamixel_sdk_custom_interfaces__py
[0.436s] [ 86%] Built target dynamixel_sdk_custom_interfaces__rosidl_generator_py
[0.436s] [ 90%] Built target dynamixel_sdk_custom_interfaces_s__rosidl_typesupport_introspection_c
[0.436s] [100%] Built target dynamixel_sdk_custom_interfaces_s__rosidl_typesupport_c
[0.437s] [100%] Built target dynamixel_sdk_custom_interfaces_s__rosidl_typesupport_fastrtps_c
[0.496s] running egg_info
[0.513s] writing dynamixel_sdk_custom_interfaces.egg-info/PKG-INFO
[0.514s] writing dependency_links to dynamixel_sdk_custom_interfaces.egg-info/dependency_links.txt
[0.514s] writing top-level names to dynamixel_sdk_custom_interfaces.egg-info/top_level.txt
[0.565s] reading manifest file 'dynamixel_sdk_custom_interfaces.egg-info/SOURCES.txt'
[0.566s] writing manifest file 'dynamixel_sdk_custom_interfaces.egg-info/SOURCES.txt'
[0.621s] [100%] Built target ament_cmake_python_build_dynamixel_sdk_custom_interfaces_egg
[0.826s] Invoked command in '/root/ros_workspace/build/dynamixel_sdk_custom_interfaces' returned '0': /usr/bin/cmake --build /root/ros_workspace/build/dynamixel_sdk_custom_interfaces -- -j12 -l12
[0.829s] Invoking command in '/root/ros_workspace/build/dynamixel_sdk_custom_interfaces': /usr/bin/cmake --install /root/ros_workspace/build/dynamixel_sdk_custom_interfaces
[0.915s] -- Install configuration: ""
[0.915s] -- Up-to-date: /root/ros_workspace/install/dynamixel_sdk_custom_interfaces/share/ament_index/resource_index/rosidl_interfaces/dynamixel_sdk_custom_interfaces
[0.916s] -- Up-to-date: /root/ros_workspace/install/dynamixel_sdk_custom_interfaces/share/dynamixel_sdk_custom_interfaces/msg/SetPosition.json
[0.916s] -- Up-to-date: /root/ros_workspace/install/dynamixel_sdk_custom_interfaces/share/dynamixel_sdk_custom_interfaces/srv/GetPosition.json
[0.916s] -- Up-to-date: /root/ros_workspace/install/dynamixel_sdk_custom_interfaces/include/dynamixel_sdk_custom_interfaces/dynamixel_sdk_custom_interfaces
[0.916s] -- Up-to-date: /root/ros_workspace/install/dynamixel_sdk_custom_interfaces/include/dynamixel_sdk_custom_interfaces/dynamixel_sdk_custom_interfaces/srv
[0.916s] -- Up-to-date: /root/ros_workspace/install/dynamixel_sdk_custom_interfaces/include/dynamixel_sdk_custom_interfaces/dynamixel_sdk_custom_interfaces/srv/get_position.h
[0.916s] -- Up-to-date: /root/ros_workspace/install/dynamixel_sdk_custom_interfaces/include/dynamixel_sdk_custom_interfaces/dynamixel_sdk_custom_interfaces/srv/detail
[0.916s] -- Up-to-date: /root/ros_workspace/install/dynamixel_sdk_custom_interfaces/include/dynamixel_sdk_custom_interfaces/dynamixel_sdk_custom_interfaces/srv/detail/get_position__type_support.c
[0.917s] -- Up-to-date: /root/ros_workspace/install/dynamixel_sdk_custom_interfaces/include/dynamixel_sdk_custom_interfaces/dynamixel_sdk_custom_interfaces/srv/detail/get_position__struct.h
[0.917s] -- Up-to-date: /root/ros_workspace/install/dynamixel_sdk_custom_interfaces/include/dynamixel_sdk_custom_interfaces/dynamixel_sdk_custom_interfaces/srv/detail/get_position__functions.c
[0.921s] -- Up-to-date: /root/ros_workspace/install/dynamixel_sdk_custom_interfaces/include/dynamixel_sdk_custom_interfaces/dynamixel_sdk_custom_interfaces/srv/detail/get_position__functions.h
[0.921s] -- Up-to-date: /root/ros_workspace/install/dynamixel_sdk_custom_interfaces/include/dynamixel_sdk_custom_interfaces/dynamixel_sdk_custom_interfaces/srv/detail/get_position__description.c
[0.921s] -- Up-to-date: /root/ros_workspace/install/dynamixel_sdk_custom_interfaces/include/dynamixel_sdk_custom_interfaces/dynamixel_sdk_custom_interfaces/srv/detail/get_position__type_support.h
[0.921s] -- Up-to-date: /root/ros_workspace/install/dynamixel_sdk_custom_interfaces/include/dynamixel_sdk_custom_interfaces/dynamixel_sdk_custom_interfaces/msg
[0.922s] -- Up-to-date: /root/ros_workspace/install/dynamixel_sdk_custom_interfaces/include/dynamixel_sdk_custom_interfaces/dynamixel_sdk_custom_interfaces/msg/set_position.h
[0.923s] -- Up-to-date: /root/ros_workspace/install/dynamixel_sdk_custom_interfaces/include/dynamixel_sdk_custom_interfaces/dynamixel_sdk_custom_interfaces/msg/rosidl_generator_c__visibility_control.h
[0.923s] -- Up-to-date: /root/ros_workspace/install/dynamixel_sdk_custom_interfaces/include/dynamixel_sdk_custom_interfaces/dynamixel_sdk_custom_interfaces/msg/detail
[0.924s] -- Up-to-date: /root/ros_workspace/install/dynamixel_sdk_custom_interfaces/include/dynamixel_sdk_custom_interfaces/dynamixel_sdk_custom_interfaces/msg/detail/set_position__functions.h
[0.924s] -- Up-to-date: /root/ros_workspace/install/dynamixel_sdk_custom_interfaces/include/dynamixel_sdk_custom_interfaces/dynamixel_sdk_custom_interfaces/msg/detail/set_position__struct.h
[0.925s] -- Up-to-date: /root/ros_workspace/install/dynamixel_sdk_custom_interfaces/include/dynamixel_sdk_custom_interfaces/dynamixel_sdk_custom_interfaces/msg/detail/set_position__functions.c
[0.925s] -- Up-to-date: /root/ros_workspace/install/dynamixel_sdk_custom_interfaces/include/dynamixel_sdk_custom_interfaces/dynamixel_sdk_custom_interfaces/msg/detail/set_position__type_support.c
[0.925s] -- Up-to-date: /root/ros_workspace/install/dynamixel_sdk_custom_interfaces/include/dynamixel_sdk_custom_interfaces/dynamixel_sdk_custom_interfaces/msg/detail/set_position__description.c
[0.925s] -- Up-to-date: /root/ros_workspace/install/dynamixel_sdk_custom_interfaces/include/dynamixel_sdk_custom_interfaces/dynamixel_sdk_custom_interfaces/msg/detail/set_position__type_support.h
[0.926s] -- Up-to-date: /root/ros_workspace/install/dynamixel_sdk_custom_interfaces/share/dynamixel_sdk_custom_interfaces/environment/library_path.sh
[0.926s] -- Up-to-date: /root/ros_workspace/install/dynamixel_sdk_custom_interfaces/share/dynamixel_sdk_custom_interfaces/environment/library_path.dsv
[0.926s] -- Up-to-date: /root/ros_workspace/install/dynamixel_sdk_custom_interfaces/lib/libdynamixel_sdk_custom_interfaces__rosidl_generator_c.so
[0.932s] -- Up-to-date: /root/ros_workspace/install/dynamixel_sdk_custom_interfaces/include/dynamixel_sdk_custom_interfaces/dynamixel_sdk_custom_interfaces
[0.933s] -- Up-to-date: /root/ros_workspace/install/dynamixel_sdk_custom_interfaces/include/dynamixel_sdk_custom_interfaces/dynamixel_sdk_custom_interfaces/srv
[0.933s] -- Up-to-date: /root/ros_workspace/install/dynamixel_sdk_custom_interfaces/include/dynamixel_sdk_custom_interfaces/dynamixel_sdk_custom_interfaces/srv/detail
[0.933s] -- Up-to-date: /root/ros_workspace/install/dynamixel_sdk_custom_interfaces/include/dynamixel_sdk_custom_interfaces/dynamixel_sdk_custom_interfaces/srv/detail/get_position__rosidl_typesupport_fastrtps_c.h
[0.933s] -- Up-to-date: /root/ros_workspace/install/dynamixel_sdk_custom_interfaces/include/dynamixel_sdk_custom_interfaces/dynamixel_sdk_custom_interfaces/msg
[0.934s] -- Up-to-date: /root/ros_workspace/install/dynamixel_sdk_custom_interfaces/include/dynamixel_sdk_custom_interfaces/dynamixel_sdk_custom_interfaces/msg/rosidl_typesupport_fastrtps_c__visibility_control.h
[0.934s] -- Up-to-date: /root/ros_workspace/install/dynamixel_sdk_custom_interfaces/include/dynamixel_sdk_custom_interfaces/dynamixel_sdk_custom_interfaces/msg/detail
[0.934s] -- Up-to-date: /root/ros_workspace/install/dynamixel_sdk_custom_interfaces/include/dynamixel_sdk_custom_interfaces/dynamixel_sdk_custom_interfaces/msg/detail/set_position__rosidl_typesupport_fastrtps_c.h
[0.935s] -- Up-to-date: /root/ros_workspace/install/dynamixel_sdk_custom_interfaces/lib/libdynamixel_sdk_custom_interfaces__rosidl_typesupport_fastrtps_c.so
[0.935s] -- Up-to-date: /root/ros_workspace/install/dynamixel_sdk_custom_interfaces/include/dynamixel_sdk_custom_interfaces/dynamixel_sdk_custom_interfaces
[0.935s] -- Up-to-date: /root/ros_workspace/install/dynamixel_sdk_custom_interfaces/include/dynamixel_sdk_custom_interfaces/dynamixel_sdk_custom_interfaces/srv
[0.935s] -- Up-to-date: /root/ros_workspace/install/dynamixel_sdk_custom_interfaces/include/dynamixel_sdk_custom_interfaces/dynamixel_sdk_custom_interfaces/srv/detail
[0.935s] -- Up-to-date: /root/ros_workspace/install/dynamixel_sdk_custom_interfaces/include/dynamixel_sdk_custom_interfaces/dynamixel_sdk_custom_interfaces/srv/detail/get_position__builder.hpp
[0.936s] -- Up-to-date: /root/ros_workspace/install/dynamixel_sdk_custom_interfaces/include/dynamixel_sdk_custom_interfaces/dynamixel_sdk_custom_interfaces/srv/detail/get_position__type_support.hpp
[0.936s] -- Up-to-date: /root/ros_workspace/install/dynamixel_sdk_custom_interfaces/include/dynamixel_sdk_custom_interfaces/dynamixel_sdk_custom_interfaces/srv/detail/get_position__struct.hpp
[0.936s] -- Up-to-date: /root/ros_workspace/install/dynamixel_sdk_custom_interfaces/include/dynamixel_sdk_custom_interfaces/dynamixel_sdk_custom_interfaces/srv/detail/get_position__traits.hpp
[0.936s] -- Up-to-date: /root/ros_workspace/install/dynamixel_sdk_custom_interfaces/include/dynamixel_sdk_custom_interfaces/dynamixel_sdk_custom_interfaces/srv/get_position.hpp
[0.936s] -- Up-to-date: /root/ros_workspace/install/dynamixel_sdk_custom_interfaces/include/dynamixel_sdk_custom_interfaces/dynamixel_sdk_custom_interfaces/msg
[0.937s] -- Up-to-date: /root/ros_workspace/install/dynamixel_sdk_custom_interfaces/include/dynamixel_sdk_custom_interfaces/dynamixel_sdk_custom_interfaces/msg/rosidl_generator_cpp__visibility_control.hpp
[0.937s] -- Up-to-date: /root/ros_workspace/install/dynamixel_sdk_custom_interfaces/include/dynamixel_sdk_custom_interfaces/dynamixel_sdk_custom_interfaces/msg/set_position.hpp
[0.937s] -- Up-to-date: /root/ros_workspace/install/dynamixel_sdk_custom_interfaces/include/dynamixel_sdk_custom_interfaces/dynamixel_sdk_custom_interfaces/msg/detail
[0.937s] -- Up-to-date: /root/ros_workspace/install/dynamixel_sdk_custom_interfaces/include/dynamixel_sdk_custom_interfaces/dynamixel_sdk_custom_interfaces/msg/detail/set_position__type_support.hpp
[0.938s] -- Up-to-date: /root/ros_workspace/install/dynamixel_sdk_custom_interfaces/include/dynamixel_sdk_custom_interfaces/dynamixel_sdk_custom_interfaces/msg/detail/set_position__builder.hpp
[0.938s] -- Up-to-date: /root/ros_workspace/install/dynamixel_sdk_custom_interfaces/include/dynamixel_sdk_custom_interfaces/dynamixel_sdk_custom_interfaces/msg/detail/set_position__struct.hpp
[0.938s] -- Up-to-date: /root/ros_workspace/install/dynamixel_sdk_custom_interfaces/include/dynamixel_sdk_custom_interfaces/dynamixel_sdk_custom_interfaces/msg/detail/set_position__traits.hpp
[0.938s] -- Up-to-date: /root/ros_workspace/install/dynamixel_sdk_custom_interfaces/include/dynamixel_sdk_custom_interfaces/dynamixel_sdk_custom_interfaces
[0.938s] -- Up-to-date: /root/ros_workspace/install/dynamixel_sdk_custom_interfaces/include/dynamixel_sdk_custom_interfaces/dynamixel_sdk_custom_interfaces/srv
[0.939s] -- Up-to-date: /root/ros_workspace/install/dynamixel_sdk_custom_interfaces/include/dynamixel_sdk_custom_interfaces/dynamixel_sdk_custom_interfaces/srv/detail
[0.939s] -- Up-to-date: /root/ros_workspace/install/dynamixel_sdk_custom_interfaces/include/dynamixel_sdk_custom_interfaces/dynamixel_sdk_custom_interfaces/srv/detail/get_position__rosidl_typesupport_fastrtps_cpp.hpp
[0.939s] -- Up-to-date: /root/ros_workspace/install/dynamixel_sdk_custom_interfaces/include/dynamixel_sdk_custom_interfaces/dynamixel_sdk_custom_interfaces/srv/detail/dds_fastrtps
[0.940s] -- Up-to-date: /root/ros_workspace/install/dynamixel_sdk_custom_interfaces/include/dynamixel_sdk_custom_interfaces/dynamixel_sdk_custom_interfaces/msg
[0.940s] -- Up-to-date: /root/ros_workspace/install/dynamixel_sdk_custom_interfaces/include/dynamixel_sdk_custom_interfaces/dynamixel_sdk_custom_interfaces/msg/rosidl_typesupport_fastrtps_cpp__visibility_control.h
[0.940s] -- Up-to-date: /root/ros_workspace/install/dynamixel_sdk_custom_interfaces/include/dynamixel_sdk_custom_interfaces/dynamixel_sdk_custom_interfaces/msg/detail
[0.940s] -- Up-to-date: /root/ros_workspace/install/dynamixel_sdk_custom_interfaces/include/dynamixel_sdk_custom_interfaces/dynamixel_sdk_custom_interfaces/msg/detail/set_position__rosidl_typesupport_fastrtps_cpp.hpp
[0.941s] -- Up-to-date: /root/ros_workspace/install/dynamixel_sdk_custom_interfaces/include/dynamixel_sdk_custom_interfaces/dynamixel_sdk_custom_interfaces/msg/detail/dds_fastrtps
[0.941s] -- Up-to-date: /root/ros_workspace/install/dynamixel_sdk_custom_interfaces/lib/libdynamixel_sdk_custom_interfaces__rosidl_typesupport_fastrtps_cpp.so
[0.942s] -- Up-to-date: /root/ros_workspace/install/dynamixel_sdk_custom_interfaces/include/dynamixel_sdk_custom_interfaces/dynamixel_sdk_custom_interfaces
[0.942s] -- Up-to-date: /root/ros_workspace/install/dynamixel_sdk_custom_interfaces/include/dynamixel_sdk_custom_interfaces/dynamixel_sdk_custom_interfaces/srv
[0.942s] -- Up-to-date: /root/ros_workspace/install/dynamixel_sdk_custom_interfaces/include/dynamixel_sdk_custom_interfaces/dynamixel_sdk_custom_interfaces/srv/detail
[0.942s] -- Up-to-date: /root/ros_workspace/install/dynamixel_sdk_custom_interfaces/include/dynamixel_sdk_custom_interfaces/dynamixel_sdk_custom_interfaces/srv/detail/get_position__type_support.c
[0.942s] -- Up-to-date: /root/ros_workspace/install/dynamixel_sdk_custom_interfaces/include/dynamixel_sdk_custom_interfaces/dynamixel_sdk_custom_interfaces/srv/detail/get_position__rosidl_typesupport_introspection_c.h
[0.943s] -- Up-to-date: /root/ros_workspace/install/dynamixel_sdk_custom_interfaces/include/dynamixel_sdk_custom_interfaces/dynamixel_sdk_custom_interfaces/msg
[0.943s] -- Up-to-date: /root/ros_workspace/install/dynamixel_sdk_custom_interfaces/include/dynamixel_sdk_custom_interfaces/dynamixel_sdk_custom_interfaces/msg/rosidl_typesupport_introspection_c__visibility_control.h
[0.943s] -- Up-to-date: /root/ros_workspace/install/dynamixel_sdk_custom_interfaces/include/dynamixel_sdk_custom_interfaces/dynamixel_sdk_custom_interfaces/msg/detail
[0.943s] -- Up-to-date: /root/ros_workspace/install/dynamixel_sdk_custom_interfaces/include/dynamixel_sdk_custom_interfaces/dynamixel_sdk_custom_interfaces/msg/detail/set_position__type_support.c
[0.944s] -- Up-to-date: /root/ros_workspace/install/dynamixel_sdk_custom_interfaces/include/dynamixel_sdk_custom_interfaces/dynamixel_sdk_custom_interfaces/msg/detail/set_position__rosidl_typesupport_introspection_c.h
[0.944s] -- Up-to-date: /root/ros_workspace/install/dynamixel_sdk_custom_interfaces/lib/libdynamixel_sdk_custom_interfaces__rosidl_typesupport_introspection_c.so
[0.944s] -- Up-to-date: /root/ros_workspace/install/dynamixel_sdk_custom_interfaces/lib/libdynamixel_sdk_custom_interfaces__rosidl_typesupport_c.so
[0.944s] -- Up-to-date: /root/ros_workspace/install/dynamixel_sdk_custom_interfaces/include/dynamixel_sdk_custom_interfaces/dynamixel_sdk_custom_interfaces
[0.945s] -- Up-to-date: /root/ros_workspace/install/dynamixel_sdk_custom_interfaces/include/dynamixel_sdk_custom_interfaces/dynamixel_sdk_custom_interfaces/srv
[0.945s] -- Up-to-date: /root/ros_workspace/install/dynamixel_sdk_custom_interfaces/include/dynamixel_sdk_custom_interfaces/dynamixel_sdk_custom_interfaces/srv/detail
[0.945s] -- Up-to-date: /root/ros_workspace/install/dynamixel_sdk_custom_interfaces/include/dynamixel_sdk_custom_interfaces/dynamixel_sdk_custom_interfaces/srv/detail/get_position__rosidl_typesupport_introspection_cpp.hpp
[0.945s] -- Up-to-date: /root/ros_workspace/install/dynamixel_sdk_custom_interfaces/include/dynamixel_sdk_custom_interfaces/dynamixel_sdk_custom_interfaces/srv/detail/get_position__type_support.cpp
[0.946s] -- Up-to-date: /root/ros_workspace/install/dynamixel_sdk_custom_interfaces/include/dynamixel_sdk_custom_interfaces/dynamixel_sdk_custom_interfaces/msg
[0.946s] -- Up-to-date: /root/ros_workspace/install/dynamixel_sdk_custom_interfaces/include/dynamixel_sdk_custom_interfaces/dynamixel_sdk_custom_interfaces/msg/detail
[0.946s] -- Up-to-date: /root/ros_workspace/install/dynamixel_sdk_custom_interfaces/include/dynamixel_sdk_custom_interfaces/dynamixel_sdk_custom_interfaces/msg/detail/set_position__type_support.cpp
[0.946s] -- Up-to-date: /root/ros_workspace/install/dynamixel_sdk_custom_interfaces/include/dynamixel_sdk_custom_interfaces/dynamixel_sdk_custom_interfaces/msg/detail/set_position__rosidl_typesupport_introspection_cpp.hpp
[0.947s] -- Up-to-date: /root/ros_workspace/install/dynamixel_sdk_custom_interfaces/lib/libdynamixel_sdk_custom_interfaces__rosidl_typesupport_introspection_cpp.so
[0.947s] -- Up-to-date: /root/ros_workspace/install/dynamixel_sdk_custom_interfaces/lib/libdynamixel_sdk_custom_interfaces__rosidl_typesupport_cpp.so
[0.947s] -- Up-to-date: /root/ros_workspace/install/dynamixel_sdk_custom_interfaces/share/dynamixel_sdk_custom_interfaces/environment/pythonpath.sh
[0.948s] -- Up-to-date: /root/ros_workspace/install/dynamixel_sdk_custom_interfaces/share/dynamixel_sdk_custom_interfaces/environment/pythonpath.dsv
[0.948s] -- Up-to-date: /root/ros_workspace/install/dynamixel_sdk_custom_interfaces/lib/python3.12/site-packages/dynamixel_sdk_custom_interfaces-3.8.4-py3.12.egg-info
[0.948s] -- Installing: /root/ros_workspace/install/dynamixel_sdk_custom_interfaces/lib/python3.12/site-packages/dynamixel_sdk_custom_interfaces-3.8.4-py3.12.egg-info/top_level.txt
[0.949s] -- Installing: /root/ros_workspace/install/dynamixel_sdk_custom_interfaces/lib/python3.12/site-packages/dynamixel_sdk_custom_interfaces-3.8.4-py3.12.egg-info/dependency_links.txt
[0.949s] -- Installing: /root/ros_workspace/install/dynamixel_sdk_custom_interfaces/lib/python3.12/site-packages/dynamixel_sdk_custom_interfaces-3.8.4-py3.12.egg-info/SOURCES.txt
[0.949s] -- Installing: /root/ros_workspace/install/dynamixel_sdk_custom_interfaces/lib/python3.12/site-packages/dynamixel_sdk_custom_interfaces-3.8.4-py3.12.egg-info/PKG-INFO
[0.950s] -- Up-to-date: /root/ros_workspace/install/dynamixel_sdk_custom_interfaces/lib/python3.12/site-packages/dynamixel_sdk_custom_interfaces
[0.950s] -- Up-to-date: /root/ros_workspace/install/dynamixel_sdk_custom_interfaces/lib/python3.12/site-packages/dynamixel_sdk_custom_interfaces/srv
[0.950s] -- Up-to-date: /root/ros_workspace/install/dynamixel_sdk_custom_interfaces/lib/python3.12/site-packages/dynamixel_sdk_custom_interfaces/srv/_get_position_s.c
[0.950s] -- Up-to-date: /root/ros_workspace/install/dynamixel_sdk_custom_interfaces/lib/python3.12/site-packages/dynamixel_sdk_custom_interfaces/srv/_get_position.py
[0.951s] -- Up-to-date: /root/ros_workspace/install/dynamixel_sdk_custom_interfaces/lib/python3.12/site-packages/dynamixel_sdk_custom_interfaces/srv/__init__.py
[0.951s] -- Up-to-date: /root/ros_workspace/install/dynamixel_sdk_custom_interfaces/lib/python3.12/site-packages/dynamixel_sdk_custom_interfaces/dynamixel_sdk_custom_interfaces_s__rosidl_typesupport_fastrtps_c.so
[0.951s] -- Up-to-date: /root/ros_workspace/install/dynamixel_sdk_custom_interfaces/lib/python3.12/site-packages/dynamixel_sdk_custom_interfaces/dynamixel_sdk_custom_interfaces_s__rosidl_typesupport_c.so
[0.951s] -- Up-to-date: /root/ros_workspace/install/dynamixel_sdk_custom_interfaces/lib/python3.12/site-packages/dynamixel_sdk_custom_interfaces/_dynamixel_sdk_custom_interfaces_s.ep.rosidl_typesupport_fastrtps_c.c
[0.951s] -- Up-to-date: /root/ros_workspace/install/dynamixel_sdk_custom_interfaces/lib/python3.12/site-packages/dynamixel_sdk_custom_interfaces/msg
[0.952s] -- Up-to-date: /root/ros_workspace/install/dynamixel_sdk_custom_interfaces/lib/python3.12/site-packages/dynamixel_sdk_custom_interfaces/msg/_set_position.py
[0.952s] -- Up-to-date: /root/ros_workspace/install/dynamixel_sdk_custom_interfaces/lib/python3.12/site-packages/dynamixel_sdk_custom_interfaces/msg/_set_position_s.c
[0.952s] -- Up-to-date: /root/ros_workspace/install/dynamixel_sdk_custom_interfaces/lib/python3.12/site-packages/dynamixel_sdk_custom_interfaces/msg/__init__.py
[0.952s] -- Up-to-date: /root/ros_workspace/install/dynamixel_sdk_custom_interfaces/lib/python3.12/site-packages/dynamixel_sdk_custom_interfaces/_dynamixel_sdk_custom_interfaces_s.ep.rosidl_typesupport_c.c
[0.953s] -- Up-to-date: /root/ros_workspace/install/dynamixel_sdk_custom_interfaces/lib/python3.12/site-packages/dynamixel_sdk_custom_interfaces/__init__.py
[0.953s] -- Up-to-date: /root/ros_workspace/install/dynamixel_sdk_custom_interfaces/lib/python3.12/site-packages/dynamixel_sdk_custom_interfaces/dynamixel_sdk_custom_interfaces_s__rosidl_typesupport_introspection_c.so
[0.953s] -- Up-to-date: /root/ros_workspace/install/dynamixel_sdk_custom_interfaces/lib/python3.12/site-packages/dynamixel_sdk_custom_interfaces/_dynamixel_sdk_custom_interfaces_s.ep.rosidl_typesupport_introspection_c.c
[0.965s] Listing '/root/ros_workspace/install/dynamixel_sdk_custom_interfaces/lib/python3.12/site-packages/dynamixel_sdk_custom_interfaces'...
[0.966s] Listing '/root/ros_workspace/install/dynamixel_sdk_custom_interfaces/lib/python3.12/site-packages/dynamixel_sdk_custom_interfaces/msg'...
[0.966s] Listing '/root/ros_workspace/install/dynamixel_sdk_custom_interfaces/lib/python3.12/site-packages/dynamixel_sdk_custom_interfaces/srv'...
[0.977s] -- Up-to-date: /root/ros_workspace/install/dynamixel_sdk_custom_interfaces/lib/python3.12/site-packages/dynamixel_sdk_custom_interfaces/dynamixel_sdk_custom_interfaces_s__rosidl_typesupport_fastrtps_c.so
[0.977s] -- Up-to-date: /root/ros_workspace/install/dynamixel_sdk_custom_interfaces/lib/python3.12/site-packages/dynamixel_sdk_custom_interfaces/dynamixel_sdk_custom_interfaces_s__rosidl_typesupport_introspection_c.so
[0.977s] -- Up-to-date: /root/ros_workspace/install/dynamixel_sdk_custom_interfaces/lib/python3.12/site-packages/dynamixel_sdk_custom_interfaces/dynamixel_sdk_custom_interfaces_s__rosidl_typesupport_c.so
[0.977s] -- Up-to-date: /root/ros_workspace/install/dynamixel_sdk_custom_interfaces/lib/libdynamixel_sdk_custom_interfaces__rosidl_generator_py.so
[0.978s] -- Up-to-date: /root/ros_workspace/install/dynamixel_sdk_custom_interfaces/share/dynamixel_sdk_custom_interfaces/msg/SetPosition.idl
[0.978s] -- Up-to-date: /root/ros_workspace/install/dynamixel_sdk_custom_interfaces/share/dynamixel_sdk_custom_interfaces/srv/GetPosition.idl
[0.978s] -- Up-to-date: /root/ros_workspace/install/dynamixel_sdk_custom_interfaces/share/dynamixel_sdk_custom_interfaces/msg/SetPosition.msg
[0.978s] -- Up-to-date: /root/ros_workspace/install/dynamixel_sdk_custom_interfaces/share/dynamixel_sdk_custom_interfaces/srv/GetPosition.srv
[0.978s] -- Up-to-date: /root/ros_workspace/install/dynamixel_sdk_custom_interfaces/share/ament_index/resource_index/package_run_dependencies/dynamixel_sdk_custom_interfaces
[0.979s] -- Up-to-date: /root/ros_workspace/install/dynamixel_sdk_custom_interfaces/share/ament_index/resource_index/parent_prefix_path/dynamixel_sdk_custom_interfaces
[0.979s] -- Up-to-date: /root/ros_workspace/install/dynamixel_sdk_custom_interfaces/share/dynamixel_sdk_custom_interfaces/environment/ament_prefix_path.sh
[0.979s] -- Up-to-date: /root/ros_workspace/install/dynamixel_sdk_custom_interfaces/share/dynamixel_sdk_custom_interfaces/environment/ament_prefix_path.dsv
[0.980s] -- Up-to-date: /root/ros_workspace/install/dynamixel_sdk_custom_interfaces/share/dynamixel_sdk_custom_interfaces/environment/path.sh
[0.980s] -- Up-to-date: /root/ros_workspace/install/dynamixel_sdk_custom_interfaces/share/dynamixel_sdk_custom_interfaces/environment/path.dsv
[0.980s] -- Up-to-date: /root/ros_workspace/install/dynamixel_sdk_custom_interfaces/share/dynamixel_sdk_custom_interfaces/local_setup.bash
[0.980s] -- Up-to-date: /root/ros_workspace/install/dynamixel_sdk_custom_interfaces/share/dynamixel_sdk_custom_interfaces/local_setup.sh
[0.980s] -- Up-to-date: /root/ros_workspace/install/dynamixel_sdk_custom_interfaces/share/dynamixel_sdk_custom_interfaces/local_setup.zsh
[0.980s] -- Up-to-date: /root/ros_workspace/install/dynamixel_sdk_custom_interfaces/share/dynamixel_sdk_custom_interfaces/local_setup.dsv
[0.981s] -- Installing: /root/ros_workspace/install/dynamixel_sdk_custom_interfaces/share/dynamixel_sdk_custom_interfaces/package.dsv
[0.981s] -- Up-to-date: /root/ros_workspace/install/dynamixel_sdk_custom_interfaces/share/ament_index/resource_index/packages/dynamixel_sdk_custom_interfaces
[0.981s] -- Up-to-date: /root/ros_workspace/install/dynamixel_sdk_custom_interfaces/share/dynamixel_sdk_custom_interfaces/cmake/export_dynamixel_sdk_custom_interfaces__rosidl_generator_cExport.cmake
[0.981s] -- Up-to-date: /root/ros_workspace/install/dynamixel_sdk_custom_interfaces/share/dynamixel_sdk_custom_interfaces/cmake/export_dynamixel_sdk_custom_interfaces__rosidl_generator_cExport-noconfig.cmake
[0.982s] -- Up-to-date: /root/ros_workspace/install/dynamixel_sdk_custom_interfaces/share/dynamixel_sdk_custom_interfaces/cmake/export_dynamixel_sdk_custom_interfaces__rosidl_typesupport_fastrtps_cExport.cmake
[0.982s] -- Up-to-date: /root/ros_workspace/install/dynamixel_sdk_custom_interfaces/share/dynamixel_sdk_custom_interfaces/cmake/export_dynamixel_sdk_custom_interfaces__rosidl_typesupport_fastrtps_cExport-noconfig.cmake
[0.982s] -- Up-to-date: /root/ros_workspace/install/dynamixel_sdk_custom_interfaces/share/dynamixel_sdk_custom_interfaces/cmake/export_dynamixel_sdk_custom_interfaces__rosidl_generator_cppExport.cmake
[0.982s] -- Up-to-date: /root/ros_workspace/install/dynamixel_sdk_custom_interfaces/share/dynamixel_sdk_custom_interfaces/cmake/export_dynamixel_sdk_custom_interfaces__rosidl_typesupport_fastrtps_cppExport.cmake
[0.982s] -- Up-to-date: /root/ros_workspace/install/dynamixel_sdk_custom_interfaces/share/dynamixel_sdk_custom_interfaces/cmake/export_dynamixel_sdk_custom_interfaces__rosidl_typesupport_fastrtps_cppExport-noconfig.cmake
[0.983s] -- Up-to-date: /root/ros_workspace/install/dynamixel_sdk_custom_interfaces/share/dynamixel_sdk_custom_interfaces/cmake/dynamixel_sdk_custom_interfaces__rosidl_typesupport_introspection_cExport.cmake
[0.983s] -- Up-to-date: /root/ros_workspace/install/dynamixel_sdk_custom_interfaces/share/dynamixel_sdk_custom_interfaces/cmake/dynamixel_sdk_custom_interfaces__rosidl_typesupport_introspection_cExport-noconfig.cmake
[0.983s] -- Up-to-date: /root/ros_workspace/install/dynamixel_sdk_custom_interfaces/share/dynamixel_sdk_custom_interfaces/cmake/dynamixel_sdk_custom_interfaces__rosidl_typesupport_cExport.cmake
[0.983s] -- Up-to-date: /root/ros_workspace/install/dynamixel_sdk_custom_interfaces/share/dynamixel_sdk_custom_interfaces/cmake/dynamixel_sdk_custom_interfaces__rosidl_typesupport_cExport-noconfig.cmake
[0.983s] -- Up-to-date: /root/ros_workspace/install/dynamixel_sdk_custom_interfaces/share/dynamixel_sdk_custom_interfaces/cmake/dynamixel_sdk_custom_interfaces__rosidl_typesupport_introspection_cppExport.cmake
[0.983s] -- Up-to-date: /root/ros_workspace/install/dynamixel_sdk_custom_interfaces/share/dynamixel_sdk_custom_interfaces/cmake/dynamixel_sdk_custom_interfaces__rosidl_typesupport_introspection_cppExport-noconfig.cmake
[0.983s] -- Up-to-date: /root/ros_workspace/install/dynamixel_sdk_custom_interfaces/share/dynamixel_sdk_custom_interfaces/cmake/dynamixel_sdk_custom_interfaces__rosidl_typesupport_cppExport.cmake
[0.984s] -- Up-to-date: /root/ros_workspace/install/dynamixel_sdk_custom_interfaces/share/dynamixel_sdk_custom_interfaces/cmake/dynamixel_sdk_custom_interfaces__rosidl_typesupport_cppExport-noconfig.cmake
[0.984s] -- Up-to-date: /root/ros_workspace/install/dynamixel_sdk_custom_interfaces/share/dynamixel_sdk_custom_interfaces/cmake/export_dynamixel_sdk_custom_interfaces__rosidl_generator_pyExport.cmake
[0.984s] -- Up-to-date: /root/ros_workspace/install/dynamixel_sdk_custom_interfaces/share/dynamixel_sdk_custom_interfaces/cmake/export_dynamixel_sdk_custom_interfaces__rosidl_generator_pyExport-noconfig.cmake
[0.985s] -- Up-to-date: /root/ros_workspace/install/dynamixel_sdk_custom_interfaces/share/dynamixel_sdk_custom_interfaces/cmake/rosidl_cmake-extras.cmake
[0.985s] -- Up-to-date: /root/ros_workspace/install/dynamixel_sdk_custom_interfaces/share/dynamixel_sdk_custom_interfaces/cmake/ament_cmake_export_dependencies-extras.cmake
[0.985s] -- Up-to-date: /root/ros_workspace/install/dynamixel_sdk_custom_interfaces/share/dynamixel_sdk_custom_interfaces/cmake/ament_cmake_export_include_directories-extras.cmake
[0.985s] -- Up-to-date: /root/ros_workspace/install/dynamixel_sdk_custom_interfaces/share/dynamixel_sdk_custom_interfaces/cmake/ament_cmake_export_libraries-extras.cmake
[0.986s] -- Up-to-date: /root/ros_workspace/install/dynamixel_sdk_custom_interfaces/share/dynamixel_sdk_custom_interfaces/cmake/ament_cmake_export_targets-extras.cmake
[0.986s] -- Up-to-date: /root/ros_workspace/install/dynamixel_sdk_custom_interfaces/share/dynamixel_sdk_custom_interfaces/cmake/rosidl_cmake_export_typesupport_targets-extras.cmake
[0.986s] -- Up-to-date: /root/ros_workspace/install/dynamixel_sdk_custom_interfaces/share/dynamixel_sdk_custom_interfaces/cmake/rosidl_cmake_export_typesupport_libraries-extras.cmake
[0.987s] -- Up-to-date: /root/ros_workspace/install/dynamixel_sdk_custom_interfaces/share/dynamixel_sdk_custom_interfaces/cmake/dynamixel_sdk_custom_interfacesConfig.cmake
[0.987s] -- Up-to-date: /root/ros_workspace/install/dynamixel_sdk_custom_interfaces/share/dynamixel_sdk_custom_interfaces/cmake/dynamixel_sdk_custom_interfacesConfig-version.cmake
[0.987s] -- Up-to-date: /root/ros_workspace/install/dynamixel_sdk_custom_interfaces/share/dynamixel_sdk_custom_interfaces/package.xml
[1.143s] Invoked command in '/root/ros_workspace/build/dynamixel_sdk_custom_interfaces' returned '0': /usr/bin/cmake --install /root/ros_workspace/build/dynamixel_sdk_custom_interfaces
