[0.071s] Invoking command in '/root/ros_workspace/build/turtlebot3_description': CMAKE_PREFIX_PATH=${CMAKE_PREFIX_PATH}:/root/ros_workspace/install/turtlebot3_teleop:/root/ros_workspace/install/turtlebot3_example:/root/ros_workspace/install/dynamic_obstacle_detector:/opt/ros/jazzy /usr/bin/cmake --build /root/ros_workspace/build/turtlebot3_description -- -j12 -l12
[1.211s] Invoked command in '/root/ros_workspace/build/turtlebot3_description' returned '0': CMAKE_PREFIX_PATH=${CMAKE_PREFIX_PATH}:/root/ros_workspace/install/turtlebot3_teleop:/root/ros_workspace/install/turtlebot3_example:/root/ros_workspace/install/dynamic_obstacle_detector:/opt/ros/jazzy /usr/bin/cmake --build /root/ros_workspace/build/turtlebot3_description -- -j12 -l12
[1.227s] Invoking command in '/root/ros_workspace/build/turtlebot3_description': CMAKE_PREFIX_PATH=${CMAKE_PREFIX_PATH}:/root/ros_workspace/install/turtlebot3_teleop:/root/ros_workspace/install/turtlebot3_example:/root/ros_workspace/install/dynamic_obstacle_detector:/opt/ros/jazzy /usr/bin/cmake --install /root/ros_workspace/build/turtlebot3_description
[1.244s] -- Install configuration: ""
[1.244s] -- Up-to-date: /root/ros_workspace/install/turtlebot3_description/share/turtlebot3_description/meshes
[1.244s] -- Up-to-date: /root/ros_workspace/install/turtlebot3_description/share/turtlebot3_description/meshes/wheels
[1.244s] -- Up-to-date: /root/ros_workspace/install/turtlebot3_description/share/turtlebot3_description/meshes/wheels/right_tire.stl
[1.245s] -- Up-to-date: /root/ros_workspace/install/turtlebot3_description/share/turtlebot3_description/meshes/wheels/left_tire.stl
[1.245s] -- Up-to-date: /root/ros_workspace/install/turtlebot3_description/share/turtlebot3_description/meshes/sensors
[1.246s] -- Up-to-date: /root/ros_workspace/install/turtlebot3_description/share/turtlebot3_description/meshes/sensors/r200.dae
[1.247s] -- Up-to-date: /root/ros_workspace/install/turtlebot3_description/share/turtlebot3_description/meshes/sensors/r200.jpg
[1.247s] -- Up-to-date: /root/ros_workspace/install/turtlebot3_description/share/turtlebot3_description/meshes/sensors/astra.dae
[1.248s] -- Up-to-date: /root/ros_workspace/install/turtlebot3_description/share/turtlebot3_description/meshes/sensors/astra.jpg
[1.248s] -- Up-to-date: /root/ros_workspace/install/turtlebot3_description/share/turtlebot3_description/meshes/sensors/lds.stl
[1.248s] -- Up-to-date: /root/ros_workspace/install/turtlebot3_description/share/turtlebot3_description/meshes/bases
[1.249s] -- Up-to-date: /root/ros_workspace/install/turtlebot3_description/share/turtlebot3_description/meshes/bases/waffle_base.stl
[1.249s] -- Up-to-date: /root/ros_workspace/install/turtlebot3_description/share/turtlebot3_description/meshes/bases/waffle_pi_base.stl
[1.249s] -- Up-to-date: /root/ros_workspace/install/turtlebot3_description/share/turtlebot3_description/meshes/bases/burger_base.stl
[1.249s] -- Up-to-date: /root/ros_workspace/install/turtlebot3_description/share/turtlebot3_description/rviz
[1.250s] -- Up-to-date: /root/ros_workspace/install/turtlebot3_description/share/turtlebot3_description/rviz/model.rviz
[1.250s] -- Up-to-date: /root/ros_workspace/install/turtlebot3_description/share/turtlebot3_description/urdf
[1.250s] -- Up-to-date: /root/ros_workspace/install/turtlebot3_description/share/turtlebot3_description/urdf/turtlebot3_waffle_pi.urdf
[1.251s] -- Up-to-date: /root/ros_workspace/install/turtlebot3_description/share/turtlebot3_description/urdf/common_properties.urdf
[1.251s] -- Up-to-date: /root/ros_workspace/install/turtlebot3_description/share/turtlebot3_description/urdf/turtlebot3_burger.urdf
[1.251s] -- Up-to-date: /root/ros_workspace/install/turtlebot3_description/share/turtlebot3_description/urdf/turtlebot3_waffle.urdf
[1.251s] -- Up-to-date: /root/ros_workspace/install/turtlebot3_description/share/ament_index/resource_index/package_run_dependencies/turtlebot3_description
[1.252s] -- Up-to-date: /root/ros_workspace/install/turtlebot3_description/share/ament_index/resource_index/parent_prefix_path/turtlebot3_description
[1.252s] -- Up-to-date: /root/ros_workspace/install/turtlebot3_description/share/turtlebot3_description/environment/ament_prefix_path.sh
[1.253s] -- Up-to-date: /root/ros_workspace/install/turtlebot3_description/share/turtlebot3_description/environment/ament_prefix_path.dsv
[1.253s] -- Up-to-date: /root/ros_workspace/install/turtlebot3_description/share/turtlebot3_description/environment/path.sh
[1.254s] -- Up-to-date: /root/ros_workspace/install/turtlebot3_description/share/turtlebot3_description/environment/path.dsv
[1.254s] -- Up-to-date: /root/ros_workspace/install/turtlebot3_description/share/turtlebot3_description/local_setup.bash
[1.254s] -- Up-to-date: /root/ros_workspace/install/turtlebot3_description/share/turtlebot3_description/local_setup.sh
[1.254s] -- Up-to-date: /root/ros_workspace/install/turtlebot3_description/share/turtlebot3_description/local_setup.zsh
[1.255s] -- Up-to-date: /root/ros_workspace/install/turtlebot3_description/share/turtlebot3_description/local_setup.dsv
[1.255s] -- Installing: /root/ros_workspace/install/turtlebot3_description/share/turtlebot3_description/package.dsv
[1.255s] -- Up-to-date: /root/ros_workspace/install/turtlebot3_description/share/ament_index/resource_index/packages/turtlebot3_description
[1.255s] -- Up-to-date: /root/ros_workspace/install/turtlebot3_description/share/turtlebot3_description/cmake/turtlebot3_descriptionConfig.cmake
[1.255s] -- Up-to-date: /root/ros_workspace/install/turtlebot3_description/share/turtlebot3_description/cmake/turtlebot3_descriptionConfig-version.cmake
[1.256s] -- Up-to-date: /root/ros_workspace/install/turtlebot3_description/share/turtlebot3_description/package.xml
[1.535s] Invoked command in '/root/ros_workspace/build/turtlebot3_description' returned '0': CMAKE_PREFIX_PATH=${CMAKE_PREFIX_PATH}:/root/ros_workspace/install/turtlebot3_teleop:/root/ros_workspace/install/turtlebot3_example:/root/ros_workspace/install/dynamic_obstacle_detector:/opt/ros/jazzy /usr/bin/cmake --install /root/ros_workspace/build/turtlebot3_description
