[0.043s] Invoking command in '/root/ros_workspace/build/dynamixel_sdk': CMAKE_PREFIX_PATH=${CMAKE_PREFIX_PATH}:/opt/ros/jazzy /usr/bin/cmake /root/ros_workspace/src/DynamixelSDK/ros/dynamixel_sdk -DAMENT_CMAKE_SYMLINK_INSTALL=1 -DCMAKE_INSTALL_PREFIX=/root/ros_workspace/install/dynamixel_sdk
[0.296s] -- The C compiler identification is GNU 13.3.0
[0.373s] -- The CXX compiler identification is GNU 13.3.0
[0.394s] -- Detecting C compiler ABI info
[0.521s] -- Detecting C compiler ABI info - done
[0.531s] -- Check for working C compiler: /usr/bin/cc - skipped
[0.531s] -- Detecting C compile features
[0.532s] -- Detecting C compile features - done
[0.542s] -- Detecting CXX compiler ABI info
[0.691s] -- Detecting CXX compiler ABI info - done
[0.709s] -- Check for working CXX compiler: /usr/bin/c++ - skipped
[0.709s] -- Detecting CXX compile features
[0.710s] -- Detecting CXX compile features - done
[0.718s] -- Found ament_cmake: 2.5.4 (/opt/ros/jazzy/share/ament_cmake/cmake)
[0.956s] -- Found Python3: /usr/bin/python3 (found version "3.12.3") found components: Interpreter 
[1.074s] -- Override CMake install command with custom implementation using symlinks instead of copying resources
[1.450s] -- Configuring done (1.4s)
[1.460s] -- Generating done (0.0s)
[1.464s] -- Build files have been written to: /root/ros_workspace/build/dynamixel_sdk
[1.471s] Invoked command in '/root/ros_workspace/build/dynamixel_sdk' returned '0': CMAKE_PREFIX_PATH=${CMAKE_PREFIX_PATH}:/opt/ros/jazzy /usr/bin/cmake /root/ros_workspace/src/DynamixelSDK/ros/dynamixel_sdk -DAMENT_CMAKE_SYMLINK_INSTALL=1 -DCMAKE_INSTALL_PREFIX=/root/ros_workspace/install/dynamixel_sdk
[1.473s] Invoking command in '/root/ros_workspace/build/dynamixel_sdk': CMAKE_PREFIX_PATH=${CMAKE_PREFIX_PATH}:/opt/ros/jazzy /usr/bin/cmake --build /root/ros_workspace/build/dynamixel_sdk -- -j12 -l12
[1.556s] [  7%] [32mBuilding CXX object CMakeFiles/dynamixel_sdk.dir/src/dynamixel_sdk/protocol1_packet_handler.cpp.o[0m
[1.559s] [ 15%] [32mBuilding CXX object CMakeFiles/dynamixel_sdk.dir/src/dynamixel_sdk/protocol2_packet_handler.cpp.o[0m
[1.565s] [ 23%] [32mBuilding CXX object CMakeFiles/dynamixel_sdk.dir/src/dynamixel_sdk/packet_handler.cpp.o[0m
[1.570s] [ 30%] [32mBuilding CXX object CMakeFiles/dynamixel_sdk.dir/src/dynamixel_sdk/group_sync_read.cpp.o[0m
[1.571s] [ 30%] Built target ament_cmake_python_symlink_dynamixel_sdk
[1.578s] [ 38%] [32mBuilding CXX object CMakeFiles/dynamixel_sdk.dir/src/dynamixel_sdk/group_sync_write.cpp.o[0m
[1.583s] [ 46%] [32mBuilding CXX object CMakeFiles/dynamixel_sdk.dir/src/dynamixel_sdk/group_bulk_read.cpp.o[0m
[1.592s] [ 53%] [32mBuilding CXX object CMakeFiles/dynamixel_sdk.dir/src/dynamixel_sdk/group_bulk_write.cpp.o[0m
[1.607s] [ 61%] [32mBuilding CXX object CMakeFiles/dynamixel_sdk.dir/src/dynamixel_sdk/group_fast_bulk_read.cpp.o[0m
[1.628s] [ 69%] [32mBuilding CXX object CMakeFiles/dynamixel_sdk.dir/src/dynamixel_sdk/port_handler.cpp.o[0m
[1.628s] [ 76%] [32mBuilding CXX object CMakeFiles/dynamixel_sdk.dir/src/dynamixel_sdk/group_handler.cpp.o[0m
[1.635s] [ 84%] [32mBuilding CXX object CMakeFiles/dynamixel_sdk.dir/src/dynamixel_sdk/group_fast_sync_read.cpp.o[0m
[1.808s] [ 92%] [32mBuilding CXX object CMakeFiles/dynamixel_sdk.dir/src/dynamixel_sdk/port_handler_linux.cpp.o[0m
[2.057s] running egg_info
[2.059s] creating dynamixel_sdk.egg-info
[2.104s] writing dynamixel_sdk.egg-info/PKG-INFO
[2.105s] writing dependency_links to dynamixel_sdk.egg-info/dependency_links.txt
[2.105s] writing top-level names to dynamixel_sdk.egg-info/top_level.txt
[2.106s] writing manifest file 'dynamixel_sdk.egg-info/SOURCES.txt'
[2.217s] reading manifest file 'dynamixel_sdk.egg-info/SOURCES.txt'
[2.218s] writing manifest file 'dynamixel_sdk.egg-info/SOURCES.txt'
[2.291s] [ 92%] Built target ament_cmake_python_build_dynamixel_sdk_egg
[2.649s] [100%] [32m[1mLinking CXX shared library libdynamixel_sdk.so[0m
[2.758s] [100%] Built target dynamixel_sdk
[2.771s] Invoked command in '/root/ros_workspace/build/dynamixel_sdk' returned '0': CMAKE_PREFIX_PATH=${CMAKE_PREFIX_PATH}:/opt/ros/jazzy /usr/bin/cmake --build /root/ros_workspace/build/dynamixel_sdk -- -j12 -l12
[2.772s] Invoking command in '/root/ros_workspace/build/dynamixel_sdk': CMAKE_PREFIX_PATH=${CMAKE_PREFIX_PATH}:/opt/ros/jazzy /usr/bin/cmake --install /root/ros_workspace/build/dynamixel_sdk
[2.782s] -- Install configuration: ""
[2.783s] -- Execute custom install script
[2.784s] -- Symlinking: /root/ros_workspace/install/dynamixel_sdk/include//dynamixel_sdk/dynamixel_sdk.h
[2.794s] -- Symlinking: /root/ros_workspace/install/dynamixel_sdk/include//dynamixel_sdk/group_bulk_read.h
[2.804s] -- Symlinking: /root/ros_workspace/install/dynamixel_sdk/include//dynamixel_sdk/group_bulk_write.h
[2.816s] -- Symlinking: /root/ros_workspace/install/dynamixel_sdk/include//dynamixel_sdk/group_fast_bulk_read.h
[2.827s] -- Symlinking: /root/ros_workspace/install/dynamixel_sdk/include//dynamixel_sdk/group_fast_sync_read.h
[2.837s] -- Symlinking: /root/ros_workspace/install/dynamixel_sdk/include//dynamixel_sdk/group_handler.h
[2.847s] -- Symlinking: /root/ros_workspace/install/dynamixel_sdk/include//dynamixel_sdk/group_sync_read.h
[2.857s] -- Symlinking: /root/ros_workspace/install/dynamixel_sdk/include//dynamixel_sdk/group_sync_write.h
[2.868s] -- Symlinking: /root/ros_workspace/install/dynamixel_sdk/include//dynamixel_sdk/packet_handler.h
[2.878s] -- Symlinking: /root/ros_workspace/install/dynamixel_sdk/include//dynamixel_sdk/port_handler.h
[2.889s] -- Symlinking: /root/ros_workspace/install/dynamixel_sdk/include//dynamixel_sdk/port_handler_arduino.h
[2.900s] -- Symlinking: /root/ros_workspace/install/dynamixel_sdk/include//dynamixel_sdk/port_handler_linux.h
[2.911s] -- Symlinking: /root/ros_workspace/install/dynamixel_sdk/include//dynamixel_sdk/port_handler_mac.h
[2.925s] -- Symlinking: /root/ros_workspace/install/dynamixel_sdk/include//dynamixel_sdk/port_handler_windows.h
[2.937s] -- Symlinking: /root/ros_workspace/install/dynamixel_sdk/include//dynamixel_sdk/protocol1_packet_handler.h
[2.947s] -- Symlinking: /root/ros_workspace/install/dynamixel_sdk/include//dynamixel_sdk/protocol2_packet_handler.h
[2.958s] -- Symlinking: /root/ros_workspace/install/dynamixel_sdk/share/dynamixel_sdk/environment/pythonpath.sh
[2.970s] -- Symlinking: /root/ros_workspace/install/dynamixel_sdk/share/dynamixel_sdk/environment/pythonpath.dsv
[2.982s] -- Symlinking: /root/ros_workspace/install/dynamixel_sdk/lib/python3.12/site-packages/dynamixel_sdk-3.8.4-py3.12.egg-info/PKG-INFO
[2.994s] -- Symlinking: /root/ros_workspace/install/dynamixel_sdk/lib/python3.12/site-packages/dynamixel_sdk-3.8.4-py3.12.egg-info/SOURCES.txt
[3.004s] -- Symlinking: /root/ros_workspace/install/dynamixel_sdk/lib/python3.12/site-packages/dynamixel_sdk-3.8.4-py3.12.egg-info/dependency_links.txt
[3.015s] -- Symlinking: /root/ros_workspace/install/dynamixel_sdk/lib/python3.12/site-packages/dynamixel_sdk-3.8.4-py3.12.egg-info/top_level.txt
[3.027s] -- Symlinking: /root/ros_workspace/install/dynamixel_sdk/lib/python3.12/site-packages/dynamixel_sdk/__init__.py
[3.039s] -- Symlinking: /root/ros_workspace/install/dynamixel_sdk/lib/python3.12/site-packages/dynamixel_sdk/group_bulk_read.cpp
[3.050s] -- Symlinking: /root/ros_workspace/install/dynamixel_sdk/lib/python3.12/site-packages/dynamixel_sdk/group_bulk_read.py
[3.062s] -- Symlinking: /root/ros_workspace/install/dynamixel_sdk/lib/python3.12/site-packages/dynamixel_sdk/group_bulk_write.cpp
[3.072s] -- Symlinking: /root/ros_workspace/install/dynamixel_sdk/lib/python3.12/site-packages/dynamixel_sdk/group_bulk_write.py
[3.082s] -- Symlinking: /root/ros_workspace/install/dynamixel_sdk/lib/python3.12/site-packages/dynamixel_sdk/group_fast_bulk_read.cpp
[3.093s] -- Symlinking: /root/ros_workspace/install/dynamixel_sdk/lib/python3.12/site-packages/dynamixel_sdk/group_fast_sync_read.cpp
[3.104s] -- Symlinking: /root/ros_workspace/install/dynamixel_sdk/lib/python3.12/site-packages/dynamixel_sdk/group_handler.cpp
[3.115s] -- Symlinking: /root/ros_workspace/install/dynamixel_sdk/lib/python3.12/site-packages/dynamixel_sdk/group_sync_read.cpp
[3.127s] -- Symlinking: /root/ros_workspace/install/dynamixel_sdk/lib/python3.12/site-packages/dynamixel_sdk/group_sync_read.py
[3.138s] -- Symlinking: /root/ros_workspace/install/dynamixel_sdk/lib/python3.12/site-packages/dynamixel_sdk/group_sync_write.cpp
[3.149s] -- Symlinking: /root/ros_workspace/install/dynamixel_sdk/lib/python3.12/site-packages/dynamixel_sdk/group_sync_write.py
[3.159s] -- Symlinking: /root/ros_workspace/install/dynamixel_sdk/lib/python3.12/site-packages/dynamixel_sdk/packet_handler.cpp
[3.170s] -- Symlinking: /root/ros_workspace/install/dynamixel_sdk/lib/python3.12/site-packages/dynamixel_sdk/packet_handler.py
[3.180s] -- Symlinking: /root/ros_workspace/install/dynamixel_sdk/lib/python3.12/site-packages/dynamixel_sdk/port_handler.cpp
[3.190s] -- Symlinking: /root/ros_workspace/install/dynamixel_sdk/lib/python3.12/site-packages/dynamixel_sdk/port_handler.py
[3.201s] -- Symlinking: /root/ros_workspace/install/dynamixel_sdk/lib/python3.12/site-packages/dynamixel_sdk/port_handler_arduino.cpp
[3.211s] -- Symlinking: /root/ros_workspace/install/dynamixel_sdk/lib/python3.12/site-packages/dynamixel_sdk/port_handler_linux.cpp
[3.223s] -- Symlinking: /root/ros_workspace/install/dynamixel_sdk/lib/python3.12/site-packages/dynamixel_sdk/port_handler_mac.cpp
[3.234s] -- Symlinking: /root/ros_workspace/install/dynamixel_sdk/lib/python3.12/site-packages/dynamixel_sdk/port_handler_windows.cpp
[3.245s] -- Symlinking: /root/ros_workspace/install/dynamixel_sdk/lib/python3.12/site-packages/dynamixel_sdk/protocol1_packet_handler.cpp
[3.256s] -- Symlinking: /root/ros_workspace/install/dynamixel_sdk/lib/python3.12/site-packages/dynamixel_sdk/protocol1_packet_handler.py
[3.270s] -- Symlinking: /root/ros_workspace/install/dynamixel_sdk/lib/python3.12/site-packages/dynamixel_sdk/protocol2_packet_handler.cpp
[3.280s] -- Symlinking: /root/ros_workspace/install/dynamixel_sdk/lib/python3.12/site-packages/dynamixel_sdk/protocol2_packet_handler.py
[3.291s] -- Symlinking: /root/ros_workspace/install/dynamixel_sdk/lib/python3.12/site-packages/dynamixel_sdk/robotis_def.py
[3.304s] -- Symlinking: /root/ros_workspace/install/dynamixel_sdk/share/dynamixel_sdk/environment/library_path.sh
[3.315s] -- Symlinking: /root/ros_workspace/install/dynamixel_sdk/share/dynamixel_sdk/environment/library_path.dsv
[3.327s] -- Symlinking: /root/ros_workspace/install/dynamixel_sdk/share/ament_index/resource_index/package_run_dependencies/dynamixel_sdk
[3.338s] -- Symlinking: /root/ros_workspace/install/dynamixel_sdk/share/ament_index/resource_index/parent_prefix_path/dynamixel_sdk
[3.349s] -- Symlinking: /root/ros_workspace/install/dynamixel_sdk/share/dynamixel_sdk/environment/ament_prefix_path.sh
[3.361s] -- Symlinking: /root/ros_workspace/install/dynamixel_sdk/share/dynamixel_sdk/environment/ament_prefix_path.dsv
[3.372s] -- Symlinking: /root/ros_workspace/install/dynamixel_sdk/share/dynamixel_sdk/environment/path.sh
[3.383s] -- Symlinking: /root/ros_workspace/install/dynamixel_sdk/share/dynamixel_sdk/environment/path.dsv
[3.394s] -- Symlinking: /root/ros_workspace/install/dynamixel_sdk/share/dynamixel_sdk/local_setup.bash
[3.405s] -- Symlinking: /root/ros_workspace/install/dynamixel_sdk/share/dynamixel_sdk/local_setup.sh
[3.416s] -- Symlinking: /root/ros_workspace/install/dynamixel_sdk/share/dynamixel_sdk/local_setup.zsh
[3.427s] -- Symlinking: /root/ros_workspace/install/dynamixel_sdk/share/dynamixel_sdk/local_setup.dsv
[3.438s] -- Symlinking: /root/ros_workspace/install/dynamixel_sdk/share/dynamixel_sdk/package.dsv
[3.450s] -- Symlinking: /root/ros_workspace/install/dynamixel_sdk/share/ament_index/resource_index/packages/dynamixel_sdk
[3.461s] -- Symlinking: /root/ros_workspace/install/dynamixel_sdk/share/dynamixel_sdk/cmake/ament_cmake_export_targets-extras.cmake
[3.472s] -- Symlinking: /root/ros_workspace/install/dynamixel_sdk/share/dynamixel_sdk/cmake/ament_cmake_export_include_directories-extras.cmake
[3.483s] -- Symlinking: /root/ros_workspace/install/dynamixel_sdk/share/dynamixel_sdk/cmake/ament_cmake_export_libraries-extras.cmake
[3.496s] -- Symlinking: /root/ros_workspace/install/dynamixel_sdk/share/dynamixel_sdk/cmake/dynamixel_sdkConfig.cmake
[3.506s] -- Symlinking: /root/ros_workspace/install/dynamixel_sdk/share/dynamixel_sdk/cmake/dynamixel_sdkConfig-version.cmake
[3.520s] -- Symlinking: /root/ros_workspace/install/dynamixel_sdk/share/dynamixel_sdk/package.xml
[3.532s] -- Installing: /root/ros_workspace/install/dynamixel_sdk/lib/libdynamixel_sdk.so
[3.589s] Listing '/root/ros_workspace/install/dynamixel_sdk/lib/python3.12/site-packages/dynamixel_sdk'...
[3.589s] Compiling '/root/ros_workspace/install/dynamixel_sdk/lib/python3.12/site-packages/dynamixel_sdk/__init__.py'...
[3.590s] Compiling '/root/ros_workspace/install/dynamixel_sdk/lib/python3.12/site-packages/dynamixel_sdk/group_bulk_read.py'...
[3.590s] Compiling '/root/ros_workspace/install/dynamixel_sdk/lib/python3.12/site-packages/dynamixel_sdk/group_bulk_write.py'...
[3.590s] Compiling '/root/ros_workspace/install/dynamixel_sdk/lib/python3.12/site-packages/dynamixel_sdk/group_sync_read.py'...
[3.590s] Compiling '/root/ros_workspace/install/dynamixel_sdk/lib/python3.12/site-packages/dynamixel_sdk/group_sync_write.py'...
[3.590s] Compiling '/root/ros_workspace/install/dynamixel_sdk/lib/python3.12/site-packages/dynamixel_sdk/packet_handler.py'...
[3.590s] Compiling '/root/ros_workspace/install/dynamixel_sdk/lib/python3.12/site-packages/dynamixel_sdk/port_handler.py'...
[3.590s] Compiling '/root/ros_workspace/install/dynamixel_sdk/lib/python3.12/site-packages/dynamixel_sdk/protocol1_packet_handler.py'...
[3.590s] Compiling '/root/ros_workspace/install/dynamixel_sdk/lib/python3.12/site-packages/dynamixel_sdk/protocol2_packet_handler.py'...
[3.590s] Compiling '/root/ros_workspace/install/dynamixel_sdk/lib/python3.12/site-packages/dynamixel_sdk/robotis_def.py'...
[3.596s] -- Installing: /root/ros_workspace/install/dynamixel_sdk/share/dynamixel_sdk/cmake/dynamixel_sdkExport.cmake
[3.596s] -- Installing: /root/ros_workspace/install/dynamixel_sdk/share/dynamixel_sdk/cmake/dynamixel_sdkExport-noconfig.cmake
[3.599s] Invoked command in '/root/ros_workspace/build/dynamixel_sdk' returned '0': CMAKE_PREFIX_PATH=${CMAKE_PREFIX_PATH}:/opt/ros/jazzy /usr/bin/cmake --install /root/ros_workspace/build/dynamixel_sdk
