[1.483s] Invoking command in '/root/ros_workspace/src/turtlebot3/turtlebot3_teleop': PYTHONPATH=/root/ros_workspace/build/turtlebot3_teleop/prefix_override:/usr/lib/python3/dist-packages/colcon_core/task/python/colcon_distutils_commands:/root/ros_workspace/install/turtlebot3_teleop/lib/python3.12/site-packages: /usr/bin/python3 -W ignore:setup.py install is deprecated -W ignore:easy_install command is deprecated setup.py egg_info --egg-base ../../../build/turtlebot3_teleop build --build-base /root/ros_workspace/build/turtlebot3_teleop/build install --record /root/ros_workspace/build/turtlebot3_teleop/install.log --single-version-externally-managed install_data
[1.811s] running egg_info
[1.827s] writing ../../../build/turtlebot3_teleop/turtlebot3_teleop.egg-info/PKG-INFO
[1.828s] writing dependency_links to ../../../build/turtlebot3_teleop/turtlebot3_teleop.egg-info/dependency_links.txt
[1.828s] writing entry points to ../../../build/turtlebot3_teleop/turtlebot3_teleop.egg-info/entry_points.txt
[1.828s] writing requirements to ../../../build/turtlebot3_teleop/turtlebot3_teleop.egg-info/requires.txt
[1.829s] writing top-level names to ../../../build/turtlebot3_teleop/turtlebot3_teleop.egg-info/top_level.txt
[1.857s] reading manifest file '../../../build/turtlebot3_teleop/turtlebot3_teleop.egg-info/SOURCES.txt'
[1.858s] writing manifest file '../../../build/turtlebot3_teleop/turtlebot3_teleop.egg-info/SOURCES.txt'
[1.859s] running build
[1.859s] running build_py
[1.859s] running install
[1.867s] running install_lib
[1.884s] running install_data
[1.884s] running install_egg_info
[1.898s] removing '/root/ros_workspace/install/turtlebot3_teleop/lib/python3.12/site-packages/turtlebot3_teleop-2.3.1-py3.12.egg-info' (and everything under it)
[1.898s] Copying ../../../build/turtlebot3_teleop/turtlebot3_teleop.egg-info to /root/ros_workspace/install/turtlebot3_teleop/lib/python3.12/site-packages/turtlebot3_teleop-2.3.1-py3.12.egg-info
[1.900s] running install_scripts
[2.058s] Installing teleop_keyboard script to /root/ros_workspace/install/turtlebot3_teleop/lib/turtlebot3_teleop
[2.058s] writing list of installed files to '/root/ros_workspace/build/turtlebot3_teleop/install.log'
[2.144s] Invoked command in '/root/ros_workspace/src/turtlebot3/turtlebot3_teleop' returned '0': PYTHONPATH=/root/ros_workspace/build/turtlebot3_teleop/prefix_override:/usr/lib/python3/dist-packages/colcon_core/task/python/colcon_distutils_commands:/root/ros_workspace/install/turtlebot3_teleop/lib/python3.12/site-packages: /usr/bin/python3 -W ignore:setup.py install is deprecated -W ignore:easy_install command is deprecated setup.py egg_info --egg-base ../../../build/turtlebot3_teleop build --build-base /root/ros_workspace/build/turtlebot3_teleop/build install --record /root/ros_workspace/build/turtlebot3_teleop/install.log --single-version-externally-managed install_data
