[0.027s] Invoking command in '/root/ros_workspace/build/turtlebot3_simulations': AMENT_PREFIX_PATH=/root/ros_workspace/install/turtlebot3_fake_node:/root/ros_workspace/install/turtlebot3_msgs:/root/ros_workspace/install/turtlebot3_gazebo CMAKE_PREFIX_PATH=/root/ros_workspace/install/turtlebot3_fake_node:/root/ros_workspace/install/turtlebot3_msgs:/root/ros_workspace/install/turtlebot3_gazebo LD_LIBRARY_PATH=/root/ros_workspace/install/turtlebot3_msgs/lib PYTHONPATH=/root/ros_workspace/install/turtlebot3_msgs/lib/python3.12/site-packages /usr/bin/cmake --build /root/ros_workspace/build/turtlebot3_simulations -- -j12 -l12
[0.083s] Invoked command in '/root/ros_workspace/build/turtlebot3_simulations' returned '0': AMENT_PREFIX_PATH=/root/ros_workspace/install/turtlebot3_fake_node:/root/ros_workspace/install/turtlebot3_msgs:/root/ros_workspace/install/turtlebot3_gazebo CMAKE_PREFIX_PATH=/root/ros_workspace/install/turtlebot3_fake_node:/root/ros_workspace/install/turtlebot3_msgs:/root/ros_workspace/install/turtlebot3_gazebo LD_LIBRARY_PATH=/root/ros_workspace/install/turtlebot3_msgs/lib PYTHONPATH=/root/ros_workspace/install/turtlebot3_msgs/lib/python3.12/site-packages /usr/bin/cmake --build /root/ros_workspace/build/turtlebot3_simulations -- -j12 -l12
[0.085s] Invoking command in '/root/ros_workspace/build/turtlebot3_simulations': AMENT_PREFIX_PATH=/root/ros_workspace/install/turtlebot3_fake_node:/root/ros_workspace/install/turtlebot3_msgs:/root/ros_workspace/install/turtlebot3_gazebo CMAKE_PREFIX_PATH=/root/ros_workspace/install/turtlebot3_fake_node:/root/ros_workspace/install/turtlebot3_msgs:/root/ros_workspace/install/turtlebot3_gazebo LD_LIBRARY_PATH=/root/ros_workspace/install/turtlebot3_msgs/lib PYTHONPATH=/root/ros_workspace/install/turtlebot3_msgs/lib/python3.12/site-packages /usr/bin/cmake --install /root/ros_workspace/build/turtlebot3_simulations
[0.097s] -- Install configuration: ""
[0.097s] -- Up-to-date: /root/ros_workspace/install/turtlebot3_simulations/share/ament_index/resource_index/package_run_dependencies/turtlebot3_simulations
[0.097s] -- Up-to-date: /root/ros_workspace/install/turtlebot3_simulations/share/ament_index/resource_index/parent_prefix_path/turtlebot3_simulations
[0.098s] -- Up-to-date: /root/ros_workspace/install/turtlebot3_simulations/share/turtlebot3_simulations/environment/ament_prefix_path.sh
[0.098s] -- Up-to-date: /root/ros_workspace/install/turtlebot3_simulations/share/turtlebot3_simulations/environment/ament_prefix_path.dsv
[0.098s] -- Up-to-date: /root/ros_workspace/install/turtlebot3_simulations/share/turtlebot3_simulations/environment/path.sh
[0.098s] -- Up-to-date: /root/ros_workspace/install/turtlebot3_simulations/share/turtlebot3_simulations/environment/path.dsv
[0.098s] -- Up-to-date: /root/ros_workspace/install/turtlebot3_simulations/share/turtlebot3_simulations/local_setup.bash
[0.098s] -- Up-to-date: /root/ros_workspace/install/turtlebot3_simulations/share/turtlebot3_simulations/local_setup.sh
[0.099s] -- Up-to-date: /root/ros_workspace/install/turtlebot3_simulations/share/turtlebot3_simulations/local_setup.zsh
[0.099s] -- Up-to-date: /root/ros_workspace/install/turtlebot3_simulations/share/turtlebot3_simulations/local_setup.dsv
[0.099s] -- Installing: /root/ros_workspace/install/turtlebot3_simulations/share/turtlebot3_simulations/package.dsv
[0.099s] -- Up-to-date: /root/ros_workspace/install/turtlebot3_simulations/share/ament_index/resource_index/packages/turtlebot3_simulations
[0.099s] -- Up-to-date: /root/ros_workspace/install/turtlebot3_simulations/share/turtlebot3_simulations/cmake/turtlebot3_simulationsConfig.cmake
[0.099s] -- Up-to-date: /root/ros_workspace/install/turtlebot3_simulations/share/turtlebot3_simulations/cmake/turtlebot3_simulationsConfig-version.cmake
[0.099s] -- Up-to-date: /root/ros_workspace/install/turtlebot3_simulations/share/turtlebot3_simulations/package.xml
[0.102s] Invoked command in '/root/ros_workspace/build/turtlebot3_simulations' returned '0': AMENT_PREFIX_PATH=/root/ros_workspace/install/turtlebot3_fake_node:/root/ros_workspace/install/turtlebot3_msgs:/root/ros_workspace/install/turtlebot3_gazebo CMAKE_PREFIX_PATH=/root/ros_workspace/install/turtlebot3_fake_node:/root/ros_workspace/install/turtlebot3_msgs:/root/ros_workspace/install/turtlebot3_gazebo LD_LIBRARY_PATH=/root/ros_workspace/install/turtlebot3_msgs/lib PYTHONPATH=/root/ros_workspace/install/turtlebot3_msgs/lib/python3.12/site-packages /usr/bin/cmake --install /root/ros_workspace/build/turtlebot3_simulations
