[0.258s] Invoking command in '/root/ros_workspace/build/turtlebot3_fake_node': CMAKE_PREFIX_PATH=/root/ros_workspace/install/turtlebot3_msgs:/root/ros_workspace/install/turtlebot3:/root/ros_workspace/install/turtlebot3_simulations:/root/ros_workspace/install/turtlebot3_bringup:/root/ros_workspace/install/turtlebot3_node:/root/ros_workspace/install/turtlebot3_navigation2:/root/ros_workspace/install/turtlebot3_fake_node:/root/ros_workspace/install/turtlebot3_gazebo:/root/ros_workspace/install/turtlebot3_description:/root/ros_workspace/install/turtlebot3_cartographer:/root/ros_workspace/install/dynamixel_sdk_examples:/root/ros_workspace/install/dynamixel_sdk_custom_interfaces:/root/ros_workspace/install/dynamixel_sdk:/opt/ros/jazzy/opt/gz_sim_vendor:/opt/ros/jazzy/opt/gz_sensors_vendor:/opt/ros/jazzy/opt/gz_physics_vendor:/opt/ros/jazzy/opt/sdformat_vendor:/opt/ros/jazzy/opt/gz_gui_vendor:/opt/ros/jazzy/opt/gz_transport_vendor:/opt/ros/jazzy/opt/gz_rendering_vendor:/opt/ros/jazzy/opt/gz_plugin_vendor:/opt/ros/jazzy/opt/gz_fuel_tools_vendor:/opt/ros/jazzy/opt/gz_msgs_vendor:/opt/ros/jazzy/opt/gz_common_vendor:/opt/ros/jazzy/opt/gz_math_vendor:/opt/ros/jazzy/opt/gz_utils_vendor:/opt/ros/jazzy/opt/gz_tools_vendor:/opt/ros/jazzy/opt/gz_ogre_next_vendor:/opt/ros/jazzy/opt/gz_dartsim_vendor:/opt/ros/jazzy/opt/gz_cmake_vendor:/root/ros_workspace/install/turtlebot3_teleop:/root/ros_workspace/install/turtlebot3_example:/root/ros_workspace/install/dynamic_obstacle_detector:/opt/ros/jazzy PYTHONPATH=/root/ros_workspace/install/turtlebot3_msgs/lib/python3.12/site-packages:/root/ros_workspace/install/turtlebot3_teleop/lib/python3.12/site-packages:/root/ros_workspace/install/turtlebot3_example/lib/python3.12/site-packages:/root/ros_workspace/install/dynamixel_sdk_custom_interfaces/lib/python3.12/site-packages:/root/ros_workspace/install/dynamixel_sdk/lib/python3.12/site-packages:/root/ros_workspace/install/dynamic_obstacle_detector/lib/python3.12/site-packages:/opt/ros/jazzy/lib/python3.12/site-packages /usr/bin/cmake /root/ros_workspace/src/turtlebot3_simulations/turtlebot3_fake_node -DCMAKE_INSTALL_PREFIX=/root/ros_workspace/install/turtlebot3_fake_node
[0.325s] -- The C compiler identification is GNU 13.3.0
[0.387s] -- The CXX compiler identification is GNU 13.3.0
[0.406s] -- Detecting C compiler ABI info
[0.525s] -- Detecting C compiler ABI info - done
[0.536s] -- Check for working C compiler: /usr/bin/cc - skipped
[0.536s] -- Detecting C compile features
[0.538s] -- Detecting C compile features - done
[0.553s] -- Detecting CXX compiler ABI info
[0.683s] -- Detecting CXX compiler ABI info - done
[0.693s] -- Check for working CXX compiler: /usr/bin/c++ - skipped
[0.694s] -- Detecting CXX compile features
[0.694s] -- Detecting CXX compile features - done
[0.704s] -- Found ament_cmake: 2.5.4 (/opt/ros/jazzy/share/ament_cmake/cmake)
[0.932s] -- Found Python3: /usr/bin/python3 (found version "3.12.3") found components: Interpreter 
[1.122s] -- Found geometry_msgs: 5.3.6 (/opt/ros/jazzy/share/geometry_msgs/cmake)
[1.201s] -- Found rosidl_generator_c: 4.6.5 (/opt/ros/jazzy/share/rosidl_generator_c/cmake)
[1.227s] -- Found rosidl_generator_cpp: 4.6.5 (/opt/ros/jazzy/share/rosidl_generator_cpp/cmake)
[1.255s] -- Using all available rosidl_typesupport_c: rosidl_typesupport_fastrtps_c;rosidl_typesupport_introspection_c
[1.286s] -- Using all available rosidl_typesupport_cpp: rosidl_typesupport_fastrtps_cpp;rosidl_typesupport_introspection_cpp
[1.368s] -- Found nav_msgs: 5.3.6 (/opt/ros/jazzy/share/nav_msgs/cmake)
[1.427s] -- Found rclcpp: 28.1.9 (/opt/ros/jazzy/share/rclcpp/cmake)
[1.509s] -- Found rmw_implementation_cmake: 7.3.2 (/opt/ros/jazzy/share/rmw_implementation_cmake/cmake)
[1.515s] -- Found rmw_fastrtps_cpp: 8.4.2 (/opt/ros/jazzy/share/rmw_fastrtps_cpp/cmake)
[1.639s] -- Found OpenSSL: /usr/lib/x86_64-linux-gnu/libcrypto.so (found version "3.0.13")  
[1.664s] -- Found FastRTPS: /opt/ros/jazzy/include (Required is at least version "2.13") 
[1.693s] -- Using RMW implementation 'rmw_fastrtps_cpp' as default
[1.819s] -- Found sensor_msgs: 5.3.6 (/opt/ros/jazzy/share/sensor_msgs/cmake)
[1.873s] -- Found tf2: 0.36.11 (/opt/ros/jazzy/share/tf2/cmake)
[1.887s] -- Found tf2_msgs: 0.36.11 (/opt/ros/jazzy/share/tf2_msgs/cmake)
[1.967s] -- Found turtlebot3_msgs: 2.4.0 (/root/ros_workspace/install/turtlebot3_msgs/share/turtlebot3_msgs/cmake)
[2.118s] -- Configuring done (1.8s)
[2.136s] -- Generating done (0.0s)
[2.141s] -- Build files have been written to: /root/ros_workspace/build/turtlebot3_fake_node
[2.150s] Invoked command in '/root/ros_workspace/build/turtlebot3_fake_node' returned '0': CMAKE_PREFIX_PATH=/root/ros_workspace/install/turtlebot3_msgs:/root/ros_workspace/install/turtlebot3:/root/ros_workspace/install/turtlebot3_simulations:/root/ros_workspace/install/turtlebot3_bringup:/root/ros_workspace/install/turtlebot3_node:/root/ros_workspace/install/turtlebot3_navigation2:/root/ros_workspace/install/turtlebot3_fake_node:/root/ros_workspace/install/turtlebot3_gazebo:/root/ros_workspace/install/turtlebot3_description:/root/ros_workspace/install/turtlebot3_cartographer:/root/ros_workspace/install/dynamixel_sdk_examples:/root/ros_workspace/install/dynamixel_sdk_custom_interfaces:/root/ros_workspace/install/dynamixel_sdk:/opt/ros/jazzy/opt/gz_sim_vendor:/opt/ros/jazzy/opt/gz_sensors_vendor:/opt/ros/jazzy/opt/gz_physics_vendor:/opt/ros/jazzy/opt/sdformat_vendor:/opt/ros/jazzy/opt/gz_gui_vendor:/opt/ros/jazzy/opt/gz_transport_vendor:/opt/ros/jazzy/opt/gz_rendering_vendor:/opt/ros/jazzy/opt/gz_plugin_vendor:/opt/ros/jazzy/opt/gz_fuel_tools_vendor:/opt/ros/jazzy/opt/gz_msgs_vendor:/opt/ros/jazzy/opt/gz_common_vendor:/opt/ros/jazzy/opt/gz_math_vendor:/opt/ros/jazzy/opt/gz_utils_vendor:/opt/ros/jazzy/opt/gz_tools_vendor:/opt/ros/jazzy/opt/gz_ogre_next_vendor:/opt/ros/jazzy/opt/gz_dartsim_vendor:/opt/ros/jazzy/opt/gz_cmake_vendor:/root/ros_workspace/install/turtlebot3_teleop:/root/ros_workspace/install/turtlebot3_example:/root/ros_workspace/install/dynamic_obstacle_detector:/opt/ros/jazzy PYTHONPATH=/root/ros_workspace/install/turtlebot3_msgs/lib/python3.12/site-packages:/root/ros_workspace/install/turtlebot3_teleop/lib/python3.12/site-packages:/root/ros_workspace/install/turtlebot3_example/lib/python3.12/site-packages:/root/ros_workspace/install/dynamixel_sdk_custom_interfaces/lib/python3.12/site-packages:/root/ros_workspace/install/dynamixel_sdk/lib/python3.12/site-packages:/root/ros_workspace/install/dynamic_obstacle_detector/lib/python3.12/site-packages:/opt/ros/jazzy/lib/python3.12/site-packages /usr/bin/cmake /root/ros_workspace/src/turtlebot3_simulations/turtlebot3_fake_node -DCMAKE_INSTALL_PREFIX=/root/ros_workspace/install/turtlebot3_fake_node
[2.151s] Invoking command in '/root/ros_workspace/build/turtlebot3_fake_node': CMAKE_PREFIX_PATH=/root/ros_workspace/install/turtlebot3_msgs:/root/ros_workspace/install/turtlebot3:/root/ros_workspace/install/turtlebot3_simulations:/root/ros_workspace/install/turtlebot3_bringup:/root/ros_workspace/install/turtlebot3_node:/root/ros_workspace/install/turtlebot3_navigation2:/root/ros_workspace/install/turtlebot3_fake_node:/root/ros_workspace/install/turtlebot3_gazebo:/root/ros_workspace/install/turtlebot3_description:/root/ros_workspace/install/turtlebot3_cartographer:/root/ros_workspace/install/dynamixel_sdk_examples:/root/ros_workspace/install/dynamixel_sdk_custom_interfaces:/root/ros_workspace/install/dynamixel_sdk:/opt/ros/jazzy/opt/gz_sim_vendor:/opt/ros/jazzy/opt/gz_sensors_vendor:/opt/ros/jazzy/opt/gz_physics_vendor:/opt/ros/jazzy/opt/sdformat_vendor:/opt/ros/jazzy/opt/gz_gui_vendor:/opt/ros/jazzy/opt/gz_transport_vendor:/opt/ros/jazzy/opt/gz_rendering_vendor:/opt/ros/jazzy/opt/gz_plugin_vendor:/opt/ros/jazzy/opt/gz_fuel_tools_vendor:/opt/ros/jazzy/opt/gz_msgs_vendor:/opt/ros/jazzy/opt/gz_common_vendor:/opt/ros/jazzy/opt/gz_math_vendor:/opt/ros/jazzy/opt/gz_utils_vendor:/opt/ros/jazzy/opt/gz_tools_vendor:/opt/ros/jazzy/opt/gz_ogre_next_vendor:/opt/ros/jazzy/opt/gz_dartsim_vendor:/opt/ros/jazzy/opt/gz_cmake_vendor:/root/ros_workspace/install/turtlebot3_teleop:/root/ros_workspace/install/turtlebot3_example:/root/ros_workspace/install/dynamic_obstacle_detector:/opt/ros/jazzy PYTHONPATH=/root/ros_workspace/install/turtlebot3_msgs/lib/python3.12/site-packages:/root/ros_workspace/install/turtlebot3_teleop/lib/python3.12/site-packages:/root/ros_workspace/install/turtlebot3_example/lib/python3.12/site-packages:/root/ros_workspace/install/dynamixel_sdk_custom_interfaces/lib/python3.12/site-packages:/root/ros_workspace/install/dynamixel_sdk/lib/python3.12/site-packages:/root/ros_workspace/install/dynamic_obstacle_detector/lib/python3.12/site-packages:/opt/ros/jazzy/lib/python3.12/site-packages /usr/bin/cmake --build /root/ros_workspace/build/turtlebot3_fake_node -- -j12 -l12
[2.275s] [ 50%] [32mBuilding CXX object CMakeFiles/turtlebot3_fake_node.dir/src/turtlebot3_fake_node.cpp.o[0m
[18.854s] [100%] [32m[1mLinking CXX executable turtlebot3_fake_node[0m
[19.288s] [100%] Built target turtlebot3_fake_node
[19.302s] Invoked command in '/root/ros_workspace/build/turtlebot3_fake_node' returned '0': CMAKE_PREFIX_PATH=/root/ros_workspace/install/turtlebot3_msgs:/root/ros_workspace/install/turtlebot3:/root/ros_workspace/install/turtlebot3_simulations:/root/ros_workspace/install/turtlebot3_bringup:/root/ros_workspace/install/turtlebot3_node:/root/ros_workspace/install/turtlebot3_navigation2:/root/ros_workspace/install/turtlebot3_fake_node:/root/ros_workspace/install/turtlebot3_gazebo:/root/ros_workspace/install/turtlebot3_description:/root/ros_workspace/install/turtlebot3_cartographer:/root/ros_workspace/install/dynamixel_sdk_examples:/root/ros_workspace/install/dynamixel_sdk_custom_interfaces:/root/ros_workspace/install/dynamixel_sdk:/opt/ros/jazzy/opt/gz_sim_vendor:/opt/ros/jazzy/opt/gz_sensors_vendor:/opt/ros/jazzy/opt/gz_physics_vendor:/opt/ros/jazzy/opt/sdformat_vendor:/opt/ros/jazzy/opt/gz_gui_vendor:/opt/ros/jazzy/opt/gz_transport_vendor:/opt/ros/jazzy/opt/gz_rendering_vendor:/opt/ros/jazzy/opt/gz_plugin_vendor:/opt/ros/jazzy/opt/gz_fuel_tools_vendor:/opt/ros/jazzy/opt/gz_msgs_vendor:/opt/ros/jazzy/opt/gz_common_vendor:/opt/ros/jazzy/opt/gz_math_vendor:/opt/ros/jazzy/opt/gz_utils_vendor:/opt/ros/jazzy/opt/gz_tools_vendor:/opt/ros/jazzy/opt/gz_ogre_next_vendor:/opt/ros/jazzy/opt/gz_dartsim_vendor:/opt/ros/jazzy/opt/gz_cmake_vendor:/root/ros_workspace/install/turtlebot3_teleop:/root/ros_workspace/install/turtlebot3_example:/root/ros_workspace/install/dynamic_obstacle_detector:/opt/ros/jazzy PYTHONPATH=/root/ros_workspace/install/turtlebot3_msgs/lib/python3.12/site-packages:/root/ros_workspace/install/turtlebot3_teleop/lib/python3.12/site-packages:/root/ros_workspace/install/turtlebot3_example/lib/python3.12/site-packages:/root/ros_workspace/install/dynamixel_sdk_custom_interfaces/lib/python3.12/site-packages:/root/ros_workspace/install/dynamixel_sdk/lib/python3.12/site-packages:/root/ros_workspace/install/dynamic_obstacle_detector/lib/python3.12/site-packages:/opt/ros/jazzy/lib/python3.12/site-packages /usr/bin/cmake --build /root/ros_workspace/build/turtlebot3_fake_node -- -j12 -l12
[19.303s] Invoking command in '/root/ros_workspace/build/turtlebot3_fake_node': CMAKE_PREFIX_PATH=/root/ros_workspace/install/turtlebot3_msgs:/root/ros_workspace/install/turtlebot3:/root/ros_workspace/install/turtlebot3_simulations:/root/ros_workspace/install/turtlebot3_bringup:/root/ros_workspace/install/turtlebot3_node:/root/ros_workspace/install/turtlebot3_navigation2:/root/ros_workspace/install/turtlebot3_fake_node:/root/ros_workspace/install/turtlebot3_gazebo:/root/ros_workspace/install/turtlebot3_description:/root/ros_workspace/install/turtlebot3_cartographer:/root/ros_workspace/install/dynamixel_sdk_examples:/root/ros_workspace/install/dynamixel_sdk_custom_interfaces:/root/ros_workspace/install/dynamixel_sdk:/opt/ros/jazzy/opt/gz_sim_vendor:/opt/ros/jazzy/opt/gz_sensors_vendor:/opt/ros/jazzy/opt/gz_physics_vendor:/opt/ros/jazzy/opt/sdformat_vendor:/opt/ros/jazzy/opt/gz_gui_vendor:/opt/ros/jazzy/opt/gz_transport_vendor:/opt/ros/jazzy/opt/gz_rendering_vendor:/opt/ros/jazzy/opt/gz_plugin_vendor:/opt/ros/jazzy/opt/gz_fuel_tools_vendor:/opt/ros/jazzy/opt/gz_msgs_vendor:/opt/ros/jazzy/opt/gz_common_vendor:/opt/ros/jazzy/opt/gz_math_vendor:/opt/ros/jazzy/opt/gz_utils_vendor:/opt/ros/jazzy/opt/gz_tools_vendor:/opt/ros/jazzy/opt/gz_ogre_next_vendor:/opt/ros/jazzy/opt/gz_dartsim_vendor:/opt/ros/jazzy/opt/gz_cmake_vendor:/root/ros_workspace/install/turtlebot3_teleop:/root/ros_workspace/install/turtlebot3_example:/root/ros_workspace/install/dynamic_obstacle_detector:/opt/ros/jazzy PYTHONPATH=/root/ros_workspace/install/turtlebot3_msgs/lib/python3.12/site-packages:/root/ros_workspace/install/turtlebot3_teleop/lib/python3.12/site-packages:/root/ros_workspace/install/turtlebot3_example/lib/python3.12/site-packages:/root/ros_workspace/install/dynamixel_sdk_custom_interfaces/lib/python3.12/site-packages:/root/ros_workspace/install/dynamixel_sdk/lib/python3.12/site-packages:/root/ros_workspace/install/dynamic_obstacle_detector/lib/python3.12/site-packages:/opt/ros/jazzy/lib/python3.12/site-packages /usr/bin/cmake --install /root/ros_workspace/build/turtlebot3_fake_node
[19.314s] -- Install configuration: ""
[19.314s] -- Installing: /root/ros_workspace/install/turtlebot3_fake_node/lib/turtlebot3_fake_node/turtlebot3_fake_node
[19.321s] -- Set non-toolchain portion of runtime path of "/root/ros_workspace/install/turtlebot3_fake_node/lib/turtlebot3_fake_node/turtlebot3_fake_node" to ""
[19.321s] -- Installing: /root/ros_workspace/install/turtlebot3_fake_node/share/turtlebot3_fake_node/launch
[19.321s] -- Installing: /root/ros_workspace/install/turtlebot3_fake_node/share/turtlebot3_fake_node/launch/rviz2.launch.py
[19.322s] -- Installing: /root/ros_workspace/install/turtlebot3_fake_node/share/turtlebot3_fake_node/launch/turtlebot3_fake_node.launch.py
[19.322s] -- Installing: /root/ros_workspace/install/turtlebot3_fake_node/share/turtlebot3_fake_node/param
[19.323s] -- Installing: /root/ros_workspace/install/turtlebot3_fake_node/share/turtlebot3_fake_node/param/waffle.yaml
[19.323s] -- Installing: /root/ros_workspace/install/turtlebot3_fake_node/share/turtlebot3_fake_node/param/waffle_pi.yaml
[19.323s] -- Installing: /root/ros_workspace/install/turtlebot3_fake_node/share/turtlebot3_fake_node/param/burger.yaml
[19.324s] -- Installing: /root/ros_workspace/install/turtlebot3_fake_node/include/
[19.324s] -- Installing: /root/ros_workspace/install/turtlebot3_fake_node/include//turtlebot3_fake_node
[19.324s] -- Installing: /root/ros_workspace/install/turtlebot3_fake_node/include//turtlebot3_fake_node/turtlebot3_fake_node.hpp
[19.324s] -- Installing: /root/ros_workspace/install/turtlebot3_fake_node/share/ament_index/resource_index/package_run_dependencies/turtlebot3_fake_node
[19.325s] -- Installing: /root/ros_workspace/install/turtlebot3_fake_node/share/ament_index/resource_index/parent_prefix_path/turtlebot3_fake_node
[19.325s] -- Installing: /root/ros_workspace/install/turtlebot3_fake_node/share/turtlebot3_fake_node/environment/ament_prefix_path.sh
[19.325s] -- Installing: /root/ros_workspace/install/turtlebot3_fake_node/share/turtlebot3_fake_node/environment/ament_prefix_path.dsv
[19.326s] -- Installing: /root/ros_workspace/install/turtlebot3_fake_node/share/turtlebot3_fake_node/environment/path.sh
[19.326s] -- Installing: /root/ros_workspace/install/turtlebot3_fake_node/share/turtlebot3_fake_node/environment/path.dsv
[19.326s] -- Installing: /root/ros_workspace/install/turtlebot3_fake_node/share/turtlebot3_fake_node/local_setup.bash
[19.326s] -- Installing: /root/ros_workspace/install/turtlebot3_fake_node/share/turtlebot3_fake_node/local_setup.sh
[19.327s] -- Installing: /root/ros_workspace/install/turtlebot3_fake_node/share/turtlebot3_fake_node/local_setup.zsh
[19.327s] -- Installing: /root/ros_workspace/install/turtlebot3_fake_node/share/turtlebot3_fake_node/local_setup.dsv
[19.327s] -- Installing: /root/ros_workspace/install/turtlebot3_fake_node/share/turtlebot3_fake_node/package.dsv
[19.328s] -- Installing: /root/ros_workspace/install/turtlebot3_fake_node/share/ament_index/resource_index/packages/turtlebot3_fake_node
[19.328s] -- Installing: /root/ros_workspace/install/turtlebot3_fake_node/share/turtlebot3_fake_node/cmake/ament_cmake_export_include_directories-extras.cmake
[19.328s] -- Installing: /root/ros_workspace/install/turtlebot3_fake_node/share/turtlebot3_fake_node/cmake/ament_cmake_export_dependencies-extras.cmake
[19.328s] -- Installing: /root/ros_workspace/install/turtlebot3_fake_node/share/turtlebot3_fake_node/cmake/turtlebot3_fake_nodeConfig.cmake
[19.328s] -- Installing: /root/ros_workspace/install/turtlebot3_fake_node/share/turtlebot3_fake_node/cmake/turtlebot3_fake_nodeConfig-version.cmake
[19.328s] -- Installing: /root/ros_workspace/install/turtlebot3_fake_node/share/turtlebot3_fake_node/package.xml
[19.330s] Invoked command in '/root/ros_workspace/build/turtlebot3_fake_node' returned '0': CMAKE_PREFIX_PATH=/root/ros_workspace/install/turtlebot3_msgs:/root/ros_workspace/install/turtlebot3:/root/ros_workspace/install/turtlebot3_simulations:/root/ros_workspace/install/turtlebot3_bringup:/root/ros_workspace/install/turtlebot3_node:/root/ros_workspace/install/turtlebot3_navigation2:/root/ros_workspace/install/turtlebot3_fake_node:/root/ros_workspace/install/turtlebot3_gazebo:/root/ros_workspace/install/turtlebot3_description:/root/ros_workspace/install/turtlebot3_cartographer:/root/ros_workspace/install/dynamixel_sdk_examples:/root/ros_workspace/install/dynamixel_sdk_custom_interfaces:/root/ros_workspace/install/dynamixel_sdk:/opt/ros/jazzy/opt/gz_sim_vendor:/opt/ros/jazzy/opt/gz_sensors_vendor:/opt/ros/jazzy/opt/gz_physics_vendor:/opt/ros/jazzy/opt/sdformat_vendor:/opt/ros/jazzy/opt/gz_gui_vendor:/opt/ros/jazzy/opt/gz_transport_vendor:/opt/ros/jazzy/opt/gz_rendering_vendor:/opt/ros/jazzy/opt/gz_plugin_vendor:/opt/ros/jazzy/opt/gz_fuel_tools_vendor:/opt/ros/jazzy/opt/gz_msgs_vendor:/opt/ros/jazzy/opt/gz_common_vendor:/opt/ros/jazzy/opt/gz_math_vendor:/opt/ros/jazzy/opt/gz_utils_vendor:/opt/ros/jazzy/opt/gz_tools_vendor:/opt/ros/jazzy/opt/gz_ogre_next_vendor:/opt/ros/jazzy/opt/gz_dartsim_vendor:/opt/ros/jazzy/opt/gz_cmake_vendor:/root/ros_workspace/install/turtlebot3_teleop:/root/ros_workspace/install/turtlebot3_example:/root/ros_workspace/install/dynamic_obstacle_detector:/opt/ros/jazzy PYTHONPATH=/root/ros_workspace/install/turtlebot3_msgs/lib/python3.12/site-packages:/root/ros_workspace/install/turtlebot3_teleop/lib/python3.12/site-packages:/root/ros_workspace/install/turtlebot3_example/lib/python3.12/site-packages:/root/ros_workspace/install/dynamixel_sdk_custom_interfaces/lib/python3.12/site-packages:/root/ros_workspace/install/dynamixel_sdk/lib/python3.12/site-packages:/root/ros_workspace/install/dynamic_obstacle_detector/lib/python3.12/site-packages:/opt/ros/jazzy/lib/python3.12/site-packages /usr/bin/cmake --install /root/ros_workspace/build/turtlebot3_fake_node
