[0.050s] Invoking command in '/root/ros_workspace/build/turtlebot3_node': AMENT_PREFIX_PATH=/root/ros_workspace/install/turtlebot3_msgs:/root/ros_workspace/install/dynamixel_sdk CMAKE_PREFIX_PATH=/root/ros_workspace/install/turtlebot3_msgs:/root/ros_workspace/install/dynamixel_sdk LD_LIBRARY_PATH=/root/ros_workspace/install/turtlebot3_msgs/lib:/root/ros_workspace/install/dynamixel_sdk/lib PYTHONPATH=/root/ros_workspace/install/turtlebot3_msgs/lib/python3.12/site-packages:/root/ros_workspace/install/dynamixel_sdk/lib/python3.12/site-packages /usr/bin/cmake --build /root/ros_workspace/build/turtlebot3_node -- -j12 -l12
[0.344s] [ 85%] Built target turtlebot3_node_lib
[0.344s] [100%] Built target turtlebot3_ros
[0.361s] Invoked command in '/root/ros_workspace/build/turtlebot3_node' returned '0': AMENT_PREFIX_PATH=/root/ros_workspace/install/turtlebot3_msgs:/root/ros_workspace/install/dynamixel_sdk CMAKE_PREFIX_PATH=/root/ros_workspace/install/turtlebot3_msgs:/root/ros_workspace/install/dynamixel_sdk LD_LIBRARY_PATH=/root/ros_workspace/install/turtlebot3_msgs/lib:/root/ros_workspace/install/dynamixel_sdk/lib PYTHONPATH=/root/ros_workspace/install/turtlebot3_msgs/lib/python3.12/site-packages:/root/ros_workspace/install/dynamixel_sdk/lib/python3.12/site-packages /usr/bin/cmake --build /root/ros_workspace/build/turtlebot3_node -- -j12 -l12
[0.363s] Invoking command in '/root/ros_workspace/build/turtlebot3_node': AMENT_PREFIX_PATH=/root/ros_workspace/install/turtlebot3_msgs:/root/ros_workspace/install/dynamixel_sdk CMAKE_PREFIX_PATH=/root/ros_workspace/install/turtlebot3_msgs:/root/ros_workspace/install/dynamixel_sdk LD_LIBRARY_PATH=/root/ros_workspace/install/turtlebot3_msgs/lib:/root/ros_workspace/install/dynamixel_sdk/lib PYTHONPATH=/root/ros_workspace/install/turtlebot3_msgs/lib/python3.12/site-packages:/root/ros_workspace/install/dynamixel_sdk/lib/python3.12/site-packages /usr/bin/cmake --install /root/ros_workspace/build/turtlebot3_node
[0.372s] -- Install configuration: ""
[0.372s] -- Up-to-date: /root/ros_workspace/install/turtlebot3_node/share/turtlebot3_node/param
[0.372s] -- Up-to-date: /root/ros_workspace/install/turtlebot3_node/share/turtlebot3_node/param/waffle.yaml
[0.372s] -- Up-to-date: /root/ros_workspace/install/turtlebot3_node/share/turtlebot3_node/param/waffle_pi.yaml
[0.372s] -- Up-to-date: /root/ros_workspace/install/turtlebot3_node/share/turtlebot3_node/param/burger.yaml
[0.373s] -- Up-to-date: /root/ros_workspace/install/turtlebot3_node/lib/turtlebot3_node/turtlebot3_ros
[0.373s] -- Up-to-date: /root/ros_workspace/install/turtlebot3_node/share/ament_index/resource_index/package_run_dependencies/turtlebot3_node
[0.373s] -- Up-to-date: /root/ros_workspace/install/turtlebot3_node/share/ament_index/resource_index/parent_prefix_path/turtlebot3_node
[0.373s] -- Up-to-date: /root/ros_workspace/install/turtlebot3_node/share/turtlebot3_node/environment/ament_prefix_path.sh
[0.373s] -- Up-to-date: /root/ros_workspace/install/turtlebot3_node/share/turtlebot3_node/environment/ament_prefix_path.dsv
[0.373s] -- Up-to-date: /root/ros_workspace/install/turtlebot3_node/share/turtlebot3_node/environment/path.sh
[0.374s] -- Up-to-date: /root/ros_workspace/install/turtlebot3_node/share/turtlebot3_node/environment/path.dsv
[0.374s] -- Up-to-date: /root/ros_workspace/install/turtlebot3_node/share/turtlebot3_node/local_setup.bash
[0.374s] -- Up-to-date: /root/ros_workspace/install/turtlebot3_node/share/turtlebot3_node/local_setup.sh
[0.374s] -- Up-to-date: /root/ros_workspace/install/turtlebot3_node/share/turtlebot3_node/local_setup.zsh
[0.375s] -- Up-to-date: /root/ros_workspace/install/turtlebot3_node/share/turtlebot3_node/local_setup.dsv
[0.375s] -- Installing: /root/ros_workspace/install/turtlebot3_node/share/turtlebot3_node/package.dsv
[0.375s] -- Up-to-date: /root/ros_workspace/install/turtlebot3_node/share/ament_index/resource_index/packages/turtlebot3_node
[0.375s] -- Up-to-date: /root/ros_workspace/install/turtlebot3_node/share/turtlebot3_node/cmake/ament_cmake_export_dependencies-extras.cmake
[0.376s] -- Up-to-date: /root/ros_workspace/install/turtlebot3_node/share/turtlebot3_node/cmake/ament_cmake_export_include_directories-extras.cmake
[0.376s] -- Up-to-date: /root/ros_workspace/install/turtlebot3_node/share/turtlebot3_node/cmake/turtlebot3_nodeConfig.cmake
[0.376s] -- Up-to-date: /root/ros_workspace/install/turtlebot3_node/share/turtlebot3_node/cmake/turtlebot3_nodeConfig-version.cmake
[0.377s] -- Up-to-date: /root/ros_workspace/install/turtlebot3_node/share/turtlebot3_node/package.xml
[0.381s] Invoked command in '/root/ros_workspace/build/turtlebot3_node' returned '0': AMENT_PREFIX_PATH=/root/ros_workspace/install/turtlebot3_msgs:/root/ros_workspace/install/dynamixel_sdk CMAKE_PREFIX_PATH=/root/ros_workspace/install/turtlebot3_msgs:/root/ros_workspace/install/dynamixel_sdk LD_LIBRARY_PATH=/root/ros_workspace/install/turtlebot3_msgs/lib:/root/ros_workspace/install/dynamixel_sdk/lib PYTHONPATH=/root/ros_workspace/install/turtlebot3_msgs/lib/python3.12/site-packages:/root/ros_workspace/install/dynamixel_sdk/lib/python3.12/site-packages /usr/bin/cmake --install /root/ros_workspace/build/turtlebot3_node
