[0.041s] Invoking command in '/root/ros_workspace/build/turtlebot3_cartographer': /usr/bin/cmake --build /root/ros_workspace/build/turtlebot3_cartographer -- -j12 -l12
[0.714s] Invoked command in '/root/ros_workspace/build/turtlebot3_cartographer' returned '0': /usr/bin/cmake --build /root/ros_workspace/build/turtlebot3_cartographer -- -j12 -l12
[0.716s] Invoking command in '/root/ros_workspace/build/turtlebot3_cartographer': /usr/bin/cmake --install /root/ros_workspace/build/turtlebot3_cartographer
[0.758s] -- Install configuration: ""
[0.758s] -- Up-to-date: /root/ros_workspace/install/turtlebot3_cartographer/share/turtlebot3_cartographer/config
[0.759s] -- Up-to-date: /root/ros_workspace/install/turtlebot3_cartographer/share/turtlebot3_cartographer/config/turtlebot3_lds_2d.lua
[0.759s] -- Up-to-date: /root/ros_workspace/install/turtlebot3_cartographer/share/turtlebot3_cartographer/launch
[0.759s] -- Up-to-date: /root/ros_workspace/install/turtlebot3_cartographer/share/turtlebot3_cartographer/launch/occupancy_grid.launch.py
[0.759s] -- Up-to-date: /root/ros_workspace/install/turtlebot3_cartographer/share/turtlebot3_cartographer/launch/cartographer.launch.py
[0.759s] -- Up-to-date: /root/ros_workspace/install/turtlebot3_cartographer/share/turtlebot3_cartographer/rviz
[0.759s] -- Up-to-date: /root/ros_workspace/install/turtlebot3_cartographer/share/turtlebot3_cartographer/rviz/tb3_cartographer.rviz
[0.760s] -- Up-to-date: /root/ros_workspace/install/turtlebot3_cartographer/share/ament_index/resource_index/package_run_dependencies/turtlebot3_cartographer
[0.760s] -- Up-to-date: /root/ros_workspace/install/turtlebot3_cartographer/share/ament_index/resource_index/parent_prefix_path/turtlebot3_cartographer
[0.760s] -- Up-to-date: /root/ros_workspace/install/turtlebot3_cartographer/share/turtlebot3_cartographer/environment/ament_prefix_path.sh
[0.760s] -- Up-to-date: /root/ros_workspace/install/turtlebot3_cartographer/share/turtlebot3_cartographer/environment/ament_prefix_path.dsv
[0.761s] -- Up-to-date: /root/ros_workspace/install/turtlebot3_cartographer/share/turtlebot3_cartographer/environment/path.sh
[0.761s] -- Up-to-date: /root/ros_workspace/install/turtlebot3_cartographer/share/turtlebot3_cartographer/environment/path.dsv
[0.761s] -- Up-to-date: /root/ros_workspace/install/turtlebot3_cartographer/share/turtlebot3_cartographer/local_setup.bash
[0.761s] -- Up-to-date: /root/ros_workspace/install/turtlebot3_cartographer/share/turtlebot3_cartographer/local_setup.sh
[0.761s] -- Up-to-date: /root/ros_workspace/install/turtlebot3_cartographer/share/turtlebot3_cartographer/local_setup.zsh
[0.762s] -- Up-to-date: /root/ros_workspace/install/turtlebot3_cartographer/share/turtlebot3_cartographer/local_setup.dsv
[0.762s] -- Installing: /root/ros_workspace/install/turtlebot3_cartographer/share/turtlebot3_cartographer/package.dsv
[0.762s] -- Up-to-date: /root/ros_workspace/install/turtlebot3_cartographer/share/ament_index/resource_index/packages/turtlebot3_cartographer
[0.762s] -- Up-to-date: /root/ros_workspace/install/turtlebot3_cartographer/share/turtlebot3_cartographer/cmake/turtlebot3_cartographerConfig.cmake
[0.763s] -- Up-to-date: /root/ros_workspace/install/turtlebot3_cartographer/share/turtlebot3_cartographer/cmake/turtlebot3_cartographerConfig-version.cmake
[0.763s] -- Up-to-date: /root/ros_workspace/install/turtlebot3_cartographer/share/turtlebot3_cartographer/package.xml
[0.968s] Invoked command in '/root/ros_workspace/build/turtlebot3_cartographer' returned '0': /usr/bin/cmake --install /root/ros_workspace/build/turtlebot3_cartographer
