[0.333s] Invoking command in '/root/ros_workspace/build/turtlebot3_fake_node': AMENT_PREFIX_PATH=/root/ros_workspace/install/turtlebot3_msgs CMAKE_PREFIX_PATH=/root/ros_workspace/install/turtlebot3_msgs LD_LIBRARY_PATH=/root/ros_workspace/install/turtlebot3_msgs/lib PYTHONPATH=/root/ros_workspace/install/turtlebot3_msgs/lib/python3.12/site-packages /usr/bin/cmake --build /root/ros_workspace/build/turtlebot3_fake_node -- -j12 -l12
[0.430s] [100%] Built target turtlebot3_fake_node
[0.448s] Invoked command in '/root/ros_workspace/build/turtlebot3_fake_node' returned '0': AMENT_PREFIX_PATH=/root/ros_workspace/install/turtlebot3_msgs CMAKE_PREFIX_PATH=/root/ros_workspace/install/turtlebot3_msgs LD_LIBRARY_PATH=/root/ros_workspace/install/turtlebot3_msgs/lib PYTHONPATH=/root/ros_workspace/install/turtlebot3_msgs/lib/python3.12/site-packages /usr/bin/cmake --build /root/ros_workspace/build/turtlebot3_fake_node -- -j12 -l12
[0.450s] Invoking command in '/root/ros_workspace/build/turtlebot3_fake_node': AMENT_PREFIX_PATH=/root/ros_workspace/install/turtlebot3_msgs CMAKE_PREFIX_PATH=/root/ros_workspace/install/turtlebot3_msgs LD_LIBRARY_PATH=/root/ros_workspace/install/turtlebot3_msgs/lib PYTHONPATH=/root/ros_workspace/install/turtlebot3_msgs/lib/python3.12/site-packages /usr/bin/cmake --install /root/ros_workspace/build/turtlebot3_fake_node
[0.464s] -- Install configuration: ""
[0.464s] -- Up-to-date: /root/ros_workspace/install/turtlebot3_fake_node/lib/turtlebot3_fake_node/turtlebot3_fake_node
[0.465s] -- Up-to-date: /root/ros_workspace/install/turtlebot3_fake_node/share/turtlebot3_fake_node/launch
[0.465s] -- Up-to-date: /root/ros_workspace/install/turtlebot3_fake_node/share/turtlebot3_fake_node/launch/rviz2.launch.py
[0.465s] -- Up-to-date: /root/ros_workspace/install/turtlebot3_fake_node/share/turtlebot3_fake_node/launch/turtlebot3_fake_node.launch.py
[0.466s] -- Up-to-date: /root/ros_workspace/install/turtlebot3_fake_node/share/turtlebot3_fake_node/param
[0.466s] -- Up-to-date: /root/ros_workspace/install/turtlebot3_fake_node/share/turtlebot3_fake_node/param/waffle.yaml
[0.466s] -- Up-to-date: /root/ros_workspace/install/turtlebot3_fake_node/share/turtlebot3_fake_node/param/waffle_pi.yaml
[0.467s] -- Up-to-date: /root/ros_workspace/install/turtlebot3_fake_node/share/turtlebot3_fake_node/param/burger.yaml
[0.467s] -- Up-to-date: /root/ros_workspace/install/turtlebot3_fake_node/include/
[0.467s] -- Up-to-date: /root/ros_workspace/install/turtlebot3_fake_node/include//turtlebot3_fake_node
[0.467s] -- Up-to-date: /root/ros_workspace/install/turtlebot3_fake_node/include//turtlebot3_fake_node/turtlebot3_fake_node.hpp
[0.468s] -- Up-to-date: /root/ros_workspace/install/turtlebot3_fake_node/share/ament_index/resource_index/package_run_dependencies/turtlebot3_fake_node
[0.468s] -- Up-to-date: /root/ros_workspace/install/turtlebot3_fake_node/share/ament_index/resource_index/parent_prefix_path/turtlebot3_fake_node
[0.468s] -- Up-to-date: /root/ros_workspace/install/turtlebot3_fake_node/share/turtlebot3_fake_node/environment/ament_prefix_path.sh
[0.468s] -- Up-to-date: /root/ros_workspace/install/turtlebot3_fake_node/share/turtlebot3_fake_node/environment/ament_prefix_path.dsv
[0.469s] -- Up-to-date: /root/ros_workspace/install/turtlebot3_fake_node/share/turtlebot3_fake_node/environment/path.sh
[0.469s] -- Up-to-date: /root/ros_workspace/install/turtlebot3_fake_node/share/turtlebot3_fake_node/environment/path.dsv
[0.469s] -- Up-to-date: /root/ros_workspace/install/turtlebot3_fake_node/share/turtlebot3_fake_node/local_setup.bash
[0.469s] -- Up-to-date: /root/ros_workspace/install/turtlebot3_fake_node/share/turtlebot3_fake_node/local_setup.sh
[0.470s] -- Up-to-date: /root/ros_workspace/install/turtlebot3_fake_node/share/turtlebot3_fake_node/local_setup.zsh
[0.470s] -- Up-to-date: /root/ros_workspace/install/turtlebot3_fake_node/share/turtlebot3_fake_node/local_setup.dsv
[0.470s] -- Installing: /root/ros_workspace/install/turtlebot3_fake_node/share/turtlebot3_fake_node/package.dsv
[0.470s] -- Up-to-date: /root/ros_workspace/install/turtlebot3_fake_node/share/ament_index/resource_index/packages/turtlebot3_fake_node
[0.471s] -- Up-to-date: /root/ros_workspace/install/turtlebot3_fake_node/share/turtlebot3_fake_node/cmake/ament_cmake_export_include_directories-extras.cmake
[0.471s] -- Up-to-date: /root/ros_workspace/install/turtlebot3_fake_node/share/turtlebot3_fake_node/cmake/ament_cmake_export_dependencies-extras.cmake
[0.471s] -- Up-to-date: /root/ros_workspace/install/turtlebot3_fake_node/share/turtlebot3_fake_node/cmake/turtlebot3_fake_nodeConfig.cmake
[0.472s] -- Up-to-date: /root/ros_workspace/install/turtlebot3_fake_node/share/turtlebot3_fake_node/cmake/turtlebot3_fake_nodeConfig-version.cmake
[0.472s] -- Up-to-date: /root/ros_workspace/install/turtlebot3_fake_node/share/turtlebot3_fake_node/package.xml
[0.478s] Invoked command in '/root/ros_workspace/build/turtlebot3_fake_node' returned '0': AMENT_PREFIX_PATH=/root/ros_workspace/install/turtlebot3_msgs CMAKE_PREFIX_PATH=/root/ros_workspace/install/turtlebot3_msgs LD_LIBRARY_PATH=/root/ros_workspace/install/turtlebot3_msgs/lib PYTHONPATH=/root/ros_workspace/install/turtlebot3_msgs/lib/python3.12/site-packages /usr/bin/cmake --install /root/ros_workspace/build/turtlebot3_fake_node
