[0.041s] Invoking command in '/root/ros_workspace/build/turtlebot3_gazebo': CMAKE_PREFIX_PATH=${CMAKE_PREFIX_PATH}:/root/ros_workspace/install/turtlebot3_teleop:/root/ros_workspace/install/turtlebot3_example:/root/ros_workspace/install/dynamic_obstacle_detector:/opt/ros/jazzy /usr/bin/cmake /root/ros_workspace/src/turtlebot3_simulations/turtlebot3_gazebo -DCMAKE_INSTALL_PREFIX=/root/ros_workspace/install/turtlebot3_gazebo
[0.329s] -- The C compiler identification is GNU 13.3.0
[0.446s] -- The CXX compiler identification is GNU 13.3.0
[0.465s] -- Detecting C compiler ABI info
[0.610s] -- Detecting C compiler ABI info - done
[0.619s] -- Check for working C compiler: /usr/bin/cc - skipped
[0.621s] -- Detecting C compile features
[0.621s] -- Detecting C compile features - done
[0.635s] -- Detecting CXX compiler ABI info
[0.789s] -- Detecting CXX compiler ABI info - done
[0.806s] -- Check for working CXX compiler: /usr/bin/c++ - skipped
[0.807s] -- Detecting CXX compile features
[0.808s] -- Detecting CXX compile features - done
[0.839s] -- Found ament_cmake: 2.5.4 (/opt/ros/jazzy/share/ament_cmake/cmake)
[1.130s] -- Found Python3: /usr/bin/python3 (found version "3.12.3") found components: Interpreter 
[1.351s] -- Found ros_gz_sim: 1.0.12 (/opt/ros/jazzy/share/ros_gz_sim/cmake)
[1.469s] -- Found rosidl_generator_c: 4.6.5 (/opt/ros/jazzy/share/rosidl_generator_c/cmake)
[1.500s] -- Found rosidl_generator_cpp: 4.6.5 (/opt/ros/jazzy/share/rosidl_generator_cpp/cmake)
[1.546s] -- Using all available rosidl_typesupport_c: rosidl_typesupport_fastrtps_c;rosidl_typesupport_introspection_c
[1.594s] -- Using all available rosidl_typesupport_cpp: rosidl_typesupport_fastrtps_cpp;rosidl_typesupport_introspection_cpp
[1.841s] -- Found rmw_implementation_cmake: 7.3.2 (/opt/ros/jazzy/share/rmw_implementation_cmake/cmake)
[1.880s] -- Found rmw_fastrtps_cpp: 8.4.2 (/opt/ros/jazzy/share/rmw_fastrtps_cpp/cmake)
[2.551s] -- Found OpenSSL: /usr/lib/x86_64-linux-gnu/libcrypto.so (found version "3.0.13")  
[2.598s] -- Found FastRTPS: /opt/ros/jazzy/include (Required is at least version "2.13") 
[2.635s] -- Using RMW implementation 'rmw_fastrtps_cpp' as default
[3.070s] -- Found nav_msgs: 5.3.6 (/opt/ros/jazzy/share/nav_msgs/cmake)
[3.117s] -- Found sensor_msgs: 5.3.6 (/opt/ros/jazzy/share/sensor_msgs/cmake)
[3.156s] -- Found gz_math_vendor: 0.0.8 (/opt/ros/jazzy/share/gz_math_vendor/cmake)
[3.188s] -- Looking for gz-math7 -- found version 7.5.2
[3.207s] -- Searching for dependencies of gz-math7
[3.210s] -- Looking for gz-utils2 -- found version 2.2.1
[3.210s] -- Searching for dependencies of gz-utils2
[3.219s] -- Found gz_sim_vendor: 0.0.8 (/opt/ros/jazzy/share/gz_sim_vendor/cmake)
[3.339s] -- Looking for gz-sim8 -- found version 8.9.0
[3.339s] -- Searching for dependencies of gz-sim8
[3.343s] -- Looking for sdformat14 -- found version 14.7.0
[3.343s] -- Searching for dependencies of sdformat14
[3.349s] -- Checking for module 'tinyxml2'
[3.367s] --   Found tinyxml2, version 10.0.0
[3.405s] -- Looking for gz-math7 -- found version 7.5.2
[3.406s] -- Looking for gz-utils2 -- found version 2.2.1
[3.406s] -- Searching for dependencies of gz-utils2
[3.406s] -- Searching for <gz-utils2> component [cli]
[3.412s] -- Looking for gz-utils2-cli -- found version 2.2.1
[3.412s] -- Searching for dependencies of gz-utils2-cli
[3.418s] -- Looking for gz-plugin2 -- found version 2.0.4
[3.419s] -- Searching for dependencies of gz-plugin2
[3.419s] -- Looking for gz-utils2 -- found version 2.2.1
[3.420s] -- Searching for <gz-plugin2> component [loader]
[3.424s] -- Looking for gz-plugin2-loader -- found version 2.0.4
[3.424s] -- Searching for dependencies of gz-plugin2-loader
[3.425s] -- Searching for <gz-plugin2> component [register]
[3.431s] -- Looking for gz-plugin2-register -- found version 2.0.4
[3.431s] -- Searching for dependencies of gz-plugin2-register
[3.438s] -- Looking for gz-transport13 -- found version 13.4.1
[3.438s] -- Searching for dependencies of gz-transport13
[3.614s] -- Found Protobuf: /usr/lib/x86_64-linux-gnu/libprotobuf.so (found version "3.21.12") 
[3.635s] -- Config-file not installed for ZeroMQ -- checking for pkg-config
[3.640s] -- Checking for module 'libzmq >= 4'
[3.657s] --   Found libzmq, version 4.3.5
[3.706s] -- Found ZeroMQ: TRUE (Required is at least version "4") 
[3.717s] -- Checking for module 'uuid'
[3.736s] --   Found uuid, version 2.39.3
[3.771s] -- Found UUID: TRUE  
[3.771s] -- Looking for gz-utils2 -- found version 2.2.1
[3.776s] -- Looking for gz-msgs10 -- found version 10.3.2
[3.776s] -- Searching for dependencies of gz-msgs10
[3.803s] -- Looking for gz-utils2 -- found version 2.2.1
[3.804s] -- Looking for gz-math7 -- found version 7.5.2
[3.816s] -- Searching for <gz-transport13> component [log]
[3.820s] -- Looking for gz-transport13-log -- found version 13.4.1
[3.821s] -- Searching for dependencies of gz-transport13-log
[3.822s] -- Searching for <gz-transport13> component [parameters]
[3.826s] -- Looking for gz-transport13-parameters -- found version 13.4.1
[3.826s] -- Searching for dependencies of gz-transport13-parameters
[3.828s] -- Looking for gz-msgs10 -- found version 10.3.2
[3.836s] -- Looking for gz-common5 -- found version 5.7.1
[3.836s] -- Searching for dependencies of gz-common5
[3.836s] -- Looking for gz-utils2 -- found version 2.2.1
[3.838s] -- Looking for dlfcn.h - found
[3.839s] -- Looking for libdl - found
[3.840s] -- Found DL: TRUE  
[3.848s] -- Searching for <gz-common5> component [av]
[3.852s] -- Looking for gz-common5-av -- found version 5.7.1
[3.853s] -- Searching for dependencies of gz-common5-av
[3.858s] -- Checking for module 'libswscale'
[3.878s] --   Found libswscale, version 7.5.100
[3.925s] -- Found SWSCALE: TRUE  
[3.933s] -- Checking for module 'libavdevice >= 56.4.100'
[3.954s] --   Found libavdevice, version 60.3.100
[4.006s] -- Found AVDEVICE: TRUE (Required is at least version "56.4.100") 
[4.012s] -- Checking for module 'libavformat'
[4.031s] --   Found libavformat, version 60.16.100
[4.074s] -- Found AVFORMAT: TRUE  
[4.080s] -- Checking for module 'libavcodec'
[4.100s] --   Found libavcodec, version 60.31.102
[4.139s] -- Found AVCODEC: TRUE  
[4.145s] -- Checking for module 'libavutil'
[4.161s] --   Found libavutil, version 58.29.100
[4.196s] -- Found AVUTIL: TRUE  
[4.197s] -- Searching for <gz-common5> component [events]
[4.202s] -- Looking for gz-common5-events -- found version 5.7.1
[4.202s] -- Searching for dependencies of gz-common5-events
[4.202s] -- Looking for gz-math7 -- found version 7.5.2
[4.203s] -- Searching for <gz-common5> component [graphics]
[4.209s] -- Looking for gz-common5-graphics -- found version 5.7.1
[4.209s] -- Searching for dependencies of gz-common5-graphics
[4.209s] -- Looking for gz-math7 -- found version 7.5.2
[4.222s] -- Found GzAssimp: TRUE (found version "5.3.0") 
[4.223s] -- Searching for <gz-common5> component [io]
[4.228s] -- Looking for gz-common5-io -- found version 5.7.1
[4.229s] -- Searching for dependencies of gz-common5-io
[4.230s] -- Searching for <gz-common5> component [profiler]
[4.234s] -- Looking for gz-common5-profiler -- found version 5.7.1
[4.234s] -- Searching for dependencies of gz-common5-profiler
[4.240s] -- Looking for gz-fuel_tools9 -- found version 9.1.1
[4.240s] -- Searching for dependencies of gz-fuel_tools9
[4.341s] -- Found CURL: /usr/lib/x86_64-linux-gnu/libcurl.so (found version "8.5.0")  
[4.357s] -- Checking for module 'jsoncpp'
[4.377s] --   Found jsoncpp, version 1.9.5
[4.419s] -- Found JSONCPP: TRUE  
[4.446s] -- Checking for module 'yaml-0.1'
[4.466s] --   Found yaml-0.1, version 0.2.5
[4.506s] -- Found YAML: TRUE  
[4.514s] -- Checking for module 'libzip'
[4.535s] --   Found libzip, version 1.7.3
[4.573s] -- Found ZIP: TRUE  
[4.574s] -- Looking for gz-utils2 -- found version 2.2.1
[4.574s] -- Looking for gz-common5 -- found version 5.7.1
[4.575s] -- Searching for dependencies of gz-common5
[4.575s] -- Looking for gz-utils2 -- found version 2.2.1
[4.575s] -- Looking for dlfcn.h - found
[4.575s] -- Looking for libdl - found
[4.584s] -- Searching for <gz-common5> component [testing]
[4.589s] -- Looking for gz-common5-testing -- found version 5.7.1
[4.590s] -- Searching for dependencies of gz-common5-testing
[4.591s] -- Looking for gz-math7 -- found version 7.5.2
[4.592s] -- Looking for gz-msgs10 -- found version 10.3.2
[4.597s] -- Looking for gz-gui8 -- found version 8.4.0
[4.597s] -- Searching for dependencies of gz-gui8
[4.629s] -- Looking for gz-utils2 -- found version 2.2.1
[4.630s] -- Looking for gz-math7 -- found version 7.5.2
[4.631s] -- Looking for gz-common5 -- found version 5.7.1
[4.631s] -- Looking for gz-plugin2 -- found version 2.0.4
[4.632s] -- Looking for gz-transport13 -- found version 13.4.1
[4.638s] -- Looking for gz-rendering8 -- found version 8.2.2
[4.638s] -- Searching for dependencies of gz-rendering8
[4.639s] -- Looking for gz-math7 -- found version 7.5.2
[4.639s] -- Searching for dependencies of gz-math7
[4.639s] -- Looking for gz-utils2 -- found version 2.2.1
[4.639s] -- Searching for <gz-math7> component [eigen3]
[4.644s] -- Looking for gz-math7-eigen3 -- found version 7.5.2
[4.645s] -- Searching for dependencies of gz-math7-eigen3
[4.661s] -- Looking for gz-common5 -- found version 5.7.1
[4.661s] -- Searching for dependencies of gz-common5
[4.662s] -- Looking for gz-utils2 -- found version 2.2.1
[4.662s] -- Looking for dlfcn.h - found
[4.662s] -- Looking for libdl - found
[4.670s] -- Searching for <gz-common5> component [graphics]
[4.670s] -- Searching for <gz-common5> component [events]
[4.670s] -- Searching for <gz-common5> component [geospatial]
[4.675s] -- Looking for gz-common5-geospatial -- found version 5.7.1
[4.675s] -- Searching for dependencies of gz-common5-geospatial
[4.676s] -- Looking for gz-math7 -- found version 7.5.2
[4.676s] -- Looking for gz-common5 -- found version 5.7.1
[4.679s] -- Looking for gz-plugin2 -- found version 2.0.4
[4.679s] -- Searching for dependencies of gz-plugin2
[4.679s] -- Looking for gz-utils2 -- found version 2.2.1
[4.680s] -- Searching for <gz-plugin2> component [all]
[4.684s] -- Looking for all libraries of gz-plugin2 -- found version 2.0.4
[4.685s] -- Looking for gz-plugin2 -- found version 2.0.4
[4.687s] -- Looking for gz-utils2 -- found version 2.2.1
[4.717s] -- Found OpenGL: /usr/lib/x86_64-linux-gnu/libOpenGL.so  found components: OpenGL 
[4.719s] -- Looking for gz-msgs10 -- found version 10.3.2
[4.797s] -- Looking for gz-physics7 -- found version 7.5.0
[4.797s] -- Searching for dependencies of gz-physics7
[4.797s] -- Looking for gz-common5 -- found version 5.7.1
[4.798s] -- Looking for gz-math7 -- found version 7.5.2
[4.798s] -- Looking for gz-plugin2 -- found version 2.0.4
[4.799s] -- Looking for gz-utils2 -- found version 2.2.1
[4.801s] -- Searching for <gz-physics7> component [heightmap]
[4.806s] -- Looking for gz-physics7-heightmap -- found version 7.5.0
[4.806s] -- Searching for dependencies of gz-physics7-heightmap
[4.807s] -- Looking for gz-common5 -- found version 5.7.1
[4.808s] -- Searching for <gz-physics7> component [mesh]
[4.812s] -- Looking for gz-physics7-mesh -- found version 7.5.0
[4.812s] -- Searching for dependencies of gz-physics7-mesh
[4.813s] -- Looking for gz-common5 -- found version 5.7.1
[4.814s] -- Searching for <gz-physics7> component [sdf]
[4.818s] -- Looking for gz-physics7-sdf -- found version 7.5.0
[4.818s] -- Searching for dependencies of gz-physics7-sdf
[4.819s] -- Looking for sdformat14 -- found version 14.7.0
[4.825s] -- Looking for gz-sensors8 -- found version 8.2.2
[4.825s] -- Searching for dependencies of gz-sensors8
[4.858s] -- Looking for gz-math7 -- found version 7.5.2
[4.858s] -- Looking for gz-common5 -- found version 5.7.1
[4.859s] -- Looking for gz-transport13 -- found version 13.4.1
[4.860s] -- Looking for gz-rendering8 -- found version 8.2.2
[4.860s] -- Looking for gz-msgs10 -- found version 10.3.2
[4.861s] -- Looking for sdformat14 -- found version 14.7.0
[4.863s] -- Searching for <gz-sensors8> component [air_pressure]
[4.869s] -- Looking for gz-sensors8-air_pressure -- found version 8.2.2
[4.869s] -- Searching for dependencies of gz-sensors8-air_pressure
[4.871s] -- Searching for <gz-sensors8> component [air_speed]
[4.875s] -- Looking for gz-sensors8-air_speed -- found version 8.2.2
[4.876s] -- Searching for dependencies of gz-sensors8-air_speed
[4.877s] -- Searching for <gz-sensors8> component [altimeter]
[4.883s] -- Looking for gz-sensors8-altimeter -- found version 8.2.2
[4.883s] -- Searching for dependencies of gz-sensors8-altimeter
[4.885s] -- Searching for <gz-sensors8> component [imu]
[4.890s] -- Looking for gz-sensors8-imu -- found version 8.2.2
[4.891s] -- Searching for dependencies of gz-sensors8-imu
[4.892s] -- Searching for <gz-sensors8> component [force_torque]
[4.899s] -- Looking for gz-sensors8-force_torque -- found version 8.2.2
[4.899s] -- Searching for dependencies of gz-sensors8-force_torque
[4.901s] -- Searching for <gz-sensors8> component [logical_camera]
[4.906s] -- Looking for gz-sensors8-logical_camera -- found version 8.2.2
[4.907s] -- Searching for dependencies of gz-sensors8-logical_camera
[4.908s] -- Searching for <gz-sensors8> component [magnetometer]
[4.914s] -- Looking for gz-sensors8-magnetometer -- found version 8.2.2
[4.915s] -- Searching for dependencies of gz-sensors8-magnetometer
[4.916s] -- Searching for <gz-sensors8> component [navsat]
[4.924s] -- Looking for gz-sensors8-navsat -- found version 8.2.2
[4.924s] -- Searching for dependencies of gz-sensors8-navsat
[4.926s] -- Searching for <gz-sensors8> component [dvl]
[4.933s] -- Looking for gz-sensors8-dvl -- found version 8.2.2
[4.933s] -- Searching for dependencies of gz-sensors8-dvl
[4.934s] -- Looking for gz-sensors8 -- found version 8.2.2
[4.934s] -- Searching for dependencies of gz-sensors8
[4.972s] -- Looking for gz-math7 -- found version 7.5.2
[4.973s] -- Looking for gz-common5 -- found version 5.7.1
[4.973s] -- Looking for gz-transport13 -- found version 13.4.1
[4.974s] -- Looking for gz-rendering8 -- found version 8.2.2
[4.975s] -- Looking for gz-msgs10 -- found version 10.3.2
[4.976s] -- Looking for sdformat14 -- found version 14.7.0
[4.977s] -- Searching for <gz-sensors8> component [rendering]
[4.984s] -- Looking for gz-sensors8-rendering -- found version 8.2.2
[4.984s] -- Searching for dependencies of gz-sensors8-rendering
[4.988s] -- Searching for <gz-sensors8> component [rendering]
[4.989s] -- Searching for <gz-sensors8> component [lidar]
[4.996s] -- Looking for gz-sensors8-lidar -- found version 8.2.2
[4.996s] -- Searching for dependencies of gz-sensors8-lidar
[4.997s] -- Looking for gz-sensors8 -- found version 8.2.2
[4.999s] -- Searching for <gz-sensors8> component [gpu_lidar]
[5.005s] -- Looking for gz-sensors8-gpu_lidar -- found version 8.2.2
[5.006s] -- Searching for dependencies of gz-sensors8-gpu_lidar
[5.006s] -- Looking for gz-sensors8 -- found version 8.2.2
[5.008s] -- Searching for <gz-sensors8> component [camera]
[5.012s] -- Looking for gz-sensors8-camera -- found version 8.2.2
[5.012s] -- Searching for dependencies of gz-sensors8-camera
[5.013s] -- Looking for gz-sensors8 -- found version 8.2.2
[5.015s] -- Searching for <gz-sensors8> component [boundingbox_camera]
[5.019s] -- Looking for gz-sensors8-boundingbox_camera -- found version 8.2.2
[5.019s] -- Searching for dependencies of gz-sensors8-boundingbox_camera
[5.021s] -- Searching for <gz-sensors8> component [segmentation_camera]
[5.026s] -- Looking for gz-sensors8-segmentation_camera -- found version 8.2.2
[5.026s] -- Searching for dependencies of gz-sensors8-segmentation_camera
[5.028s] -- Searching for <gz-sensors8> component [depth_camera]
[5.033s] -- Looking for gz-sensors8-depth_camera -- found version 8.2.2
[5.033s] -- Searching for dependencies of gz-sensors8-depth_camera
[5.033s] -- Looking for gz-sensors8 -- found version 8.2.2
[5.034s] -- Searching for <gz-sensors8> component [rgbd_camera]
[5.037s] -- Looking for gz-sensors8-rgbd_camera -- found version 8.2.2
[5.037s] -- Searching for dependencies of gz-sensors8-rgbd_camera
[5.038s] -- Looking for gz-sensors8 -- found version 8.2.2
[5.039s] -- Searching for <gz-sensors8> component [thermal_camera]
[5.042s] -- Looking for gz-sensors8-thermal_camera -- found version 8.2.2
[5.042s] -- Searching for dependencies of gz-sensors8-thermal_camera
[5.043s] -- Looking for gz-sensors8 -- found version 8.2.2
[5.044s] -- Searching for <gz-sensors8> component [wide_angle_camera]
[5.048s] -- Looking for gz-sensors8-wide_angle_camera -- found version 8.2.2
[5.048s] -- Searching for dependencies of gz-sensors8-wide_angle_camera
[5.050s] -- Looking for gz-rendering8 -- found version 8.2.2
[5.050s] -- Looking for gz-math7 -- found version 7.5.2
[5.050s] -- Looking for gz-utils2 -- found version 2.2.1
[5.081s] -- Looking for gz-plugin2 -- found version 2.0.4
[5.255s] -- Configuring done (5.2s)
[5.319s] -- Generating done (0.0s)
[5.336s] -- Build files have been written to: /root/ros_workspace/build/turtlebot3_gazebo
[5.363s] Invoked command in '/root/ros_workspace/build/turtlebot3_gazebo' returned '0': CMAKE_PREFIX_PATH=${CMAKE_PREFIX_PATH}:/root/ros_workspace/install/turtlebot3_teleop:/root/ros_workspace/install/turtlebot3_example:/root/ros_workspace/install/dynamic_obstacle_detector:/opt/ros/jazzy /usr/bin/cmake /root/ros_workspace/src/turtlebot3_simulations/turtlebot3_gazebo -DCMAKE_INSTALL_PREFIX=/root/ros_workspace/install/turtlebot3_gazebo
[5.365s] Invoking command in '/root/ros_workspace/build/turtlebot3_gazebo': CMAKE_PREFIX_PATH=${CMAKE_PREFIX_PATH}:/root/ros_workspace/install/turtlebot3_teleop:/root/ros_workspace/install/turtlebot3_example:/root/ros_workspace/install/dynamic_obstacle_detector:/opt/ros/jazzy /usr/bin/cmake --build /root/ros_workspace/build/turtlebot3_gazebo -- -j12 -l12
[5.453s] [ 12%] [32mBuilding CXX object CMakeFiles/obstacle2.dir/src/obstacle2.cpp.o[0m
[5.454s] [ 25%] [32mBuilding CXX object CMakeFiles/turtlebot3_drive.dir/src/turtlebot3_drive.cpp.o[0m
[5.455s] [ 37%] [32mBuilding CXX object CMakeFiles/obstacles.dir/src/obstacles.cpp.o[0m
[5.455s] [ 50%] [32mBuilding CXX object CMakeFiles/obstacle1.dir/src/obstacle1.cpp.o[0m
[10.201s] [ 62%] [32m[1mLinking CXX shared library libobstacle2.so[0m
[10.289s] [ 75%] [32m[1mLinking CXX shared library libobstacle1.so[0m
[10.717s] [ 75%] Built target obstacle2
[10.790s] [ 75%] Built target obstacle1
[11.358s] [ 87%] [32m[1mLinking CXX shared library libobstacles.so[0m
[11.849s] [ 87%] Built target obstacles
[25.017s] [100%] [32m[1mLinking CXX executable turtlebot3_drive[0m
[26.836s] [100%] Built target turtlebot3_drive
[26.906s] Invoked command in '/root/ros_workspace/build/turtlebot3_gazebo' returned '0': CMAKE_PREFIX_PATH=${CMAKE_PREFIX_PATH}:/root/ros_workspace/install/turtlebot3_teleop:/root/ros_workspace/install/turtlebot3_example:/root/ros_workspace/install/dynamic_obstacle_detector:/opt/ros/jazzy /usr/bin/cmake --build /root/ros_workspace/build/turtlebot3_gazebo -- -j12 -l12
[26.909s] Invoking command in '/root/ros_workspace/build/turtlebot3_gazebo': CMAKE_PREFIX_PATH=${CMAKE_PREFIX_PATH}:/root/ros_workspace/install/turtlebot3_teleop:/root/ros_workspace/install/turtlebot3_example:/root/ros_workspace/install/dynamic_obstacle_detector:/opt/ros/jazzy /usr/bin/cmake --install /root/ros_workspace/build/turtlebot3_gazebo
[26.963s] -- Install configuration: ""
[26.968s] -- Installing: /root/ros_workspace/install/turtlebot3_gazebo/lib/turtlebot3_gazebo/turtlebot3_drive
[26.993s] -- Set non-toolchain portion of runtime path of "/root/ros_workspace/install/turtlebot3_gazebo/lib/turtlebot3_gazebo/turtlebot3_drive" to ""
[26.993s] -- Installing: /root/ros_workspace/install/turtlebot3_gazebo/lib/turtlebot3_gazebo/libobstacles.so
[26.994s] -- Set non-toolchain portion of runtime path of "/root/ros_workspace/install/turtlebot3_gazebo/lib/turtlebot3_gazebo/libobstacles.so" to ""
[26.994s] -- Installing: /root/ros_workspace/install/turtlebot3_gazebo/lib/turtlebot3_gazebo/libobstacle1.so
[26.994s] -- Set non-toolchain portion of runtime path of "/root/ros_workspace/install/turtlebot3_gazebo/lib/turtlebot3_gazebo/libobstacle1.so" to ""
[26.994s] -- Installing: /root/ros_workspace/install/turtlebot3_gazebo/lib/turtlebot3_gazebo/libobstacle2.so
[27.001s] -- Set non-toolchain portion of runtime path of "/root/ros_workspace/install/turtlebot3_gazebo/lib/turtlebot3_gazebo/libobstacle2.so" to ""
[27.001s] -- Installing: /root/ros_workspace/install/turtlebot3_gazebo/share/turtlebot3_gazebo//launch
[27.001s] -- Installing: /root/ros_workspace/install/turtlebot3_gazebo/share/turtlebot3_gazebo//launch/turtlebot3_dqn_stage2.launch.py
[27.002s] -- Installing: /root/ros_workspace/install/turtlebot3_gazebo/share/turtlebot3_gazebo//launch/turtlebot3_dqn_stage1.launch.py
[27.002s] -- Installing: /root/ros_workspace/install/turtlebot3_gazebo/share/turtlebot3_gazebo//launch/turtlebot3_dqn_stage4.launch.py
[27.006s] -- Installing: /root/ros_workspace/install/turtlebot3_gazebo/share/turtlebot3_gazebo//launch/turtlebot3_world.launch.py
[27.007s] -- Installing: /root/ros_workspace/install/turtlebot3_gazebo/share/turtlebot3_gazebo//launch/turtlebot3_dynamic_obstacles.launch.py
[27.008s] -- Installing: /root/ros_workspace/install/turtlebot3_gazebo/share/turtlebot3_gazebo//launch/empty_world.launch.py
[27.009s] -- Installing: /root/ros_workspace/install/turtlebot3_gazebo/share/turtlebot3_gazebo//launch/turtlebot3_dqn_stage3.launch.py
[27.010s] -- Installing: /root/ros_workspace/install/turtlebot3_gazebo/share/turtlebot3_gazebo//launch/robot_state_publisher.launch.py
[27.011s] -- Installing: /root/ros_workspace/install/turtlebot3_gazebo/share/turtlebot3_gazebo//launch/turtlebot3_house.launch.py
[27.012s] -- Installing: /root/ros_workspace/install/turtlebot3_gazebo/share/turtlebot3_gazebo//launch/spawn_turtlebot3.launch.py
[27.013s] -- Installing: /root/ros_workspace/install/turtlebot3_gazebo/share/turtlebot3_gazebo//models
[27.018s] -- Installing: /root/ros_workspace/install/turtlebot3_gazebo/share/turtlebot3_gazebo//models/turtlebot3_dqn_world
[27.018s] -- Installing: /root/ros_workspace/install/turtlebot3_gazebo/share/turtlebot3_gazebo//models/turtlebot3_dqn_world/inner_walls
[27.018s] -- Installing: /root/ros_workspace/install/turtlebot3_gazebo/share/turtlebot3_gazebo//models/turtlebot3_dqn_world/inner_walls/model.config
[27.021s] -- Installing: /root/ros_workspace/install/turtlebot3_gazebo/share/turtlebot3_gazebo//models/turtlebot3_dqn_world/inner_walls/textures
[27.021s] -- Installing: /root/ros_workspace/install/turtlebot3_gazebo/share/turtlebot3_gazebo//models/turtlebot3_dqn_world/inner_walls/textures/wood.png
[27.027s] -- Installing: /root/ros_workspace/install/turtlebot3_gazebo/share/turtlebot3_gazebo//models/turtlebot3_dqn_world/inner_walls/model.sdf
[27.030s] -- Installing: /root/ros_workspace/install/turtlebot3_gazebo/share/turtlebot3_gazebo//models/turtlebot3_dqn_world/obstacle1
[27.033s] -- Installing: /root/ros_workspace/install/turtlebot3_gazebo/share/turtlebot3_gazebo//models/turtlebot3_dqn_world/obstacle1/model.config
[27.033s] -- Installing: /root/ros_workspace/install/turtlebot3_gazebo/share/turtlebot3_gazebo//models/turtlebot3_dqn_world/obstacle1/model.sdf
[27.034s] -- Installing: /root/ros_workspace/install/turtlebot3_gazebo/share/turtlebot3_gazebo//models/turtlebot3_dqn_world/model.config
[27.040s] -- Installing: /root/ros_workspace/install/turtlebot3_gazebo/share/turtlebot3_gazebo//models/turtlebot3_dqn_world/obstacles
[27.041s] -- Installing: /root/ros_workspace/install/turtlebot3_gazebo/share/turtlebot3_gazebo//models/turtlebot3_dqn_world/obstacles/model.config
[27.044s] -- Installing: /root/ros_workspace/install/turtlebot3_gazebo/share/turtlebot3_gazebo//models/turtlebot3_dqn_world/obstacles/model.sdf
[27.045s] -- Installing: /root/ros_workspace/install/turtlebot3_gazebo/share/turtlebot3_gazebo//models/turtlebot3_dqn_world/obstacle2
[27.046s] -- Installing: /root/ros_workspace/install/turtlebot3_gazebo/share/turtlebot3_gazebo//models/turtlebot3_dqn_world/obstacle2/model.config
[27.053s] -- Installing: /root/ros_workspace/install/turtlebot3_gazebo/share/turtlebot3_gazebo//models/turtlebot3_dqn_world/obstacle2/model.sdf
[27.053s] -- Installing: /root/ros_workspace/install/turtlebot3_gazebo/share/turtlebot3_gazebo//models/turtlebot3_dqn_world/textures
[27.053s] -- Installing: /root/ros_workspace/install/turtlebot3_gazebo/share/turtlebot3_gazebo//models/turtlebot3_dqn_world/textures/wood.png
[27.067s] -- Installing: /root/ros_workspace/install/turtlebot3_gazebo/share/turtlebot3_gazebo//models/turtlebot3_dqn_world/model.sdf
[27.073s] -- Installing: /root/ros_workspace/install/turtlebot3_gazebo/share/turtlebot3_gazebo//models/turtlebot3_dqn_world/goal_box
[27.073s] -- Installing: /root/ros_workspace/install/turtlebot3_gazebo/share/turtlebot3_gazebo//models/turtlebot3_dqn_world/goal_box/model.config
[27.074s] -- Installing: /root/ros_workspace/install/turtlebot3_gazebo/share/turtlebot3_gazebo//models/turtlebot3_dqn_world/goal_box/model.sdf
[27.074s] -- Installing: /root/ros_workspace/install/turtlebot3_gazebo/share/turtlebot3_gazebo//models/turtlebot3_burger
[27.074s] -- Installing: /root/ros_workspace/install/turtlebot3_gazebo/share/turtlebot3_gazebo//models/turtlebot3_burger/model.config
[27.074s] -- Installing: /root/ros_workspace/install/turtlebot3_gazebo/share/turtlebot3_gazebo//models/turtlebot3_burger/model.sdf
[27.080s] -- Installing: /root/ros_workspace/install/turtlebot3_gazebo/share/turtlebot3_gazebo//models/turtlebot3_burger/model-1_4.sdf
[27.085s] -- Installing: /root/ros_workspace/install/turtlebot3_gazebo/share/turtlebot3_gazebo//models/turtlebot3_waffle_pi
[27.085s] -- Installing: /root/ros_workspace/install/turtlebot3_gazebo/share/turtlebot3_gazebo//models/turtlebot3_waffle_pi/model.config
[27.085s] -- Installing: /root/ros_workspace/install/turtlebot3_gazebo/share/turtlebot3_gazebo//models/turtlebot3_waffle_pi/model.sdf
[27.087s] -- Installing: /root/ros_workspace/install/turtlebot3_gazebo/share/turtlebot3_gazebo//models/turtlebot3_waffle_pi/model-1_4_.sdf
[27.089s] -- Installing: /root/ros_workspace/install/turtlebot3_gazebo/share/turtlebot3_gazebo//models/turtlebot3_house
[27.089s] -- Installing: /root/ros_workspace/install/turtlebot3_gazebo/share/turtlebot3_gazebo//models/turtlebot3_house/model.config
[27.098s] -- Installing: /root/ros_workspace/install/turtlebot3_gazebo/share/turtlebot3_gazebo//models/turtlebot3_house/table_marble
[27.098s] -- Installing: /root/ros_workspace/install/turtlebot3_gazebo/share/turtlebot3_gazebo//models/turtlebot3_house/table_marble/model.config
[27.105s] -- Installing: /root/ros_workspace/install/turtlebot3_gazebo/share/turtlebot3_gazebo//models/turtlebot3_house/table_marble/meshes
[27.109s] -- Installing: /root/ros_workspace/install/turtlebot3_gazebo/share/turtlebot3_gazebo//models/turtlebot3_house/table_marble/meshes/table_lightmap.dae
[27.115s] -- Installing: /root/ros_workspace/install/turtlebot3_gazebo/share/turtlebot3_gazebo//models/turtlebot3_house/table_marble/model.sdf
[27.125s] -- Installing: /root/ros_workspace/install/turtlebot3_gazebo/share/turtlebot3_gazebo//models/turtlebot3_house/table_marble/model-1_4.sdf
[27.125s] -- Installing: /root/ros_workspace/install/turtlebot3_gazebo/share/turtlebot3_gazebo//models/turtlebot3_house/table_marble/materials
[27.125s] -- Installing: /root/ros_workspace/install/turtlebot3_gazebo/share/turtlebot3_gazebo//models/turtlebot3_house/table_marble/materials/scripts
[27.125s] -- Installing: /root/ros_workspace/install/turtlebot3_gazebo/share/turtlebot3_gazebo//models/turtlebot3_house/table_marble/materials/scripts/table_lightmap.material
[27.129s] -- Installing: /root/ros_workspace/install/turtlebot3_gazebo/share/turtlebot3_gazebo//models/turtlebot3_house/table_marble/materials/textures
[27.129s] -- Installing: /root/ros_workspace/install/turtlebot3_gazebo/share/turtlebot3_gazebo//models/turtlebot3_house/table_marble/materials/textures/marble.png
[27.141s] -- Installing: /root/ros_workspace/install/turtlebot3_gazebo/share/turtlebot3_gazebo//models/turtlebot3_house/table_marble/materials/textures/table_lightmap.png
[27.155s] -- Installing: /root/ros_workspace/install/turtlebot3_gazebo/share/turtlebot3_gazebo//models/turtlebot3_house/mailbox
[27.155s] -- Installing: /root/ros_workspace/install/turtlebot3_gazebo/share/turtlebot3_gazebo//models/turtlebot3_house/mailbox/model.config
[27.161s] -- Installing: /root/ros_workspace/install/turtlebot3_gazebo/share/turtlebot3_gazebo//models/turtlebot3_house/mailbox/model-1_3.sdf
[27.163s] -- Installing: /root/ros_workspace/install/turtlebot3_gazebo/share/turtlebot3_gazebo//models/turtlebot3_house/mailbox/meshes
[27.169s] -- Installing: /root/ros_workspace/install/turtlebot3_gazebo/share/turtlebot3_gazebo//models/turtlebot3_house/mailbox/meshes/mailbox.dae
[27.172s] -- Installing: /root/ros_workspace/install/turtlebot3_gazebo/share/turtlebot3_gazebo//models/turtlebot3_house/mailbox/model.sdf
[27.173s] -- Installing: /root/ros_workspace/install/turtlebot3_gazebo/share/turtlebot3_gazebo//models/turtlebot3_house/mailbox/model-1_4.sdf
[27.174s] -- Installing: /root/ros_workspace/install/turtlebot3_gazebo/share/turtlebot3_gazebo//models/turtlebot3_house/mailbox/materials
[27.175s] -- Installing: /root/ros_workspace/install/turtlebot3_gazebo/share/turtlebot3_gazebo//models/turtlebot3_house/mailbox/materials/scripts
[27.175s] -- Installing: /root/ros_workspace/install/turtlebot3_gazebo/share/turtlebot3_gazebo//models/turtlebot3_house/mailbox/materials/scripts/mailbox.material
[27.181s] -- Installing: /root/ros_workspace/install/turtlebot3_gazebo/share/turtlebot3_gazebo//models/turtlebot3_house/mailbox/materials/textures
[27.182s] -- Installing: /root/ros_workspace/install/turtlebot3_gazebo/share/turtlebot3_gazebo//models/turtlebot3_house/mailbox/materials/textures/Mailbox_Spec.png
[27.192s] -- Installing: /root/ros_workspace/install/turtlebot3_gazebo/share/turtlebot3_gazebo//models/turtlebot3_house/mailbox/materials/textures/Mailbox_Diffuse.tga.orig
[27.210s] -- Installing: /root/ros_workspace/install/turtlebot3_gazebo/share/turtlebot3_gazebo//models/turtlebot3_house/mailbox/materials/textures/Mailbox_Diffuse.png
[27.229s] -- Installing: /root/ros_workspace/install/turtlebot3_gazebo/share/turtlebot3_gazebo//models/turtlebot3_house/textures
[27.229s] -- Installing: /root/ros_workspace/install/turtlebot3_gazebo/share/turtlebot3_gazebo//models/turtlebot3_house/textures/bricks.png
[27.267s] -- Installing: /root/ros_workspace/install/turtlebot3_gazebo/share/turtlebot3_gazebo//models/turtlebot3_house/textures/wood.png
[27.275s] -- Installing: /root/ros_workspace/install/turtlebot3_gazebo/share/turtlebot3_gazebo//models/turtlebot3_house/first_2015_trash_can
[27.277s] -- Installing: /root/ros_workspace/install/turtlebot3_gazebo/share/turtlebot3_gazebo//models/turtlebot3_house/first_2015_trash_can/model.config
[27.277s] -- Installing: /root/ros_workspace/install/turtlebot3_gazebo/share/turtlebot3_gazebo//models/turtlebot3_house/first_2015_trash_can/meshes
[27.281s] -- Installing: /root/ros_workspace/install/turtlebot3_gazebo/share/turtlebot3_gazebo//models/turtlebot3_house/first_2015_trash_can/meshes/trash_can.dae
[27.290s] -- Installing: /root/ros_workspace/install/turtlebot3_gazebo/share/turtlebot3_gazebo//models/turtlebot3_house/first_2015_trash_can/model.sdf
[27.301s] -- Installing: /root/ros_workspace/install/turtlebot3_gazebo/share/turtlebot3_gazebo//models/turtlebot3_house/model.sdf
[27.302s] -- Installing: /root/ros_workspace/install/turtlebot3_gazebo/share/turtlebot3_gazebo//models/turtlebot3_house/cafe_table
[27.302s] -- Installing: /root/ros_workspace/install/turtlebot3_gazebo/share/turtlebot3_gazebo//models/turtlebot3_house/cafe_table/model.config
[27.304s] -- Installing: /root/ros_workspace/install/turtlebot3_gazebo/share/turtlebot3_gazebo//models/turtlebot3_house/cafe_table/meshes
[27.305s] -- Installing: /root/ros_workspace/install/turtlebot3_gazebo/share/turtlebot3_gazebo//models/turtlebot3_house/cafe_table/meshes/cafe_table.dae
[27.309s] -- Installing: /root/ros_workspace/install/turtlebot3_gazebo/share/turtlebot3_gazebo//models/turtlebot3_house/cafe_table/model.sdf
[27.313s] -- Installing: /root/ros_workspace/install/turtlebot3_gazebo/share/turtlebot3_gazebo//models/turtlebot3_house/cafe_table/model-1_4.sdf
[27.316s] -- Installing: /root/ros_workspace/install/turtlebot3_gazebo/share/turtlebot3_gazebo//models/turtlebot3_house/cafe_table/materials
[27.316s] -- Installing: /root/ros_workspace/install/turtlebot3_gazebo/share/turtlebot3_gazebo//models/turtlebot3_house/cafe_table/materials/textures
[27.316s] -- Installing: /root/ros_workspace/install/turtlebot3_gazebo/share/turtlebot3_gazebo//models/turtlebot3_house/cafe_table/materials/textures/Wood_Floor_Dark.jpg
[27.328s] -- Installing: /root/ros_workspace/install/turtlebot3_gazebo/share/turtlebot3_gazebo//models/turtlebot3_house/cafe_table/materials/textures/Maple.jpg
[27.333s] -- Installing: /root/ros_workspace/install/turtlebot3_gazebo/share/turtlebot3_gazebo//models/turtlebot3_waffle
[27.333s] -- Installing: /root/ros_workspace/install/turtlebot3_gazebo/share/turtlebot3_gazebo//models/turtlebot3_waffle/model.config
[27.333s] -- Installing: /root/ros_workspace/install/turtlebot3_gazebo/share/turtlebot3_gazebo//models/turtlebot3_waffle/model.sdf
[27.337s] -- Installing: /root/ros_workspace/install/turtlebot3_gazebo/share/turtlebot3_gazebo//models/turtlebot3_waffle/model-1_4.sdf
[27.343s] -- Installing: /root/ros_workspace/install/turtlebot3_gazebo/share/turtlebot3_gazebo//models/turtlebot3_world
[27.345s] -- Installing: /root/ros_workspace/install/turtlebot3_gazebo/share/turtlebot3_gazebo//models/turtlebot3_world/model.config
[27.345s] -- Installing: /root/ros_workspace/install/turtlebot3_gazebo/share/turtlebot3_gazebo//models/turtlebot3_world/meshes
[27.346s] -- Installing: /root/ros_workspace/install/turtlebot3_gazebo/share/turtlebot3_gazebo//models/turtlebot3_world/meshes/hexagon.dae
[27.349s] -- Installing: /root/ros_workspace/install/turtlebot3_gazebo/share/turtlebot3_gazebo//models/turtlebot3_world/meshes/wall.dae
[27.351s] -- Installing: /root/ros_workspace/install/turtlebot3_gazebo/share/turtlebot3_gazebo//models/turtlebot3_world/model.sdf
[27.361s] -- Installing: /root/ros_workspace/install/turtlebot3_gazebo/share/turtlebot3_gazebo//models/turtlebot3_world/model-1_4.sdf
[27.361s] -- Installing: /root/ros_workspace/install/turtlebot3_gazebo/share/turtlebot3_gazebo//models/turtlebot3_common
[27.361s] -- Installing: /root/ros_workspace/install/turtlebot3_gazebo/share/turtlebot3_gazebo//models/turtlebot3_common/model.config
[27.362s] -- Installing: /root/ros_workspace/install/turtlebot3_gazebo/share/turtlebot3_gazebo//models/turtlebot3_common/meshes
[27.362s] -- Installing: /root/ros_workspace/install/turtlebot3_gazebo/share/turtlebot3_gazebo//models/turtlebot3_common/meshes/r200.dae
[27.381s] -- Installing: /root/ros_workspace/install/turtlebot3_gazebo/share/turtlebot3_gazebo//models/turtlebot3_common/meshes/waffle_pi_base.dae
[27.383s] -- Installing: /root/ros_workspace/install/turtlebot3_gazebo/share/turtlebot3_gazebo//models/turtlebot3_common/meshes/wheels
[27.384s] -- Installing: /root/ros_workspace/install/turtlebot3_gazebo/share/turtlebot3_gazebo//models/turtlebot3_common/meshes/wheels/right_tire.stl
[27.411s] -- Installing: /root/ros_workspace/install/turtlebot3_gazebo/share/turtlebot3_gazebo//models/turtlebot3_common/meshes/wheels/left_tire.stl
[27.429s] -- Installing: /root/ros_workspace/install/turtlebot3_gazebo/share/turtlebot3_gazebo//models/turtlebot3_common/meshes/tire.dae
[27.441s] -- Installing: /root/ros_workspace/install/turtlebot3_gazebo/share/turtlebot3_gazebo//models/turtlebot3_common/meshes/burger_base.dae
[27.441s] -- Installing: /root/ros_workspace/install/turtlebot3_gazebo/share/turtlebot3_gazebo//models/turtlebot3_common/meshes/sensors
[27.441s] -- Installing: /root/ros_workspace/install/turtlebot3_gazebo/share/turtlebot3_gazebo//models/turtlebot3_common/meshes/sensors/r200.dae
[27.449s] -- Installing: /root/ros_workspace/install/turtlebot3_gazebo/share/turtlebot3_gazebo//models/turtlebot3_common/meshes/sensors/r200.jpg
[27.449s] -- Installing: /root/ros_workspace/install/turtlebot3_gazebo/share/turtlebot3_gazebo//models/turtlebot3_common/meshes/sensors/astra.dae
[27.590s] -- Installing: /root/ros_workspace/install/turtlebot3_gazebo/share/turtlebot3_gazebo//models/turtlebot3_common/meshes/sensors/astra.jpg
[27.595s] -- Installing: /root/ros_workspace/install/turtlebot3_gazebo/share/turtlebot3_gazebo//models/turtlebot3_common/meshes/sensors/lds.stl
[27.626s] -- Installing: /root/ros_workspace/install/turtlebot3_gazebo/share/turtlebot3_gazebo//models/turtlebot3_common/meshes/bases
[27.629s] -- Installing: /root/ros_workspace/install/turtlebot3_gazebo/share/turtlebot3_gazebo//models/turtlebot3_common/meshes/bases/waffle_base.stl
[27.866s] -- Installing: /root/ros_workspace/install/turtlebot3_gazebo/share/turtlebot3_gazebo//models/turtlebot3_common/meshes/bases/waffle_pi_base.stl
[28.004s] -- Installing: /root/ros_workspace/install/turtlebot3_gazebo/share/turtlebot3_gazebo//models/turtlebot3_common/meshes/bases/burger_base.stl
[28.086s] -- Installing: /root/ros_workspace/install/turtlebot3_gazebo/share/turtlebot3_gazebo//models/turtlebot3_common/meshes/waffle_base.dae
[28.093s] -- Installing: /root/ros_workspace/install/turtlebot3_gazebo/share/turtlebot3_gazebo//models/turtlebot3_common/meshes/lds.dae
[28.094s] -- Installing: /root/ros_workspace/install/turtlebot3_gazebo/share/turtlebot3_gazebo//models/turtlebot3_burger_cam
[28.095s] -- Installing: /root/ros_workspace/install/turtlebot3_gazebo/share/turtlebot3_gazebo//models/turtlebot3_burger_cam/model.config
[28.096s] -- Installing: /root/ros_workspace/install/turtlebot3_gazebo/share/turtlebot3_gazebo//models/turtlebot3_burger_cam/model.sdf
[28.096s] -- Installing: /root/ros_workspace/install/turtlebot3_gazebo/share/turtlebot3_gazebo//models/turtlebot3_burger_cam/model-1_4.sdf
[28.101s] -- Installing: /root/ros_workspace/install/turtlebot3_gazebo/share/turtlebot3_gazebo//params
[28.101s] -- Installing: /root/ros_workspace/install/turtlebot3_gazebo/share/turtlebot3_gazebo//params/turtlebot3_waffle_pi_bridge.yaml
[28.101s] -- Installing: /root/ros_workspace/install/turtlebot3_gazebo/share/turtlebot3_gazebo//params/turtlebot3_burger_cam_bridge.yaml
[28.102s] -- Installing: /root/ros_workspace/install/turtlebot3_gazebo/share/turtlebot3_gazebo//params/turtlebot3_waffle_bridge.yaml
[28.102s] -- Installing: /root/ros_workspace/install/turtlebot3_gazebo/share/turtlebot3_gazebo//params/turtlebot3_burger_bridge.yaml
[28.102s] -- Installing: /root/ros_workspace/install/turtlebot3_gazebo/share/turtlebot3_gazebo//rviz
[28.103s] -- Installing: /root/ros_workspace/install/turtlebot3_gazebo/share/turtlebot3_gazebo//rviz/tb3_gazebo.rviz
[28.104s] -- Installing: /root/ros_workspace/install/turtlebot3_gazebo/share/turtlebot3_gazebo//urdf
[28.105s] -- Installing: /root/ros_workspace/install/turtlebot3_gazebo/share/turtlebot3_gazebo//urdf/turtlebot3_waffle_pi.urdf
[28.105s] -- Installing: /root/ros_workspace/install/turtlebot3_gazebo/share/turtlebot3_gazebo//urdf/common_properties.urdf
[28.109s] -- Installing: /root/ros_workspace/install/turtlebot3_gazebo/share/turtlebot3_gazebo//urdf/turtlebot3_burger.urdf
[28.113s] -- Installing: /root/ros_workspace/install/turtlebot3_gazebo/share/turtlebot3_gazebo//urdf/turtlebot3_waffle.urdf
[28.114s] -- Installing: /root/ros_workspace/install/turtlebot3_gazebo/share/turtlebot3_gazebo//urdf/turtlebot3_burger_cam.urdf
[28.115s] -- Installing: /root/ros_workspace/install/turtlebot3_gazebo/share/turtlebot3_gazebo//worlds
[28.115s] -- Installing: /root/ros_workspace/install/turtlebot3_gazebo/share/turtlebot3_gazebo//worlds/turtlebot3_dqn_stage3.world
[28.119s] -- Installing: /root/ros_workspace/install/turtlebot3_gazebo/share/turtlebot3_gazebo//worlds/empty_world.world
[28.129s] -- Installing: /root/ros_workspace/install/turtlebot3_gazebo/share/turtlebot3_gazebo//worlds/turtlebot3_dqn_stage4.world
[28.129s] -- Installing: /root/ros_workspace/install/turtlebot3_gazebo/share/turtlebot3_gazebo//worlds/turtlebot3_autorace_2020.world
[28.133s] -- Installing: /root/ros_workspace/install/turtlebot3_gazebo/share/turtlebot3_gazebo//worlds/turtlebot3_house.world
[28.134s] -- Installing: /root/ros_workspace/install/turtlebot3_gazebo/share/turtlebot3_gazebo//worlds/turtlebot3_world.world
[28.137s] -- Installing: /root/ros_workspace/install/turtlebot3_gazebo/share/turtlebot3_gazebo//worlds/turtlebot3_dynamic_obstacles.world
[28.142s] -- Installing: /root/ros_workspace/install/turtlebot3_gazebo/share/turtlebot3_gazebo//worlds/turtlebot3_dqn_stage2.world
[28.145s] -- Installing: /root/ros_workspace/install/turtlebot3_gazebo/share/turtlebot3_gazebo//worlds/turtlebot3_dqn_stage1.world
[28.162s] -- Installing: /root/ros_workspace/install/turtlebot3_gazebo/include/
[28.162s] -- Installing: /root/ros_workspace/install/turtlebot3_gazebo/include//turtlebot3_gazebo
[28.162s] -- Installing: /root/ros_workspace/install/turtlebot3_gazebo/include//turtlebot3_gazebo/obstacle1.hpp
[28.162s] -- Installing: /root/ros_workspace/install/turtlebot3_gazebo/include//turtlebot3_gazebo/traffic_light_plugin.hpp
[28.169s] -- Installing: /root/ros_workspace/install/turtlebot3_gazebo/include//turtlebot3_gazebo/traffic_bar_plugin.hpp
[28.169s] -- Installing: /root/ros_workspace/install/turtlebot3_gazebo/include//turtlebot3_gazebo/turtlebot3_drive.hpp
[28.170s] -- Installing: /root/ros_workspace/install/turtlebot3_gazebo/include//turtlebot3_gazebo/obstacles.hpp
[28.170s] -- Installing: /root/ros_workspace/install/turtlebot3_gazebo/include//turtlebot3_gazebo/obstacle2.hpp
[28.170s] -- Up-to-date: /root/ros_workspace/install/turtlebot3_gazebo/share/turtlebot3_gazebo/worlds
[28.170s] -- Up-to-date: /root/ros_workspace/install/turtlebot3_gazebo/share/turtlebot3_gazebo/worlds/turtlebot3_dqn_stage3.world
[28.171s] -- Up-to-date: /root/ros_workspace/install/turtlebot3_gazebo/share/turtlebot3_gazebo/worlds/empty_world.world
[28.171s] -- Up-to-date: /root/ros_workspace/install/turtlebot3_gazebo/share/turtlebot3_gazebo/worlds/turtlebot3_dqn_stage4.world
[28.177s] -- Up-to-date: /root/ros_workspace/install/turtlebot3_gazebo/share/turtlebot3_gazebo/worlds/turtlebot3_autorace_2020.world
[28.178s] -- Up-to-date: /root/ros_workspace/install/turtlebot3_gazebo/share/turtlebot3_gazebo/worlds/turtlebot3_house.world
[28.178s] -- Up-to-date: /root/ros_workspace/install/turtlebot3_gazebo/share/turtlebot3_gazebo/worlds/turtlebot3_world.world
[28.178s] -- Up-to-date: /root/ros_workspace/install/turtlebot3_gazebo/share/turtlebot3_gazebo/worlds/turtlebot3_dynamic_obstacles.world
[28.178s] -- Up-to-date: /root/ros_workspace/install/turtlebot3_gazebo/share/turtlebot3_gazebo/worlds/turtlebot3_dqn_stage2.world
[28.178s] -- Up-to-date: /root/ros_workspace/install/turtlebot3_gazebo/share/turtlebot3_gazebo/worlds/turtlebot3_dqn_stage1.world
[28.178s] -- Installing: /root/ros_workspace/install/turtlebot3_gazebo/share/ament_index/resource_index/package_run_dependencies/turtlebot3_gazebo
[28.179s] -- Installing: /root/ros_workspace/install/turtlebot3_gazebo/share/ament_index/resource_index/parent_prefix_path/turtlebot3_gazebo
[28.181s] -- Installing: /root/ros_workspace/install/turtlebot3_gazebo/share/turtlebot3_gazebo/environment/ament_prefix_path.sh
[28.181s] -- Installing: /root/ros_workspace/install/turtlebot3_gazebo/share/turtlebot3_gazebo/environment/ament_prefix_path.dsv
[28.181s] -- Installing: /root/ros_workspace/install/turtlebot3_gazebo/share/turtlebot3_gazebo/environment/path.sh
[28.181s] -- Installing: /root/ros_workspace/install/turtlebot3_gazebo/share/turtlebot3_gazebo/environment/path.dsv
[28.182s] -- Installing: /root/ros_workspace/install/turtlebot3_gazebo/share/turtlebot3_gazebo/local_setup.bash
[28.182s] -- Installing: /root/ros_workspace/install/turtlebot3_gazebo/share/turtlebot3_gazebo/local_setup.sh
[28.187s] -- Installing: /root/ros_workspace/install/turtlebot3_gazebo/share/turtlebot3_gazebo/local_setup.zsh
[28.187s] -- Installing: /root/ros_workspace/install/turtlebot3_gazebo/share/turtlebot3_gazebo/local_setup.dsv
[28.193s] -- Installing: /root/ros_workspace/install/turtlebot3_gazebo/share/turtlebot3_gazebo/package.dsv
[28.193s] -- Installing: /root/ros_workspace/install/turtlebot3_gazebo/share/ament_index/resource_index/packages/turtlebot3_gazebo
[28.194s] -- Installing: /root/ros_workspace/install/turtlebot3_gazebo/share/turtlebot3_gazebo/cmake/ament_cmake_export_include_directories-extras.cmake
[28.194s] -- Installing: /root/ros_workspace/install/turtlebot3_gazebo/share/turtlebot3_gazebo/cmake/ament_cmake_export_dependencies-extras.cmake
[28.194s] -- Installing: /root/ros_workspace/install/turtlebot3_gazebo/share/turtlebot3_gazebo/cmake/turtlebot3_gazeboConfig.cmake
[28.194s] -- Installing: /root/ros_workspace/install/turtlebot3_gazebo/share/turtlebot3_gazebo/cmake/turtlebot3_gazeboConfig-version.cmake
[28.201s] -- Installing: /root/ros_workspace/install/turtlebot3_gazebo/share/turtlebot3_gazebo/package.xml
[28.203s] Invoked command in '/root/ros_workspace/build/turtlebot3_gazebo' returned '0': CMAKE_PREFIX_PATH=${CMAKE_PREFIX_PATH}:/root/ros_workspace/install/turtlebot3_teleop:/root/ros_workspace/install/turtlebot3_example:/root/ros_workspace/install/dynamic_obstacle_detector:/opt/ros/jazzy /usr/bin/cmake --install /root/ros_workspace/build/turtlebot3_gazebo
